[0.591s] Invoking command in '/home/ksh/dobot_ws/src/yolo_pkg': PYTHONPATH=/home/ksh/dobot_ws/build/yolo_pkg/prefix_override:/home/ksh/dobot_ws/install/yolo_pkg/lib/python3.10/site-packages:${PYTHONPATH} /usr/bin/python3 setup.py egg_info --egg-base ../../build/yolo_pkg build --build-base /home/ksh/dobot_ws/build/yolo_pkg/build install --record /home/ksh/dobot_ws/build/yolo_pkg/install.log --single-version-externally-managed
[0.724s] Traceback (most recent call last):
[0.724s]   File "/home/ksh/dobot_ws/src/yolo_pkg/setup.py", line 1, in <module>
[0.724s]     from setuptools import find_packages, setup
[0.725s]   File "/usr/lib/python3/dist-packages/setuptools/__init__.py", line 16, in <module>
[0.726s]     import setuptools.version
[0.726s]   File "/usr/lib/python3/dist-packages/setuptools/version.py", line 1, in <module>
[0.727s]     import pkg_resources
[0.727s]   File "/usr/lib/python3/dist-packages/pkg_resources/__init__.py", line 3267, in <module>
[0.729s]     def _initialize_master_working_set():
[0.729s]   File "/usr/lib/python3/dist-packages/pkg_resources/__init__.py", line 3241, in _call_aside
[0.729s]     f(*args, **kwargs)
[0.729s]   File "/usr/lib/python3/dist-packages/pkg_resources/__init__.py", line 3302, in _initialize_master_working_set
[0.730s]     list(map(working_set.add_entry, sys.path))
[0.730s]   File "/usr/lib/python3/dist-packages/pkg_resources/__init__.py", line 613, in add_entry
[0.730s]     for dist in find_distributions(entry, True):
[0.730s]   File "/usr/lib/python3/dist-packages/pkg_resources/__init__.py", line 2077, in find_on_path
[0.730s]     for dist in factory(fullpath):
[0.730s]   File "/usr/lib/python3/dist-packages/pkg_resources/__init__.py", line 2142, in distributions_from_metadata
[0.730s]     yield Distribution.from_location(
[0.730s]   File "/usr/lib/python3/dist-packages/pkg_resources/__init__.py", line 2606, in from_location
[0.730s]     )._reload_version()
[0.730s]   File "/usr/lib/python3/dist-packages/pkg_resources/__init__.py", line 3004, in _reload_version
[0.730s]     md_version = self._get_version()
[0.731s]   File "/usr/lib/python3/dist-packages/pkg_resources/__init__.py", line 2785, in _get_version
[0.731s]     version = _version_from_file(lines)
[0.731s]   File "/usr/lib/python3/dist-packages/pkg_resources/__init__.py", line 2569, in _version_from_file
[0.731s]     line = next(iter(version_lines), '')
[0.731s]   File "/usr/lib/python3/dist-packages/pkg_resources/__init__.py", line 2780, in _get_metadata
[0.731s]     for line in self.get_metadata_lines(name):
[0.731s]   File "/usr/lib/python3/dist-packages/pkg_resources/__init__.py", line 1422, in get_metadata_lines
[0.731s]     return yield_lines(self.get_metadata(name))
[0.731s]   File "/usr/lib/python3/dist-packages/pkg_resources/__init__.py", line 1412, in get_metadata
[0.731s]     value = self._get(path)
[0.732s]   File "/usr/lib/python3/dist-packages/pkg_resources/__init__.py", line 1616, in _get
[0.732s]     with open(path, 'rb') as stream:
[0.732s] FileNotFoundError: [Errno 2] No such file or directory: '/home/ksh/yolo_ws/install/yolo_inference/local/lib/python3.10/dist-packages/yolo_inference-0.0.0-py3.10.egg-info/PKG-INFO'
[0.745s] Invoked command in '/home/ksh/dobot_ws/src/yolo_pkg' returned '1': PYTHONPATH=/home/ksh/dobot_ws/build/yolo_pkg/prefix_override:/home/ksh/dobot_ws/install/yolo_pkg/lib/python3.10/site-packages:${PYTHONPATH} /usr/bin/python3 setup.py egg_info --egg-base ../../build/yolo_pkg build --build-base /home/ksh/dobot_ws/build/yolo_pkg/build install --record /home/ksh/dobot_ws/build/yolo_pkg/install.log --single-version-externally-managed
