[0.201s] Invoking command in '/home/gomi/dev_ws/ros_quiz/pkg_for_quiz/build/playing_turtle_package_msgs': CMAKE_PREFIX_PATH=${CMAKE_PREFIX_PATH}:/home/gomi/dev_ws/ros_quiz/pkg_for_quiz/install/playing_turtle_package:/opt/ros/humble /home/gomi/.local/bin/cmake --build /home/gomi/dev_ws/ros_quiz/pkg_for_quiz/build/playing_turtle_package_msgs -- -j8 -l8
[0.257s] -- Found ament_cmake: 1.3.4 (/opt/ros/humble/share/ament_cmake/cmake)
[0.340s] -- Found rosidl_default_generators: 1.2.0 (/opt/ros/humble/share/rosidl_default_generators/cmake)
[0.343s] -- Using all available rosidl_typesupport_c: rosidl_typesupport_fastrtps_c;rosidl_typesupport_introspection_c
[0.347s] -- Found rosidl_adapter: 3.1.4 (/opt/ros/humble/share/rosidl_adapter/cmake)
[0.381s] -- Using all available rosidl_typesupport_cpp: rosidl_typesupport_fastrtps_cpp;rosidl_typesupport_introspection_cpp
[0.550s] -- Found ament_cmake_ros: 0.10.0 (/opt/ros/humble/share/ament_cmake_ros/cmake)
[0.618s] -- Using all available rosidl_typesupport_c: rosidl_typesupport_fastrtps_c;rosidl_typesupport_introspection_c
[0.708s] -- Using all available rosidl_typesupport_cpp: rosidl_typesupport_fastrtps_cpp;rosidl_typesupport_introspection_cpp
[0.731s] -- Found python_cmake_module: 0.10.0 (/opt/ros/humble/share/python_cmake_module/cmake)
[0.749s] -- Using PYTHON_EXECUTABLE: /usr/bin/python3
[0.750s] -- Using PYTHON_INCLUDE_DIRS: /usr/include/python3.10
[0.750s] -- Using PYTHON_LIBRARIES: /usr/lib/x86_64-linux-gnu/libpython3.10.so
[0.759s] -- Found ament_lint_auto: 0.12.6 (/opt/ros/humble/share/ament_lint_auto/cmake)
[0.767s] -- Added test 'lint_cmake' to check CMake code style
[0.768s] -- Added test 'xmllint' to check XML markup files
[0.771s] -- Configuring done (0.5s)
[0.802s] -- Generating done (0.0s)
[0.804s] -- Build files have been written to: /home/gomi/dev_ws/ros_quiz/pkg_for_quiz/build/playing_turtle_package_msgs
[0.816s] [  3%] Built target playing_turtle_package_msgs__cpp
[0.820s] [ 12%] Built target playing_turtle_package_msgs__rosidl_generator_c
[0.820s] [ 12%] Built target ament_cmake_python_copy_playing_turtle_package_msgs
[0.829s] [ 22%] Built target playing_turtle_package_msgs__rosidl_typesupport_introspection_c
[0.830s] [ 32%] Built target playing_turtle_package_msgs__rosidl_typesupport_introspection_cpp
[0.830s] [ 51%] Built target playing_turtle_package_msgs__rosidl_typesupport_cpp
[0.830s] [ 51%] Built target playing_turtle_package_msgs__rosidl_typesupport_c
[0.831s] [ 64%] Built target playing_turtle_package_msgs__rosidl_typesupport_fastrtps_cpp
[0.831s] [ 70%] Built target playing_turtle_package_msgs__rosidl_typesupport_fastrtps_c
[0.837s] [ 70%] Built target playing_turtle_package_msgs
[0.843s] [ 74%] Built target playing_turtle_package_msgs__py
[0.853s] [ 80%] Built target playing_turtle_package_msgs__rosidl_generator_py
[0.862s] [ 93%] Built target playing_turtle_package_msgs__rosidl_typesupport_introspection_c__pyext
[0.862s] [ 93%] Built target playing_turtle_package_msgs__rosidl_typesupport_fastrtps_c__pyext
[0.862s] [100%] Built target playing_turtle_package_msgs__rosidl_typesupport_c__pyext
[1.003s] running egg_info
[1.004s] writing playing_turtle_package_msgs.egg-info/PKG-INFO
[1.004s] writing dependency_links to playing_turtle_package_msgs.egg-info/dependency_links.txt
[1.004s] writing top-level names to playing_turtle_package_msgs.egg-info/top_level.txt
[1.006s] reading manifest file 'playing_turtle_package_msgs.egg-info/SOURCES.txt'
[1.007s] writing manifest file 'playing_turtle_package_msgs.egg-info/SOURCES.txt'
[1.029s] [100%] Built target ament_cmake_python_build_playing_turtle_package_msgs_egg
[1.041s] Invoked command in '/home/gomi/dev_ws/ros_quiz/pkg_for_quiz/build/playing_turtle_package_msgs' returned '0': CMAKE_PREFIX_PATH=${CMAKE_PREFIX_PATH}:/home/gomi/dev_ws/ros_quiz/pkg_for_quiz/install/playing_turtle_package:/opt/ros/humble /home/gomi/.local/bin/cmake --build /home/gomi/dev_ws/ros_quiz/pkg_for_quiz/build/playing_turtle_package_msgs -- -j8 -l8
[1.171s] Invoking command in '/home/gomi/dev_ws/ros_quiz/pkg_for_quiz/build/playing_turtle_package_msgs': CMAKE_PREFIX_PATH=${CMAKE_PREFIX_PATH}:/home/gomi/dev_ws/ros_quiz/pkg_for_quiz/install/playing_turtle_package:/opt/ros/humble /home/gomi/.local/bin/cmake --install /home/gomi/dev_ws/ros_quiz/pkg_for_quiz/build/playing_turtle_package_msgs
[1.213s] -- Install configuration: ""
[1.213s] -- Up-to-date: /home/gomi/dev_ws/ros_quiz/pkg_for_quiz/install/playing_turtle_package_msgs/share/ament_index/resource_index/rosidl_interfaces/playing_turtle_package_msgs
[1.213s] -- Up-to-date: /home/gomi/dev_ws/ros_quiz/pkg_for_quiz/install/playing_turtle_package_msgs/include/playing_turtle_package_msgs/playing_turtle_package_msgs
[1.213s] -- Up-to-date: /home/gomi/dev_ws/ros_quiz/pkg_for_quiz/install/playing_turtle_package_msgs/include/playing_turtle_package_msgs/playing_turtle_package_msgs/msg
[1.213s] -- Up-to-date: /home/gomi/dev_ws/ros_quiz/pkg_for_quiz/install/playing_turtle_package_msgs/include/playing_turtle_package_msgs/playing_turtle_package_msgs/msg/rosidl_generator_c__visibility_control.h
[1.214s] -- Up-to-date: /home/gomi/dev_ws/ros_quiz/pkg_for_quiz/install/playing_turtle_package_msgs/include/playing_turtle_package_msgs/playing_turtle_package_msgs/srv
[1.214s] -- Up-to-date: /home/gomi/dev_ws/ros_quiz/pkg_for_quiz/install/playing_turtle_package_msgs/include/playing_turtle_package_msgs/playing_turtle_package_msgs/srv/tree_spawn.h
[1.214s] -- Up-to-date: /home/gomi/dev_ws/ros_quiz/pkg_for_quiz/install/playing_turtle_package_msgs/include/playing_turtle_package_msgs/playing_turtle_package_msgs/srv/detail
[1.214s] -- Up-to-date: /home/gomi/dev_ws/ros_quiz/pkg_for_quiz/install/playing_turtle_package_msgs/include/playing_turtle_package_msgs/playing_turtle_package_msgs/srv/detail/tree_spawn__type_support.h
[1.214s] -- Up-to-date: /home/gomi/dev_ws/ros_quiz/pkg_for_quiz/install/playing_turtle_package_msgs/include/playing_turtle_package_msgs/playing_turtle_package_msgs/srv/detail/tree_spawn__functions.c
[1.214s] -- Up-to-date: /home/gomi/dev_ws/ros_quiz/pkg_for_quiz/install/playing_turtle_package_msgs/include/playing_turtle_package_msgs/playing_turtle_package_msgs/srv/detail/tree_spawn__struct.h
[1.214s] -- Up-to-date: /home/gomi/dev_ws/ros_quiz/pkg_for_quiz/install/playing_turtle_package_msgs/include/playing_turtle_package_msgs/playing_turtle_package_msgs/srv/detail/tree_spawn__functions.h
[1.214s] -- Up-to-date: /home/gomi/dev_ws/ros_quiz/pkg_for_quiz/install/playing_turtle_package_msgs/share/playing_turtle_package_msgs/environment/library_path.sh
[1.214s] -- Installing: /home/gomi/dev_ws/ros_quiz/pkg_for_quiz/install/playing_turtle_package_msgs/share/playing_turtle_package_msgs/environment/library_path.dsv
[1.214s] -- Up-to-date: /home/gomi/dev_ws/ros_quiz/pkg_for_quiz/install/playing_turtle_package_msgs/lib/libplaying_turtle_package_msgs__rosidl_generator_c.so
[1.214s] -- Up-to-date: /home/gomi/dev_ws/ros_quiz/pkg_for_quiz/install/playing_turtle_package_msgs/include/playing_turtle_package_msgs/playing_turtle_package_msgs
[1.214s] -- Up-to-date: /home/gomi/dev_ws/ros_quiz/pkg_for_quiz/install/playing_turtle_package_msgs/include/playing_turtle_package_msgs/playing_turtle_package_msgs/msg
[1.214s] -- Up-to-date: /home/gomi/dev_ws/ros_quiz/pkg_for_quiz/install/playing_turtle_package_msgs/include/playing_turtle_package_msgs/playing_turtle_package_msgs/msg/rosidl_typesupport_fastrtps_c__visibility_control.h
[1.214s] -- Up-to-date: /home/gomi/dev_ws/ros_quiz/pkg_for_quiz/install/playing_turtle_package_msgs/include/playing_turtle_package_msgs/playing_turtle_package_msgs/srv
[1.215s] -- Up-to-date: /home/gomi/dev_ws/ros_quiz/pkg_for_quiz/install/playing_turtle_package_msgs/include/playing_turtle_package_msgs/playing_turtle_package_msgs/srv/detail
[1.215s] -- Up-to-date: /home/gomi/dev_ws/ros_quiz/pkg_for_quiz/install/playing_turtle_package_msgs/include/playing_turtle_package_msgs/playing_turtle_package_msgs/srv/detail/tree_spawn__rosidl_typesupport_fastrtps_c.h
[1.215s] -- Up-to-date: /home/gomi/dev_ws/ros_quiz/pkg_for_quiz/install/playing_turtle_package_msgs/lib/libplaying_turtle_package_msgs__rosidl_typesupport_fastrtps_c.so
[1.215s] -- Up-to-date: /home/gomi/dev_ws/ros_quiz/pkg_for_quiz/install/playing_turtle_package_msgs/include/playing_turtle_package_msgs/playing_turtle_package_msgs
[1.215s] -- Up-to-date: /home/gomi/dev_ws/ros_quiz/pkg_for_quiz/install/playing_turtle_package_msgs/include/playing_turtle_package_msgs/playing_turtle_package_msgs/msg
[1.215s] -- Up-to-date: /home/gomi/dev_ws/ros_quiz/pkg_for_quiz/install/playing_turtle_package_msgs/include/playing_turtle_package_msgs/playing_turtle_package_msgs/msg/rosidl_typesupport_introspection_c__visibility_control.h
[1.215s] -- Up-to-date: /home/gomi/dev_ws/ros_quiz/pkg_for_quiz/install/playing_turtle_package_msgs/include/playing_turtle_package_msgs/playing_turtle_package_msgs/srv
[1.215s] -- Up-to-date: /home/gomi/dev_ws/ros_quiz/pkg_for_quiz/install/playing_turtle_package_msgs/include/playing_turtle_package_msgs/playing_turtle_package_msgs/srv/detail
[1.215s] -- Up-to-date: /home/gomi/dev_ws/ros_quiz/pkg_for_quiz/install/playing_turtle_package_msgs/include/playing_turtle_package_msgs/playing_turtle_package_msgs/srv/detail/tree_spawn__type_support.c
[1.215s] -- Up-to-date: /home/gomi/dev_ws/ros_quiz/pkg_for_quiz/install/playing_turtle_package_msgs/include/playing_turtle_package_msgs/playing_turtle_package_msgs/srv/detail/tree_spawn__rosidl_typesupport_introspection_c.h
[1.215s] -- Up-to-date: /home/gomi/dev_ws/ros_quiz/pkg_for_quiz/install/playing_turtle_package_msgs/lib/libplaying_turtle_package_msgs__rosidl_typesupport_introspection_c.so
[1.215s] -- Up-to-date: /home/gomi/dev_ws/ros_quiz/pkg_for_quiz/install/playing_turtle_package_msgs/lib/libplaying_turtle_package_msgs__rosidl_typesupport_c.so
[1.215s] -- Up-to-date: /home/gomi/dev_ws/ros_quiz/pkg_for_quiz/install/playing_turtle_package_msgs/include/playing_turtle_package_msgs/playing_turtle_package_msgs
[1.215s] -- Up-to-date: /home/gomi/dev_ws/ros_quiz/pkg_for_quiz/install/playing_turtle_package_msgs/include/playing_turtle_package_msgs/playing_turtle_package_msgs/srv
[1.216s] -- Up-to-date: /home/gomi/dev_ws/ros_quiz/pkg_for_quiz/install/playing_turtle_package_msgs/include/playing_turtle_package_msgs/playing_turtle_package_msgs/srv/tree_spawn.hpp
[1.216s] -- Up-to-date: /home/gomi/dev_ws/ros_quiz/pkg_for_quiz/install/playing_turtle_package_msgs/include/playing_turtle_package_msgs/playing_turtle_package_msgs/srv/detail
[1.216s] -- Up-to-date: /home/gomi/dev_ws/ros_quiz/pkg_for_quiz/install/playing_turtle_package_msgs/include/playing_turtle_package_msgs/playing_turtle_package_msgs/srv/detail/tree_spawn__struct.hpp
[1.216s] -- Up-to-date: /home/gomi/dev_ws/ros_quiz/pkg_for_quiz/install/playing_turtle_package_msgs/include/playing_turtle_package_msgs/playing_turtle_package_msgs/srv/detail/tree_spawn__builder.hpp
[1.216s] -- Up-to-date: /home/gomi/dev_ws/ros_quiz/pkg_for_quiz/install/playing_turtle_package_msgs/include/playing_turtle_package_msgs/playing_turtle_package_msgs/srv/detail/tree_spawn__traits.hpp
[1.216s] -- Up-to-date: /home/gomi/dev_ws/ros_quiz/pkg_for_quiz/install/playing_turtle_package_msgs/include/playing_turtle_package_msgs/playing_turtle_package_msgs
[1.216s] -- Up-to-date: /home/gomi/dev_ws/ros_quiz/pkg_for_quiz/install/playing_turtle_package_msgs/include/playing_turtle_package_msgs/playing_turtle_package_msgs/msg
[1.216s] -- Up-to-date: /home/gomi/dev_ws/ros_quiz/pkg_for_quiz/install/playing_turtle_package_msgs/include/playing_turtle_package_msgs/playing_turtle_package_msgs/msg/rosidl_typesupport_fastrtps_cpp__visibility_control.h
[1.216s] -- Up-to-date: /home/gomi/dev_ws/ros_quiz/pkg_for_quiz/install/playing_turtle_package_msgs/include/playing_turtle_package_msgs/playing_turtle_package_msgs/srv
[1.216s] -- Up-to-date: /home/gomi/dev_ws/ros_quiz/pkg_for_quiz/install/playing_turtle_package_msgs/include/playing_turtle_package_msgs/playing_turtle_package_msgs/srv/detail
[1.216s] -- Up-to-date: /home/gomi/dev_ws/ros_quiz/pkg_for_quiz/install/playing_turtle_package_msgs/include/playing_turtle_package_msgs/playing_turtle_package_msgs/srv/detail/tree_spawn__rosidl_typesupport_fastrtps_cpp.hpp
[1.216s] -- Up-to-date: /home/gomi/dev_ws/ros_quiz/pkg_for_quiz/install/playing_turtle_package_msgs/include/playing_turtle_package_msgs/playing_turtle_package_msgs/srv/detail/dds_fastrtps
[1.216s] -- Up-to-date: /home/gomi/dev_ws/ros_quiz/pkg_for_quiz/install/playing_turtle_package_msgs/lib/libplaying_turtle_package_msgs__rosidl_typesupport_fastrtps_cpp.so
[1.216s] -- Up-to-date: /home/gomi/dev_ws/ros_quiz/pkg_for_quiz/install/playing_turtle_package_msgs/include/playing_turtle_package_msgs/playing_turtle_package_msgs
[1.216s] -- Up-to-date: /home/gomi/dev_ws/ros_quiz/pkg_for_quiz/install/playing_turtle_package_msgs/include/playing_turtle_package_msgs/playing_turtle_package_msgs/srv
[1.216s] -- Up-to-date: /home/gomi/dev_ws/ros_quiz/pkg_for_quiz/install/playing_turtle_package_msgs/include/playing_turtle_package_msgs/playing_turtle_package_msgs/srv/detail
[1.216s] -- Up-to-date: /home/gomi/dev_ws/ros_quiz/pkg_for_quiz/install/playing_turtle_package_msgs/include/playing_turtle_package_msgs/playing_turtle_package_msgs/srv/detail/tree_spawn__rosidl_typesupport_introspection_cpp.hpp
[1.217s] -- Up-to-date: /home/gomi/dev_ws/ros_quiz/pkg_for_quiz/install/playing_turtle_package_msgs/include/playing_turtle_package_msgs/playing_turtle_package_msgs/srv/detail/tree_spawn__type_support.cpp
[1.217s] -- Up-to-date: /home/gomi/dev_ws/ros_quiz/pkg_for_quiz/install/playing_turtle_package_msgs/lib/libplaying_turtle_package_msgs__rosidl_typesupport_introspection_cpp.so
[1.217s] -- Up-to-date: /home/gomi/dev_ws/ros_quiz/pkg_for_quiz/install/playing_turtle_package_msgs/lib/libplaying_turtle_package_msgs__rosidl_typesupport_cpp.so
[1.217s] -- Up-to-date: /home/gomi/dev_ws/ros_quiz/pkg_for_quiz/install/playing_turtle_package_msgs/share/playing_turtle_package_msgs/environment/pythonpath.sh
[1.217s] -- Installing: /home/gomi/dev_ws/ros_quiz/pkg_for_quiz/install/playing_turtle_package_msgs/share/playing_turtle_package_msgs/environment/pythonpath.dsv
[1.217s] -- Up-to-date: /home/gomi/dev_ws/ros_quiz/pkg_for_quiz/install/playing_turtle_package_msgs/local/lib/python3.10/dist-packages/playing_turtle_package_msgs-0.0.0-py3.10.egg-info
[1.217s] -- Installing: /home/gomi/dev_ws/ros_quiz/pkg_for_quiz/install/playing_turtle_package_msgs/local/lib/python3.10/dist-packages/playing_turtle_package_msgs-0.0.0-py3.10.egg-info/PKG-INFO
[1.217s] -- Installing: /home/gomi/dev_ws/ros_quiz/pkg_for_quiz/install/playing_turtle_package_msgs/local/lib/python3.10/dist-packages/playing_turtle_package_msgs-0.0.0-py3.10.egg-info/top_level.txt
[1.217s] -- Installing: /home/gomi/dev_ws/ros_quiz/pkg_for_quiz/install/playing_turtle_package_msgs/local/lib/python3.10/dist-packages/playing_turtle_package_msgs-0.0.0-py3.10.egg-info/SOURCES.txt
[1.217s] -- Installing: /home/gomi/dev_ws/ros_quiz/pkg_for_quiz/install/playing_turtle_package_msgs/local/lib/python3.10/dist-packages/playing_turtle_package_msgs-0.0.0-py3.10.egg-info/dependency_links.txt
[1.217s] -- Up-to-date: /home/gomi/dev_ws/ros_quiz/pkg_for_quiz/install/playing_turtle_package_msgs/local/lib/python3.10/dist-packages/playing_turtle_package_msgs
[1.217s] -- Up-to-date: /home/gomi/dev_ws/ros_quiz/pkg_for_quiz/install/playing_turtle_package_msgs/local/lib/python3.10/dist-packages/playing_turtle_package_msgs/_playing_turtle_package_msgs_s.ep.rosidl_typesupport_fastrtps_c.c
[1.217s] -- Up-to-date: /home/gomi/dev_ws/ros_quiz/pkg_for_quiz/install/playing_turtle_package_msgs/local/lib/python3.10/dist-packages/playing_turtle_package_msgs/_playing_turtle_package_msgs_s.ep.rosidl_typesupport_c.c
[1.217s] -- Up-to-date: /home/gomi/dev_ws/ros_quiz/pkg_for_quiz/install/playing_turtle_package_msgs/local/lib/python3.10/dist-packages/playing_turtle_package_msgs/libplaying_turtle_package_msgs__rosidl_generator_py.so
[1.217s] -- Up-to-date: /home/gomi/dev_ws/ros_quiz/pkg_for_quiz/install/playing_turtle_package_msgs/local/lib/python3.10/dist-packages/playing_turtle_package_msgs/playing_turtle_package_msgs_s__rosidl_typesupport_c.cpython-310-x86_64-linux-gnu.so
[1.217s] -- Up-to-date: /home/gomi/dev_ws/ros_quiz/pkg_for_quiz/install/playing_turtle_package_msgs/local/lib/python3.10/dist-packages/playing_turtle_package_msgs/_playing_turtle_package_msgs_s.ep.rosidl_typesupport_introspection_c.c
[1.218s] -- Up-to-date: /home/gomi/dev_ws/ros_quiz/pkg_for_quiz/install/playing_turtle_package_msgs/local/lib/python3.10/dist-packages/playing_turtle_package_msgs/srv
[1.218s] -- Up-to-date: /home/gomi/dev_ws/ros_quiz/pkg_for_quiz/install/playing_turtle_package_msgs/local/lib/python3.10/dist-packages/playing_turtle_package_msgs/srv/__init__.py
[1.218s] -- Up-to-date: /home/gomi/dev_ws/ros_quiz/pkg_for_quiz/install/playing_turtle_package_msgs/local/lib/python3.10/dist-packages/playing_turtle_package_msgs/srv/_tree_spawn.py
[1.218s] -- Up-to-date: /home/gomi/dev_ws/ros_quiz/pkg_for_quiz/install/playing_turtle_package_msgs/local/lib/python3.10/dist-packages/playing_turtle_package_msgs/srv/_tree_spawn_s.c
[1.218s] -- Up-to-date: /home/gomi/dev_ws/ros_quiz/pkg_for_quiz/install/playing_turtle_package_msgs/local/lib/python3.10/dist-packages/playing_turtle_package_msgs/playing_turtle_package_msgs_s__rosidl_typesupport_fastrtps_c.cpython-310-x86_64-linux-gnu.so
[1.218s] -- Installing: /home/gomi/dev_ws/ros_quiz/pkg_for_quiz/install/playing_turtle_package_msgs/local/lib/python3.10/dist-packages/playing_turtle_package_msgs/__init__.py
[1.218s] -- Up-to-date: /home/gomi/dev_ws/ros_quiz/pkg_for_quiz/install/playing_turtle_package_msgs/local/lib/python3.10/dist-packages/playing_turtle_package_msgs/playing_turtle_package_msgs_s__rosidl_typesupport_introspection_c.cpython-310-x86_64-linux-gnu.so
[1.238s] Listing '/home/gomi/dev_ws/ros_quiz/pkg_for_quiz/install/playing_turtle_package_msgs/local/lib/python3.10/dist-packages/playing_turtle_package_msgs'...
[1.238s] Compiling '/home/gomi/dev_ws/ros_quiz/pkg_for_quiz/install/playing_turtle_package_msgs/local/lib/python3.10/dist-packages/playing_turtle_package_msgs/__init__.py'...
[1.238s] Listing '/home/gomi/dev_ws/ros_quiz/pkg_for_quiz/install/playing_turtle_package_msgs/local/lib/python3.10/dist-packages/playing_turtle_package_msgs/srv'...
[1.242s] -- Up-to-date: /home/gomi/dev_ws/ros_quiz/pkg_for_quiz/install/playing_turtle_package_msgs/local/lib/python3.10/dist-packages/playing_turtle_package_msgs/playing_turtle_package_msgs_s__rosidl_typesupport_fastrtps_c.cpython-310-x86_64-linux-gnu.so
[1.242s] -- Up-to-date: /home/gomi/dev_ws/ros_quiz/pkg_for_quiz/install/playing_turtle_package_msgs/local/lib/python3.10/dist-packages/playing_turtle_package_msgs/playing_turtle_package_msgs_s__rosidl_typesupport_introspection_c.cpython-310-x86_64-linux-gnu.so
[1.242s] -- Up-to-date: /home/gomi/dev_ws/ros_quiz/pkg_for_quiz/install/playing_turtle_package_msgs/local/lib/python3.10/dist-packages/playing_turtle_package_msgs/playing_turtle_package_msgs_s__rosidl_typesupport_c.cpython-310-x86_64-linux-gnu.so
[1.242s] -- Up-to-date: /home/gomi/dev_ws/ros_quiz/pkg_for_quiz/install/playing_turtle_package_msgs/lib/libplaying_turtle_package_msgs__rosidl_generator_py.so
[1.242s] -- Up-to-date: /home/gomi/dev_ws/ros_quiz/pkg_for_quiz/install/playing_turtle_package_msgs/share/playing_turtle_package_msgs/srv/TreeSpawn.idl
[1.242s] -- Installing: /home/gomi/dev_ws/ros_quiz/pkg_for_quiz/install/playing_turtle_package_msgs/share/playing_turtle_package_msgs/srv/TreeSpawn.srv
[1.242s] -- Installing: /home/gomi/dev_ws/ros_quiz/pkg_for_quiz/install/playing_turtle_package_msgs/share/playing_turtle_package_msgs/srv/TreeSpawn_Request.msg
[1.243s] -- Up-to-date: /home/gomi/dev_ws/ros_quiz/pkg_for_quiz/install/playing_turtle_package_msgs/share/playing_turtle_package_msgs/srv/TreeSpawn_Response.msg
[1.243s] -- Up-to-date: /home/gomi/dev_ws/ros_quiz/pkg_for_quiz/install/playing_turtle_package_msgs/share/ament_index/resource_index/package_run_dependencies/playing_turtle_package_msgs
[1.243s] -- Installing: /home/gomi/dev_ws/ros_quiz/pkg_for_quiz/install/playing_turtle_package_msgs/share/ament_index/resource_index/parent_prefix_path/playing_turtle_package_msgs
[1.243s] -- Up-to-date: /home/gomi/dev_ws/ros_quiz/pkg_for_quiz/install/playing_turtle_package_msgs/share/playing_turtle_package_msgs/environment/ament_prefix_path.sh
[1.243s] -- Installing: /home/gomi/dev_ws/ros_quiz/pkg_for_quiz/install/playing_turtle_package_msgs/share/playing_turtle_package_msgs/environment/ament_prefix_path.dsv
[1.243s] -- Up-to-date: /home/gomi/dev_ws/ros_quiz/pkg_for_quiz/install/playing_turtle_package_msgs/share/playing_turtle_package_msgs/environment/path.sh
[1.243s] -- Installing: /home/gomi/dev_ws/ros_quiz/pkg_for_quiz/install/playing_turtle_package_msgs/share/playing_turtle_package_msgs/environment/path.dsv
[1.243s] -- Up-to-date: /home/gomi/dev_ws/ros_quiz/pkg_for_quiz/install/playing_turtle_package_msgs/share/playing_turtle_package_msgs/local_setup.bash
[1.243s] -- Up-to-date: /home/gomi/dev_ws/ros_quiz/pkg_for_quiz/install/playing_turtle_package_msgs/share/playing_turtle_package_msgs/local_setup.sh
[1.243s] -- Up-to-date: /home/gomi/dev_ws/ros_quiz/pkg_for_quiz/install/playing_turtle_package_msgs/share/playing_turtle_package_msgs/local_setup.zsh
[1.243s] -- Installing: /home/gomi/dev_ws/ros_quiz/pkg_for_quiz/install/playing_turtle_package_msgs/share/playing_turtle_package_msgs/local_setup.dsv
[1.243s] -- Installing: /home/gomi/dev_ws/ros_quiz/pkg_for_quiz/install/playing_turtle_package_msgs/share/playing_turtle_package_msgs/package.dsv
[1.243s] -- Up-to-date: /home/gomi/dev_ws/ros_quiz/pkg_for_quiz/install/playing_turtle_package_msgs/share/ament_index/resource_index/packages/playing_turtle_package_msgs
[1.243s] -- Up-to-date: /home/gomi/dev_ws/ros_quiz/pkg_for_quiz/install/playing_turtle_package_msgs/share/playing_turtle_package_msgs/cmake/export_playing_turtle_package_msgs__rosidl_generator_cExport.cmake
[1.244s] -- Up-to-date: /home/gomi/dev_ws/ros_quiz/pkg_for_quiz/install/playing_turtle_package_msgs/share/playing_turtle_package_msgs/cmake/export_playing_turtle_package_msgs__rosidl_generator_cExport-noconfig.cmake
[1.244s] -- Up-to-date: /home/gomi/dev_ws/ros_quiz/pkg_for_quiz/install/playing_turtle_package_msgs/share/playing_turtle_package_msgs/cmake/export_playing_turtle_package_msgs__rosidl_typesupport_fastrtps_cExport.cmake
[1.244s] -- Up-to-date: /home/gomi/dev_ws/ros_quiz/pkg_for_quiz/install/playing_turtle_package_msgs/share/playing_turtle_package_msgs/cmake/export_playing_turtle_package_msgs__rosidl_typesupport_fastrtps_cExport-noconfig.cmake
[1.244s] -- Up-to-date: /home/gomi/dev_ws/ros_quiz/pkg_for_quiz/install/playing_turtle_package_msgs/share/playing_turtle_package_msgs/cmake/playing_turtle_package_msgs__rosidl_typesupport_introspection_cExport.cmake
[1.244s] -- Up-to-date: /home/gomi/dev_ws/ros_quiz/pkg_for_quiz/install/playing_turtle_package_msgs/share/playing_turtle_package_msgs/cmake/playing_turtle_package_msgs__rosidl_typesupport_introspection_cExport-noconfig.cmake
[1.244s] -- Up-to-date: /home/gomi/dev_ws/ros_quiz/pkg_for_quiz/install/playing_turtle_package_msgs/share/playing_turtle_package_msgs/cmake/playing_turtle_package_msgs__rosidl_typesupport_cExport.cmake
[1.244s] -- Up-to-date: /home/gomi/dev_ws/ros_quiz/pkg_for_quiz/install/playing_turtle_package_msgs/share/playing_turtle_package_msgs/cmake/playing_turtle_package_msgs__rosidl_typesupport_cExport-noconfig.cmake
[1.244s] -- Up-to-date: /home/gomi/dev_ws/ros_quiz/pkg_for_quiz/install/playing_turtle_package_msgs/share/playing_turtle_package_msgs/cmake/export_playing_turtle_package_msgs__rosidl_generator_cppExport.cmake
[1.244s] -- Up-to-date: /home/gomi/dev_ws/ros_quiz/pkg_for_quiz/install/playing_turtle_package_msgs/share/playing_turtle_package_msgs/cmake/export_playing_turtle_package_msgs__rosidl_typesupport_fastrtps_cppExport.cmake
[1.244s] -- Up-to-date: /home/gomi/dev_ws/ros_quiz/pkg_for_quiz/install/playing_turtle_package_msgs/share/playing_turtle_package_msgs/cmake/export_playing_turtle_package_msgs__rosidl_typesupport_fastrtps_cppExport-noconfig.cmake
[1.244s] -- Up-to-date: /home/gomi/dev_ws/ros_quiz/pkg_for_quiz/install/playing_turtle_package_msgs/share/playing_turtle_package_msgs/cmake/playing_turtle_package_msgs__rosidl_typesupport_introspection_cppExport.cmake
[1.244s] -- Up-to-date: /home/gomi/dev_ws/ros_quiz/pkg_for_quiz/install/playing_turtle_package_msgs/share/playing_turtle_package_msgs/cmake/playing_turtle_package_msgs__rosidl_typesupport_introspection_cppExport-noconfig.cmake
[1.244s] -- Up-to-date: /home/gomi/dev_ws/ros_quiz/pkg_for_quiz/install/playing_turtle_package_msgs/share/playing_turtle_package_msgs/cmake/playing_turtle_package_msgs__rosidl_typesupport_cppExport.cmake
[1.245s] -- Up-to-date: /home/gomi/dev_ws/ros_quiz/pkg_for_quiz/install/playing_turtle_package_msgs/share/playing_turtle_package_msgs/cmake/playing_turtle_package_msgs__rosidl_typesupport_cppExport-noconfig.cmake
[1.245s] -- Up-to-date: /home/gomi/dev_ws/ros_quiz/pkg_for_quiz/install/playing_turtle_package_msgs/share/playing_turtle_package_msgs/cmake/export_playing_turtle_package_msgs__rosidl_generator_pyExport.cmake
[1.245s] -- Up-to-date: /home/gomi/dev_ws/ros_quiz/pkg_for_quiz/install/playing_turtle_package_msgs/share/playing_turtle_package_msgs/cmake/export_playing_turtle_package_msgs__rosidl_generator_pyExport-noconfig.cmake
[1.245s] -- Up-to-date: /home/gomi/dev_ws/ros_quiz/pkg_for_quiz/install/playing_turtle_package_msgs/share/playing_turtle_package_msgs/cmake/rosidl_cmake-extras.cmake
[1.245s] -- Up-to-date: /home/gomi/dev_ws/ros_quiz/pkg_for_quiz/install/playing_turtle_package_msgs/share/playing_turtle_package_msgs/cmake/ament_cmake_export_include_directories-extras.cmake
[1.245s] -- Up-to-date: /home/gomi/dev_ws/ros_quiz/pkg_for_quiz/install/playing_turtle_package_msgs/share/playing_turtle_package_msgs/cmake/ament_cmake_export_libraries-extras.cmake
[1.245s] -- Up-to-date: /home/gomi/dev_ws/ros_quiz/pkg_for_quiz/install/playing_turtle_package_msgs/share/playing_turtle_package_msgs/cmake/ament_cmake_export_targets-extras.cmake
[1.245s] -- Up-to-date: /home/gomi/dev_ws/ros_quiz/pkg_for_quiz/install/playing_turtle_package_msgs/share/playing_turtle_package_msgs/cmake/rosidl_cmake_export_typesupport_targets-extras.cmake
[1.245s] -- Up-to-date: /home/gomi/dev_ws/ros_quiz/pkg_for_quiz/install/playing_turtle_package_msgs/share/playing_turtle_package_msgs/cmake/ament_cmake_export_dependencies-extras.cmake
[1.245s] -- Up-to-date: /home/gomi/dev_ws/ros_quiz/pkg_for_quiz/install/playing_turtle_package_msgs/share/playing_turtle_package_msgs/cmake/rosidl_cmake_export_typesupport_libraries-extras.cmake
[1.245s] -- Up-to-date: /home/gomi/dev_ws/ros_quiz/pkg_for_quiz/install/playing_turtle_package_msgs/share/playing_turtle_package_msgs/cmake/playing_turtle_package_msgsConfig.cmake
[1.245s] -- Up-to-date: /home/gomi/dev_ws/ros_quiz/pkg_for_quiz/install/playing_turtle_package_msgs/share/playing_turtle_package_msgs/cmake/playing_turtle_package_msgsConfig-version.cmake
[1.245s] -- Up-to-date: /home/gomi/dev_ws/ros_quiz/pkg_for_quiz/install/playing_turtle_package_msgs/share/playing_turtle_package_msgs/package.xml
[1.252s] Invoked command in '/home/gomi/dev_ws/ros_quiz/pkg_for_quiz/build/playing_turtle_package_msgs' returned '0': CMAKE_PREFIX_PATH=${CMAKE_PREFIX_PATH}:/home/gomi/dev_ws/ros_quiz/pkg_for_quiz/install/playing_turtle_package:/opt/ros/humble /home/gomi/.local/bin/cmake --install /home/gomi/dev_ws/ros_quiz/pkg_for_quiz/build/playing_turtle_package_msgs
