[1.120s] Invoking command in '/home/ksh/yolo_ws/src/yolo_pkg': PYTHONPATH=/home/ksh/yolo_ws/build/yolo_pkg/prefix_override:/home/ksh/yolo_ws/install/yolo_pkg/lib/python3.10/site-packages:${PYTHONPATH} /usr/bin/python3 setup.py egg_info --egg-base ../../build/yolo_pkg build --build-base /home/ksh/yolo_ws/build/yolo_pkg/build install --record /home/ksh/yolo_ws/build/yolo_pkg/install.log --single-version-externally-managed
[1.464s] running egg_info
[1.466s] writing ../../build/yolo_pkg/yolo_pkg.egg-info/PKG-INFO
[1.466s] writing dependency_links to ../../build/yolo_pkg/yolo_pkg.egg-info/dependency_links.txt
[1.466s] writing entry points to ../../build/yolo_pkg/yolo_pkg.egg-info/entry_points.txt
[1.467s] writing requirements to ../../build/yolo_pkg/yolo_pkg.egg-info/requires.txt
[1.467s] writing top-level names to ../../build/yolo_pkg/yolo_pkg.egg-info/top_level.txt
[1.470s] reading manifest file '../../build/yolo_pkg/yolo_pkg.egg-info/SOURCES.txt'
[1.471s] writing manifest file '../../build/yolo_pkg/yolo_pkg.egg-info/SOURCES.txt'
[1.471s] running build
[1.471s] running build_py
[1.472s] running install
[1.472s] /usr/lib/python3/dist-packages/setuptools/command/install.py:34: SetuptoolsDeprecationWarning: setup.py install is deprecated. Use build and pip and other standards-based tools.
[1.472s]   warnings.warn(
[1.472s] running install_lib
[1.476s] running install_data
[1.477s] running install_egg_info
[1.479s] removing '/home/ksh/yolo_ws/install/yolo_pkg/lib/python3.10/site-packages/yolo_pkg-0.0.0-py3.10.egg-info' (and everything under it)
[1.479s] Copying ../../build/yolo_pkg/yolo_pkg.egg-info to /home/ksh/yolo_ws/install/yolo_pkg/lib/python3.10/site-packages/yolo_pkg-0.0.0-py3.10.egg-info
[1.480s] running install_scripts
[1.513s] Installing image_publisher script to /home/ksh/yolo_ws/install/yolo_pkg/lib/yolo_pkg
[1.514s] Installing object_detect_publisher script to /home/ksh/yolo_ws/install/yolo_pkg/lib/yolo_pkg
[1.514s] Installing object_detect_subscriber script to /home/ksh/yolo_ws/install/yolo_pkg/lib/yolo_pkg
[1.514s] writing list of installed files to '/home/ksh/yolo_ws/build/yolo_pkg/install.log'
[1.563s] Invoked command in '/home/ksh/yolo_ws/src/yolo_pkg' returned '0': PYTHONPATH=/home/ksh/yolo_ws/build/yolo_pkg/prefix_override:/home/ksh/yolo_ws/install/yolo_pkg/lib/python3.10/site-packages:${PYTHONPATH} /usr/bin/python3 setup.py egg_info --egg-base ../../build/yolo_pkg build --build-base /home/ksh/yolo_ws/build/yolo_pkg/build install --record /home/ksh/yolo_ws/build/yolo_pkg/install.log --single-version-externally-managed
