[0.008s] Invoking command in '/home/gomi/my_mobile/build/my_robot_description': CMAKE_PREFIX_PATH=${CMAKE_PREFIX_PATH}:/home/gomi/urdf_study/install/video_test:/opt/ros/humble /home/gomi/.local/bin/cmake /home/gomi/my_mobile/src/my_robot_description -DCMAKE_INSTALL_PREFIX=/home/gomi/my_mobile/install/my_robot_description
[0.117s] -- The C compiler identification is GNU 11.3.0
[0.170s] -- The CXX compiler identification is GNU 11.3.0
[0.176s] -- Detecting C compiler ABI info
[0.214s] -- Detecting C compiler ABI info - done
[0.221s] -- Check for working C compiler: /usr/bin/cc - skipped
[0.221s] -- Detecting C compile features
[0.222s] -- Detecting C compile features - done
[0.224s] -- Detecting CXX compiler ABI info
[0.273s] -- Detecting CXX compiler ABI info - done
[0.281s] -- Check for working CXX compiler: /usr/bin/c++ - skipped
[0.281s] -- Detecting CXX compile features
[0.282s] -- Detecting CXX compile features - done
[0.286s] -- Found ament_cmake: 1.3.4 (/opt/ros/humble/share/ament_cmake/cmake)
[0.530s] -- Found Python3: /usr/bin/python3.10 (found version "3.10.6") found components: Interpreter 
[0.596s] -- Found ament_lint_auto: 0.12.6 (/opt/ros/humble/share/ament_lint_auto/cmake)
[0.652s] -- Added test 'flake8' to check Python code syntax and style conventions
[0.653s] -- Added test 'lint_cmake' to check CMake code style
[0.653s] -- Added test 'pep257' to check Python code against some of the docstring style conventions in PEP 257
[0.654s] -- Added test 'xmllint' to check XML markup files
[0.655s] -- Configuring done (0.6s)
[0.656s] -- Generating done (0.0s)
[0.657s] -- Build files have been written to: /home/gomi/my_mobile/build/my_robot_description
[0.668s] Invoked command in '/home/gomi/my_mobile/build/my_robot_description' returned '0': CMAKE_PREFIX_PATH=${CMAKE_PREFIX_PATH}:/home/gomi/urdf_study/install/video_test:/opt/ros/humble /home/gomi/.local/bin/cmake /home/gomi/my_mobile/src/my_robot_description -DCMAKE_INSTALL_PREFIX=/home/gomi/my_mobile/install/my_robot_description
[0.668s] Invoking command in '/home/gomi/my_mobile/build/my_robot_description': CMAKE_PREFIX_PATH=${CMAKE_PREFIX_PATH}:/home/gomi/urdf_study/install/video_test:/opt/ros/humble /home/gomi/.local/bin/cmake --build /home/gomi/my_mobile/build/my_robot_description -- -j8 -l8
[0.716s] Invoked command in '/home/gomi/my_mobile/build/my_robot_description' returned '0': CMAKE_PREFIX_PATH=${CMAKE_PREFIX_PATH}:/home/gomi/urdf_study/install/video_test:/opt/ros/humble /home/gomi/.local/bin/cmake --build /home/gomi/my_mobile/build/my_robot_description -- -j8 -l8
[0.807s] Invoking command in '/home/gomi/my_mobile/build/my_robot_description': CMAKE_PREFIX_PATH=${CMAKE_PREFIX_PATH}:/home/gomi/urdf_study/install/video_test:/opt/ros/humble /home/gomi/.local/bin/cmake --install /home/gomi/my_mobile/build/my_robot_description
[0.842s] -- Install configuration: ""
[0.843s] -- Installing: /home/gomi/my_mobile/install/my_robot_description/share/my_robot_description/rviz
[0.843s] -- Installing: /home/gomi/my_mobile/install/my_robot_description/share/my_robot_description/urdf
[0.843s] -- Installing: /home/gomi/my_mobile/install/my_robot_description/share/my_robot_description/urdf/robot_core.xacro
[0.843s] -- Installing: /home/gomi/my_mobile/install/my_robot_description/share/my_robot_description/launch
[0.843s] -- Installing: /home/gomi/my_mobile/install/my_robot_description/share/my_robot_description/launch/display.launch.py
[0.843s] -- Installing: /home/gomi/my_mobile/install/my_robot_description/share/ament_index/resource_index/package_run_dependencies/my_robot_description
[0.843s] -- Installing: /home/gomi/my_mobile/install/my_robot_description/share/ament_index/resource_index/parent_prefix_path/my_robot_description
[0.843s] -- Installing: /home/gomi/my_mobile/install/my_robot_description/share/my_robot_description/environment/ament_prefix_path.sh
[0.843s] -- Installing: /home/gomi/my_mobile/install/my_robot_description/share/my_robot_description/environment/ament_prefix_path.dsv
[0.843s] -- Installing: /home/gomi/my_mobile/install/my_robot_description/share/my_robot_description/environment/path.sh
[0.843s] -- Installing: /home/gomi/my_mobile/install/my_robot_description/share/my_robot_description/environment/path.dsv
[0.844s] -- Installing: /home/gomi/my_mobile/install/my_robot_description/share/my_robot_description/local_setup.bash
[0.844s] -- Installing: /home/gomi/my_mobile/install/my_robot_description/share/my_robot_description/local_setup.sh
[0.844s] -- Installing: /home/gomi/my_mobile/install/my_robot_description/share/my_robot_description/local_setup.zsh
[0.844s] -- Installing: /home/gomi/my_mobile/install/my_robot_description/share/my_robot_description/local_setup.dsv
[0.844s] -- Installing: /home/gomi/my_mobile/install/my_robot_description/share/my_robot_description/package.dsv
[0.844s] -- Installing: /home/gomi/my_mobile/install/my_robot_description/share/ament_index/resource_index/packages/my_robot_description
[0.844s] -- Installing: /home/gomi/my_mobile/install/my_robot_description/share/my_robot_description/cmake/my_robot_descriptionConfig.cmake
[0.844s] -- Installing: /home/gomi/my_mobile/install/my_robot_description/share/my_robot_description/cmake/my_robot_descriptionConfig-version.cmake
[0.844s] -- Installing: /home/gomi/my_mobile/install/my_robot_description/share/my_robot_description/package.xml
[0.851s] Invoked command in '/home/gomi/my_mobile/build/my_robot_description' returned '0': CMAKE_PREFIX_PATH=${CMAKE_PREFIX_PATH}:/home/gomi/urdf_study/install/video_test:/opt/ros/humble /home/gomi/.local/bin/cmake --install /home/gomi/my_mobile/build/my_robot_description
