-- Install configuration: ""
-- Execute custom install script
-- Up-to-date symlink: /home/gomi/my_mobile/install/my_robot_description/share/my_robot_description/rviz/urdf_config.rviz
-- Up-to-date symlink: /home/gomi/my_mobile/install/my_robot_description/share/my_robot_description/urdf/inertial_macros.xacro
-- Up-to-date symlink: /home/gomi/my_mobile/install/my_robot_description/share/my_robot_description/urdf/robot_core.xacro
-- Up-to-date symlink: /home/gomi/my_mobile/install/my_robot_description/share/my_robot_description/launch/display.launch.py
-- Symlinking: /home/gomi/my_mobile/install/my_robot_description/share/my_robot_description/launch/upload.launch.py
-- Up-to-date symlink: /home/gomi/my_mobile/install/my_robot_description/share/ament_index/resource_index/package_run_dependencies/my_robot_description
-- Up-to-date symlink: /home/gomi/my_mobile/install/my_robot_description/share/ament_index/resource_index/parent_prefix_path/my_robot_description
-- Up-to-date symlink: /home/gomi/my_mobile/install/my_robot_description/share/my_robot_description/environment/ament_prefix_path.sh
-- Up-to-date symlink: /home/gomi/my_mobile/install/my_robot_description/share/my_robot_description/environment/ament_prefix_path.dsv
-- Up-to-date symlink: /home/gomi/my_mobile/install/my_robot_description/share/my_robot_description/environment/path.sh
-- Up-to-date symlink: /home/gomi/my_mobile/install/my_robot_description/share/my_robot_description/environment/path.dsv
-- Up-to-date symlink: /home/gomi/my_mobile/install/my_robot_description/share/my_robot_description/local_setup.bash
-- Up-to-date symlink: /home/gomi/my_mobile/install/my_robot_description/share/my_robot_description/local_setup.sh
-- Up-to-date symlink: /home/gomi/my_mobile/install/my_robot_description/share/my_robot_description/local_setup.zsh
-- Up-to-date symlink: /home/gomi/my_mobile/install/my_robot_description/share/my_robot_description/local_setup.dsv
-- Symlinking: /home/gomi/my_mobile/install/my_robot_description/share/my_robot_description/package.dsv
-- Up-to-date symlink: /home/gomi/my_mobile/install/my_robot_description/share/ament_index/resource_index/packages/my_robot_description
-- Up-to-date symlink: /home/gomi/my_mobile/install/my_robot_description/share/my_robot_description/cmake/my_robot_descriptionConfig.cmake
-- Up-to-date symlink: /home/gomi/my_mobile/install/my_robot_description/share/my_robot_description/cmake/my_robot_descriptionConfig-version.cmake
-- Up-to-date symlink: /home/gomi/my_mobile/install/my_robot_description/share/my_robot_description/package.xml
