[0.012s] Invoking command in '/home/gomi/my_mobile/build/my_robot_description': CMAKE_PREFIX_PATH=${CMAKE_PREFIX_PATH}:/home/gomi/urdf_study/install/video_test:/opt/ros/humble /home/gomi/.local/bin/cmake --build /home/gomi/my_mobile/build/my_robot_description -- -j8 -l8
[0.068s] Invoked command in '/home/gomi/my_mobile/build/my_robot_description' returned '0': CMAKE_PREFIX_PATH=${CMAKE_PREFIX_PATH}:/home/gomi/urdf_study/install/video_test:/opt/ros/humble /home/gomi/.local/bin/cmake --build /home/gomi/my_mobile/build/my_robot_description -- -j8 -l8
[0.159s] Invoking command in '/home/gomi/my_mobile/build/my_robot_description': CMAKE_PREFIX_PATH=${CMAKE_PREFIX_PATH}:/home/gomi/urdf_study/install/video_test:/opt/ros/humble /home/gomi/.local/bin/cmake --install /home/gomi/my_mobile/build/my_robot_description
[0.193s] -- Install configuration: ""
[0.201s] -- Execute custom install script
[0.201s] -- Up-to-date symlink: /home/gomi/my_mobile/install/my_robot_description/share/my_robot_description/rviz/urdf_config.rviz
[0.202s] -- Up-to-date symlink: /home/gomi/my_mobile/install/my_robot_description/share/my_robot_description/urdf/inertial_macros.xacro
[0.202s] -- Up-to-date symlink: /home/gomi/my_mobile/install/my_robot_description/share/my_robot_description/urdf/robot_core.xacro
[0.202s] -- Up-to-date symlink: /home/gomi/my_mobile/install/my_robot_description/share/my_robot_description/launch/display.launch.py
[0.202s] -- Symlinking: /home/gomi/my_mobile/install/my_robot_description/share/my_robot_description/launch/upload.launch.py
[0.204s] -- Up-to-date symlink: /home/gomi/my_mobile/install/my_robot_description/share/ament_index/resource_index/package_run_dependencies/my_robot_description
[0.204s] -- Up-to-date symlink: /home/gomi/my_mobile/install/my_robot_description/share/ament_index/resource_index/parent_prefix_path/my_robot_description
[0.204s] -- Up-to-date symlink: /home/gomi/my_mobile/install/my_robot_description/share/my_robot_description/environment/ament_prefix_path.sh
[0.205s] -- Up-to-date symlink: /home/gomi/my_mobile/install/my_robot_description/share/my_robot_description/environment/ament_prefix_path.dsv
[0.205s] -- Up-to-date symlink: /home/gomi/my_mobile/install/my_robot_description/share/my_robot_description/environment/path.sh
[0.205s] -- Up-to-date symlink: /home/gomi/my_mobile/install/my_robot_description/share/my_robot_description/environment/path.dsv
[0.205s] -- Up-to-date symlink: /home/gomi/my_mobile/install/my_robot_description/share/my_robot_description/local_setup.bash
[0.205s] -- Up-to-date symlink: /home/gomi/my_mobile/install/my_robot_description/share/my_robot_description/local_setup.sh
[0.205s] -- Up-to-date symlink: /home/gomi/my_mobile/install/my_robot_description/share/my_robot_description/local_setup.zsh
[0.205s] -- Up-to-date symlink: /home/gomi/my_mobile/install/my_robot_description/share/my_robot_description/local_setup.dsv
[0.205s] -- Symlinking: /home/gomi/my_mobile/install/my_robot_description/share/my_robot_description/package.dsv
[0.207s] -- Up-to-date symlink: /home/gomi/my_mobile/install/my_robot_description/share/ament_index/resource_index/packages/my_robot_description
[0.207s] -- Up-to-date symlink: /home/gomi/my_mobile/install/my_robot_description/share/my_robot_description/cmake/my_robot_descriptionConfig.cmake
[0.207s] -- Up-to-date symlink: /home/gomi/my_mobile/install/my_robot_description/share/my_robot_description/cmake/my_robot_descriptionConfig-version.cmake
[0.208s] -- Up-to-date symlink: /home/gomi/my_mobile/install/my_robot_description/share/my_robot_description/package.xml
[0.215s] Invoked command in '/home/gomi/my_mobile/build/my_robot_description' returned '0': CMAKE_PREFIX_PATH=${CMAKE_PREFIX_PATH}:/home/gomi/urdf_study/install/video_test:/opt/ros/humble /home/gomi/.local/bin/cmake --install /home/gomi/my_mobile/build/my_robot_description
