[0.563s] Invoking command in '/home/ksh/yolo_ws/src/yolo_pkg': PYTHONPATH=/home/ksh/yolo_ws/build/yolo_pkg/prefix_override:/home/ksh/yolo_ws/install/yolo_pkg/lib/python3.10/site-packages:${PYTHONPATH} /usr/bin/python3 setup.py egg_info --egg-base ../../build/yolo_pkg build --build-base /home/ksh/yolo_ws/build/yolo_pkg/build install --record /home/ksh/yolo_ws/build/yolo_pkg/install.log --single-version-externally-managed
[0.750s] running egg_info
[0.751s] writing ../../build/yolo_pkg/yolo_pkg.egg-info/PKG-INFO
[0.751s] writing dependency_links to ../../build/yolo_pkg/yolo_pkg.egg-info/dependency_links.txt
[0.751s] writing entry points to ../../build/yolo_pkg/yolo_pkg.egg-info/entry_points.txt
[0.751s] writing requirements to ../../build/yolo_pkg/yolo_pkg.egg-info/requires.txt
[0.751s] writing top-level names to ../../build/yolo_pkg/yolo_pkg.egg-info/top_level.txt
[0.752s] reading manifest file '../../build/yolo_pkg/yolo_pkg.egg-info/SOURCES.txt'
[0.753s] writing manifest file '../../build/yolo_pkg/yolo_pkg.egg-info/SOURCES.txt'
[0.753s] running build
[0.753s] running build_py
[0.753s] copying yolo_pkg/object_detection_pub.py -> /home/ksh/yolo_ws/build/yolo_pkg/build/lib/yolo_pkg
[0.753s] running install
[0.753s] /usr/lib/python3/dist-packages/setuptools/command/install.py:34: SetuptoolsDeprecationWarning: setup.py install is deprecated. Use build and pip and other standards-based tools.
[0.753s]   warnings.warn(
[0.754s] running install_lib
[0.754s] copying /home/ksh/yolo_ws/build/yolo_pkg/build/lib/yolo_pkg/object_detection_pub.py -> /home/ksh/yolo_ws/install/yolo_pkg/lib/python3.10/site-packages/yolo_pkg
[0.754s] byte-compiling /home/ksh/yolo_ws/install/yolo_pkg/lib/python3.10/site-packages/yolo_pkg/object_detection_sub.py to object_detection_sub.cpython-310.pyc
[0.755s]   File "/home/ksh/yolo_ws/install/yolo_pkg/lib/python3.10/site-packages/yolo_pkg/object_detection_sub.py", line 15
[0.755s]     	def __init__(self)
[0.755s]     	                  ^
[0.755s] SyntaxError: expected ':'
[0.755s] 
[0.755s] byte-compiling /home/ksh/yolo_ws/install/yolo_pkg/lib/python3.10/site-packages/yolo_pkg/object_detection_pub.py to object_detection_pub.cpython-310.pyc
[0.755s]   File "/home/ksh/yolo_ws/install/yolo_pkg/lib/python3.10/site-packages/yolo_pkg/object_detection_pub.py", line 80
[0.755s]     if __name__ == "__main__"
[0.755s]                              ^
[0.755s] SyntaxError: expected ':'
[0.755s] 
[0.755s] running install_data
[0.756s] running install_egg_info
[0.757s] removing '/home/ksh/yolo_ws/install/yolo_pkg/lib/python3.10/site-packages/yolo_pkg-0.0.0-py3.10.egg-info' (and everything under it)
[0.757s] Copying ../../build/yolo_pkg/yolo_pkg.egg-info to /home/ksh/yolo_ws/install/yolo_pkg/lib/python3.10/site-packages/yolo_pkg-0.0.0-py3.10.egg-info
[0.757s] running install_scripts
[0.771s] Installing image_publisher script to /home/ksh/yolo_ws/install/yolo_pkg/lib/yolo_pkg
[0.771s] Installing object_detect_publisher script to /home/ksh/yolo_ws/install/yolo_pkg/lib/yolo_pkg
[0.771s] Installing object_detect_subscriber script to /home/ksh/yolo_ws/install/yolo_pkg/lib/yolo_pkg
[0.772s] writing list of installed files to '/home/ksh/yolo_ws/build/yolo_pkg/install.log'
[0.791s] Invoked command in '/home/ksh/yolo_ws/src/yolo_pkg' returned '0': PYTHONPATH=/home/ksh/yolo_ws/build/yolo_pkg/prefix_override:/home/ksh/yolo_ws/install/yolo_pkg/lib/python3.10/site-packages:${PYTHONPATH} /usr/bin/python3 setup.py egg_info --egg-base ../../build/yolo_pkg build --build-base /home/ksh/yolo_ws/build/yolo_pkg/build install --record /home/ksh/yolo_ws/build/yolo_pkg/install.log --single-version-externally-managed
