[0.009s] Invoking command in '/home/gomi/pinkbot/build/minibot_navigation2': /home/gomi/.local/bin/cmake /home/gomi/pinkbot/src/pinklab_minibot_robot/minibot_navigation2 -DCMAKE_INSTALL_PREFIX=/home/gomi/pinkbot/install/minibot_navigation2
[0.134s] -- The C compiler identification is GNU 11.3.0
[0.209s] -- The CXX compiler identification is GNU 11.3.0
[0.218s] -- Detecting C compiler ABI info
[0.260s] -- Detecting C compiler ABI info - done
[0.268s] -- Check for working C compiler: /usr/bin/cc - skipped
[0.268s] -- Detecting C compile features
[0.269s] -- Detecting C compile features - done
[0.272s] -- Detecting CXX compiler ABI info
[0.320s] -- Detecting CXX compiler ABI info - done
[0.329s] -- Check for working CXX compiler: /usr/bin/c++ - skipped
[0.329s] -- Detecting CXX compile features
[0.329s] -- Detecting CXX compile features - done
[0.338s] [31mCMake Error at CMakeLists.txt:9 (find_package):
[0.338s]   By not providing "Findament_cmake.cmake" in CMAKE_MODULE_PATH this project
[0.338s]   has asked CMake to find a package configuration file provided by
[0.338s]   "ament_cmake", but CMake did not find one.
[0.338s] 
[0.338s]   Could not find a package configuration file provided by "ament_cmake" with
[0.338s]   any of the following names:
[0.338s] 
[0.338s]     ament_cmakeConfig.cmake
[0.338s]     ament_cmake-config.cmake
[0.338s] 
[0.338s]   Add the installation prefix of "ament_cmake" to CMAKE_PREFIX_PATH or set
[0.339s]   "ament_cmake_DIR" to a directory containing one of the above files.  If
[0.339s]   "ament_cmake" provides a separate development package or SDK, be sure it
[0.339s]   has been installed.
[0.339s] 
[0.339s] [0m
[0.339s] -- Configuring incomplete, errors occurred!
[0.352s] Invoked command in '/home/gomi/pinkbot/build/minibot_navigation2' returned '1': /home/gomi/.local/bin/cmake /home/gomi/pinkbot/src/pinklab_minibot_robot/minibot_navigation2 -DCMAKE_INSTALL_PREFIX=/home/gomi/pinkbot/install/minibot_navigation2
