[0.014s] Invoking command in '/home/gomi/urdf_study/build/urdf_study': CMAKE_PREFIX_PATH=${CMAKE_PREFIX_PATH}:/home/gomi/urdf_study/install/video_test:/opt/ros/humble /home/gomi/.local/bin/cmake --build /home/gomi/urdf_study/build/urdf_study -- -j8 -l8
[0.059s] -- Found ament_cmake: 1.3.4 (/opt/ros/humble/share/ament_cmake/cmake)
[0.139s] -- Found ament_lint_auto: 0.12.6 (/opt/ros/humble/share/ament_lint_auto/cmake)
[0.186s] -- Added test 'flake8' to check Python code syntax and style conventions
[0.186s] -- Added test 'lint_cmake' to check CMake code style
[0.186s] -- Added test 'pep257' to check Python code against some of the docstring style conventions in PEP 257
[0.186s] -- Added test 'xmllint' to check XML markup files
[0.187s] -- Configuring done (0.1s)
[0.190s] -- Generating done (0.0s)
[0.191s] -- Build files have been written to: /home/gomi/urdf_study/build/urdf_study
[0.213s] Invoked command in '/home/gomi/urdf_study/build/urdf_study' returned '0': CMAKE_PREFIX_PATH=${CMAKE_PREFIX_PATH}:/home/gomi/urdf_study/install/video_test:/opt/ros/humble /home/gomi/.local/bin/cmake --build /home/gomi/urdf_study/build/urdf_study -- -j8 -l8
[0.307s] Invoking command in '/home/gomi/urdf_study/build/urdf_study': CMAKE_PREFIX_PATH=${CMAKE_PREFIX_PATH}:/home/gomi/urdf_study/install/video_test:/opt/ros/humble /home/gomi/.local/bin/cmake --install /home/gomi/urdf_study/build/urdf_study
[0.343s] -- Install configuration: ""
[0.344s] -- Up-to-date: /home/gomi/urdf_study/install/urdf_study/share/urdf_study/launch
[0.344s] -- Up-to-date: /home/gomi/urdf_study/install/urdf_study/share/urdf_study/launch/simple_display.launch.py
[0.344s] -- Up-to-date: /home/gomi/urdf_study/install/urdf_study/share/urdf_study/urdf
[0.344s] -- Up-to-date: /home/gomi/urdf_study/install/urdf_study/share/urdf_study/urdf/myfirst.urdf
[0.344s] -- Installing: /home/gomi/urdf_study/install/urdf_study/share/urdf_study/rviz
[0.344s] -- Installing: /home/gomi/urdf_study/install/urdf_study/share/urdf_study/rviz/urdf.rviz
[0.344s] -- Up-to-date: /home/gomi/urdf_study/install/urdf_study/share/ament_index/resource_index/package_run_dependencies/urdf_study
[0.344s] -- Installing: /home/gomi/urdf_study/install/urdf_study/share/ament_index/resource_index/parent_prefix_path/urdf_study
[0.344s] -- Up-to-date: /home/gomi/urdf_study/install/urdf_study/share/urdf_study/environment/ament_prefix_path.sh
[0.344s] -- Installing: /home/gomi/urdf_study/install/urdf_study/share/urdf_study/environment/ament_prefix_path.dsv
[0.344s] -- Up-to-date: /home/gomi/urdf_study/install/urdf_study/share/urdf_study/environment/path.sh
[0.344s] -- Installing: /home/gomi/urdf_study/install/urdf_study/share/urdf_study/environment/path.dsv
[0.344s] -- Up-to-date: /home/gomi/urdf_study/install/urdf_study/share/urdf_study/local_setup.bash
[0.344s] -- Up-to-date: /home/gomi/urdf_study/install/urdf_study/share/urdf_study/local_setup.sh
[0.344s] -- Up-to-date: /home/gomi/urdf_study/install/urdf_study/share/urdf_study/local_setup.zsh
[0.345s] -- Installing: /home/gomi/urdf_study/install/urdf_study/share/urdf_study/local_setup.dsv
[0.345s] -- Installing: /home/gomi/urdf_study/install/urdf_study/share/urdf_study/package.dsv
[0.345s] -- Up-to-date: /home/gomi/urdf_study/install/urdf_study/share/ament_index/resource_index/packages/urdf_study
[0.345s] -- Up-to-date: /home/gomi/urdf_study/install/urdf_study/share/urdf_study/cmake/urdf_studyConfig.cmake
[0.345s] -- Up-to-date: /home/gomi/urdf_study/install/urdf_study/share/urdf_study/cmake/urdf_studyConfig-version.cmake
[0.345s] -- Up-to-date: /home/gomi/urdf_study/install/urdf_study/share/urdf_study/package.xml
[0.351s] Invoked command in '/home/gomi/urdf_study/build/urdf_study' returned '0': CMAKE_PREFIX_PATH=${CMAKE_PREFIX_PATH}:/home/gomi/urdf_study/install/video_test:/opt/ros/humble /home/gomi/.local/bin/cmake --install /home/gomi/urdf_study/build/urdf_study
