/home/gomi/aruco_ros2/install/aruco_pkg/lib/python3.10/site-packages/aruco_pkg/aruco_4_recognition_node.py
/home/gomi/aruco_ros2/install/aruco_pkg/lib/python3.10/site-packages/aruco_pkg/aruco_7_recognition_node.py
/home/gomi/aruco_ros2/install/aruco_pkg/lib/python3.10/site-packages/aruco_pkg/calibration.py
/home/gomi/aruco_ros2/install/aruco_pkg/lib/python3.10/site-packages/aruco_pkg/img_pub.py
/home/gomi/aruco_ros2/install/aruco_pkg/lib/python3.10/site-packages/aruco_pkg/aruco_5_recognition_node.py
/home/gomi/aruco_ros2/install/aruco_pkg/lib/python3.10/site-packages/aruco_pkg/__init__.py
/home/gomi/aruco_ros2/install/aruco_pkg/lib/python3.10/site-packages/aruco_pkg/aruco_6_recognition_node.py
/home/gomi/aruco_ros2/install/aruco_pkg/lib/python3.10/site-packages/aruco_pkg/camera_capture.py
/home/gomi/aruco_ros2/install/aruco_pkg/lib/python3.10/site-packages/aruco_pkg/__pycache__/aruco_4_recognition_node.cpython-310.pyc
/home/gomi/aruco_ros2/install/aruco_pkg/lib/python3.10/site-packages/aruco_pkg/__pycache__/aruco_7_recognition_node.cpython-310.pyc
/home/gomi/aruco_ros2/install/aruco_pkg/lib/python3.10/site-packages/aruco_pkg/__pycache__/calibration.cpython-310.pyc
/home/gomi/aruco_ros2/install/aruco_pkg/lib/python3.10/site-packages/aruco_pkg/__pycache__/img_pub.cpython-310.pyc
/home/gomi/aruco_ros2/install/aruco_pkg/lib/python3.10/site-packages/aruco_pkg/__pycache__/aruco_5_recognition_node.cpython-310.pyc
/home/gomi/aruco_ros2/install/aruco_pkg/lib/python3.10/site-packages/aruco_pkg/__pycache__/__init__.cpython-310.pyc
/home/gomi/aruco_ros2/install/aruco_pkg/lib/python3.10/site-packages/aruco_pkg/__pycache__/aruco_6_recognition_node.cpython-310.pyc
/home/gomi/aruco_ros2/install/aruco_pkg/lib/python3.10/site-packages/aruco_pkg/__pycache__/camera_capture.cpython-310.pyc
/home/gomi/aruco_ros2/install/aruco_pkg/share/ament_index/resource_index/packages/aruco_pkg
/home/gomi/aruco_ros2/install/aruco_pkg/share/aruco_pkg/package.xml
/home/gomi/aruco_ros2/install/aruco_pkg/share/aruco_pkg/params/camera_calibration.npz
/home/gomi/aruco_ros2/install/aruco_pkg/share/aruco_pkg/params/aruco_config.yaml
/home/gomi/aruco_ros2/install/aruco_pkg/share/aruco_pkg/launch/aruco_recognition.launch.py
/home/gomi/aruco_ros2/install/aruco_pkg/lib/python3.10/site-packages/aruco_pkg-0.0.0-py3.10.egg-info/PKG-INFO
/home/gomi/aruco_ros2/install/aruco_pkg/lib/python3.10/site-packages/aruco_pkg-0.0.0-py3.10.egg-info/requires.txt
/home/gomi/aruco_ros2/install/aruco_pkg/lib/python3.10/site-packages/aruco_pkg-0.0.0-py3.10.egg-info/top_level.txt
/home/gomi/aruco_ros2/install/aruco_pkg/lib/python3.10/site-packages/aruco_pkg-0.0.0-py3.10.egg-info/SOURCES.txt
/home/gomi/aruco_ros2/install/aruco_pkg/lib/python3.10/site-packages/aruco_pkg-0.0.0-py3.10.egg-info/dependency_links.txt
/home/gomi/aruco_ros2/install/aruco_pkg/lib/python3.10/site-packages/aruco_pkg-0.0.0-py3.10.egg-info/entry_points.txt
/home/gomi/aruco_ros2/install/aruco_pkg/lib/python3.10/site-packages/aruco_pkg-0.0.0-py3.10.egg-info/zip-safe
/home/gomi/aruco_ros2/install/aruco_pkg/lib/aruco_pkg/image_publisher
/home/gomi/aruco_ros2/install/aruco_pkg/lib/aruco_pkg/marker_4X4_recognition
/home/gomi/aruco_ros2/install/aruco_pkg/lib/aruco_pkg/marker_5X5_recognition
/home/gomi/aruco_ros2/install/aruco_pkg/lib/aruco_pkg/marker_6X6_recognition
/home/gomi/aruco_ros2/install/aruco_pkg/lib/aruco_pkg/marker_7X7_recognition
