[0.245s] DEBUG:colcon:Command line arguments: ['/usr/bin/colcon', 'build']
[0.245s] DEBUG:colcon:Parsed command line arguments: Namespace(log_base=None, log_level=None, verb_name='build', build_base='build', install_base='install', merge_install=False, symlink_install=False, test_result_base=None, continue_on_error=False, executor='parallel', parallel_workers=8, event_handlers=None, ignore_user_meta=False, metas=['./colcon.meta'], base_paths=['.'], packages_ignore=None, packages_ignore_regex=None, paths=None, packages_up_to=None, packages_up_to_regex=None, packages_above=None, packages_above_and_dependencies=None, packages_above_depth=None, packages_select_by_dep=None, packages_skip_by_dep=None, packages_skip_up_to=None, packages_select_build_failed=False, packages_skip_build_finished=False, packages_select_test_failures=False, packages_skip_test_passed=False, packages_select=None, packages_skip=None, packages_select_regex=None, packages_skip_regex=None, packages_start=None, packages_end=None, allow_overriding=[], cmake_args=None, cmake_target=None, cmake_target_skip_unavailable=False, cmake_clean_cache=False, cmake_clean_first=False, cmake_force_configure=False, ament_cmake_args=None, catkin_cmake_args=None, catkin_skip_building_tests=False, verb_parser=<colcon_defaults.argument_parser.defaults.DefaultArgumentsDecorator object at 0x7f72137ffd00>, verb_extension=<colcon_core.verb.build.BuildVerb object at 0x7f7214059ff0>, main=<bound method BuildVerb.main of <colcon_core.verb.build.BuildVerb object at 0x7f7214059ff0>>)
[0.263s] Level 1:colcon.colcon_core.package_discovery:discover_packages(colcon_meta) check parameters
[0.263s] Level 1:colcon.colcon_core.package_discovery:discover_packages(recursive) check parameters
[0.263s] Level 1:colcon.colcon_core.package_discovery:discover_packages(ignore) check parameters
[0.263s] Level 1:colcon.colcon_core.package_discovery:discover_packages(path) check parameters
[0.263s] Level 1:colcon.colcon_core.package_discovery:discover_packages(colcon_meta) discover
[0.263s] Level 1:colcon.colcon_core.package_discovery:discover_packages(recursive) discover
[0.263s] INFO:colcon.colcon_core.package_discovery:Crawling recursively for packages in '/home/gomi/ros2_study'
[0.263s] Level 1:colcon.colcon_core.package_identification:_identify(.) by extensions ['ignore', 'ignore_ament_install']
[0.263s] Level 1:colcon.colcon_core.package_identification:_identify(.) by extension 'ignore'
[0.263s] Level 1:colcon.colcon_core.package_identification:_identify(.) by extension 'ignore_ament_install'
[0.263s] Level 1:colcon.colcon_core.package_identification:_identify(.) by extensions ['colcon_pkg']
[0.263s] Level 1:colcon.colcon_core.package_identification:_identify(.) by extension 'colcon_pkg'
[0.263s] Level 1:colcon.colcon_core.package_identification:_identify(.) by extensions ['colcon_meta']
[0.263s] Level 1:colcon.colcon_core.package_identification:_identify(.) by extension 'colcon_meta'
[0.263s] Level 1:colcon.colcon_core.package_identification:_identify(.) by extensions ['ros']
[0.263s] Level 1:colcon.colcon_core.package_identification:_identify(.) by extension 'ros'
[0.271s] Level 1:colcon.colcon_core.package_identification:_identify(.) by extensions ['cmake', 'python']
[0.271s] Level 1:colcon.colcon_core.package_identification:_identify(.) by extension 'cmake'
[0.271s] Level 1:colcon.colcon_core.package_identification:_identify(.) by extension 'python'
[0.271s] Level 1:colcon.colcon_core.package_identification:_identify(.) by extensions ['python_setup_py']
[0.271s] Level 1:colcon.colcon_core.package_identification:_identify(.) by extension 'python_setup_py'
[0.271s] Level 1:colcon.colcon_core.package_identification:_identify(build) by extensions ['ignore', 'ignore_ament_install']
[0.271s] Level 1:colcon.colcon_core.package_identification:_identify(build) by extension 'ignore'
[0.271s] Level 1:colcon.colcon_core.package_identification:_identify(build) ignored
[0.271s] Level 1:colcon.colcon_core.package_identification:_identify(install) by extensions ['ignore', 'ignore_ament_install']
[0.271s] Level 1:colcon.colcon_core.package_identification:_identify(install) by extension 'ignore'
[0.271s] Level 1:colcon.colcon_core.package_identification:_identify(install) ignored
[0.271s] Level 1:colcon.colcon_core.package_identification:_identify(log) by extensions ['ignore', 'ignore_ament_install']
[0.271s] Level 1:colcon.colcon_core.package_identification:_identify(log) by extension 'ignore'
[0.271s] Level 1:colcon.colcon_core.package_identification:_identify(log) ignored
[0.271s] Level 1:colcon.colcon_core.package_identification:_identify(src) by extensions ['ignore', 'ignore_ament_install']
[0.271s] Level 1:colcon.colcon_core.package_identification:_identify(src) by extension 'ignore'
[0.271s] Level 1:colcon.colcon_core.package_identification:_identify(src) by extension 'ignore_ament_install'
[0.271s] Level 1:colcon.colcon_core.package_identification:_identify(src) by extensions ['colcon_pkg']
[0.271s] Level 1:colcon.colcon_core.package_identification:_identify(src) by extension 'colcon_pkg'
[0.271s] Level 1:colcon.colcon_core.package_identification:_identify(src) by extensions ['colcon_meta']
[0.271s] Level 1:colcon.colcon_core.package_identification:_identify(src) by extension 'colcon_meta'
[0.271s] Level 1:colcon.colcon_core.package_identification:_identify(src) by extensions ['ros']
[0.271s] Level 1:colcon.colcon_core.package_identification:_identify(src) by extension 'ros'
[0.271s] Level 1:colcon.colcon_core.package_identification:_identify(src) by extensions ['cmake', 'python']
[0.271s] Level 1:colcon.colcon_core.package_identification:_identify(src) by extension 'cmake'
[0.271s] Level 1:colcon.colcon_core.package_identification:_identify(src) by extension 'python'
[0.271s] Level 1:colcon.colcon_core.package_identification:_identify(src) by extensions ['python_setup_py']
[0.272s] Level 1:colcon.colcon_core.package_identification:_identify(src) by extension 'python_setup_py'
[0.272s] Level 1:colcon.colcon_core.package_identification:_identify(src/my_first_package) by extensions ['ignore', 'ignore_ament_install']
[0.272s] Level 1:colcon.colcon_core.package_identification:_identify(src/my_first_package) by extension 'ignore'
[0.272s] Level 1:colcon.colcon_core.package_identification:_identify(src/my_first_package) by extension 'ignore_ament_install'
[0.272s] Level 1:colcon.colcon_core.package_identification:_identify(src/my_first_package) by extensions ['colcon_pkg']
[0.272s] Level 1:colcon.colcon_core.package_identification:_identify(src/my_first_package) by extension 'colcon_pkg'
[0.272s] Level 1:colcon.colcon_core.package_identification:_identify(src/my_first_package) by extensions ['colcon_meta']
[0.272s] Level 1:colcon.colcon_core.package_identification:_identify(src/my_first_package) by extension 'colcon_meta'
[0.272s] Level 1:colcon.colcon_core.package_identification:_identify(src/my_first_package) by extensions ['ros']
[0.272s] Level 1:colcon.colcon_core.package_identification:_identify(src/my_first_package) by extension 'ros'
[0.273s] DEBUG:colcon.colcon_core.package_identification:Package 'src/my_first_package' with type 'ros.ament_python' and name 'my_first_package'
[0.273s] Level 1:colcon.colcon_core.package_identification:_identify(src/my_first_package_msgs) by extensions ['ignore', 'ignore_ament_install']
[0.274s] Level 1:colcon.colcon_core.package_identification:_identify(src/my_first_package_msgs) by extension 'ignore'
[0.274s] Level 1:colcon.colcon_core.package_identification:_identify(src/my_first_package_msgs) by extension 'ignore_ament_install'
[0.274s] Level 1:colcon.colcon_core.package_identification:_identify(src/my_first_package_msgs) by extensions ['colcon_pkg']
[0.274s] Level 1:colcon.colcon_core.package_identification:_identify(src/my_first_package_msgs) by extension 'colcon_pkg'
[0.274s] Level 1:colcon.colcon_core.package_identification:_identify(src/my_first_package_msgs) by extensions ['colcon_meta']
[0.274s] Level 1:colcon.colcon_core.package_identification:_identify(src/my_first_package_msgs) by extension 'colcon_meta'
[0.274s] Level 1:colcon.colcon_core.package_identification:_identify(src/my_first_package_msgs) by extensions ['ros']
[0.274s] Level 1:colcon.colcon_core.package_identification:_identify(src/my_first_package_msgs) by extension 'ros'
[0.274s] DEBUG:colcon.colcon_core.package_identification:Package 'src/my_first_package_msgs' with type 'ros.ament_cmake' and name 'my_first_package_msgs'
[0.274s] Level 1:colcon.colcon_core.package_discovery:discover_packages(recursive) using defaults
[0.274s] Level 1:colcon.colcon_core.package_discovery:discover_packages(ignore) discover
[0.274s] Level 1:colcon.colcon_core.package_discovery:discover_packages(ignore) using defaults
[0.274s] Level 1:colcon.colcon_core.package_discovery:discover_packages(path) discover
[0.274s] Level 1:colcon.colcon_core.package_discovery:discover_packages(path) using defaults
[0.292s] Level 1:colcon.colcon_core.package_discovery:discover_packages(prefix_path) check parameters
[0.292s] Level 1:colcon.colcon_core.package_discovery:discover_packages(prefix_path) discover
[0.294s] DEBUG:colcon.colcon_installed_package_information.package_discovery:Found 2 installed packages in /home/gomi/ros2_study/install
[0.295s] DEBUG:colcon.colcon_installed_package_information.package_discovery:Found 270 installed packages in /opt/ros/humble
[0.296s] Level 1:colcon.colcon_core.package_discovery:discover_packages(prefix_path) using defaults
[0.333s] Level 5:colcon.colcon_core.verb:set package 'my_first_package' build argument 'cmake_args' from command line to 'None'
[0.333s] Level 5:colcon.colcon_core.verb:set package 'my_first_package' build argument 'cmake_target' from command line to 'None'
[0.333s] Level 5:colcon.colcon_core.verb:set package 'my_first_package' build argument 'cmake_target_skip_unavailable' from command line to 'False'
[0.333s] Level 5:colcon.colcon_core.verb:set package 'my_first_package' build argument 'cmake_clean_cache' from command line to 'False'
[0.333s] Level 5:colcon.colcon_core.verb:set package 'my_first_package' build argument 'cmake_clean_first' from command line to 'False'
[0.333s] Level 5:colcon.colcon_core.verb:set package 'my_first_package' build argument 'cmake_force_configure' from command line to 'False'
[0.334s] Level 5:colcon.colcon_core.verb:set package 'my_first_package' build argument 'ament_cmake_args' from command line to 'None'
[0.334s] Level 5:colcon.colcon_core.verb:set package 'my_first_package' build argument 'catkin_cmake_args' from command line to 'None'
[0.334s] Level 5:colcon.colcon_core.verb:set package 'my_first_package' build argument 'catkin_skip_building_tests' from command line to 'False'
[0.334s] DEBUG:colcon.colcon_core.verb:Building package 'my_first_package' with the following arguments: {'ament_cmake_args': None, 'build_base': '/home/gomi/ros2_study/build/my_first_package', 'catkin_cmake_args': None, 'catkin_skip_building_tests': False, 'cmake_args': None, 'cmake_clean_cache': False, 'cmake_clean_first': False, 'cmake_force_configure': False, 'cmake_target': None, 'cmake_target_skip_unavailable': False, 'install_base': '/home/gomi/ros2_study/install/my_first_package', 'merge_install': False, 'path': '/home/gomi/ros2_study/src/my_first_package', 'symlink_install': False, 'test_result_base': None}
[0.334s] Level 5:colcon.colcon_core.verb:set package 'my_first_package_msgs' build argument 'cmake_args' from command line to 'None'
[0.334s] Level 5:colcon.colcon_core.verb:set package 'my_first_package_msgs' build argument 'cmake_target' from command line to 'None'
[0.334s] Level 5:colcon.colcon_core.verb:set package 'my_first_package_msgs' build argument 'cmake_target_skip_unavailable' from command line to 'False'
[0.334s] Level 5:colcon.colcon_core.verb:set package 'my_first_package_msgs' build argument 'cmake_clean_cache' from command line to 'False'
[0.334s] Level 5:colcon.colcon_core.verb:set package 'my_first_package_msgs' build argument 'cmake_clean_first' from command line to 'False'
[0.334s] Level 5:colcon.colcon_core.verb:set package 'my_first_package_msgs' build argument 'cmake_force_configure' from command line to 'False'
[0.334s] Level 5:colcon.colcon_core.verb:set package 'my_first_package_msgs' build argument 'ament_cmake_args' from command line to 'None'
[0.334s] Level 5:colcon.colcon_core.verb:set package 'my_first_package_msgs' build argument 'catkin_cmake_args' from command line to 'None'
[0.334s] Level 5:colcon.colcon_core.verb:set package 'my_first_package_msgs' build argument 'catkin_skip_building_tests' from command line to 'False'
[0.334s] DEBUG:colcon.colcon_core.verb:Building package 'my_first_package_msgs' with the following arguments: {'ament_cmake_args': None, 'build_base': '/home/gomi/ros2_study/build/my_first_package_msgs', 'catkin_cmake_args': None, 'catkin_skip_building_tests': False, 'cmake_args': None, 'cmake_clean_cache': False, 'cmake_clean_first': False, 'cmake_force_configure': False, 'cmake_target': None, 'cmake_target_skip_unavailable': False, 'install_base': '/home/gomi/ros2_study/install/my_first_package_msgs', 'merge_install': False, 'path': '/home/gomi/ros2_study/src/my_first_package_msgs', 'symlink_install': False, 'test_result_base': None}
[0.335s] INFO:colcon.colcon_core.executor:Executing jobs using 'parallel' executor
[0.337s] DEBUG:colcon.colcon_parallel_executor.executor.parallel:run_until_complete
[0.337s] INFO:colcon.colcon_ros.task.ament_python.build:Building ROS package in '/home/gomi/ros2_study/src/my_first_package' with build type 'ament_python'
[0.337s] Level 1:colcon.colcon_core.shell:create_environment_hook('my_first_package', 'ament_prefix_path')
[0.340s] INFO:colcon.colcon_core.plugin_system:Skipping extension 'colcon_core.shell.bat': Not used on non-Windows systems
[0.340s] INFO:colcon.colcon_core.shell:Creating environment hook '/home/gomi/ros2_study/install/my_first_package/share/my_first_package/hook/ament_prefix_path.ps1'
[0.341s] INFO:colcon.colcon_core.shell:Creating environment descriptor '/home/gomi/ros2_study/install/my_first_package/share/my_first_package/hook/ament_prefix_path.dsv'
[0.341s] INFO:colcon.colcon_core.shell:Creating environment hook '/home/gomi/ros2_study/install/my_first_package/share/my_first_package/hook/ament_prefix_path.sh'
[0.342s] INFO:colcon.colcon_core.shell:Skip shell extension 'powershell' for command environment: Not usable outside of PowerShell
[0.342s] DEBUG:colcon.colcon_core.shell:Skip shell extension 'dsv' for command environment
[0.346s] INFO:colcon.colcon_ros.task.ament_cmake.build:Building ROS package in '/home/gomi/ros2_study/src/my_first_package_msgs' with build type 'ament_cmake'
[0.346s] INFO:colcon.colcon_cmake.task.cmake.build:Building CMake package in '/home/gomi/ros2_study/src/my_first_package_msgs'
[0.347s] INFO:colcon.colcon_core.shell:Skip shell extension 'powershell' for command environment: Not usable outside of PowerShell
[0.347s] DEBUG:colcon.colcon_core.shell:Skip shell extension 'dsv' for command environment
[0.532s] INFO:colcon.colcon_core.task.python.build:Building Python package in '/home/gomi/ros2_study/src/my_first_package'
[0.533s] INFO:colcon.colcon_core.shell:Skip shell extension 'powershell' for command environment: Not usable outside of PowerShell
[0.533s] DEBUG:colcon.colcon_core.shell:Skip shell extension 'dsv' for command environment
[0.547s] DEBUG:colcon.colcon_core.event_handler.log_command:Invoking command in '/home/gomi/ros2_study/build/my_first_package_msgs': CMAKE_PREFIX_PATH=${CMAKE_PREFIX_PATH}:/home/gomi/ros2_study/install/my_first_package:/opt/ros/humble /usr/bin/cmake --build /home/gomi/ros2_study/build/my_first_package_msgs -- -j8 -l8
[0.806s] DEBUG:colcon.colcon_core.event_handler.log_command:Invoking command in '/home/gomi/ros2_study/src/my_first_package': PYTHONPATH=/home/gomi/ros2_study/build/my_first_package/prefix_override:/home/gomi/ros2_study/install/my_first_package/lib/python3.10/site-packages:${PYTHONPATH} /usr/bin/python3 setup.py egg_info --egg-base ../../build/my_first_package build --build-base /home/gomi/ros2_study/build/my_first_package/build install --record /home/gomi/ros2_study/build/my_first_package/install.log --single-version-externally-managed
[1.027s] DEBUG:colcon.colcon_core.event_handler.log_command:Invoked command in '/home/gomi/ros2_study/src/my_first_package' returned '0': PYTHONPATH=/home/gomi/ros2_study/build/my_first_package/prefix_override:/home/gomi/ros2_study/install/my_first_package/lib/python3.10/site-packages:${PYTHONPATH} /usr/bin/python3 setup.py egg_info --egg-base ../../build/my_first_package build --build-base /home/gomi/ros2_study/build/my_first_package/build install --record /home/gomi/ros2_study/build/my_first_package/install.log --single-version-externally-managed
[1.031s] Level 1:colcon.colcon_core.environment:checking '/home/gomi/ros2_study/install/my_first_package' for CMake module files
[1.032s] Level 1:colcon.colcon_core.environment:checking '/home/gomi/ros2_study/install/my_first_package' for CMake config files
[1.032s] Level 1:colcon.colcon_core.environment:checking '/home/gomi/ros2_study/install/my_first_package/lib'
[1.032s] Level 1:colcon.colcon_core.environment:checking '/home/gomi/ros2_study/install/my_first_package/bin'
[1.032s] Level 1:colcon.colcon_core.environment:checking '/home/gomi/ros2_study/install/my_first_package/lib/pkgconfig/my_first_package.pc'
[1.032s] Level 1:colcon.colcon_core.environment:checking '/home/gomi/ros2_study/install/my_first_package/lib/python3.10/site-packages'
[1.032s] Level 1:colcon.colcon_core.shell:create_environment_hook('my_first_package', 'pythonpath')
[1.033s] INFO:colcon.colcon_core.shell:Creating environment hook '/home/gomi/ros2_study/install/my_first_package/share/my_first_package/hook/pythonpath.ps1'
[1.034s] INFO:colcon.colcon_core.shell:Creating environment descriptor '/home/gomi/ros2_study/install/my_first_package/share/my_first_package/hook/pythonpath.dsv'
[1.034s] INFO:colcon.colcon_core.shell:Creating environment hook '/home/gomi/ros2_study/install/my_first_package/share/my_first_package/hook/pythonpath.sh'
[1.035s] Level 1:colcon.colcon_core.environment:checking '/home/gomi/ros2_study/install/my_first_package/bin'
[1.035s] Level 1:colcon.colcon_core.environment:create_environment_scripts_only(my_first_package)
[1.036s] INFO:colcon.colcon_core.shell:Creating package script '/home/gomi/ros2_study/install/my_first_package/share/my_first_package/package.ps1'
[1.036s] INFO:colcon.colcon_core.shell:Creating package descriptor '/home/gomi/ros2_study/install/my_first_package/share/my_first_package/package.dsv'
[1.037s] INFO:colcon.colcon_core.shell:Creating package script '/home/gomi/ros2_study/install/my_first_package/share/my_first_package/package.sh'
[1.037s] INFO:colcon.colcon_core.shell:Creating package script '/home/gomi/ros2_study/install/my_first_package/share/my_first_package/package.bash'
[1.038s] INFO:colcon.colcon_core.shell:Creating package script '/home/gomi/ros2_study/install/my_first_package/share/my_first_package/package.zsh'
[1.038s] Level 1:colcon.colcon_core.environment:create_file_with_runtime_dependencies(/home/gomi/ros2_study/install/my_first_package/share/colcon-core/packages/my_first_package)
[4.951s] DEBUG:colcon.colcon_core.event_handler.log_command:Invoked command in '/home/gomi/ros2_study/build/my_first_package_msgs' returned '0': CMAKE_PREFIX_PATH=${CMAKE_PREFIX_PATH}:/home/gomi/ros2_study/install/my_first_package:/opt/ros/humble /usr/bin/cmake --build /home/gomi/ros2_study/build/my_first_package_msgs -- -j8 -l8
[5.045s] DEBUG:colcon.colcon_core.event_handler.log_command:Invoking command in '/home/gomi/ros2_study/build/my_first_package_msgs': CMAKE_PREFIX_PATH=${CMAKE_PREFIX_PATH}:/home/gomi/ros2_study/install/my_first_package:/opt/ros/humble /usr/bin/cmake --install /home/gomi/ros2_study/build/my_first_package_msgs
[5.103s] Level 1:colcon.colcon_core.environment:create_environment_scripts_only(my_first_package_msgs)
[5.106s] Level 1:colcon.colcon_core.environment:checking '/home/gomi/ros2_study/install/my_first_package_msgs' for CMake module files
[5.107s] DEBUG:colcon.colcon_core.event_handler.log_command:Invoked command in '/home/gomi/ros2_study/build/my_first_package_msgs' returned '0': CMAKE_PREFIX_PATH=${CMAKE_PREFIX_PATH}:/home/gomi/ros2_study/install/my_first_package:/opt/ros/humble /usr/bin/cmake --install /home/gomi/ros2_study/build/my_first_package_msgs
[5.107s] Level 1:colcon.colcon_core.environment:checking '/home/gomi/ros2_study/install/my_first_package_msgs' for CMake config files
[5.107s] Level 1:colcon.colcon_core.shell:create_environment_hook('my_first_package_msgs', 'cmake_prefix_path')
[5.108s] INFO:colcon.colcon_core.shell:Creating environment hook '/home/gomi/ros2_study/install/my_first_package_msgs/share/my_first_package_msgs/hook/cmake_prefix_path.ps1'
[5.109s] INFO:colcon.colcon_core.shell:Creating environment descriptor '/home/gomi/ros2_study/install/my_first_package_msgs/share/my_first_package_msgs/hook/cmake_prefix_path.dsv'
[5.109s] INFO:colcon.colcon_core.shell:Creating environment hook '/home/gomi/ros2_study/install/my_first_package_msgs/share/my_first_package_msgs/hook/cmake_prefix_path.sh'
[5.109s] Level 1:colcon.colcon_core.environment:checking '/home/gomi/ros2_study/install/my_first_package_msgs/lib'
[5.109s] Level 1:colcon.colcon_core.shell:create_environment_hook('my_first_package_msgs', 'ld_library_path_lib')
[5.110s] INFO:colcon.colcon_core.shell:Creating environment hook '/home/gomi/ros2_study/install/my_first_package_msgs/share/my_first_package_msgs/hook/ld_library_path_lib.ps1'
[5.110s] INFO:colcon.colcon_core.shell:Creating environment descriptor '/home/gomi/ros2_study/install/my_first_package_msgs/share/my_first_package_msgs/hook/ld_library_path_lib.dsv'
[5.111s] INFO:colcon.colcon_core.shell:Creating environment hook '/home/gomi/ros2_study/install/my_first_package_msgs/share/my_first_package_msgs/hook/ld_library_path_lib.sh'
[5.111s] Level 1:colcon.colcon_core.environment:checking '/home/gomi/ros2_study/install/my_first_package_msgs/bin'
[5.111s] Level 1:colcon.colcon_core.environment:checking '/home/gomi/ros2_study/install/my_first_package_msgs/lib/pkgconfig/my_first_package_msgs.pc'
[5.111s] Level 1:colcon.colcon_core.environment:checking '/home/gomi/ros2_study/install/my_first_package_msgs/lib/python3.10/site-packages'
[5.111s] Level 1:colcon.colcon_core.environment:checking '/home/gomi/ros2_study/install/my_first_package_msgs/bin'
[5.112s] INFO:colcon.colcon_core.shell:Creating package script '/home/gomi/ros2_study/install/my_first_package_msgs/share/my_first_package_msgs/package.ps1'
[5.112s] INFO:colcon.colcon_core.shell:Creating package descriptor '/home/gomi/ros2_study/install/my_first_package_msgs/share/my_first_package_msgs/package.dsv'
[5.113s] INFO:colcon.colcon_core.shell:Creating package script '/home/gomi/ros2_study/install/my_first_package_msgs/share/my_first_package_msgs/package.sh'
[5.113s] INFO:colcon.colcon_core.shell:Creating package script '/home/gomi/ros2_study/install/my_first_package_msgs/share/my_first_package_msgs/package.bash'
[5.113s] INFO:colcon.colcon_core.shell:Creating package script '/home/gomi/ros2_study/install/my_first_package_msgs/share/my_first_package_msgs/package.zsh'
[5.113s] Level 1:colcon.colcon_core.environment:create_file_with_runtime_dependencies(/home/gomi/ros2_study/install/my_first_package_msgs/share/colcon-core/packages/my_first_package_msgs)
[5.175s] Level 1:colcon.colcon_core.environment:create_environment_scripts_only(my_first_package_msgs)
[5.176s] Level 1:colcon.colcon_core.environment:checking '/home/gomi/ros2_study/install/my_first_package_msgs' for CMake module files
[5.177s] Level 1:colcon.colcon_core.environment:checking '/home/gomi/ros2_study/install/my_first_package_msgs' for CMake config files
[5.177s] Level 1:colcon.colcon_core.shell:create_environment_hook('my_first_package_msgs', 'cmake_prefix_path')
[5.178s] INFO:colcon.colcon_core.shell:Creating environment hook '/home/gomi/ros2_study/install/my_first_package_msgs/share/my_first_package_msgs/hook/cmake_prefix_path.ps1'
[5.178s] INFO:colcon.colcon_core.shell:Creating environment descriptor '/home/gomi/ros2_study/install/my_first_package_msgs/share/my_first_package_msgs/hook/cmake_prefix_path.dsv'
[5.178s] INFO:colcon.colcon_core.shell:Creating environment hook '/home/gomi/ros2_study/install/my_first_package_msgs/share/my_first_package_msgs/hook/cmake_prefix_path.sh'
[5.178s] Level 1:colcon.colcon_core.environment:checking '/home/gomi/ros2_study/install/my_first_package_msgs/lib'
[5.178s] Level 1:colcon.colcon_core.shell:create_environment_hook('my_first_package_msgs', 'ld_library_path_lib')
[5.179s] INFO:colcon.colcon_core.shell:Creating environment hook '/home/gomi/ros2_study/install/my_first_package_msgs/share/my_first_package_msgs/hook/ld_library_path_lib.ps1'
[5.179s] INFO:colcon.colcon_core.shell:Creating environment descriptor '/home/gomi/ros2_study/install/my_first_package_msgs/share/my_first_package_msgs/hook/ld_library_path_lib.dsv'
[5.180s] INFO:colcon.colcon_core.shell:Creating environment hook '/home/gomi/ros2_study/install/my_first_package_msgs/share/my_first_package_msgs/hook/ld_library_path_lib.sh'
[5.180s] Level 1:colcon.colcon_core.environment:checking '/home/gomi/ros2_study/install/my_first_package_msgs/bin'
[5.180s] Level 1:colcon.colcon_core.environment:checking '/home/gomi/ros2_study/install/my_first_package_msgs/lib/pkgconfig/my_first_package_msgs.pc'
[5.180s] Level 1:colcon.colcon_core.environment:checking '/home/gomi/ros2_study/install/my_first_package_msgs/lib/python3.10/site-packages'
[5.180s] Level 1:colcon.colcon_core.environment:checking '/home/gomi/ros2_study/install/my_first_package_msgs/bin'
[5.181s] INFO:colcon.colcon_core.shell:Creating package script '/home/gomi/ros2_study/install/my_first_package_msgs/share/my_first_package_msgs/package.ps1'
[5.181s] INFO:colcon.colcon_core.shell:Creating package descriptor '/home/gomi/ros2_study/install/my_first_package_msgs/share/my_first_package_msgs/package.dsv'
[5.181s] INFO:colcon.colcon_core.shell:Creating package script '/home/gomi/ros2_study/install/my_first_package_msgs/share/my_first_package_msgs/package.sh'
[5.182s] INFO:colcon.colcon_core.shell:Creating package script '/home/gomi/ros2_study/install/my_first_package_msgs/share/my_first_package_msgs/package.bash'
[5.182s] INFO:colcon.colcon_core.shell:Creating package script '/home/gomi/ros2_study/install/my_first_package_msgs/share/my_first_package_msgs/package.zsh'
[5.182s] Level 1:colcon.colcon_core.environment:create_file_with_runtime_dependencies(/home/gomi/ros2_study/install/my_first_package_msgs/share/colcon-core/packages/my_first_package_msgs)
[5.182s] DEBUG:colcon.colcon_parallel_executor.executor.parallel:closing loop
[5.182s] DEBUG:colcon.colcon_parallel_executor.executor.parallel:loop closed
[5.182s] DEBUG:colcon.colcon_parallel_executor.executor.parallel:run_until_complete finished with '0'
[5.182s] DEBUG:colcon.colcon_core.event_reactor:joining thread
[5.187s] INFO:colcon.colcon_core.plugin_system:Skipping extension 'colcon_notification.desktop_notification.terminal_notifier': Not used on non-Darwin systems
[5.188s] INFO:colcon.colcon_core.plugin_system:Skipping extension 'colcon_notification.desktop_notification.win32': Not used on non-Windows systems
[5.188s] INFO:colcon.colcon_notification.desktop_notification:Sending desktop notification using 'notify2'
[5.197s] DEBUG:colcon.colcon_core.event_reactor:joined thread
[5.198s] INFO:colcon.colcon_core.shell:Creating prefix script '/home/gomi/ros2_study/install/local_setup.ps1'
[5.199s] INFO:colcon.colcon_core.shell:Creating prefix util module '/home/gomi/ros2_study/install/_local_setup_util_ps1.py'
[5.199s] INFO:colcon.colcon_core.shell:Creating prefix chain script '/home/gomi/ros2_study/install/setup.ps1'
[5.200s] INFO:colcon.colcon_core.shell:Creating prefix script '/home/gomi/ros2_study/install/local_setup.sh'
[5.201s] INFO:colcon.colcon_core.shell:Creating prefix util module '/home/gomi/ros2_study/install/_local_setup_util_sh.py'
[5.201s] INFO:colcon.colcon_core.shell:Creating prefix chain script '/home/gomi/ros2_study/install/setup.sh'
[5.202s] INFO:colcon.colcon_core.shell:Creating prefix script '/home/gomi/ros2_study/install/local_setup.bash'
[5.202s] INFO:colcon.colcon_core.shell:Creating prefix chain script '/home/gomi/ros2_study/install/setup.bash'
[5.205s] INFO:colcon.colcon_core.shell:Creating prefix script '/home/gomi/ros2_study/install/local_setup.zsh'
[5.206s] INFO:colcon.colcon_core.shell:Creating prefix chain script '/home/gomi/ros2_study/install/setup.zsh'
