[0.536s] Invoking command in '/home/ksh/yolo_ws/src/yolo_pkg': PYTHONPATH=/home/ksh/yolo_ws/build/yolo_pkg/prefix_override:/home/ksh/yolo_ws/install/yolo_pkg/lib/python3.10/site-packages:${PYTHONPATH} /usr/bin/python3 setup.py egg_info --egg-base ../../build/yolo_pkg build --build-base /home/ksh/yolo_ws/build/yolo_pkg/build install --record /home/ksh/yolo_ws/build/yolo_pkg/install.log --single-version-externally-managed
[0.744s] running egg_info
[0.744s] writing ../../build/yolo_pkg/yolo_pkg.egg-info/PKG-INFO
[0.744s] writing dependency_links to ../../build/yolo_pkg/yolo_pkg.egg-info/dependency_links.txt
[0.744s] writing entry points to ../../build/yolo_pkg/yolo_pkg.egg-info/entry_points.txt
[0.744s] writing requirements to ../../build/yolo_pkg/yolo_pkg.egg-info/requires.txt
[0.744s] writing top-level names to ../../build/yolo_pkg/yolo_pkg.egg-info/top_level.txt
[0.746s] reading manifest file '../../build/yolo_pkg/yolo_pkg.egg-info/SOURCES.txt'
[0.746s] writing manifest file '../../build/yolo_pkg/yolo_pkg.egg-info/SOURCES.txt'
[0.746s] running build
[0.746s] running build_py
[0.746s] running install
[0.747s] /usr/lib/python3/dist-packages/setuptools/command/install.py:34: SetuptoolsDeprecationWarning: setup.py install is deprecated. Use build and pip and other standards-based tools.
[0.747s]   warnings.warn(
[0.747s] running install_lib
[0.747s] running install_data
[0.748s] running install_egg_info
[0.749s] removing '/home/ksh/yolo_ws/install/yolo_pkg/lib/python3.10/site-packages/yolo_pkg-0.0.0-py3.10.egg-info' (and everything under it)
[0.749s] Copying ../../build/yolo_pkg/yolo_pkg.egg-info to /home/ksh/yolo_ws/install/yolo_pkg/lib/python3.10/site-packages/yolo_pkg-0.0.0-py3.10.egg-info
[0.750s] running install_scripts
[0.765s] writing list of installed files to '/home/ksh/yolo_ws/build/yolo_pkg/install.log'
[0.789s] Invoked command in '/home/ksh/yolo_ws/src/yolo_pkg' returned '0': PYTHONPATH=/home/ksh/yolo_ws/build/yolo_pkg/prefix_override:/home/ksh/yolo_ws/install/yolo_pkg/lib/python3.10/site-packages:${PYTHONPATH} /usr/bin/python3 setup.py egg_info --egg-base ../../build/yolo_pkg build --build-base /home/ksh/yolo_ws/build/yolo_pkg/build install --record /home/ksh/yolo_ws/build/yolo_pkg/install.log --single-version-externally-managed
