/home/ksh/dobot_ws/install/yolo_pkg/lib/python3.10/site-packages/yolo_pkg/__init__.py
/home/ksh/dobot_ws/install/yolo_pkg/lib/python3.10/site-packages/yolo_pkg/dobot_api.py
/home/ksh/dobot_ws/install/yolo_pkg/lib/python3.10/site-packages/yolo_pkg/object_detection_sub.py
/home/ksh/dobot_ws/install/yolo_pkg/lib/python3.10/site-packages/yolo_pkg/dobot_executor.py
/home/ksh/dobot_ws/install/yolo_pkg/lib/python3.10/site-packages/yolo_pkg/img_pub.py
/home/ksh/dobot_ws/install/yolo_pkg/lib/python3.10/site-packages/yolo_pkg/object_detection_pub.py
/home/ksh/dobot_ws/install/yolo_pkg/lib/python3.10/site-packages/yolo_pkg/__pycache__/__init__.cpython-310.pyc
/home/ksh/dobot_ws/install/yolo_pkg/lib/python3.10/site-packages/yolo_pkg/__pycache__/dobot_api.cpython-310.pyc
/home/ksh/dobot_ws/install/yolo_pkg/lib/python3.10/site-packages/yolo_pkg/__pycache__/object_detection_sub.cpython-310.pyc
/home/ksh/dobot_ws/install/yolo_pkg/lib/python3.10/site-packages/yolo_pkg/__pycache__/dobot_executor.cpython-310.pyc
/home/ksh/dobot_ws/install/yolo_pkg/lib/python3.10/site-packages/yolo_pkg/__pycache__/img_pub.cpython-310.pyc
/home/ksh/dobot_ws/install/yolo_pkg/lib/python3.10/site-packages/yolo_pkg/__pycache__/object_detection_pub.cpython-310.pyc
/home/ksh/dobot_ws/install/yolo_pkg/share/ament_index/resource_index/packages/yolo_pkg
/home/ksh/dobot_ws/install/yolo_pkg/share/yolo_pkg/package.xml
/home/ksh/dobot_ws/install/yolo_pkg/share/yolo_pkg/launch/yolo_bringup.launch.py
/home/ksh/dobot_ws/install/yolo_pkg/lib/python3.10/site-packages/yolo_pkg-0.0.0-py3.10.egg-info/entry_points.txt
/home/ksh/dobot_ws/install/yolo_pkg/lib/python3.10/site-packages/yolo_pkg-0.0.0-py3.10.egg-info/requires.txt
/home/ksh/dobot_ws/install/yolo_pkg/lib/python3.10/site-packages/yolo_pkg-0.0.0-py3.10.egg-info/PKG-INFO
/home/ksh/dobot_ws/install/yolo_pkg/lib/python3.10/site-packages/yolo_pkg-0.0.0-py3.10.egg-info/zip-safe
/home/ksh/dobot_ws/install/yolo_pkg/lib/python3.10/site-packages/yolo_pkg-0.0.0-py3.10.egg-info/top_level.txt
/home/ksh/dobot_ws/install/yolo_pkg/lib/python3.10/site-packages/yolo_pkg-0.0.0-py3.10.egg-info/SOURCES.txt
/home/ksh/dobot_ws/install/yolo_pkg/lib/python3.10/site-packages/yolo_pkg-0.0.0-py3.10.egg-info/dependency_links.txt
/home/ksh/dobot_ws/install/yolo_pkg/lib/yolo_pkg/dobot_executor
/home/ksh/dobot_ws/install/yolo_pkg/lib/yolo_pkg/image_publisher
/home/ksh/dobot_ws/install/yolo_pkg/lib/yolo_pkg/object_detect_publisher
/home/ksh/dobot_ws/install/yolo_pkg/lib/yolo_pkg/object_detect_subscriber
