[1.505s] Invoking command in '/home/ksh/dobot_ws/src/yolo_pkg': PYTHONPATH=/home/ksh/dobot_ws/build/yolo_pkg/prefix_override:/home/ksh/dobot_ws/install/yolo_pkg/lib/python3.10/site-packages:${PYTHONPATH} /usr/bin/python3 setup.py egg_info --egg-base ../../build/yolo_pkg build --build-base /home/ksh/dobot_ws/build/yolo_pkg/build install --record /home/ksh/dobot_ws/build/yolo_pkg/install.log --single-version-externally-managed
[1.953s] running egg_info
[1.955s] writing ../../build/yolo_pkg/yolo_pkg.egg-info/PKG-INFO
[1.955s] writing dependency_links to ../../build/yolo_pkg/yolo_pkg.egg-info/dependency_links.txt
[1.955s] writing entry points to ../../build/yolo_pkg/yolo_pkg.egg-info/entry_points.txt
[1.955s] writing requirements to ../../build/yolo_pkg/yolo_pkg.egg-info/requires.txt
[1.955s] writing top-level names to ../../build/yolo_pkg/yolo_pkg.egg-info/top_level.txt
[1.958s] reading manifest file '../../build/yolo_pkg/yolo_pkg.egg-info/SOURCES.txt'
[1.959s] writing manifest file '../../build/yolo_pkg/yolo_pkg.egg-info/SOURCES.txt'
[1.960s] running build
[1.960s] running build_py
[1.960s] copying yolo_pkg/object_detection_sub.py -> /home/ksh/dobot_ws/build/yolo_pkg/build/lib/yolo_pkg
[1.961s] running install
[1.962s] /usr/lib/python3/dist-packages/setuptools/command/install.py:34: SetuptoolsDeprecationWarning: setup.py install is deprecated. Use build and pip and other standards-based tools.
[1.962s]   warnings.warn(
[1.962s] running install_lib
[1.964s] copying /home/ksh/dobot_ws/build/yolo_pkg/build/lib/yolo_pkg/object_detection_sub.py -> /home/ksh/dobot_ws/install/yolo_pkg/lib/python3.10/site-packages/yolo_pkg
[1.966s] byte-compiling /home/ksh/dobot_ws/install/yolo_pkg/lib/python3.10/site-packages/yolo_pkg/object_detection_sub.py to object_detection_sub.cpython-310.pyc
[1.969s] running install_data
[1.969s] running install_egg_info
[1.971s] removing '/home/ksh/dobot_ws/install/yolo_pkg/lib/python3.10/site-packages/yolo_pkg-0.0.0-py3.10.egg-info' (and everything under it)
[1.971s] Copying ../../build/yolo_pkg/yolo_pkg.egg-info to /home/ksh/dobot_ws/install/yolo_pkg/lib/python3.10/site-packages/yolo_pkg-0.0.0-py3.10.egg-info
[1.972s] running install_scripts
[2.001s] Installing dobot_executor script to /home/ksh/dobot_ws/install/yolo_pkg/lib/yolo_pkg
[2.001s] Installing image_publisher script to /home/ksh/dobot_ws/install/yolo_pkg/lib/yolo_pkg
[2.001s] Installing object_detect_publisher script to /home/ksh/dobot_ws/install/yolo_pkg/lib/yolo_pkg
[2.001s] Installing object_detect_subscriber script to /home/ksh/dobot_ws/install/yolo_pkg/lib/yolo_pkg
[2.002s] writing list of installed files to '/home/ksh/dobot_ws/build/yolo_pkg/install.log'
[2.047s] Invoked command in '/home/ksh/dobot_ws/src/yolo_pkg' returned '0': PYTHONPATH=/home/ksh/dobot_ws/build/yolo_pkg/prefix_override:/home/ksh/dobot_ws/install/yolo_pkg/lib/python3.10/site-packages:${PYTHONPATH} /usr/bin/python3 setup.py egg_info --egg-base ../../build/yolo_pkg build --build-base /home/ksh/dobot_ws/build/yolo_pkg/build install --record /home/ksh/dobot_ws/build/yolo_pkg/install.log --single-version-externally-managed
