[0.487s] Invoking command in '/home/gomi/dev_ws/ros_quiz/pkg_for_quiz/playing_turtle_package': PYTHONPATH=/home/gomi/dev_ws/ros_quiz/pkg_for_quiz/build/playing_turtle_package/prefix_override:/home/gomi/dev_ws/ros_quiz/pkg_for_quiz/install/playing_turtle_package/lib/python3.10/site-packages:${PYTHONPATH} /usr/bin/python3 setup.py egg_info --egg-base ../build/playing_turtle_package build --build-base /home/gomi/dev_ws/ros_quiz/pkg_for_quiz/build/playing_turtle_package/build install --record /home/gomi/dev_ws/ros_quiz/pkg_for_quiz/build/playing_turtle_package/install.log --single-version-externally-managed
[0.675s] running egg_info
[0.676s] writing ../build/playing_turtle_package/playing_turtle_package.egg-info/PKG-INFO
[0.676s] writing dependency_links to ../build/playing_turtle_package/playing_turtle_package.egg-info/dependency_links.txt
[0.676s] writing entry points to ../build/playing_turtle_package/playing_turtle_package.egg-info/entry_points.txt
[0.677s] writing requirements to ../build/playing_turtle_package/playing_turtle_package.egg-info/requires.txt
[0.677s] writing top-level names to ../build/playing_turtle_package/playing_turtle_package.egg-info/top_level.txt
[0.678s] reading manifest file '../build/playing_turtle_package/playing_turtle_package.egg-info/SOURCES.txt'
[0.679s] writing manifest file '../build/playing_turtle_package/playing_turtle_package.egg-info/SOURCES.txt'
[0.679s] running build
[0.679s] running build_py
[0.679s] running install
[0.679s] /usr/lib/python3/dist-packages/setuptools/command/install.py:34: SetuptoolsDeprecationWarning: setup.py install is deprecated. Use build and pip and other standards-based tools.
[0.679s]   warnings.warn(
[0.679s] running install_lib
[0.680s] running install_data
[0.681s] running install_egg_info
[0.682s] removing '/home/gomi/dev_ws/ros_quiz/pkg_for_quiz/install/playing_turtle_package/lib/python3.10/site-packages/playing_turtle_package-0.0.0-py3.10.egg-info' (and everything under it)
[0.682s] Copying ../build/playing_turtle_package/playing_turtle_package.egg-info to /home/gomi/dev_ws/ros_quiz/pkg_for_quiz/install/playing_turtle_package/lib/python3.10/site-packages/playing_turtle_package-0.0.0-py3.10.egg-info
[0.682s] running install_scripts
[0.699s] Installing total_subscriber script to /home/gomi/dev_ws/ros_quiz/pkg_for_quiz/install/playing_turtle_package/lib/playing_turtle_package
[0.699s] writing list of installed files to '/home/gomi/dev_ws/ros_quiz/pkg_for_quiz/build/playing_turtle_package/install.log'
[0.722s] Invoked command in '/home/gomi/dev_ws/ros_quiz/pkg_for_quiz/playing_turtle_package' returned '0': PYTHONPATH=/home/gomi/dev_ws/ros_quiz/pkg_for_quiz/build/playing_turtle_package/prefix_override:/home/gomi/dev_ws/ros_quiz/pkg_for_quiz/install/playing_turtle_package/lib/python3.10/site-packages:${PYTHONPATH} /usr/bin/python3 setup.py egg_info --egg-base ../build/playing_turtle_package build --build-base /home/gomi/dev_ws/ros_quiz/pkg_for_quiz/build/playing_turtle_package/build install --record /home/gomi/dev_ws/ros_quiz/pkg_for_quiz/build/playing_turtle_package/install.log --single-version-externally-managed
