[0.030s] Invoking command in '/home/gomi/ros2_study/build/bboxes_ex_msgs': CMAKE_PREFIX_PATH=${CMAKE_PREFIX_PATH}:/home/gomi/ros2_study/install/yolox_ros_py:/home/gomi/ros2_study/install/my_first_package:/opt/ros/humble /home/gomi/.local/bin/cmake --build /home/gomi/ros2_study/build/bboxes_ex_msgs -- -j8 -l8
[0.244s] [  2%] Built target bboxes_ex_msgs__cpp
[0.245s] [  7%] Built target ament_cmake_python_symlink_bboxes_ex_msgs
[0.245s] [ 12%] Built target bboxes_ex_msgs__rosidl_generator_c
[0.245s] [ 23%] Built target bboxes_ex_msgs__rosidl_typesupport_cpp
[0.245s] [ 33%] Built target bboxes_ex_msgs__rosidl_typesupport_c
[0.245s] [ 43%] Built target bboxes_ex_msgs__rosidl_typesupport_introspection_c
[0.245s] [ 53%] Built target bboxes_ex_msgs__rosidl_typesupport_fastrtps_cpp
[0.245s] [ 64%] Built target bboxes_ex_msgs__rosidl_typesupport_introspection_cpp
[0.245s] [ 74%] Built target bboxes_ex_msgs__rosidl_typesupport_fastrtps_c
[0.245s] [ 74%] Built target bboxes_ex_msgs
[0.245s] [ 76%] Built target bboxes_ex_msgs__py
[0.245s] [ 84%] Built target bboxes_ex_msgs__rosidl_generator_py
[0.245s] [100%] Built target bboxes_ex_msgs__rosidl_typesupport_fastrtps_c__pyext
[0.245s] [100%] Built target bboxes_ex_msgs__rosidl_typesupport_c__pyext
[0.245s] [100%] Built target bboxes_ex_msgs__rosidl_typesupport_introspection_c__pyext
[0.279s] running egg_info
[0.280s] writing bboxes_ex_msgs.egg-info/PKG-INFO
[0.280s] writing dependency_links to bboxes_ex_msgs.egg-info/dependency_links.txt
[0.280s] writing top-level names to bboxes_ex_msgs.egg-info/top_level.txt
[0.282s] reading manifest file 'bboxes_ex_msgs.egg-info/SOURCES.txt'
[0.283s] writing manifest file 'bboxes_ex_msgs.egg-info/SOURCES.txt'
[0.305s] [100%] Built target ament_cmake_python_build_bboxes_ex_msgs_egg
[0.476s] Invoked command in '/home/gomi/ros2_study/build/bboxes_ex_msgs' returned '0': CMAKE_PREFIX_PATH=${CMAKE_PREFIX_PATH}:/home/gomi/ros2_study/install/yolox_ros_py:/home/gomi/ros2_study/install/my_first_package:/opt/ros/humble /home/gomi/.local/bin/cmake --build /home/gomi/ros2_study/build/bboxes_ex_msgs -- -j8 -l8
[0.609s] Invoking command in '/home/gomi/ros2_study/build/bboxes_ex_msgs': CMAKE_PREFIX_PATH=${CMAKE_PREFIX_PATH}:/home/gomi/ros2_study/install/yolox_ros_py:/home/gomi/ros2_study/install/my_first_package:/opt/ros/humble /home/gomi/.local/bin/cmake --install /home/gomi/ros2_study/build/bboxes_ex_msgs
[0.653s] -- Install configuration: ""
[0.653s] -- Execute custom install script
[0.654s] -- Up-to-date symlink: /home/gomi/ros2_study/install/bboxes_ex_msgs/share/ament_index/resource_index/rosidl_interfaces/bboxes_ex_msgs
[0.654s] -- Up-to-date symlink: /home/gomi/ros2_study/install/bboxes_ex_msgs/include/bboxes_ex_msgs/bboxes_ex_msgs/msg/bounding_box.h
[0.654s] -- Up-to-date symlink: /home/gomi/ros2_study/install/bboxes_ex_msgs/include/bboxes_ex_msgs/bboxes_ex_msgs/msg/bounding_boxes.h
[0.654s] -- Up-to-date symlink: /home/gomi/ros2_study/install/bboxes_ex_msgs/include/bboxes_ex_msgs/bboxes_ex_msgs/msg/detail/bounding_box__functions.h
[0.654s] -- Up-to-date symlink: /home/gomi/ros2_study/install/bboxes_ex_msgs/include/bboxes_ex_msgs/bboxes_ex_msgs/msg/detail/bounding_box__struct.h
[0.654s] -- Up-to-date symlink: /home/gomi/ros2_study/install/bboxes_ex_msgs/include/bboxes_ex_msgs/bboxes_ex_msgs/msg/detail/bounding_box__type_support.h
[0.655s] -- Up-to-date symlink: /home/gomi/ros2_study/install/bboxes_ex_msgs/include/bboxes_ex_msgs/bboxes_ex_msgs/msg/detail/bounding_boxes__functions.h
[0.655s] -- Up-to-date symlink: /home/gomi/ros2_study/install/bboxes_ex_msgs/include/bboxes_ex_msgs/bboxes_ex_msgs/msg/detail/bounding_boxes__struct.h
[0.655s] -- Up-to-date symlink: /home/gomi/ros2_study/install/bboxes_ex_msgs/include/bboxes_ex_msgs/bboxes_ex_msgs/msg/detail/bounding_boxes__type_support.h
[0.655s] -- Up-to-date symlink: /home/gomi/ros2_study/install/bboxes_ex_msgs/include/bboxes_ex_msgs/bboxes_ex_msgs/msg/rosidl_generator_c__visibility_control.h
[0.655s] -- Up-to-date symlink: /home/gomi/ros2_study/install/bboxes_ex_msgs/share/bboxes_ex_msgs/environment/library_path.sh
[0.655s] -- Up-to-date symlink: /home/gomi/ros2_study/install/bboxes_ex_msgs/share/bboxes_ex_msgs/environment/library_path.dsv
[0.656s] -- Up-to-date symlink: /home/gomi/ros2_study/install/bboxes_ex_msgs/include/bboxes_ex_msgs/bboxes_ex_msgs/msg/detail/bounding_box__rosidl_typesupport_fastrtps_c.h
[0.656s] -- Up-to-date symlink: /home/gomi/ros2_study/install/bboxes_ex_msgs/include/bboxes_ex_msgs/bboxes_ex_msgs/msg/detail/bounding_boxes__rosidl_typesupport_fastrtps_c.h
[0.656s] -- Up-to-date symlink: /home/gomi/ros2_study/install/bboxes_ex_msgs/include/bboxes_ex_msgs/bboxes_ex_msgs/msg/rosidl_typesupport_fastrtps_c__visibility_control.h
[0.656s] -- Up-to-date symlink: /home/gomi/ros2_study/install/bboxes_ex_msgs/include/bboxes_ex_msgs/bboxes_ex_msgs/msg/bounding_box.hpp
[0.656s] -- Up-to-date symlink: /home/gomi/ros2_study/install/bboxes_ex_msgs/include/bboxes_ex_msgs/bboxes_ex_msgs/msg/bounding_boxes.hpp
[0.656s] -- Up-to-date symlink: /home/gomi/ros2_study/install/bboxes_ex_msgs/include/bboxes_ex_msgs/bboxes_ex_msgs/msg/detail/bounding_box__builder.hpp
[0.656s] -- Up-to-date symlink: /home/gomi/ros2_study/install/bboxes_ex_msgs/include/bboxes_ex_msgs/bboxes_ex_msgs/msg/detail/bounding_box__struct.hpp
[0.657s] -- Up-to-date symlink: /home/gomi/ros2_study/install/bboxes_ex_msgs/include/bboxes_ex_msgs/bboxes_ex_msgs/msg/detail/bounding_box__traits.hpp
[0.657s] -- Up-to-date symlink: /home/gomi/ros2_study/install/bboxes_ex_msgs/include/bboxes_ex_msgs/bboxes_ex_msgs/msg/detail/bounding_boxes__builder.hpp
[0.657s] -- Up-to-date symlink: /home/gomi/ros2_study/install/bboxes_ex_msgs/include/bboxes_ex_msgs/bboxes_ex_msgs/msg/detail/bounding_boxes__struct.hpp
[0.657s] -- Up-to-date symlink: /home/gomi/ros2_study/install/bboxes_ex_msgs/include/bboxes_ex_msgs/bboxes_ex_msgs/msg/detail/bounding_boxes__traits.hpp
[0.657s] -- Up-to-date symlink: /home/gomi/ros2_study/install/bboxes_ex_msgs/include/bboxes_ex_msgs/bboxes_ex_msgs/msg/detail/bounding_box__rosidl_typesupport_fastrtps_cpp.hpp
[0.657s] -- Up-to-date symlink: /home/gomi/ros2_study/install/bboxes_ex_msgs/include/bboxes_ex_msgs/bboxes_ex_msgs/msg/detail/bounding_boxes__rosidl_typesupport_fastrtps_cpp.hpp
[0.657s] -- Up-to-date symlink: /home/gomi/ros2_study/install/bboxes_ex_msgs/include/bboxes_ex_msgs/bboxes_ex_msgs/msg/rosidl_typesupport_fastrtps_cpp__visibility_control.h
[0.658s] -- Up-to-date symlink: /home/gomi/ros2_study/install/bboxes_ex_msgs/include/bboxes_ex_msgs/bboxes_ex_msgs/msg/detail/bounding_box__rosidl_typesupport_introspection_c.h
[0.658s] -- Up-to-date symlink: /home/gomi/ros2_study/install/bboxes_ex_msgs/include/bboxes_ex_msgs/bboxes_ex_msgs/msg/detail/bounding_boxes__rosidl_typesupport_introspection_c.h
[0.658s] -- Up-to-date symlink: /home/gomi/ros2_study/install/bboxes_ex_msgs/include/bboxes_ex_msgs/bboxes_ex_msgs/msg/rosidl_typesupport_introspection_c__visibility_control.h
[0.658s] -- Up-to-date symlink: /home/gomi/ros2_study/install/bboxes_ex_msgs/include/bboxes_ex_msgs/bboxes_ex_msgs/msg/detail/bounding_box__rosidl_typesupport_introspection_cpp.hpp
[0.658s] -- Up-to-date symlink: /home/gomi/ros2_study/install/bboxes_ex_msgs/include/bboxes_ex_msgs/bboxes_ex_msgs/msg/detail/bounding_boxes__rosidl_typesupport_introspection_cpp.hpp
[0.658s] -- Up-to-date symlink: /home/gomi/ros2_study/install/bboxes_ex_msgs/share/bboxes_ex_msgs/environment/pythonpath.sh
[0.659s] -- Up-to-date symlink: /home/gomi/ros2_study/install/bboxes_ex_msgs/share/bboxes_ex_msgs/environment/pythonpath.dsv
[0.659s] -- Up-to-date symlink: /home/gomi/ros2_study/install/bboxes_ex_msgs/local/lib/python3.10/dist-packages/bboxes_ex_msgs-0.0.0-py3.10.egg-info/PKG-INFO
[0.659s] -- Up-to-date symlink: /home/gomi/ros2_study/install/bboxes_ex_msgs/local/lib/python3.10/dist-packages/bboxes_ex_msgs-0.0.0-py3.10.egg-info/SOURCES.txt
[0.659s] -- Up-to-date symlink: /home/gomi/ros2_study/install/bboxes_ex_msgs/local/lib/python3.10/dist-packages/bboxes_ex_msgs-0.0.0-py3.10.egg-info/dependency_links.txt
[0.659s] -- Up-to-date symlink: /home/gomi/ros2_study/install/bboxes_ex_msgs/local/lib/python3.10/dist-packages/bboxes_ex_msgs-0.0.0-py3.10.egg-info/top_level.txt
[0.660s] -- Up-to-date symlink: /home/gomi/ros2_study/install/bboxes_ex_msgs/local/lib/python3.10/dist-packages/bboxes_ex_msgs/__init__.py
[0.660s] -- Up-to-date symlink: /home/gomi/ros2_study/install/bboxes_ex_msgs/local/lib/python3.10/dist-packages/bboxes_ex_msgs/_bboxes_ex_msgs_s.ep.rosidl_typesupport_c.c
[0.660s] -- Up-to-date symlink: /home/gomi/ros2_study/install/bboxes_ex_msgs/local/lib/python3.10/dist-packages/bboxes_ex_msgs/_bboxes_ex_msgs_s.ep.rosidl_typesupport_fastrtps_c.c
[0.660s] -- Up-to-date symlink: /home/gomi/ros2_study/install/bboxes_ex_msgs/local/lib/python3.10/dist-packages/bboxes_ex_msgs/_bboxes_ex_msgs_s.ep.rosidl_typesupport_introspection_c.c
[0.660s] -- Up-to-date symlink: /home/gomi/ros2_study/install/bboxes_ex_msgs/local/lib/python3.10/dist-packages/bboxes_ex_msgs/bboxes_ex_msgs_s__rosidl_typesupport_c.cpython-310-x86_64-linux-gnu.so
[0.660s] -- Up-to-date symlink: /home/gomi/ros2_study/install/bboxes_ex_msgs/local/lib/python3.10/dist-packages/bboxes_ex_msgs/bboxes_ex_msgs_s__rosidl_typesupport_fastrtps_c.cpython-310-x86_64-linux-gnu.so
[0.660s] -- Up-to-date symlink: /home/gomi/ros2_study/install/bboxes_ex_msgs/local/lib/python3.10/dist-packages/bboxes_ex_msgs/bboxes_ex_msgs_s__rosidl_typesupport_introspection_c.cpython-310-x86_64-linux-gnu.so
[0.660s] -- Up-to-date symlink: /home/gomi/ros2_study/install/bboxes_ex_msgs/local/lib/python3.10/dist-packages/bboxes_ex_msgs/libbboxes_ex_msgs__rosidl_generator_py.so
[0.660s] -- Up-to-date symlink: /home/gomi/ros2_study/install/bboxes_ex_msgs/local/lib/python3.10/dist-packages/bboxes_ex_msgs/msg/__init__.py
[0.661s] -- Up-to-date symlink: /home/gomi/ros2_study/install/bboxes_ex_msgs/local/lib/python3.10/dist-packages/bboxes_ex_msgs/msg/_bounding_box.py
[0.661s] -- Up-to-date symlink: /home/gomi/ros2_study/install/bboxes_ex_msgs/local/lib/python3.10/dist-packages/bboxes_ex_msgs/msg/_bounding_box_s.c
[0.661s] -- Up-to-date symlink: /home/gomi/ros2_study/install/bboxes_ex_msgs/local/lib/python3.10/dist-packages/bboxes_ex_msgs/msg/_bounding_boxes.py
[0.661s] -- Up-to-date symlink: /home/gomi/ros2_study/install/bboxes_ex_msgs/local/lib/python3.10/dist-packages/bboxes_ex_msgs/msg/_bounding_boxes_s.c
[0.661s] -- Up-to-date symlink: /home/gomi/ros2_study/install/bboxes_ex_msgs/local/lib/python3.10/dist-packages/bboxes_ex_msgs/bboxes_ex_msgs_s__rosidl_typesupport_fastrtps_c.cpython-310-x86_64-linux-gnu.so
[0.661s] -- Up-to-date symlink: /home/gomi/ros2_study/install/bboxes_ex_msgs/local/lib/python3.10/dist-packages/bboxes_ex_msgs/bboxes_ex_msgs_s__rosidl_typesupport_introspection_c.cpython-310-x86_64-linux-gnu.so
[0.662s] -- Up-to-date symlink: /home/gomi/ros2_study/install/bboxes_ex_msgs/local/lib/python3.10/dist-packages/bboxes_ex_msgs/bboxes_ex_msgs_s__rosidl_typesupport_c.cpython-310-x86_64-linux-gnu.so
[0.662s] -- Up-to-date symlink: /home/gomi/ros2_study/install/bboxes_ex_msgs/share/bboxes_ex_msgs/msg/BoundingBox.idl
[0.662s] -- Up-to-date symlink: /home/gomi/ros2_study/install/bboxes_ex_msgs/share/bboxes_ex_msgs/msg/BoundingBoxes.idl
[0.662s] -- Up-to-date symlink: /home/gomi/ros2_study/install/bboxes_ex_msgs/share/bboxes_ex_msgs/msg/BoundingBox.msg
[0.662s] -- Up-to-date symlink: /home/gomi/ros2_study/install/bboxes_ex_msgs/share/bboxes_ex_msgs/msg/BoundingBoxes.msg
[0.662s] -- Up-to-date symlink: /home/gomi/ros2_study/install/bboxes_ex_msgs/share/ament_index/resource_index/package_run_dependencies/bboxes_ex_msgs
[0.662s] -- Up-to-date symlink: /home/gomi/ros2_study/install/bboxes_ex_msgs/share/ament_index/resource_index/parent_prefix_path/bboxes_ex_msgs
[0.663s] -- Up-to-date symlink: /home/gomi/ros2_study/install/bboxes_ex_msgs/share/bboxes_ex_msgs/environment/ament_prefix_path.sh
[0.663s] -- Up-to-date symlink: /home/gomi/ros2_study/install/bboxes_ex_msgs/share/bboxes_ex_msgs/environment/ament_prefix_path.dsv
[0.663s] -- Up-to-date symlink: /home/gomi/ros2_study/install/bboxes_ex_msgs/share/bboxes_ex_msgs/environment/path.sh
[0.663s] -- Up-to-date symlink: /home/gomi/ros2_study/install/bboxes_ex_msgs/share/bboxes_ex_msgs/environment/path.dsv
[0.663s] -- Up-to-date symlink: /home/gomi/ros2_study/install/bboxes_ex_msgs/share/bboxes_ex_msgs/local_setup.bash
[0.663s] -- Up-to-date symlink: /home/gomi/ros2_study/install/bboxes_ex_msgs/share/bboxes_ex_msgs/local_setup.sh
[0.663s] -- Up-to-date symlink: /home/gomi/ros2_study/install/bboxes_ex_msgs/share/bboxes_ex_msgs/local_setup.zsh
[0.664s] -- Up-to-date symlink: /home/gomi/ros2_study/install/bboxes_ex_msgs/share/bboxes_ex_msgs/local_setup.dsv
[0.664s] -- Symlinking: /home/gomi/ros2_study/install/bboxes_ex_msgs/share/bboxes_ex_msgs/package.dsv
[0.666s] -- Up-to-date symlink: /home/gomi/ros2_study/install/bboxes_ex_msgs/share/ament_index/resource_index/packages/bboxes_ex_msgs
[0.666s] -- Up-to-date symlink: /home/gomi/ros2_study/install/bboxes_ex_msgs/share/bboxes_ex_msgs/cmake/rosidl_cmake-extras.cmake
[0.666s] -- Up-to-date symlink: /home/gomi/ros2_study/install/bboxes_ex_msgs/share/bboxes_ex_msgs/cmake/ament_cmake_export_dependencies-extras.cmake
[0.666s] -- Up-to-date symlink: /home/gomi/ros2_study/install/bboxes_ex_msgs/share/bboxes_ex_msgs/cmake/ament_cmake_export_include_directories-extras.cmake
[0.667s] -- Up-to-date symlink: /home/gomi/ros2_study/install/bboxes_ex_msgs/share/bboxes_ex_msgs/cmake/ament_cmake_export_libraries-extras.cmake
[0.667s] -- Up-to-date symlink: /home/gomi/ros2_study/install/bboxes_ex_msgs/share/bboxes_ex_msgs/cmake/ament_cmake_export_targets-extras.cmake
[0.667s] -- Up-to-date symlink: /home/gomi/ros2_study/install/bboxes_ex_msgs/share/bboxes_ex_msgs/cmake/rosidl_cmake_export_typesupport_targets-extras.cmake
[0.667s] -- Up-to-date symlink: /home/gomi/ros2_study/install/bboxes_ex_msgs/share/bboxes_ex_msgs/cmake/rosidl_cmake_export_typesupport_libraries-extras.cmake
[0.667s] -- Up-to-date symlink: /home/gomi/ros2_study/install/bboxes_ex_msgs/share/bboxes_ex_msgs/cmake/bboxes_ex_msgsConfig.cmake
[0.667s] -- Up-to-date symlink: /home/gomi/ros2_study/install/bboxes_ex_msgs/share/bboxes_ex_msgs/cmake/bboxes_ex_msgsConfig-version.cmake
[0.667s] -- Up-to-date symlink: /home/gomi/ros2_study/install/bboxes_ex_msgs/share/bboxes_ex_msgs/package.xml
[0.668s] -- Up-to-date: /home/gomi/ros2_study/install/bboxes_ex_msgs/lib/libbboxes_ex_msgs__rosidl_generator_c.so
[0.668s] -- Up-to-date: /home/gomi/ros2_study/install/bboxes_ex_msgs/lib/libbboxes_ex_msgs__rosidl_typesupport_fastrtps_c.so
[0.668s] -- Up-to-date: /home/gomi/ros2_study/install/bboxes_ex_msgs/lib/libbboxes_ex_msgs__rosidl_typesupport_fastrtps_cpp.so
[0.668s] -- Up-to-date: /home/gomi/ros2_study/install/bboxes_ex_msgs/lib/libbboxes_ex_msgs__rosidl_typesupport_introspection_c.so
[0.668s] -- Up-to-date: /home/gomi/ros2_study/install/bboxes_ex_msgs/lib/libbboxes_ex_msgs__rosidl_typesupport_c.so
[0.668s] -- Up-to-date: /home/gomi/ros2_study/install/bboxes_ex_msgs/lib/libbboxes_ex_msgs__rosidl_typesupport_introspection_cpp.so
[0.669s] -- Up-to-date: /home/gomi/ros2_study/install/bboxes_ex_msgs/lib/libbboxes_ex_msgs__rosidl_typesupport_cpp.so
[0.697s] Listing '/home/gomi/ros2_study/install/bboxes_ex_msgs/local/lib/python3.10/dist-packages/bboxes_ex_msgs'...
[0.697s] Listing '/home/gomi/ros2_study/install/bboxes_ex_msgs/local/lib/python3.10/dist-packages/bboxes_ex_msgs/msg'...
[0.700s] -- Up-to-date: /home/gomi/ros2_study/install/bboxes_ex_msgs/lib/libbboxes_ex_msgs__rosidl_generator_py.so
[0.700s] -- Up-to-date: /home/gomi/ros2_study/install/bboxes_ex_msgs/share/bboxes_ex_msgs/cmake/export_bboxes_ex_msgs__rosidl_generator_cExport.cmake
[0.700s] -- Up-to-date: /home/gomi/ros2_study/install/bboxes_ex_msgs/share/bboxes_ex_msgs/cmake/export_bboxes_ex_msgs__rosidl_generator_cExport-noconfig.cmake
[0.701s] -- Up-to-date: /home/gomi/ros2_study/install/bboxes_ex_msgs/share/bboxes_ex_msgs/cmake/export_bboxes_ex_msgs__rosidl_typesupport_fastrtps_cExport.cmake
[0.701s] -- Up-to-date: /home/gomi/ros2_study/install/bboxes_ex_msgs/share/bboxes_ex_msgs/cmake/export_bboxes_ex_msgs__rosidl_typesupport_fastrtps_cExport-noconfig.cmake
[0.701s] -- Up-to-date: /home/gomi/ros2_study/install/bboxes_ex_msgs/share/bboxes_ex_msgs/cmake/export_bboxes_ex_msgs__rosidl_generator_cppExport.cmake
[0.701s] -- Up-to-date: /home/gomi/ros2_study/install/bboxes_ex_msgs/share/bboxes_ex_msgs/cmake/export_bboxes_ex_msgs__rosidl_typesupport_fastrtps_cppExport.cmake
[0.701s] -- Up-to-date: /home/gomi/ros2_study/install/bboxes_ex_msgs/share/bboxes_ex_msgs/cmake/export_bboxes_ex_msgs__rosidl_typesupport_fastrtps_cppExport-noconfig.cmake
[0.701s] -- Up-to-date: /home/gomi/ros2_study/install/bboxes_ex_msgs/share/bboxes_ex_msgs/cmake/bboxes_ex_msgs__rosidl_typesupport_introspection_cExport.cmake
[0.701s] -- Up-to-date: /home/gomi/ros2_study/install/bboxes_ex_msgs/share/bboxes_ex_msgs/cmake/bboxes_ex_msgs__rosidl_typesupport_introspection_cExport-noconfig.cmake
[0.701s] -- Up-to-date: /home/gomi/ros2_study/install/bboxes_ex_msgs/share/bboxes_ex_msgs/cmake/bboxes_ex_msgs__rosidl_typesupport_cExport.cmake
[0.701s] -- Up-to-date: /home/gomi/ros2_study/install/bboxes_ex_msgs/share/bboxes_ex_msgs/cmake/bboxes_ex_msgs__rosidl_typesupport_cExport-noconfig.cmake
[0.701s] -- Up-to-date: /home/gomi/ros2_study/install/bboxes_ex_msgs/share/bboxes_ex_msgs/cmake/bboxes_ex_msgs__rosidl_typesupport_introspection_cppExport.cmake
[0.701s] -- Up-to-date: /home/gomi/ros2_study/install/bboxes_ex_msgs/share/bboxes_ex_msgs/cmake/bboxes_ex_msgs__rosidl_typesupport_introspection_cppExport-noconfig.cmake
[0.702s] -- Up-to-date: /home/gomi/ros2_study/install/bboxes_ex_msgs/share/bboxes_ex_msgs/cmake/bboxes_ex_msgs__rosidl_typesupport_cppExport.cmake
[0.702s] -- Up-to-date: /home/gomi/ros2_study/install/bboxes_ex_msgs/share/bboxes_ex_msgs/cmake/bboxes_ex_msgs__rosidl_typesupport_cppExport-noconfig.cmake
[0.702s] -- Up-to-date: /home/gomi/ros2_study/install/bboxes_ex_msgs/share/bboxes_ex_msgs/cmake/export_bboxes_ex_msgs__rosidl_generator_pyExport.cmake
[0.702s] -- Up-to-date: /home/gomi/ros2_study/install/bboxes_ex_msgs/share/bboxes_ex_msgs/cmake/export_bboxes_ex_msgs__rosidl_generator_pyExport-noconfig.cmake
[0.711s] Invoked command in '/home/gomi/ros2_study/build/bboxes_ex_msgs' returned '0': CMAKE_PREFIX_PATH=${CMAKE_PREFIX_PATH}:/home/gomi/ros2_study/install/yolox_ros_py:/home/gomi/ros2_study/install/my_first_package:/opt/ros/humble /home/gomi/.local/bin/cmake --install /home/gomi/ros2_study/build/bboxes_ex_msgs
