running egg_info
writing ../build/playing_turtle_package/playing_turtle_package.egg-info/PKG-INFO
writing dependency_links to ../build/playing_turtle_package/playing_turtle_package.egg-info/dependency_links.txt
writing entry points to ../build/playing_turtle_package/playing_turtle_package.egg-info/entry_points.txt
writing requirements to ../build/playing_turtle_package/playing_turtle_package.egg-info/requires.txt
writing top-level names to ../build/playing_turtle_package/playing_turtle_package.egg-info/top_level.txt
reading manifest file '../build/playing_turtle_package/playing_turtle_package.egg-info/SOURCES.txt'
writing manifest file '../build/playing_turtle_package/playing_turtle_package.egg-info/SOURCES.txt'
running build
running build_py
copying playing_turtle_package/tree_spawning_service_server.py -> /home/gomi/dev_ws/ros_quiz/pkg_for_quiz/build/playing_turtle_package/build/lib/playing_turtle_package
/usr/lib/python3/dist-packages/setuptools/command/install.py:34: SetuptoolsDeprecationWarning: setup.py install is deprecated. Use build and pip and other standards-based tools.
  warnings.warn(
running install
running install_lib
copying /home/gomi/dev_ws/ros_quiz/pkg_for_quiz/build/playing_turtle_package/build/lib/playing_turtle_package/tree_spawning_service_server.py -> /home/gomi/dev_ws/ros_quiz/pkg_for_quiz/install/playing_turtle_package/lib/python3.10/site-packages/playing_turtle_package
byte-compiling /home/gomi/dev_ws/ros_quiz/pkg_for_quiz/install/playing_turtle_package/lib/python3.10/site-packages/playing_turtle_package/tree_spawning_service_server.py to tree_spawning_service_server.cpython-310.pyc
running install_data
running install_egg_info
removing '/home/gomi/dev_ws/ros_quiz/pkg_for_quiz/install/playing_turtle_package/lib/python3.10/site-packages/playing_turtle_package-0.0.0-py3.10.egg-info' (and everything under it)
Copying ../build/playing_turtle_package/playing_turtle_package.egg-info to /home/gomi/dev_ws/ros_quiz/pkg_for_quiz/install/playing_turtle_package/lib/python3.10/site-packages/playing_turtle_package-0.0.0-py3.10.egg-info
running install_scripts
Installing total_subscriber script to /home/gomi/dev_ws/ros_quiz/pkg_for_quiz/install/playing_turtle_package/lib/playing_turtle_package
Installing tree_spawning_server script to /home/gomi/dev_ws/ros_quiz/pkg_for_quiz/install/playing_turtle_package/lib/playing_turtle_package
writing list of installed files to '/home/gomi/dev_ws/ros_quiz/pkg_for_quiz/build/playing_turtle_package/install.log'
