[0.511s] DEBUG:colcon:Command line arguments: ['/usr/bin/colcon', 'build']
[0.511s] DEBUG:colcon:Parsed command line arguments: Namespace(log_base=None, log_level=None, verb_name='build', build_base='build', install_base='install', merge_install=False, symlink_install=False, test_result_base=None, continue_on_error=False, executor='parallel', parallel_workers=8, event_handlers=None, ignore_user_meta=False, metas=['./colcon.meta'], base_paths=['.'], packages_ignore=None, packages_ignore_regex=None, paths=None, packages_up_to=None, packages_up_to_regex=None, packages_above=None, packages_above_and_dependencies=None, packages_above_depth=None, packages_select_by_dep=None, packages_skip_by_dep=None, packages_skip_up_to=None, packages_select_build_failed=False, packages_skip_build_finished=False, packages_select_test_failures=False, packages_skip_test_passed=False, packages_select=None, packages_skip=None, packages_select_regex=None, packages_skip_regex=None, packages_start=None, packages_end=None, allow_overriding=[], cmake_args=None, cmake_target=None, cmake_target_skip_unavailable=False, cmake_clean_cache=False, cmake_clean_first=False, cmake_force_configure=False, ament_cmake_args=None, catkin_cmake_args=None, catkin_skip_building_tests=False, verb_parser=<colcon_defaults.argument_parser.defaults.DefaultArgumentsDecorator object at 0x7f9feb325c00>, verb_extension=<colcon_core.verb.build.BuildVerb object at 0x7f9febd21f00>, main=<bound method BuildVerb.main of <colcon_core.verb.build.BuildVerb object at 0x7f9febd21f00>>)
[0.538s] Level 1:colcon.colcon_core.package_discovery:discover_packages(colcon_meta) check parameters
[0.538s] Level 1:colcon.colcon_core.package_discovery:discover_packages(recursive) check parameters
[0.538s] Level 1:colcon.colcon_core.package_discovery:discover_packages(ignore) check parameters
[0.538s] Level 1:colcon.colcon_core.package_discovery:discover_packages(path) check parameters
[0.538s] Level 1:colcon.colcon_core.package_discovery:discover_packages(colcon_meta) discover
[0.538s] Level 1:colcon.colcon_core.package_discovery:discover_packages(recursive) discover
[0.538s] INFO:colcon.colcon_core.package_discovery:Crawling recursively for packages in '/home/ksh/dobot_ws'
[0.538s] Level 1:colcon.colcon_core.package_identification:_identify(.) by extensions ['ignore', 'ignore_ament_install']
[0.538s] Level 1:colcon.colcon_core.package_identification:_identify(.) by extension 'ignore'
[0.539s] Level 1:colcon.colcon_core.package_identification:_identify(.) by extension 'ignore_ament_install'
[0.539s] Level 1:colcon.colcon_core.package_identification:_identify(.) by extensions ['colcon_pkg']
[0.539s] Level 1:colcon.colcon_core.package_identification:_identify(.) by extension 'colcon_pkg'
[0.539s] Level 1:colcon.colcon_core.package_identification:_identify(.) by extensions ['colcon_meta']
[0.539s] Level 1:colcon.colcon_core.package_identification:_identify(.) by extension 'colcon_meta'
[0.539s] Level 1:colcon.colcon_core.package_identification:_identify(.) by extensions ['ros']
[0.539s] Level 1:colcon.colcon_core.package_identification:_identify(.) by extension 'ros'
[0.551s] Level 1:colcon.colcon_core.package_identification:_identify(.) by extensions ['cmake', 'python']
[0.551s] Level 1:colcon.colcon_core.package_identification:_identify(.) by extension 'cmake'
[0.551s] Level 1:colcon.colcon_core.package_identification:_identify(.) by extension 'python'
[0.551s] Level 1:colcon.colcon_core.package_identification:_identify(.) by extensions ['python_setup_py']
[0.551s] Level 1:colcon.colcon_core.package_identification:_identify(.) by extension 'python_setup_py'
[0.551s] Level 1:colcon.colcon_core.package_identification:_identify(__pycache__) by extensions ['ignore', 'ignore_ament_install']
[0.551s] Level 1:colcon.colcon_core.package_identification:_identify(__pycache__) by extension 'ignore'
[0.551s] Level 1:colcon.colcon_core.package_identification:_identify(__pycache__) by extension 'ignore_ament_install'
[0.551s] Level 1:colcon.colcon_core.package_identification:_identify(__pycache__) by extensions ['colcon_pkg']
[0.551s] Level 1:colcon.colcon_core.package_identification:_identify(__pycache__) by extension 'colcon_pkg'
[0.551s] Level 1:colcon.colcon_core.package_identification:_identify(__pycache__) by extensions ['colcon_meta']
[0.551s] Level 1:colcon.colcon_core.package_identification:_identify(__pycache__) by extension 'colcon_meta'
[0.551s] Level 1:colcon.colcon_core.package_identification:_identify(__pycache__) by extensions ['ros']
[0.551s] Level 1:colcon.colcon_core.package_identification:_identify(__pycache__) by extension 'ros'
[0.551s] Level 1:colcon.colcon_core.package_identification:_identify(__pycache__) by extensions ['cmake', 'python']
[0.551s] Level 1:colcon.colcon_core.package_identification:_identify(__pycache__) by extension 'cmake'
[0.552s] Level 1:colcon.colcon_core.package_identification:_identify(__pycache__) by extension 'python'
[0.552s] Level 1:colcon.colcon_core.package_identification:_identify(__pycache__) by extensions ['python_setup_py']
[0.552s] Level 1:colcon.colcon_core.package_identification:_identify(__pycache__) by extension 'python_setup_py'
[0.552s] Level 1:colcon.colcon_core.package_identification:_identify(build) by extensions ['ignore', 'ignore_ament_install']
[0.552s] Level 1:colcon.colcon_core.package_identification:_identify(build) by extension 'ignore'
[0.552s] Level 1:colcon.colcon_core.package_identification:_identify(build) ignored
[0.552s] Level 1:colcon.colcon_core.package_identification:_identify(install) by extensions ['ignore', 'ignore_ament_install']
[0.552s] Level 1:colcon.colcon_core.package_identification:_identify(install) by extension 'ignore'
[0.552s] Level 1:colcon.colcon_core.package_identification:_identify(install) ignored
[0.552s] Level 1:colcon.colcon_core.package_identification:_identify(log) by extensions ['ignore', 'ignore_ament_install']
[0.553s] Level 1:colcon.colcon_core.package_identification:_identify(log) by extension 'ignore'
[0.553s] Level 1:colcon.colcon_core.package_identification:_identify(log) ignored
[0.553s] Level 1:colcon.colcon_core.package_identification:_identify(src) by extensions ['ignore', 'ignore_ament_install']
[0.553s] Level 1:colcon.colcon_core.package_identification:_identify(src) by extension 'ignore'
[0.553s] Level 1:colcon.colcon_core.package_identification:_identify(src) by extension 'ignore_ament_install'
[0.553s] Level 1:colcon.colcon_core.package_identification:_identify(src) by extensions ['colcon_pkg']
[0.553s] Level 1:colcon.colcon_core.package_identification:_identify(src) by extension 'colcon_pkg'
[0.553s] Level 1:colcon.colcon_core.package_identification:_identify(src) by extensions ['colcon_meta']
[0.553s] Level 1:colcon.colcon_core.package_identification:_identify(src) by extension 'colcon_meta'
[0.553s] Level 1:colcon.colcon_core.package_identification:_identify(src) by extensions ['ros']
[0.553s] Level 1:colcon.colcon_core.package_identification:_identify(src) by extension 'ros'
[0.553s] Level 1:colcon.colcon_core.package_identification:_identify(src) by extensions ['cmake', 'python']
[0.553s] Level 1:colcon.colcon_core.package_identification:_identify(src) by extension 'cmake'
[0.553s] Level 1:colcon.colcon_core.package_identification:_identify(src) by extension 'python'
[0.553s] Level 1:colcon.colcon_core.package_identification:_identify(src) by extensions ['python_setup_py']
[0.553s] Level 1:colcon.colcon_core.package_identification:_identify(src) by extension 'python_setup_py'
[0.553s] Level 1:colcon.colcon_core.package_identification:_identify(src/yolo_inference) by extensions ['ignore', 'ignore_ament_install']
[0.553s] Level 1:colcon.colcon_core.package_identification:_identify(src/yolo_inference) by extension 'ignore'
[0.553s] Level 1:colcon.colcon_core.package_identification:_identify(src/yolo_inference) by extension 'ignore_ament_install'
[0.554s] Level 1:colcon.colcon_core.package_identification:_identify(src/yolo_inference) by extensions ['colcon_pkg']
[0.554s] Level 1:colcon.colcon_core.package_identification:_identify(src/yolo_inference) by extension 'colcon_pkg'
[0.554s] Level 1:colcon.colcon_core.package_identification:_identify(src/yolo_inference) by extensions ['colcon_meta']
[0.554s] Level 1:colcon.colcon_core.package_identification:_identify(src/yolo_inference) by extension 'colcon_meta'
[0.554s] Level 1:colcon.colcon_core.package_identification:_identify(src/yolo_inference) by extensions ['ros']
[0.554s] Level 1:colcon.colcon_core.package_identification:_identify(src/yolo_inference) by extension 'ros'
[0.556s] DEBUG:colcon.colcon_core.package_identification:Package 'src/yolo_inference' with type 'ros.ament_cmake' and name 'yolo_inference'
[0.556s] Level 1:colcon.colcon_core.package_identification:_identify(src/yolo_pkg) by extensions ['ignore', 'ignore_ament_install']
[0.556s] Level 1:colcon.colcon_core.package_identification:_identify(src/yolo_pkg) by extension 'ignore'
[0.556s] Level 1:colcon.colcon_core.package_identification:_identify(src/yolo_pkg) by extension 'ignore_ament_install'
[0.556s] Level 1:colcon.colcon_core.package_identification:_identify(src/yolo_pkg) by extensions ['colcon_pkg']
[0.557s] Level 1:colcon.colcon_core.package_identification:_identify(src/yolo_pkg) by extension 'colcon_pkg'
[0.557s] Level 1:colcon.colcon_core.package_identification:_identify(src/yolo_pkg) by extensions ['colcon_meta']
[0.557s] Level 1:colcon.colcon_core.package_identification:_identify(src/yolo_pkg) by extension 'colcon_meta'
[0.557s] Level 1:colcon.colcon_core.package_identification:_identify(src/yolo_pkg) by extensions ['ros']
[0.557s] Level 1:colcon.colcon_core.package_identification:_identify(src/yolo_pkg) by extension 'ros'
[0.557s] DEBUG:colcon.colcon_core.package_identification:Package 'src/yolo_pkg' with type 'ros.ament_python' and name 'yolo_pkg'
[0.557s] Level 1:colcon.colcon_core.package_discovery:discover_packages(recursive) using defaults
[0.557s] Level 1:colcon.colcon_core.package_discovery:discover_packages(ignore) discover
[0.557s] Level 1:colcon.colcon_core.package_discovery:discover_packages(ignore) using defaults
[0.557s] Level 1:colcon.colcon_core.package_discovery:discover_packages(path) discover
[0.557s] Level 1:colcon.colcon_core.package_discovery:discover_packages(path) using defaults
[0.584s] Level 1:colcon.colcon_core.package_discovery:discover_packages(prefix_path) check parameters
[0.584s] Level 1:colcon.colcon_core.package_discovery:discover_packages(prefix_path) discover
[0.587s] DEBUG:colcon.colcon_installed_package_information.package_discovery:Found 2 installed packages in /home/ksh/dobot_ws/install
[0.589s] DEBUG:colcon.colcon_installed_package_information.package_discovery:Found 385 installed packages in /opt/ros/humble
[0.591s] Level 1:colcon.colcon_core.package_discovery:discover_packages(prefix_path) using defaults
[0.661s] Level 5:colcon.colcon_core.verb:set package 'yolo_inference' build argument 'cmake_args' from command line to 'None'
[0.661s] Level 5:colcon.colcon_core.verb:set package 'yolo_inference' build argument 'cmake_target' from command line to 'None'
[0.661s] Level 5:colcon.colcon_core.verb:set package 'yolo_inference' build argument 'cmake_target_skip_unavailable' from command line to 'False'
[0.661s] Level 5:colcon.colcon_core.verb:set package 'yolo_inference' build argument 'cmake_clean_cache' from command line to 'False'
[0.661s] Level 5:colcon.colcon_core.verb:set package 'yolo_inference' build argument 'cmake_clean_first' from command line to 'False'
[0.661s] Level 5:colcon.colcon_core.verb:set package 'yolo_inference' build argument 'cmake_force_configure' from command line to 'False'
[0.661s] Level 5:colcon.colcon_core.verb:set package 'yolo_inference' build argument 'ament_cmake_args' from command line to 'None'
[0.661s] Level 5:colcon.colcon_core.verb:set package 'yolo_inference' build argument 'catkin_cmake_args' from command line to 'None'
[0.661s] Level 5:colcon.colcon_core.verb:set package 'yolo_inference' build argument 'catkin_skip_building_tests' from command line to 'False'
[0.661s] DEBUG:colcon.colcon_core.verb:Building package 'yolo_inference' with the following arguments: {'ament_cmake_args': None, 'build_base': '/home/ksh/dobot_ws/build/yolo_inference', 'catkin_cmake_args': None, 'catkin_skip_building_tests': False, 'cmake_args': None, 'cmake_clean_cache': False, 'cmake_clean_first': False, 'cmake_force_configure': False, 'cmake_target': None, 'cmake_target_skip_unavailable': False, 'install_base': '/home/ksh/dobot_ws/install/yolo_inference', 'merge_install': False, 'path': '/home/ksh/dobot_ws/src/yolo_inference', 'symlink_install': False, 'test_result_base': None}
[0.662s] Level 5:colcon.colcon_core.verb:set package 'yolo_pkg' build argument 'cmake_args' from command line to 'None'
[0.662s] Level 5:colcon.colcon_core.verb:set package 'yolo_pkg' build argument 'cmake_target' from command line to 'None'
[0.662s] Level 5:colcon.colcon_core.verb:set package 'yolo_pkg' build argument 'cmake_target_skip_unavailable' from command line to 'False'
[0.662s] Level 5:colcon.colcon_core.verb:set package 'yolo_pkg' build argument 'cmake_clean_cache' from command line to 'False'
[0.662s] Level 5:colcon.colcon_core.verb:set package 'yolo_pkg' build argument 'cmake_clean_first' from command line to 'False'
[0.662s] Level 5:colcon.colcon_core.verb:set package 'yolo_pkg' build argument 'cmake_force_configure' from command line to 'False'
[0.662s] Level 5:colcon.colcon_core.verb:set package 'yolo_pkg' build argument 'ament_cmake_args' from command line to 'None'
[0.662s] Level 5:colcon.colcon_core.verb:set package 'yolo_pkg' build argument 'catkin_cmake_args' from command line to 'None'
[0.662s] Level 5:colcon.colcon_core.verb:set package 'yolo_pkg' build argument 'catkin_skip_building_tests' from command line to 'False'
[0.662s] DEBUG:colcon.colcon_core.verb:Building package 'yolo_pkg' with the following arguments: {'ament_cmake_args': None, 'build_base': '/home/ksh/dobot_ws/build/yolo_pkg', 'catkin_cmake_args': None, 'catkin_skip_building_tests': False, 'cmake_args': None, 'cmake_clean_cache': False, 'cmake_clean_first': False, 'cmake_force_configure': False, 'cmake_target': None, 'cmake_target_skip_unavailable': False, 'install_base': '/home/ksh/dobot_ws/install/yolo_pkg', 'merge_install': False, 'path': '/home/ksh/dobot_ws/src/yolo_pkg', 'symlink_install': False, 'test_result_base': None}
[0.663s] INFO:colcon.colcon_core.executor:Executing jobs using 'parallel' executor
[0.666s] DEBUG:colcon.colcon_parallel_executor.executor.parallel:run_until_complete
[0.666s] INFO:colcon.colcon_ros.task.ament_cmake.build:Building ROS package in '/home/ksh/dobot_ws/src/yolo_inference' with build type 'ament_cmake'
[0.666s] INFO:colcon.colcon_cmake.task.cmake.build:Building CMake package in '/home/ksh/dobot_ws/src/yolo_inference'
[0.670s] INFO:colcon.colcon_core.plugin_system:Skipping extension 'colcon_core.shell.bat': Not used on non-Windows systems
[0.671s] INFO:colcon.colcon_core.shell:Skip shell extension 'powershell' for command environment: Not usable outside of PowerShell
[0.671s] DEBUG:colcon.colcon_core.shell:Skip shell extension 'dsv' for command environment
[0.675s] INFO:colcon.colcon_ros.task.ament_python.build:Building ROS package in '/home/ksh/dobot_ws/src/yolo_pkg' with build type 'ament_python'
[0.676s] Level 1:colcon.colcon_core.shell:create_environment_hook('yolo_pkg', 'ament_prefix_path')
[0.677s] INFO:colcon.colcon_core.shell:Creating environment hook '/home/ksh/dobot_ws/install/yolo_pkg/share/yolo_pkg/hook/ament_prefix_path.ps1'
[0.678s] INFO:colcon.colcon_core.shell:Creating environment descriptor '/home/ksh/dobot_ws/install/yolo_pkg/share/yolo_pkg/hook/ament_prefix_path.dsv'
[0.679s] INFO:colcon.colcon_core.shell:Creating environment hook '/home/ksh/dobot_ws/install/yolo_pkg/share/yolo_pkg/hook/ament_prefix_path.sh'
[0.681s] INFO:colcon.colcon_core.shell:Skip shell extension 'powershell' for command environment: Not usable outside of PowerShell
[0.681s] DEBUG:colcon.colcon_core.shell:Skip shell extension 'dsv' for command environment
[0.694s] DEBUG:colcon.colcon_core.event_handler.log_command:Invoking command in '/home/ksh/dobot_ws/build/yolo_inference': CMAKE_PREFIX_PATH=${CMAKE_PREFIX_PATH}:/home/ksh/dobot_ws/install/yolo_pkg:/opt/ros/humble /home/ksh/.local/bin/cmake --build /home/ksh/dobot_ws/build/yolo_inference -- -j8 -l8
[1.178s] INFO:colcon.colcon_core.task.python.build:Building Python package in '/home/ksh/dobot_ws/src/yolo_pkg'
[1.181s] INFO:colcon.colcon_core.shell:Skip shell extension 'powershell' for command environment: Not usable outside of PowerShell
[1.181s] DEBUG:colcon.colcon_core.shell:Skip shell extension 'dsv' for command environment
[1.259s] DEBUG:colcon.colcon_core.event_handler.log_command:Invoked command in '/home/ksh/dobot_ws/build/yolo_inference' returned '0': CMAKE_PREFIX_PATH=${CMAKE_PREFIX_PATH}:/home/ksh/dobot_ws/install/yolo_pkg:/opt/ros/humble /home/ksh/.local/bin/cmake --build /home/ksh/dobot_ws/build/yolo_inference -- -j8 -l8
[1.554s] DEBUG:colcon.colcon_core.event_handler.log_command:Invoking command in '/home/ksh/dobot_ws/build/yolo_inference': CMAKE_PREFIX_PATH=${CMAKE_PREFIX_PATH}:/home/ksh/dobot_ws/install/yolo_pkg:/opt/ros/humble /home/ksh/.local/bin/cmake --install /home/ksh/dobot_ws/build/yolo_inference
[1.747s] Level 1:colcon.colcon_core.environment:create_environment_scripts_only(yolo_inference)
[1.749s] DEBUG:colcon.colcon_core.event_handler.log_command:Invoked command in '/home/ksh/dobot_ws/build/yolo_inference' returned '0': CMAKE_PREFIX_PATH=${CMAKE_PREFIX_PATH}:/home/ksh/dobot_ws/install/yolo_pkg:/opt/ros/humble /home/ksh/.local/bin/cmake --install /home/ksh/dobot_ws/build/yolo_inference
[1.756s] Level 1:colcon.colcon_core.environment:checking '/home/ksh/dobot_ws/install/yolo_inference' for CMake module files
[1.761s] Level 1:colcon.colcon_core.environment:checking '/home/ksh/dobot_ws/install/yolo_inference' for CMake config files
[1.762s] Level 1:colcon.colcon_core.shell:create_environment_hook('yolo_inference', 'cmake_prefix_path')
[1.764s] INFO:colcon.colcon_core.shell:Creating environment hook '/home/ksh/dobot_ws/install/yolo_inference/share/yolo_inference/hook/cmake_prefix_path.ps1'
[1.765s] INFO:colcon.colcon_core.shell:Creating environment descriptor '/home/ksh/dobot_ws/install/yolo_inference/share/yolo_inference/hook/cmake_prefix_path.dsv'
[1.766s] INFO:colcon.colcon_core.shell:Creating environment hook '/home/ksh/dobot_ws/install/yolo_inference/share/yolo_inference/hook/cmake_prefix_path.sh'
[1.767s] Level 1:colcon.colcon_core.environment:checking '/home/ksh/dobot_ws/install/yolo_inference/lib'
[1.767s] Level 1:colcon.colcon_core.shell:create_environment_hook('yolo_inference', 'ld_library_path_lib')
[1.773s] INFO:colcon.colcon_core.shell:Creating environment hook '/home/ksh/dobot_ws/install/yolo_inference/share/yolo_inference/hook/ld_library_path_lib.ps1'
[1.774s] INFO:colcon.colcon_core.shell:Creating environment descriptor '/home/ksh/dobot_ws/install/yolo_inference/share/yolo_inference/hook/ld_library_path_lib.dsv'
[1.775s] INFO:colcon.colcon_core.shell:Creating environment hook '/home/ksh/dobot_ws/install/yolo_inference/share/yolo_inference/hook/ld_library_path_lib.sh'
[1.776s] Level 1:colcon.colcon_core.environment:checking '/home/ksh/dobot_ws/install/yolo_inference/bin'
[1.776s] Level 1:colcon.colcon_core.environment:checking '/home/ksh/dobot_ws/install/yolo_inference/lib/pkgconfig/yolo_inference.pc'
[1.776s] Level 1:colcon.colcon_core.environment:checking '/home/ksh/dobot_ws/install/yolo_inference/lib/python3.10/site-packages'
[1.777s] Level 1:colcon.colcon_core.environment:checking '/home/ksh/dobot_ws/install/yolo_inference/bin'
[1.779s] INFO:colcon.colcon_core.shell:Creating package script '/home/ksh/dobot_ws/install/yolo_inference/share/yolo_inference/package.ps1'
[1.781s] INFO:colcon.colcon_core.shell:Creating package descriptor '/home/ksh/dobot_ws/install/yolo_inference/share/yolo_inference/package.dsv'
[1.782s] INFO:colcon.colcon_core.shell:Creating package script '/home/ksh/dobot_ws/install/yolo_inference/share/yolo_inference/package.sh'
[1.786s] INFO:colcon.colcon_core.shell:Creating package script '/home/ksh/dobot_ws/install/yolo_inference/share/yolo_inference/package.bash'
[1.788s] INFO:colcon.colcon_core.shell:Creating package script '/home/ksh/dobot_ws/install/yolo_inference/share/yolo_inference/package.zsh'
[1.790s] Level 1:colcon.colcon_core.environment:create_file_with_runtime_dependencies(/home/ksh/dobot_ws/install/yolo_inference/share/colcon-core/packages/yolo_inference)
[1.949s] DEBUG:colcon.colcon_core.event_handler.log_command:Invoking command in '/home/ksh/dobot_ws/src/yolo_pkg': PYTHONPATH=/home/ksh/dobot_ws/build/yolo_pkg/prefix_override:/home/ksh/dobot_ws/install/yolo_pkg/lib/python3.10/site-packages:${PYTHONPATH} /usr/bin/python3 setup.py egg_info --egg-base ../../build/yolo_pkg build --build-base /home/ksh/dobot_ws/build/yolo_pkg/build install --record /home/ksh/dobot_ws/build/yolo_pkg/install.log --single-version-externally-managed
[2.000s] Level 1:colcon.colcon_core.environment:create_environment_scripts_only(yolo_inference)
[2.002s] Level 1:colcon.colcon_core.environment:checking '/home/ksh/dobot_ws/install/yolo_inference' for CMake module files
[2.002s] Level 1:colcon.colcon_core.environment:checking '/home/ksh/dobot_ws/install/yolo_inference' for CMake config files
[2.003s] Level 1:colcon.colcon_core.shell:create_environment_hook('yolo_inference', 'cmake_prefix_path')
[2.004s] INFO:colcon.colcon_core.shell:Creating environment hook '/home/ksh/dobot_ws/install/yolo_inference/share/yolo_inference/hook/cmake_prefix_path.ps1'
[2.005s] INFO:colcon.colcon_core.shell:Creating environment descriptor '/home/ksh/dobot_ws/install/yolo_inference/share/yolo_inference/hook/cmake_prefix_path.dsv'
[2.005s] INFO:colcon.colcon_core.shell:Creating environment hook '/home/ksh/dobot_ws/install/yolo_inference/share/yolo_inference/hook/cmake_prefix_path.sh'
[2.006s] Level 1:colcon.colcon_core.environment:checking '/home/ksh/dobot_ws/install/yolo_inference/lib'
[2.006s] Level 1:colcon.colcon_core.shell:create_environment_hook('yolo_inference', 'ld_library_path_lib')
[2.007s] INFO:colcon.colcon_core.shell:Creating environment hook '/home/ksh/dobot_ws/install/yolo_inference/share/yolo_inference/hook/ld_library_path_lib.ps1'
[2.008s] INFO:colcon.colcon_core.shell:Creating environment descriptor '/home/ksh/dobot_ws/install/yolo_inference/share/yolo_inference/hook/ld_library_path_lib.dsv'
[2.008s] INFO:colcon.colcon_core.shell:Creating environment hook '/home/ksh/dobot_ws/install/yolo_inference/share/yolo_inference/hook/ld_library_path_lib.sh'
[2.008s] Level 1:colcon.colcon_core.environment:checking '/home/ksh/dobot_ws/install/yolo_inference/bin'
[2.008s] Level 1:colcon.colcon_core.environment:checking '/home/ksh/dobot_ws/install/yolo_inference/lib/pkgconfig/yolo_inference.pc'
[2.009s] Level 1:colcon.colcon_core.environment:checking '/home/ksh/dobot_ws/install/yolo_inference/lib/python3.10/site-packages'
[2.009s] Level 1:colcon.colcon_core.environment:checking '/home/ksh/dobot_ws/install/yolo_inference/bin'
[2.010s] INFO:colcon.colcon_core.shell:Creating package script '/home/ksh/dobot_ws/install/yolo_inference/share/yolo_inference/package.ps1'
[2.011s] INFO:colcon.colcon_core.shell:Creating package descriptor '/home/ksh/dobot_ws/install/yolo_inference/share/yolo_inference/package.dsv'
[2.011s] INFO:colcon.colcon_core.shell:Creating package script '/home/ksh/dobot_ws/install/yolo_inference/share/yolo_inference/package.sh'
[2.012s] INFO:colcon.colcon_core.shell:Creating package script '/home/ksh/dobot_ws/install/yolo_inference/share/yolo_inference/package.bash'
[2.012s] INFO:colcon.colcon_core.shell:Creating package script '/home/ksh/dobot_ws/install/yolo_inference/share/yolo_inference/package.zsh'
[2.013s] Level 1:colcon.colcon_core.environment:create_file_with_runtime_dependencies(/home/ksh/dobot_ws/install/yolo_inference/share/colcon-core/packages/yolo_inference)
[2.393s] Level 1:colcon.colcon_core.environment:checking '/home/ksh/dobot_ws/install/yolo_pkg' for CMake module files
[2.393s] DEBUG:colcon.colcon_core.event_handler.log_command:Invoked command in '/home/ksh/dobot_ws/src/yolo_pkg' returned '0': PYTHONPATH=/home/ksh/dobot_ws/build/yolo_pkg/prefix_override:/home/ksh/dobot_ws/install/yolo_pkg/lib/python3.10/site-packages:${PYTHONPATH} /usr/bin/python3 setup.py egg_info --egg-base ../../build/yolo_pkg build --build-base /home/ksh/dobot_ws/build/yolo_pkg/build install --record /home/ksh/dobot_ws/build/yolo_pkg/install.log --single-version-externally-managed
[2.394s] Level 1:colcon.colcon_core.environment:checking '/home/ksh/dobot_ws/install/yolo_pkg' for CMake config files
[2.395s] Level 1:colcon.colcon_core.environment:checking '/home/ksh/dobot_ws/install/yolo_pkg/lib'
[2.395s] Level 1:colcon.colcon_core.environment:checking '/home/ksh/dobot_ws/install/yolo_pkg/bin'
[2.395s] Level 1:colcon.colcon_core.environment:checking '/home/ksh/dobot_ws/install/yolo_pkg/lib/pkgconfig/yolo_pkg.pc'
[2.395s] Level 1:colcon.colcon_core.environment:checking '/home/ksh/dobot_ws/install/yolo_pkg/lib/python3.10/site-packages'
[2.395s] Level 1:colcon.colcon_core.shell:create_environment_hook('yolo_pkg', 'pythonpath')
[2.397s] INFO:colcon.colcon_core.shell:Creating environment hook '/home/ksh/dobot_ws/install/yolo_pkg/share/yolo_pkg/hook/pythonpath.ps1'
[2.398s] INFO:colcon.colcon_core.shell:Creating environment descriptor '/home/ksh/dobot_ws/install/yolo_pkg/share/yolo_pkg/hook/pythonpath.dsv'
[2.398s] INFO:colcon.colcon_core.shell:Creating environment hook '/home/ksh/dobot_ws/install/yolo_pkg/share/yolo_pkg/hook/pythonpath.sh'
[2.399s] Level 1:colcon.colcon_core.environment:checking '/home/ksh/dobot_ws/install/yolo_pkg/bin'
[2.399s] Level 1:colcon.colcon_core.environment:create_environment_scripts_only(yolo_pkg)
[2.401s] INFO:colcon.colcon_core.shell:Creating package script '/home/ksh/dobot_ws/install/yolo_pkg/share/yolo_pkg/package.ps1'
[2.402s] INFO:colcon.colcon_core.shell:Creating package descriptor '/home/ksh/dobot_ws/install/yolo_pkg/share/yolo_pkg/package.dsv'
[2.403s] INFO:colcon.colcon_core.shell:Creating package script '/home/ksh/dobot_ws/install/yolo_pkg/share/yolo_pkg/package.sh'
[2.403s] INFO:colcon.colcon_core.shell:Creating package script '/home/ksh/dobot_ws/install/yolo_pkg/share/yolo_pkg/package.bash'
[2.403s] INFO:colcon.colcon_core.shell:Creating package script '/home/ksh/dobot_ws/install/yolo_pkg/share/yolo_pkg/package.zsh'
[2.404s] Level 1:colcon.colcon_core.environment:create_file_with_runtime_dependencies(/home/ksh/dobot_ws/install/yolo_pkg/share/colcon-core/packages/yolo_pkg)
[2.404s] DEBUG:colcon.colcon_parallel_executor.executor.parallel:closing loop
[2.404s] DEBUG:colcon.colcon_parallel_executor.executor.parallel:loop closed
[2.404s] DEBUG:colcon.colcon_parallel_executor.executor.parallel:run_until_complete finished with '0'
[2.404s] DEBUG:colcon.colcon_core.event_reactor:joining thread
[2.410s] INFO:colcon.colcon_core.plugin_system:Skipping extension 'colcon_notification.desktop_notification.terminal_notifier': Not used on non-Darwin systems
[2.410s] INFO:colcon.colcon_core.plugin_system:Skipping extension 'colcon_notification.desktop_notification.win32': Not used on non-Windows systems
[2.410s] INFO:colcon.colcon_notification.desktop_notification:Sending desktop notification using 'notify2'
[2.427s] DEBUG:colcon.colcon_core.event_reactor:joined thread
[2.430s] INFO:colcon.colcon_core.shell:Creating prefix script '/home/ksh/dobot_ws/install/local_setup.ps1'
[2.432s] INFO:colcon.colcon_core.shell:Creating prefix util module '/home/ksh/dobot_ws/install/_local_setup_util_ps1.py'
[2.434s] INFO:colcon.colcon_core.shell:Creating prefix chain script '/home/ksh/dobot_ws/install/setup.ps1'
[2.437s] INFO:colcon.colcon_core.shell:Creating prefix script '/home/ksh/dobot_ws/install/local_setup.sh'
[2.438s] INFO:colcon.colcon_core.shell:Creating prefix util module '/home/ksh/dobot_ws/install/_local_setup_util_sh.py'
[2.438s] INFO:colcon.colcon_core.shell:Creating prefix chain script '/home/ksh/dobot_ws/install/setup.sh'
[2.440s] INFO:colcon.colcon_core.shell:Creating prefix script '/home/ksh/dobot_ws/install/local_setup.bash'
[2.440s] INFO:colcon.colcon_core.shell:Creating prefix chain script '/home/ksh/dobot_ws/install/setup.bash'
[2.442s] INFO:colcon.colcon_core.shell:Creating prefix script '/home/ksh/dobot_ws/install/local_setup.zsh'
[2.443s] INFO:colcon.colcon_core.shell:Creating prefix chain script '/home/ksh/dobot_ws/install/setup.zsh'
