[1.395s] Invoking command in '/home/ksh/dobot_ws/src/yolo_pkg': PYTHONPATH=/home/ksh/dobot_ws/build/yolo_pkg/prefix_override:/home/ksh/dobot_ws/install/yolo_pkg/lib/python3.10/site-packages:${PYTHONPATH} /usr/bin/python3 setup.py egg_info --egg-base ../../build/yolo_pkg build --build-base /home/ksh/dobot_ws/build/yolo_pkg/build install --record /home/ksh/dobot_ws/build/yolo_pkg/install.log --single-version-externally-managed
[1.873s] running egg_info
[1.875s] writing ../../build/yolo_pkg/yolo_pkg.egg-info/PKG-INFO
[1.876s] writing dependency_links to ../../build/yolo_pkg/yolo_pkg.egg-info/dependency_links.txt
[1.876s] writing entry points to ../../build/yolo_pkg/yolo_pkg.egg-info/entry_points.txt
[1.876s] writing requirements to ../../build/yolo_pkg/yolo_pkg.egg-info/requires.txt
[1.876s] writing top-level names to ../../build/yolo_pkg/yolo_pkg.egg-info/top_level.txt
[1.880s] reading manifest file '../../build/yolo_pkg/yolo_pkg.egg-info/SOURCES.txt'
[1.882s] writing manifest file '../../build/yolo_pkg/yolo_pkg.egg-info/SOURCES.txt'
[1.882s] running build
[1.882s] running build_py
[1.882s] copying yolo_pkg/dobot_executor.py -> /home/ksh/dobot_ws/build/yolo_pkg/build/lib/yolo_pkg
[1.883s] running install
[1.883s] /usr/lib/python3/dist-packages/setuptools/command/install.py:34: SetuptoolsDeprecationWarning: setup.py install is deprecated. Use build and pip and other standards-based tools.
[1.883s]   warnings.warn(
[1.883s] running install_lib
[1.885s] copying /home/ksh/dobot_ws/build/yolo_pkg/build/lib/yolo_pkg/dobot_executor.py -> /home/ksh/dobot_ws/install/yolo_pkg/lib/python3.10/site-packages/yolo_pkg
[1.886s] byte-compiling /home/ksh/dobot_ws/install/yolo_pkg/lib/python3.10/site-packages/yolo_pkg/dobot_executor.py to dobot_executor.cpython-310.pyc
[1.888s] running install_data
[1.889s] running install_egg_info
[1.891s] removing '/home/ksh/dobot_ws/install/yolo_pkg/lib/python3.10/site-packages/yolo_pkg-0.0.0-py3.10.egg-info' (and everything under it)
[1.892s] Copying ../../build/yolo_pkg/yolo_pkg.egg-info to /home/ksh/dobot_ws/install/yolo_pkg/lib/python3.10/site-packages/yolo_pkg-0.0.0-py3.10.egg-info
[1.893s] running install_scripts
[1.929s] Installing dobot_executor script to /home/ksh/dobot_ws/install/yolo_pkg/lib/yolo_pkg
[1.929s] Installing image_publisher script to /home/ksh/dobot_ws/install/yolo_pkg/lib/yolo_pkg
[1.929s] Installing object_detect_publisher script to /home/ksh/dobot_ws/install/yolo_pkg/lib/yolo_pkg
[1.929s] Installing object_detect_subscriber script to /home/ksh/dobot_ws/install/yolo_pkg/lib/yolo_pkg
[1.930s] writing list of installed files to '/home/ksh/dobot_ws/build/yolo_pkg/install.log'
[1.979s] Invoked command in '/home/ksh/dobot_ws/src/yolo_pkg' returned '0': PYTHONPATH=/home/ksh/dobot_ws/build/yolo_pkg/prefix_override:/home/ksh/dobot_ws/install/yolo_pkg/lib/python3.10/site-packages:${PYTHONPATH} /usr/bin/python3 setup.py egg_info --egg-base ../../build/yolo_pkg build --build-base /home/ksh/dobot_ws/build/yolo_pkg/build install --record /home/ksh/dobot_ws/build/yolo_pkg/install.log --single-version-externally-managed
