[0.761s] DEBUG:colcon:Command line arguments: ['/usr/bin/colcon', 'build']
[0.761s] DEBUG:colcon:Parsed command line arguments: Namespace(log_base=None, log_level=None, verb_name='build', build_base='build', install_base='install', merge_install=False, symlink_install=False, test_result_base=None, continue_on_error=False, executor='parallel', parallel_workers=8, event_handlers=None, ignore_user_meta=False, metas=['./colcon.meta'], base_paths=['.'], packages_ignore=None, packages_ignore_regex=None, paths=None, packages_up_to=None, packages_up_to_regex=None, packages_above=None, packages_above_and_dependencies=None, packages_above_depth=None, packages_select_by_dep=None, packages_skip_by_dep=None, packages_skip_up_to=None, packages_select_build_failed=False, packages_skip_build_finished=False, packages_select_test_failures=False, packages_skip_test_passed=False, packages_select=None, packages_skip=None, packages_select_regex=None, packages_skip_regex=None, packages_start=None, packages_end=None, allow_overriding=[], cmake_args=None, cmake_target=None, cmake_target_skip_unavailable=False, cmake_clean_cache=False, cmake_clean_first=False, cmake_force_configure=False, ament_cmake_args=None, catkin_cmake_args=None, catkin_skip_building_tests=False, verb_parser=<colcon_defaults.argument_parser.defaults.DefaultArgumentsDecorator object at 0x7f91c325d5d0>, verb_extension=<colcon_core.verb.build.BuildVerb object at 0x7f91c3cbcf70>, main=<bound method BuildVerb.main of <colcon_core.verb.build.BuildVerb object at 0x7f91c3cbcf70>>)
[0.810s] Level 1:colcon.colcon_core.package_discovery:discover_packages(colcon_meta) check parameters
[0.810s] Level 1:colcon.colcon_core.package_discovery:discover_packages(recursive) check parameters
[0.810s] Level 1:colcon.colcon_core.package_discovery:discover_packages(ignore) check parameters
[0.810s] Level 1:colcon.colcon_core.package_discovery:discover_packages(path) check parameters
[0.810s] Level 1:colcon.colcon_core.package_discovery:discover_packages(colcon_meta) discover
[0.810s] Level 1:colcon.colcon_core.package_discovery:discover_packages(recursive) discover
[0.810s] INFO:colcon.colcon_core.package_discovery:Crawling recursively for packages in '/home/ksh/yolo_ws'
[0.810s] Level 1:colcon.colcon_core.package_identification:_identify(.) by extensions ['ignore', 'ignore_ament_install']
[0.810s] Level 1:colcon.colcon_core.package_identification:_identify(.) by extension 'ignore'
[0.810s] Level 1:colcon.colcon_core.package_identification:_identify(.) by extension 'ignore_ament_install'
[0.811s] Level 1:colcon.colcon_core.package_identification:_identify(.) by extensions ['colcon_pkg']
[0.811s] Level 1:colcon.colcon_core.package_identification:_identify(.) by extension 'colcon_pkg'
[0.811s] Level 1:colcon.colcon_core.package_identification:_identify(.) by extensions ['colcon_meta']
[0.811s] Level 1:colcon.colcon_core.package_identification:_identify(.) by extension 'colcon_meta'
[0.811s] Level 1:colcon.colcon_core.package_identification:_identify(.) by extensions ['ros']
[0.811s] Level 1:colcon.colcon_core.package_identification:_identify(.) by extension 'ros'
[0.832s] Level 1:colcon.colcon_core.package_identification:_identify(.) by extensions ['cmake', 'python']
[0.832s] Level 1:colcon.colcon_core.package_identification:_identify(.) by extension 'cmake'
[0.832s] Level 1:colcon.colcon_core.package_identification:_identify(.) by extension 'python'
[0.832s] Level 1:colcon.colcon_core.package_identification:_identify(.) by extensions ['python_setup_py']
[0.832s] Level 1:colcon.colcon_core.package_identification:_identify(.) by extension 'python_setup_py'
[0.832s] Level 1:colcon.colcon_core.package_identification:_identify(build) by extensions ['ignore', 'ignore_ament_install']
[0.832s] Level 1:colcon.colcon_core.package_identification:_identify(build) by extension 'ignore'
[0.832s] Level 1:colcon.colcon_core.package_identification:_identify(build) ignored
[0.833s] Level 1:colcon.colcon_core.package_identification:_identify(install) by extensions ['ignore', 'ignore_ament_install']
[0.833s] Level 1:colcon.colcon_core.package_identification:_identify(install) by extension 'ignore'
[0.833s] Level 1:colcon.colcon_core.package_identification:_identify(install) ignored
[0.834s] Level 1:colcon.colcon_core.package_identification:_identify(log) by extensions ['ignore', 'ignore_ament_install']
[0.834s] Level 1:colcon.colcon_core.package_identification:_identify(log) by extension 'ignore'
[0.834s] Level 1:colcon.colcon_core.package_identification:_identify(log) ignored
[0.834s] Level 1:colcon.colcon_core.package_identification:_identify(src) by extensions ['ignore', 'ignore_ament_install']
[0.834s] Level 1:colcon.colcon_core.package_identification:_identify(src) by extension 'ignore'
[0.834s] Level 1:colcon.colcon_core.package_identification:_identify(src) by extension 'ignore_ament_install'
[0.834s] Level 1:colcon.colcon_core.package_identification:_identify(src) by extensions ['colcon_pkg']
[0.834s] Level 1:colcon.colcon_core.package_identification:_identify(src) by extension 'colcon_pkg'
[0.834s] Level 1:colcon.colcon_core.package_identification:_identify(src) by extensions ['colcon_meta']
[0.835s] Level 1:colcon.colcon_core.package_identification:_identify(src) by extension 'colcon_meta'
[0.835s] Level 1:colcon.colcon_core.package_identification:_identify(src) by extensions ['ros']
[0.835s] Level 1:colcon.colcon_core.package_identification:_identify(src) by extension 'ros'
[0.835s] Level 1:colcon.colcon_core.package_identification:_identify(src) by extensions ['cmake', 'python']
[0.835s] Level 1:colcon.colcon_core.package_identification:_identify(src) by extension 'cmake'
[0.835s] Level 1:colcon.colcon_core.package_identification:_identify(src) by extension 'python'
[0.835s] Level 1:colcon.colcon_core.package_identification:_identify(src) by extensions ['python_setup_py']
[0.835s] Level 1:colcon.colcon_core.package_identification:_identify(src) by extension 'python_setup_py'
[0.835s] Level 1:colcon.colcon_core.package_identification:_identify(src/yolo_inference) by extensions ['ignore', 'ignore_ament_install']
[0.835s] Level 1:colcon.colcon_core.package_identification:_identify(src/yolo_inference) by extension 'ignore'
[0.835s] Level 1:colcon.colcon_core.package_identification:_identify(src/yolo_inference) by extension 'ignore_ament_install'
[0.835s] Level 1:colcon.colcon_core.package_identification:_identify(src/yolo_inference) by extensions ['colcon_pkg']
[0.835s] Level 1:colcon.colcon_core.package_identification:_identify(src/yolo_inference) by extension 'colcon_pkg'
[0.835s] Level 1:colcon.colcon_core.package_identification:_identify(src/yolo_inference) by extensions ['colcon_meta']
[0.835s] Level 1:colcon.colcon_core.package_identification:_identify(src/yolo_inference) by extension 'colcon_meta'
[0.836s] Level 1:colcon.colcon_core.package_identification:_identify(src/yolo_inference) by extensions ['ros']
[0.836s] Level 1:colcon.colcon_core.package_identification:_identify(src/yolo_inference) by extension 'ros'
[0.841s] DEBUG:colcon.colcon_core.package_identification:Package 'src/yolo_inference' with type 'ros.ament_cmake' and name 'yolo_inference'
[0.841s] Level 1:colcon.colcon_core.package_identification:_identify(src/yolo_pkg) by extensions ['ignore', 'ignore_ament_install']
[0.841s] Level 1:colcon.colcon_core.package_identification:_identify(src/yolo_pkg) by extension 'ignore'
[0.841s] Level 1:colcon.colcon_core.package_identification:_identify(src/yolo_pkg) by extension 'ignore_ament_install'
[0.841s] Level 1:colcon.colcon_core.package_identification:_identify(src/yolo_pkg) by extensions ['colcon_pkg']
[0.841s] Level 1:colcon.colcon_core.package_identification:_identify(src/yolo_pkg) by extension 'colcon_pkg'
[0.842s] Level 1:colcon.colcon_core.package_identification:_identify(src/yolo_pkg) by extensions ['colcon_meta']
[0.842s] Level 1:colcon.colcon_core.package_identification:_identify(src/yolo_pkg) by extension 'colcon_meta'
[0.842s] Level 1:colcon.colcon_core.package_identification:_identify(src/yolo_pkg) by extensions ['ros']
[0.842s] Level 1:colcon.colcon_core.package_identification:_identify(src/yolo_pkg) by extension 'ros'
[0.843s] DEBUG:colcon.colcon_core.package_identification:Package 'src/yolo_pkg' with type 'ros.ament_python' and name 'yolo_pkg'
[0.843s] Level 1:colcon.colcon_core.package_discovery:discover_packages(recursive) using defaults
[0.843s] Level 1:colcon.colcon_core.package_discovery:discover_packages(ignore) discover
[0.843s] Level 1:colcon.colcon_core.package_discovery:discover_packages(ignore) using defaults
[0.843s] Level 1:colcon.colcon_core.package_discovery:discover_packages(path) discover
[0.843s] Level 1:colcon.colcon_core.package_discovery:discover_packages(path) using defaults
[0.885s] Level 1:colcon.colcon_core.package_discovery:discover_packages(prefix_path) check parameters
[0.885s] Level 1:colcon.colcon_core.package_discovery:discover_packages(prefix_path) discover
[0.890s] DEBUG:colcon.colcon_installed_package_information.package_discovery:Found 2 installed packages in /home/ksh/yolo_ws/install
[0.893s] DEBUG:colcon.colcon_installed_package_information.package_discovery:Found 385 installed packages in /opt/ros/humble
[0.897s] Level 1:colcon.colcon_core.package_discovery:discover_packages(prefix_path) using defaults
[1.010s] Level 5:colcon.colcon_core.verb:set package 'yolo_inference' build argument 'cmake_args' from command line to 'None'
[1.010s] Level 5:colcon.colcon_core.verb:set package 'yolo_inference' build argument 'cmake_target' from command line to 'None'
[1.010s] Level 5:colcon.colcon_core.verb:set package 'yolo_inference' build argument 'cmake_target_skip_unavailable' from command line to 'False'
[1.010s] Level 5:colcon.colcon_core.verb:set package 'yolo_inference' build argument 'cmake_clean_cache' from command line to 'False'
[1.010s] Level 5:colcon.colcon_core.verb:set package 'yolo_inference' build argument 'cmake_clean_first' from command line to 'False'
[1.010s] Level 5:colcon.colcon_core.verb:set package 'yolo_inference' build argument 'cmake_force_configure' from command line to 'False'
[1.010s] Level 5:colcon.colcon_core.verb:set package 'yolo_inference' build argument 'ament_cmake_args' from command line to 'None'
[1.010s] Level 5:colcon.colcon_core.verb:set package 'yolo_inference' build argument 'catkin_cmake_args' from command line to 'None'
[1.010s] Level 5:colcon.colcon_core.verb:set package 'yolo_inference' build argument 'catkin_skip_building_tests' from command line to 'False'
[1.010s] DEBUG:colcon.colcon_core.verb:Building package 'yolo_inference' with the following arguments: {'ament_cmake_args': None, 'build_base': '/home/ksh/yolo_ws/build/yolo_inference', 'catkin_cmake_args': None, 'catkin_skip_building_tests': False, 'cmake_args': None, 'cmake_clean_cache': False, 'cmake_clean_first': False, 'cmake_force_configure': False, 'cmake_target': None, 'cmake_target_skip_unavailable': False, 'install_base': '/home/ksh/yolo_ws/install/yolo_inference', 'merge_install': False, 'path': '/home/ksh/yolo_ws/src/yolo_inference', 'symlink_install': False, 'test_result_base': None}
[1.011s] Level 5:colcon.colcon_core.verb:set package 'yolo_pkg' build argument 'cmake_args' from command line to 'None'
[1.011s] Level 5:colcon.colcon_core.verb:set package 'yolo_pkg' build argument 'cmake_target' from command line to 'None'
[1.011s] Level 5:colcon.colcon_core.verb:set package 'yolo_pkg' build argument 'cmake_target_skip_unavailable' from command line to 'False'
[1.011s] Level 5:colcon.colcon_core.verb:set package 'yolo_pkg' build argument 'cmake_clean_cache' from command line to 'False'
[1.012s] Level 5:colcon.colcon_core.verb:set package 'yolo_pkg' build argument 'cmake_clean_first' from command line to 'False'
[1.012s] Level 5:colcon.colcon_core.verb:set package 'yolo_pkg' build argument 'cmake_force_configure' from command line to 'False'
[1.012s] Level 5:colcon.colcon_core.verb:set package 'yolo_pkg' build argument 'ament_cmake_args' from command line to 'None'
[1.012s] Level 5:colcon.colcon_core.verb:set package 'yolo_pkg' build argument 'catkin_cmake_args' from command line to 'None'
[1.012s] Level 5:colcon.colcon_core.verb:set package 'yolo_pkg' build argument 'catkin_skip_building_tests' from command line to 'False'
[1.012s] DEBUG:colcon.colcon_core.verb:Building package 'yolo_pkg' with the following arguments: {'ament_cmake_args': None, 'build_base': '/home/ksh/yolo_ws/build/yolo_pkg', 'catkin_cmake_args': None, 'catkin_skip_building_tests': False, 'cmake_args': None, 'cmake_clean_cache': False, 'cmake_clean_first': False, 'cmake_force_configure': False, 'cmake_target': None, 'cmake_target_skip_unavailable': False, 'install_base': '/home/ksh/yolo_ws/install/yolo_pkg', 'merge_install': False, 'path': '/home/ksh/yolo_ws/src/yolo_pkg', 'symlink_install': False, 'test_result_base': None}
[1.012s] INFO:colcon.colcon_core.executor:Executing jobs using 'parallel' executor
[1.016s] DEBUG:colcon.colcon_parallel_executor.executor.parallel:run_until_complete
[1.016s] INFO:colcon.colcon_ros.task.ament_cmake.build:Building ROS package in '/home/ksh/yolo_ws/src/yolo_inference' with build type 'ament_cmake'
[1.016s] INFO:colcon.colcon_cmake.task.cmake.build:Building CMake package in '/home/ksh/yolo_ws/src/yolo_inference'
[1.020s] INFO:colcon.colcon_core.plugin_system:Skipping extension 'colcon_core.shell.bat': Not used on non-Windows systems
[1.021s] INFO:colcon.colcon_core.shell:Skip shell extension 'powershell' for command environment: Not usable outside of PowerShell
[1.021s] DEBUG:colcon.colcon_core.shell:Skip shell extension 'dsv' for command environment
[1.026s] INFO:colcon.colcon_ros.task.ament_python.build:Building ROS package in '/home/ksh/yolo_ws/src/yolo_pkg' with build type 'ament_python'
[1.026s] Level 1:colcon.colcon_core.shell:create_environment_hook('yolo_pkg', 'ament_prefix_path')
[1.030s] INFO:colcon.colcon_core.shell:Creating environment hook '/home/ksh/yolo_ws/install/yolo_pkg/share/yolo_pkg/hook/ament_prefix_path.ps1'
[1.031s] INFO:colcon.colcon_core.shell:Creating environment descriptor '/home/ksh/yolo_ws/install/yolo_pkg/share/yolo_pkg/hook/ament_prefix_path.dsv'
[1.032s] INFO:colcon.colcon_core.shell:Creating environment hook '/home/ksh/yolo_ws/install/yolo_pkg/share/yolo_pkg/hook/ament_prefix_path.sh'
[1.035s] INFO:colcon.colcon_core.shell:Skip shell extension 'powershell' for command environment: Not usable outside of PowerShell
[1.035s] DEBUG:colcon.colcon_core.shell:Skip shell extension 'dsv' for command environment
[1.047s] DEBUG:colcon.colcon_core.event_handler.log_command:Invoking command in '/home/ksh/yolo_ws/build/yolo_inference': CMAKE_PREFIX_PATH=${CMAKE_PREFIX_PATH}:/home/ksh/yolo_ws/install/yolo_pkg:/opt/ros/humble /home/ksh/.local/bin/cmake --build /home/ksh/yolo_ws/build/yolo_inference -- -j8 -l8
[1.505s] INFO:colcon.colcon_core.task.python.build:Building Python package in '/home/ksh/yolo_ws/src/yolo_pkg'
[1.507s] INFO:colcon.colcon_core.shell:Skip shell extension 'powershell' for command environment: Not usable outside of PowerShell
[1.507s] DEBUG:colcon.colcon_core.shell:Skip shell extension 'dsv' for command environment
[1.684s] DEBUG:colcon.colcon_core.event_handler.log_command:Invoked command in '/home/ksh/yolo_ws/build/yolo_inference' returned '0': CMAKE_PREFIX_PATH=${CMAKE_PREFIX_PATH}:/home/ksh/yolo_ws/install/yolo_pkg:/opt/ros/humble /home/ksh/.local/bin/cmake --build /home/ksh/yolo_ws/build/yolo_inference -- -j8 -l8
[1.933s] DEBUG:colcon.colcon_core.event_handler.log_command:Invoking command in '/home/ksh/yolo_ws/build/yolo_inference': CMAKE_PREFIX_PATH=${CMAKE_PREFIX_PATH}:/home/ksh/yolo_ws/install/yolo_pkg:/opt/ros/humble /home/ksh/.local/bin/cmake --install /home/ksh/yolo_ws/build/yolo_inference
[2.076s] Level 1:colcon.colcon_core.environment:create_environment_scripts_only(yolo_inference)
[2.077s] DEBUG:colcon.colcon_core.event_handler.log_command:Invoked command in '/home/ksh/yolo_ws/build/yolo_inference' returned '0': CMAKE_PREFIX_PATH=${CMAKE_PREFIX_PATH}:/home/ksh/yolo_ws/install/yolo_pkg:/opt/ros/humble /home/ksh/.local/bin/cmake --install /home/ksh/yolo_ws/build/yolo_inference
[2.082s] Level 1:colcon.colcon_core.environment:checking '/home/ksh/yolo_ws/install/yolo_inference' for CMake module files
[2.083s] Level 1:colcon.colcon_core.environment:checking '/home/ksh/yolo_ws/install/yolo_inference' for CMake config files
[2.083s] Level 1:colcon.colcon_core.shell:create_environment_hook('yolo_inference', 'cmake_prefix_path')
[2.085s] INFO:colcon.colcon_core.shell:Creating environment hook '/home/ksh/yolo_ws/install/yolo_inference/share/yolo_inference/hook/cmake_prefix_path.ps1'
[2.085s] INFO:colcon.colcon_core.shell:Creating environment descriptor '/home/ksh/yolo_ws/install/yolo_inference/share/yolo_inference/hook/cmake_prefix_path.dsv'
[2.086s] INFO:colcon.colcon_core.shell:Creating environment hook '/home/ksh/yolo_ws/install/yolo_inference/share/yolo_inference/hook/cmake_prefix_path.sh'
[2.086s] Level 1:colcon.colcon_core.environment:checking '/home/ksh/yolo_ws/install/yolo_inference/lib'
[2.087s] Level 1:colcon.colcon_core.shell:create_environment_hook('yolo_inference', 'ld_library_path_lib')
[2.088s] INFO:colcon.colcon_core.shell:Creating environment hook '/home/ksh/yolo_ws/install/yolo_inference/share/yolo_inference/hook/ld_library_path_lib.ps1'
[2.089s] INFO:colcon.colcon_core.shell:Creating environment descriptor '/home/ksh/yolo_ws/install/yolo_inference/share/yolo_inference/hook/ld_library_path_lib.dsv'
[2.089s] INFO:colcon.colcon_core.shell:Creating environment hook '/home/ksh/yolo_ws/install/yolo_inference/share/yolo_inference/hook/ld_library_path_lib.sh'
[2.090s] Level 1:colcon.colcon_core.environment:checking '/home/ksh/yolo_ws/install/yolo_inference/bin'
[2.090s] Level 1:colcon.colcon_core.environment:checking '/home/ksh/yolo_ws/install/yolo_inference/lib/pkgconfig/yolo_inference.pc'
[2.091s] Level 1:colcon.colcon_core.environment:checking '/home/ksh/yolo_ws/install/yolo_inference/lib/python3.10/site-packages'
[2.097s] Level 1:colcon.colcon_core.environment:checking '/home/ksh/yolo_ws/install/yolo_inference/bin'
[2.099s] INFO:colcon.colcon_core.shell:Creating package script '/home/ksh/yolo_ws/install/yolo_inference/share/yolo_inference/package.ps1'
[2.101s] INFO:colcon.colcon_core.shell:Creating package descriptor '/home/ksh/yolo_ws/install/yolo_inference/share/yolo_inference/package.dsv'
[2.101s] INFO:colcon.colcon_core.shell:Creating package script '/home/ksh/yolo_ws/install/yolo_inference/share/yolo_inference/package.sh'
[2.102s] INFO:colcon.colcon_core.shell:Creating package script '/home/ksh/yolo_ws/install/yolo_inference/share/yolo_inference/package.bash'
[2.103s] INFO:colcon.colcon_core.shell:Creating package script '/home/ksh/yolo_ws/install/yolo_inference/share/yolo_inference/package.zsh'
[2.104s] Level 1:colcon.colcon_core.environment:create_file_with_runtime_dependencies(/home/ksh/yolo_ws/install/yolo_inference/share/colcon-core/packages/yolo_inference)
[2.229s] DEBUG:colcon.colcon_core.event_handler.log_command:Invoking command in '/home/ksh/yolo_ws/src/yolo_pkg': PYTHONPATH=/home/ksh/yolo_ws/build/yolo_pkg/prefix_override:/home/ksh/yolo_ws/install/yolo_pkg/lib/python3.10/site-packages:${PYTHONPATH} /usr/bin/python3 setup.py egg_info --egg-base ../../build/yolo_pkg build --build-base /home/ksh/yolo_ws/build/yolo_pkg/build install --record /home/ksh/yolo_ws/build/yolo_pkg/install.log --single-version-externally-managed
[2.276s] Level 1:colcon.colcon_core.environment:create_environment_scripts_only(yolo_inference)
[2.279s] Level 1:colcon.colcon_core.environment:checking '/home/ksh/yolo_ws/install/yolo_inference' for CMake module files
[2.280s] Level 1:colcon.colcon_core.environment:checking '/home/ksh/yolo_ws/install/yolo_inference' for CMake config files
[2.281s] Level 1:colcon.colcon_core.shell:create_environment_hook('yolo_inference', 'cmake_prefix_path')
[2.283s] INFO:colcon.colcon_core.shell:Creating environment hook '/home/ksh/yolo_ws/install/yolo_inference/share/yolo_inference/hook/cmake_prefix_path.ps1'
[2.284s] INFO:colcon.colcon_core.shell:Creating environment descriptor '/home/ksh/yolo_ws/install/yolo_inference/share/yolo_inference/hook/cmake_prefix_path.dsv'
[2.284s] INFO:colcon.colcon_core.shell:Creating environment hook '/home/ksh/yolo_ws/install/yolo_inference/share/yolo_inference/hook/cmake_prefix_path.sh'
[2.285s] Level 1:colcon.colcon_core.environment:checking '/home/ksh/yolo_ws/install/yolo_inference/lib'
[2.285s] Level 1:colcon.colcon_core.shell:create_environment_hook('yolo_inference', 'ld_library_path_lib')
[2.287s] INFO:colcon.colcon_core.shell:Creating environment hook '/home/ksh/yolo_ws/install/yolo_inference/share/yolo_inference/hook/ld_library_path_lib.ps1'
[2.288s] INFO:colcon.colcon_core.shell:Creating environment descriptor '/home/ksh/yolo_ws/install/yolo_inference/share/yolo_inference/hook/ld_library_path_lib.dsv'
[2.288s] INFO:colcon.colcon_core.shell:Creating environment hook '/home/ksh/yolo_ws/install/yolo_inference/share/yolo_inference/hook/ld_library_path_lib.sh'
[2.288s] Level 1:colcon.colcon_core.environment:checking '/home/ksh/yolo_ws/install/yolo_inference/bin'
[2.289s] Level 1:colcon.colcon_core.environment:checking '/home/ksh/yolo_ws/install/yolo_inference/lib/pkgconfig/yolo_inference.pc'
[2.289s] Level 1:colcon.colcon_core.environment:checking '/home/ksh/yolo_ws/install/yolo_inference/lib/python3.10/site-packages'
[2.289s] Level 1:colcon.colcon_core.environment:checking '/home/ksh/yolo_ws/install/yolo_inference/bin'
[2.295s] INFO:colcon.colcon_core.shell:Creating package script '/home/ksh/yolo_ws/install/yolo_inference/share/yolo_inference/package.ps1'
[2.296s] INFO:colcon.colcon_core.shell:Creating package descriptor '/home/ksh/yolo_ws/install/yolo_inference/share/yolo_inference/package.dsv'
[2.297s] INFO:colcon.colcon_core.shell:Creating package script '/home/ksh/yolo_ws/install/yolo_inference/share/yolo_inference/package.sh'
[2.298s] INFO:colcon.colcon_core.shell:Creating package script '/home/ksh/yolo_ws/install/yolo_inference/share/yolo_inference/package.bash'
[2.298s] INFO:colcon.colcon_core.shell:Creating package script '/home/ksh/yolo_ws/install/yolo_inference/share/yolo_inference/package.zsh'
[2.299s] Level 1:colcon.colcon_core.environment:create_file_with_runtime_dependencies(/home/ksh/yolo_ws/install/yolo_inference/share/colcon-core/packages/yolo_inference)
[2.785s] Level 1:colcon.colcon_core.environment:checking '/home/ksh/yolo_ws/install/yolo_pkg' for CMake module files
[2.786s] DEBUG:colcon.colcon_core.event_handler.log_command:Invoked command in '/home/ksh/yolo_ws/src/yolo_pkg' returned '0': PYTHONPATH=/home/ksh/yolo_ws/build/yolo_pkg/prefix_override:/home/ksh/yolo_ws/install/yolo_pkg/lib/python3.10/site-packages:${PYTHONPATH} /usr/bin/python3 setup.py egg_info --egg-base ../../build/yolo_pkg build --build-base /home/ksh/yolo_ws/build/yolo_pkg/build install --record /home/ksh/yolo_ws/build/yolo_pkg/install.log --single-version-externally-managed
[2.787s] Level 1:colcon.colcon_core.environment:checking '/home/ksh/yolo_ws/install/yolo_pkg' for CMake config files
[2.788s] Level 1:colcon.colcon_core.environment:checking '/home/ksh/yolo_ws/install/yolo_pkg/lib'
[2.788s] Level 1:colcon.colcon_core.environment:checking '/home/ksh/yolo_ws/install/yolo_pkg/bin'
[2.788s] Level 1:colcon.colcon_core.environment:checking '/home/ksh/yolo_ws/install/yolo_pkg/lib/pkgconfig/yolo_pkg.pc'
[2.788s] Level 1:colcon.colcon_core.environment:checking '/home/ksh/yolo_ws/install/yolo_pkg/lib/python3.10/site-packages'
[2.788s] Level 1:colcon.colcon_core.shell:create_environment_hook('yolo_pkg', 'pythonpath')
[2.791s] INFO:colcon.colcon_core.shell:Creating environment hook '/home/ksh/yolo_ws/install/yolo_pkg/share/yolo_pkg/hook/pythonpath.ps1'
[2.792s] INFO:colcon.colcon_core.shell:Creating environment descriptor '/home/ksh/yolo_ws/install/yolo_pkg/share/yolo_pkg/hook/pythonpath.dsv'
[2.792s] INFO:colcon.colcon_core.shell:Creating environment hook '/home/ksh/yolo_ws/install/yolo_pkg/share/yolo_pkg/hook/pythonpath.sh'
[2.793s] Level 1:colcon.colcon_core.environment:checking '/home/ksh/yolo_ws/install/yolo_pkg/bin'
[2.793s] Level 1:colcon.colcon_core.environment:create_environment_scripts_only(yolo_pkg)
[2.795s] INFO:colcon.colcon_core.shell:Creating package script '/home/ksh/yolo_ws/install/yolo_pkg/share/yolo_pkg/package.ps1'
[2.796s] INFO:colcon.colcon_core.shell:Creating package descriptor '/home/ksh/yolo_ws/install/yolo_pkg/share/yolo_pkg/package.dsv'
[2.797s] INFO:colcon.colcon_core.shell:Creating package script '/home/ksh/yolo_ws/install/yolo_pkg/share/yolo_pkg/package.sh'
[2.797s] INFO:colcon.colcon_core.shell:Creating package script '/home/ksh/yolo_ws/install/yolo_pkg/share/yolo_pkg/package.bash'
[2.798s] INFO:colcon.colcon_core.shell:Creating package script '/home/ksh/yolo_ws/install/yolo_pkg/share/yolo_pkg/package.zsh'
[2.798s] Level 1:colcon.colcon_core.environment:create_file_with_runtime_dependencies(/home/ksh/yolo_ws/install/yolo_pkg/share/colcon-core/packages/yolo_pkg)
[2.798s] DEBUG:colcon.colcon_parallel_executor.executor.parallel:closing loop
[2.799s] DEBUG:colcon.colcon_parallel_executor.executor.parallel:loop closed
[2.799s] DEBUG:colcon.colcon_parallel_executor.executor.parallel:run_until_complete finished with '0'
[2.799s] DEBUG:colcon.colcon_core.event_reactor:joining thread
[2.807s] INFO:colcon.colcon_core.plugin_system:Skipping extension 'colcon_notification.desktop_notification.terminal_notifier': Not used on non-Darwin systems
[2.807s] INFO:colcon.colcon_core.plugin_system:Skipping extension 'colcon_notification.desktop_notification.win32': Not used on non-Windows systems
[2.807s] INFO:colcon.colcon_notification.desktop_notification:Sending desktop notification using 'notify2'
[2.828s] DEBUG:colcon.colcon_core.event_reactor:joined thread
[2.832s] INFO:colcon.colcon_core.shell:Creating prefix script '/home/ksh/yolo_ws/install/local_setup.ps1'
[2.833s] INFO:colcon.colcon_core.shell:Creating prefix util module '/home/ksh/yolo_ws/install/_local_setup_util_ps1.py'
[2.836s] INFO:colcon.colcon_core.shell:Creating prefix chain script '/home/ksh/yolo_ws/install/setup.ps1'
[2.839s] INFO:colcon.colcon_core.shell:Creating prefix script '/home/ksh/yolo_ws/install/local_setup.sh'
[2.840s] INFO:colcon.colcon_core.shell:Creating prefix util module '/home/ksh/yolo_ws/install/_local_setup_util_sh.py'
[2.840s] INFO:colcon.colcon_core.shell:Creating prefix chain script '/home/ksh/yolo_ws/install/setup.sh'
[2.843s] INFO:colcon.colcon_core.shell:Creating prefix script '/home/ksh/yolo_ws/install/local_setup.bash'
[2.844s] INFO:colcon.colcon_core.shell:Creating prefix chain script '/home/ksh/yolo_ws/install/setup.bash'
[2.846s] INFO:colcon.colcon_core.shell:Creating prefix script '/home/ksh/yolo_ws/install/local_setup.zsh'
[2.847s] INFO:colcon.colcon_core.shell:Creating prefix chain script '/home/ksh/yolo_ws/install/setup.zsh'
