[0.396s] Invoking command in '/home/gomi/ros2_study/src/my_first_package': PYTHONPATH=/home/gomi/ros2_study/build/my_first_package/prefix_override:/home/gomi/ros2_study/install/my_first_package/lib/python3.10/site-packages:${PYTHONPATH} /usr/bin/python3 setup.py egg_info --egg-base ../../build/my_first_package build --build-base /home/gomi/ros2_study/build/my_first_package/build install --record /home/gomi/ros2_study/build/my_first_package/install.log --single-version-externally-managed
[0.550s] running egg_info
[0.550s] writing ../../build/my_first_package/my_first_package.egg-info/PKG-INFO
[0.551s] writing dependency_links to ../../build/my_first_package/my_first_package.egg-info/dependency_links.txt
[0.551s] writing entry points to ../../build/my_first_package/my_first_package.egg-info/entry_points.txt
[0.551s] writing requirements to ../../build/my_first_package/my_first_package.egg-info/requires.txt
[0.551s] writing top-level names to ../../build/my_first_package/my_first_package.egg-info/top_level.txt
[0.552s] reading manifest file '../../build/my_first_package/my_first_package.egg-info/SOURCES.txt'
[0.552s] writing manifest file '../../build/my_first_package/my_first_package.egg-info/SOURCES.txt'
[0.552s] running build
[0.552s] running build_py
[0.553s] copying my_first_package/my_service_server.py -> /home/gomi/ros2_study/build/my_first_package/build/lib/my_first_package
[0.553s] running install
[0.554s] /usr/lib/python3/dist-packages/setuptools/command/install.py:34: SetuptoolsDeprecationWarning: setup.py install is deprecated. Use build and pip and other standards-based tools.
[0.554s]   warnings.warn(
[0.554s] running install_lib
[0.554s] copying /home/gomi/ros2_study/build/my_first_package/build/lib/my_first_package/my_service_server.py -> /home/gomi/ros2_study/install/my_first_package/lib/python3.10/site-packages/my_first_package
[0.555s] byte-compiling /home/gomi/ros2_study/install/my_first_package/lib/python3.10/site-packages/my_first_package/my_service_server.py to my_service_server.cpython-310.pyc
[0.555s] running install_data
[0.556s] running install_egg_info
[0.557s] removing '/home/gomi/ros2_study/install/my_first_package/lib/python3.10/site-packages/my_first_package-0.0.0-py3.10.egg-info' (and everything under it)
[0.557s] Copying ../../build/my_first_package/my_first_package.egg-info to /home/gomi/ros2_study/install/my_first_package/lib/python3.10/site-packages/my_first_package-0.0.0-py3.10.egg-info
[0.557s] running install_scripts
[0.571s] Installing my_first_node script to /home/gomi/ros2_study/install/my_first_package/lib/my_first_package
[0.571s] Installing my_publisher script to /home/gomi/ros2_study/install/my_first_package/lib/my_first_package
[0.571s] Installing my_service_server script to /home/gomi/ros2_study/install/my_first_package/lib/my_first_package
[0.571s] Installing my_subscriber script to /home/gomi/ros2_study/install/my_first_package/lib/my_first_package
[0.571s] Installing turtle_cmd_and_pose script to /home/gomi/ros2_study/install/my_first_package/lib/my_first_package
[0.571s] writing list of installed files to '/home/gomi/ros2_study/build/my_first_package/install.log'
[0.589s] Invoked command in '/home/gomi/ros2_study/src/my_first_package' returned '0': PYTHONPATH=/home/gomi/ros2_study/build/my_first_package/prefix_override:/home/gomi/ros2_study/install/my_first_package/lib/python3.10/site-packages:${PYTHONPATH} /usr/bin/python3 setup.py egg_info --egg-base ../../build/my_first_package build --build-base /home/gomi/ros2_study/build/my_first_package/build install --record /home/gomi/ros2_study/build/my_first_package/install.log --single-version-externally-managed
