[0.487s] Invoking command in '/home/gomi/dev_ws/SRA/aruco_ros2/src/aruco_pkg': PYTHONPATH=/home/gomi/dev_ws/SRA/aruco_ros2/build/aruco_pkg/prefix_override:/home/gomi/dev_ws/SRA/aruco_ros2/install/aruco_pkg/lib/python3.10/site-packages:${PYTHONPATH} /usr/bin/python3 setup.py egg_info --egg-base ../../build/aruco_pkg build --build-base /home/gomi/dev_ws/SRA/aruco_ros2/build/aruco_pkg/build install --record /home/gomi/dev_ws/SRA/aruco_ros2/build/aruco_pkg/install.log --single-version-externally-managed
[0.663s] running egg_info
[0.663s] writing ../../build/aruco_pkg/aruco_pkg.egg-info/PKG-INFO
[0.663s] writing dependency_links to ../../build/aruco_pkg/aruco_pkg.egg-info/dependency_links.txt
[0.663s] writing entry points to ../../build/aruco_pkg/aruco_pkg.egg-info/entry_points.txt
[0.663s] writing requirements to ../../build/aruco_pkg/aruco_pkg.egg-info/requires.txt
[0.663s] writing top-level names to ../../build/aruco_pkg/aruco_pkg.egg-info/top_level.txt
[0.665s] reading manifest file '../../build/aruco_pkg/aruco_pkg.egg-info/SOURCES.txt'
[0.665s] writing manifest file '../../build/aruco_pkg/aruco_pkg.egg-info/SOURCES.txt'
[0.666s] running build
[0.666s] running build_py
[0.666s] copying aruco_pkg/tf_broadcast_node.py -> /home/gomi/dev_ws/SRA/aruco_ros2/build/aruco_pkg/build/lib/aruco_pkg
[0.666s] copying aruco_pkg/aruco_5_recognition_node.py -> /home/gomi/dev_ws/SRA/aruco_ros2/build/aruco_pkg/build/lib/aruco_pkg
[0.666s] running install
[0.666s] /usr/lib/python3/dist-packages/setuptools/command/install.py:34: SetuptoolsDeprecationWarning: setup.py install is deprecated. Use build and pip and other standards-based tools.
[0.666s]   warnings.warn(
[0.666s] running install_lib
[0.667s] copying /home/gomi/dev_ws/SRA/aruco_ros2/build/aruco_pkg/build/lib/aruco_pkg/tf_broadcast_node.py -> /home/gomi/dev_ws/SRA/aruco_ros2/install/aruco_pkg/lib/python3.10/site-packages/aruco_pkg
[0.667s] copying /home/gomi/dev_ws/SRA/aruco_ros2/build/aruco_pkg/build/lib/aruco_pkg/aruco_5_recognition_node.py -> /home/gomi/dev_ws/SRA/aruco_ros2/install/aruco_pkg/lib/python3.10/site-packages/aruco_pkg
[0.668s] byte-compiling /home/gomi/dev_ws/SRA/aruco_ros2/install/aruco_pkg/lib/python3.10/site-packages/aruco_pkg/tf_broadcast_node.py to tf_broadcast_node.cpython-310.pyc
[0.668s]   File "/home/gomi/dev_ws/SRA/aruco_ros2/install/aruco_pkg/lib/python3.10/site-packages/aruco_pkg/tf_broadcast_node.py", line 45
[0.668s]     				self.get_logger().info("Transform lookup succeede: %s", % trans)
[0.668s]     				                                                        ^
[0.668s] SyntaxError: invalid syntax
[0.668s] 
[0.668s] byte-compiling /home/gomi/dev_ws/SRA/aruco_ros2/install/aruco_pkg/lib/python3.10/site-packages/aruco_pkg/aruco_5_recognition_node.py to aruco_5_recognition_node.cpython-310.pyc
[0.668s]   File "/home/gomi/dev_ws/SRA/aruco_ros2/install/aruco_pkg/lib/python3.10/site-packages/aruco_pkg/aruco_5_recognition_node.py", line 106
[0.668s]     (rotation matrix)
[0.668s]      ^^^^^^^^^^^^^^^
[0.669s] SyntaxError: f-string: invalid syntax. Perhaps you forgot a comma?
[0.669s] 
[0.669s] running install_data
[0.669s] running install_egg_info
[0.670s] removing '/home/gomi/dev_ws/SRA/aruco_ros2/install/aruco_pkg/lib/python3.10/site-packages/aruco_pkg-0.0.0-py3.10.egg-info' (and everything under it)
[0.670s] Copying ../../build/aruco_pkg/aruco_pkg.egg-info to /home/gomi/dev_ws/SRA/aruco_ros2/install/aruco_pkg/lib/python3.10/site-packages/aruco_pkg-0.0.0-py3.10.egg-info
[0.671s] running install_scripts
[0.685s] Installing image_publisher script to /home/gomi/dev_ws/SRA/aruco_ros2/install/aruco_pkg/lib/aruco_pkg
[0.685s] Installing marker_4X4_recognition script to /home/gomi/dev_ws/SRA/aruco_ros2/install/aruco_pkg/lib/aruco_pkg
[0.685s] Installing marker_5X5_recognition script to /home/gomi/dev_ws/SRA/aruco_ros2/install/aruco_pkg/lib/aruco_pkg
[0.685s] Installing marker_6X6_recognition script to /home/gomi/dev_ws/SRA/aruco_ros2/install/aruco_pkg/lib/aruco_pkg
[0.685s] Installing marker_7X7_recognition script to /home/gomi/dev_ws/SRA/aruco_ros2/install/aruco_pkg/lib/aruco_pkg
[0.686s] Installing transform_broadcaster script to /home/gomi/dev_ws/SRA/aruco_ros2/install/aruco_pkg/lib/aruco_pkg
[0.686s] writing list of installed files to '/home/gomi/dev_ws/SRA/aruco_ros2/build/aruco_pkg/install.log'
[0.705s] Invoked command in '/home/gomi/dev_ws/SRA/aruco_ros2/src/aruco_pkg' returned '0': PYTHONPATH=/home/gomi/dev_ws/SRA/aruco_ros2/build/aruco_pkg/prefix_override:/home/gomi/dev_ws/SRA/aruco_ros2/install/aruco_pkg/lib/python3.10/site-packages:${PYTHONPATH} /usr/bin/python3 setup.py egg_info --egg-base ../../build/aruco_pkg build --build-base /home/gomi/dev_ws/SRA/aruco_ros2/build/aruco_pkg/build install --record /home/gomi/dev_ws/SRA/aruco_ros2/build/aruco_pkg/install.log --single-version-externally-managed
