[0.845s] Invoking command in '/home/ksh/yolo_ws/src/yolo_pkg': PYTHONPATH=/home/ksh/yolo_ws/build/yolo_pkg/prefix_override:/home/ksh/yolo_ws/install/yolo_pkg/lib/python3.10/site-packages:${PYTHONPATH} /usr/bin/python3 setup.py egg_info --egg-base ../../build/yolo_pkg build --build-base /home/ksh/yolo_ws/build/yolo_pkg/build install --record /home/ksh/yolo_ws/build/yolo_pkg/install.log --single-version-externally-managed
[1.118s] running egg_info
[1.120s] writing ../../build/yolo_pkg/yolo_pkg.egg-info/PKG-INFO
[1.123s] writing dependency_links to ../../build/yolo_pkg/yolo_pkg.egg-info/dependency_links.txt
[1.123s] writing entry points to ../../build/yolo_pkg/yolo_pkg.egg-info/entry_points.txt
[1.123s] writing requirements to ../../build/yolo_pkg/yolo_pkg.egg-info/requires.txt
[1.123s] writing top-level names to ../../build/yolo_pkg/yolo_pkg.egg-info/top_level.txt
[1.123s] reading manifest file '../../build/yolo_pkg/yolo_pkg.egg-info/SOURCES.txt'
[1.124s] writing manifest file '../../build/yolo_pkg/yolo_pkg.egg-info/SOURCES.txt'
[1.124s] running build
[1.124s] running build_py
[1.125s] running install
[1.125s] /usr/lib/python3/dist-packages/setuptools/command/install.py:34: SetuptoolsDeprecationWarning: setup.py install is deprecated. Use build and pip and other standards-based tools.
[1.125s]   warnings.warn(
[1.127s] running install_lib
[1.130s] running install_data
[1.131s] running install_egg_info
[1.134s] removing '/home/ksh/yolo_ws/install/yolo_pkg/lib/python3.10/site-packages/yolo_pkg-0.0.0-py3.10.egg-info' (and everything under it)
[1.134s] Copying ../../build/yolo_pkg/yolo_pkg.egg-info to /home/ksh/yolo_ws/install/yolo_pkg/lib/python3.10/site-packages/yolo_pkg-0.0.0-py3.10.egg-info
[1.135s] running install_scripts
[1.154s] Installing image_publisher script to /home/ksh/yolo_ws/install/yolo_pkg/lib/yolo_pkg
[1.155s] Installing object_detect_publisher script to /home/ksh/yolo_ws/install/yolo_pkg/lib/yolo_pkg
[1.155s] Installing object_detect_subscriber script to /home/ksh/yolo_ws/install/yolo_pkg/lib/yolo_pkg
[1.156s] writing list of installed files to '/home/ksh/yolo_ws/build/yolo_pkg/install.log'
[1.200s] Invoked command in '/home/ksh/yolo_ws/src/yolo_pkg' returned '0': PYTHONPATH=/home/ksh/yolo_ws/build/yolo_pkg/prefix_override:/home/ksh/yolo_ws/install/yolo_pkg/lib/python3.10/site-packages:${PYTHONPATH} /usr/bin/python3 setup.py egg_info --egg-base ../../build/yolo_pkg build --build-base /home/ksh/yolo_ws/build/yolo_pkg/build install --record /home/ksh/yolo_ws/build/yolo_pkg/install.log --single-version-externally-managed
