[0.009s] Invoking command in '/home/gomi/pinkbot/build/minibot_interfaces': /home/gomi/.local/bin/cmake /home/gomi/pinkbot/src/pinklab_minibot_robot/minibot_interfaces -DCMAKE_INSTALL_PREFIX=/home/gomi/pinkbot/install/minibot_interfaces
[0.137s] -- The C compiler identification is GNU 11.3.0
[0.207s] -- The CXX compiler identification is GNU 11.3.0
[0.217s] -- Detecting C compiler ABI info
[0.264s] -- Detecting C compiler ABI info - done
[0.279s] -- Check for working C compiler: /usr/bin/cc - skipped
[0.279s] -- Detecting C compile features
[0.279s] -- Detecting C compile features - done
[0.283s] -- Detecting CXX compiler ABI info
[0.331s] -- Detecting CXX compiler ABI info - done
[0.340s] -- Check for working CXX compiler: /usr/bin/c++ - skipped
[0.341s] -- Detecting CXX compile features
[0.341s] -- Detecting CXX compile features - done
[0.349s] [31mCMake Error at CMakeLists.txt:9 (find_package):
[0.349s]   By not providing "Findament_cmake.cmake" in CMAKE_MODULE_PATH this project
[0.349s]   has asked CMake to find a package configuration file provided by
[0.349s]   "ament_cmake", but CMake did not find one.
[0.349s] 
[0.349s]   Could not find a package configuration file provided by "ament_cmake" with
[0.349s]   any of the following names:
[0.349s] 
[0.349s]     ament_cmakeConfig.cmake
[0.349s]     ament_cmake-config.cmake
[0.350s] 
[0.350s]   Add the installation prefix of "ament_cmake" to CMAKE_PREFIX_PATH or set
[0.350s]   "ament_cmake_DIR" to a directory containing one of the above files.  If
[0.350s]   "ament_cmake" provides a separate development package or SDK, be sure it
[0.350s]   has been installed.
[0.350s] 
[0.350s] [0m
[0.350s] -- Configuring incomplete, errors occurred!
[0.360s] Invoked command in '/home/gomi/pinkbot/build/minibot_interfaces' returned '1': /home/gomi/.local/bin/cmake /home/gomi/pinkbot/src/pinklab_minibot_robot/minibot_interfaces -DCMAKE_INSTALL_PREFIX=/home/gomi/pinkbot/install/minibot_interfaces
