[1.230s] Invoking command in '/home/ksh/dobot_ws/src/yolo_pkg': PYTHONPATH=/home/ksh/dobot_ws/build/yolo_pkg/prefix_override:/home/ksh/dobot_ws/install/yolo_pkg/lib/python3.10/site-packages:${PYTHONPATH} /usr/bin/python3 setup.py egg_info --egg-base ../../build/yolo_pkg build --build-base /home/ksh/dobot_ws/build/yolo_pkg/build install --record /home/ksh/dobot_ws/build/yolo_pkg/install.log --single-version-externally-managed
[1.579s] running egg_info
[1.580s] writing ../../build/yolo_pkg/yolo_pkg.egg-info/PKG-INFO
[1.580s] writing dependency_links to ../../build/yolo_pkg/yolo_pkg.egg-info/dependency_links.txt
[1.581s] writing entry points to ../../build/yolo_pkg/yolo_pkg.egg-info/entry_points.txt
[1.581s] writing requirements to ../../build/yolo_pkg/yolo_pkg.egg-info/requires.txt
[1.581s] writing top-level names to ../../build/yolo_pkg/yolo_pkg.egg-info/top_level.txt
[1.584s] reading manifest file '../../build/yolo_pkg/yolo_pkg.egg-info/SOURCES.txt'
[1.585s] writing manifest file '../../build/yolo_pkg/yolo_pkg.egg-info/SOURCES.txt'
[1.585s] running build
[1.585s] running build_py
[1.585s] copying yolo_pkg/object_detection_sub.py -> /home/ksh/dobot_ws/build/yolo_pkg/build/lib/yolo_pkg
[1.586s] running install
[1.586s] /usr/lib/python3/dist-packages/setuptools/command/install.py:34: SetuptoolsDeprecationWarning: setup.py install is deprecated. Use build and pip and other standards-based tools.
[1.586s]   warnings.warn(
[1.587s] running install_lib
[1.588s] copying /home/ksh/dobot_ws/build/yolo_pkg/build/lib/yolo_pkg/object_detection_sub.py -> /home/ksh/dobot_ws/install/yolo_pkg/lib/python3.10/site-packages/yolo_pkg
[1.589s] byte-compiling /home/ksh/dobot_ws/install/yolo_pkg/lib/python3.10/site-packages/yolo_pkg/object_detection_sub.py to object_detection_sub.cpython-310.pyc
[1.594s] running install_data
[1.595s] running install_egg_info
[1.598s] removing '/home/ksh/dobot_ws/install/yolo_pkg/lib/python3.10/site-packages/yolo_pkg-0.0.0-py3.10.egg-info' (and everything under it)
[1.598s] Copying ../../build/yolo_pkg/yolo_pkg.egg-info to /home/ksh/dobot_ws/install/yolo_pkg/lib/python3.10/site-packages/yolo_pkg-0.0.0-py3.10.egg-info
[1.599s] running install_scripts
[1.627s] Installing dobot_executor script to /home/ksh/dobot_ws/install/yolo_pkg/lib/yolo_pkg
[1.628s] Installing image_publisher script to /home/ksh/dobot_ws/install/yolo_pkg/lib/yolo_pkg
[1.628s] Installing object_detect_publisher script to /home/ksh/dobot_ws/install/yolo_pkg/lib/yolo_pkg
[1.628s] Installing object_detect_subscriber script to /home/ksh/dobot_ws/install/yolo_pkg/lib/yolo_pkg
[1.628s] writing list of installed files to '/home/ksh/dobot_ws/build/yolo_pkg/install.log'
[1.677s] Invoked command in '/home/ksh/dobot_ws/src/yolo_pkg' returned '0': PYTHONPATH=/home/ksh/dobot_ws/build/yolo_pkg/prefix_override:/home/ksh/dobot_ws/install/yolo_pkg/lib/python3.10/site-packages:${PYTHONPATH} /usr/bin/python3 setup.py egg_info --egg-base ../../build/yolo_pkg build --build-base /home/ksh/dobot_ws/build/yolo_pkg/build install --record /home/ksh/dobot_ws/build/yolo_pkg/install.log --single-version-externally-managed
