[0.602s] Invoking command in '/home/ksh/yolo_ws/src/yolo_pkg': PYTHONPATH=/home/ksh/yolo_ws/build/yolo_pkg/prefix_override:/home/ksh/yolo_ws/install/yolo_pkg/lib/python3.10/site-packages:${PYTHONPATH} /usr/bin/python3 setup.py egg_info --egg-base ../../build/yolo_pkg build --build-base /home/ksh/yolo_ws/build/yolo_pkg/build install --record /home/ksh/yolo_ws/build/yolo_pkg/install.log --single-version-externally-managed
[0.815s] running egg_info
[0.815s] writing ../../build/yolo_pkg/yolo_pkg.egg-info/PKG-INFO
[0.816s] writing dependency_links to ../../build/yolo_pkg/yolo_pkg.egg-info/dependency_links.txt
[0.816s] writing entry points to ../../build/yolo_pkg/yolo_pkg.egg-info/entry_points.txt
[0.816s] writing requirements to ../../build/yolo_pkg/yolo_pkg.egg-info/requires.txt
[0.816s] writing top-level names to ../../build/yolo_pkg/yolo_pkg.egg-info/top_level.txt
[0.817s] reading manifest file '../../build/yolo_pkg/yolo_pkg.egg-info/SOURCES.txt'
[0.817s] writing manifest file '../../build/yolo_pkg/yolo_pkg.egg-info/SOURCES.txt'
[0.817s] running build
[0.817s] running build_py
[0.818s] copying yolo_pkg/object_detection_sub.py -> /home/ksh/yolo_ws/build/yolo_pkg/build/lib/yolo_pkg
[0.818s] copying yolo_pkg/img_pub.py -> /home/ksh/yolo_ws/build/yolo_pkg/build/lib/yolo_pkg
[0.818s] running install
[0.818s] /usr/lib/python3/dist-packages/setuptools/command/install.py:34: SetuptoolsDeprecationWarning: setup.py install is deprecated. Use build and pip and other standards-based tools.
[0.818s]   warnings.warn(
[0.818s] running install_lib
[0.819s] copying /home/ksh/yolo_ws/build/yolo_pkg/build/lib/yolo_pkg/object_detection_sub.py -> /home/ksh/yolo_ws/install/yolo_pkg/lib/python3.10/site-packages/yolo_pkg
[0.819s] copying /home/ksh/yolo_ws/build/yolo_pkg/build/lib/yolo_pkg/img_pub.py -> /home/ksh/yolo_ws/install/yolo_pkg/lib/python3.10/site-packages/yolo_pkg
[0.819s] byte-compiling /home/ksh/yolo_ws/install/yolo_pkg/lib/python3.10/site-packages/yolo_pkg/object_detection_sub.py to object_detection_sub.cpython-310.pyc
[0.819s]   File "/home/ksh/yolo_ws/install/yolo_pkg/lib/python3.10/site-packages/yolo_pkg/object_detection_sub.py", line 15
[0.819s]     	def __init__(self)
[0.819s]     	                  ^
[0.819s] SyntaxError: expected ':'
[0.819s] 
[0.819s] byte-compiling /home/ksh/yolo_ws/install/yolo_pkg/lib/python3.10/site-packages/yolo_pkg/img_pub.py to img_pub.cpython-310.pyc
[0.819s] running install_data
[0.820s] running install_egg_info
[0.821s] removing '/home/ksh/yolo_ws/install/yolo_pkg/lib/python3.10/site-packages/yolo_pkg-0.0.0-py3.10.egg-info' (and everything under it)
[0.821s] Copying ../../build/yolo_pkg/yolo_pkg.egg-info to /home/ksh/yolo_ws/install/yolo_pkg/lib/python3.10/site-packages/yolo_pkg-0.0.0-py3.10.egg-info
[0.822s] running install_scripts
[0.837s] Installing image_publisher script to /home/ksh/yolo_ws/install/yolo_pkg/lib/yolo_pkg
[0.837s] Installing object_detect_publisher script to /home/ksh/yolo_ws/install/yolo_pkg/lib/yolo_pkg
[0.837s] Installing object_detect_subscriber script to /home/ksh/yolo_ws/install/yolo_pkg/lib/yolo_pkg
[0.837s] writing list of installed files to '/home/ksh/yolo_ws/build/yolo_pkg/install.log'
[0.857s] Invoked command in '/home/ksh/yolo_ws/src/yolo_pkg' returned '0': PYTHONPATH=/home/ksh/yolo_ws/build/yolo_pkg/prefix_override:/home/ksh/yolo_ws/install/yolo_pkg/lib/python3.10/site-packages:${PYTHONPATH} /usr/bin/python3 setup.py egg_info --egg-base ../../build/yolo_pkg build --build-base /home/ksh/yolo_ws/build/yolo_pkg/build install --record /home/ksh/yolo_ws/build/yolo_pkg/install.log --single-version-externally-managed
