[0.794s] Invoking command in '/home/gomi/ros2_study/build/yolox_ros_py': PYTHONPATH=/home/gomi/ros2_study/build/yolox_ros_py/prefix_override:/home/gomi/ros2_study/install/yolox_ros_py/lib/python3.10/site-packages:${PYTHONPATH} /usr/bin/python3 setup.py develop --editable --build-directory /home/gomi/ros2_study/build/yolox_ros_py/build --no-deps install_data
[0.989s] /usr/lib/python3/dist-packages/setuptools/dist.py:723: UserWarning: Usage of dash-separated 'script-dir' will not be supported in future versions. Please use the underscore name 'script_dir' instead
[0.989s]   warnings.warn(
[1.000s] running develop
[1.000s] /usr/lib/python3/dist-packages/setuptools/command/easy_install.py:158: EasyInstallDeprecationWarning: easy_install command is deprecated. Use build and pip and other standards-based tools.
[1.000s]   warnings.warn(
[1.002s] /usr/lib/python3/dist-packages/setuptools/command/install.py:34: SetuptoolsDeprecationWarning: setup.py install is deprecated. Use build and pip and other standards-based tools.
[1.002s]   warnings.warn(
[1.046s] /usr/lib/python3/dist-packages/pkg_resources/__init__.py:116: PkgResourcesDeprecationWarning: 1.16.0-unknown is an invalid version and will not be supported in a future release
[1.046s]   warnings.warn(
[1.047s] /usr/lib/python3/dist-packages/pkg_resources/__init__.py:116: PkgResourcesDeprecationWarning: 1.1build1 is an invalid version and will not be supported in a future release
[1.047s]   warnings.warn(
[1.047s] /usr/lib/python3/dist-packages/pkg_resources/__init__.py:116: PkgResourcesDeprecationWarning: 0.1.43ubuntu1 is an invalid version and will not be supported in a future release
[1.047s]   warnings.warn(
[1.137s] running egg_info
[1.137s] writing yolox_ros_py.egg-info/PKG-INFO
[1.138s] writing dependency_links to yolox_ros_py.egg-info/dependency_links.txt
[1.138s] writing entry points to yolox_ros_py.egg-info/entry_points.txt
[1.138s] writing requirements to yolox_ros_py.egg-info/requires.txt
[1.138s] writing top-level names to yolox_ros_py.egg-info/top_level.txt
[1.140s] reading manifest file 'yolox_ros_py.egg-info/SOURCES.txt'
[1.141s] writing manifest file 'yolox_ros_py.egg-info/SOURCES.txt'
[1.164s] running build_ext
[1.165s] Creating /home/gomi/ros2_study/install/yolox_ros_py/lib/python3.10/site-packages/yolox-ros-py.egg-link (link to .)
[1.165s] Installing yolox_onnx script to /home/gomi/ros2_study/install/yolox_ros_py/lib/yolox_ros_py
[1.165s] Installing yolox_openvino script to /home/gomi/ros2_study/install/yolox_ros_py/lib/yolox_ros_py
[1.165s] Installing yolox_ros script to /home/gomi/ros2_study/install/yolox_ros_py/lib/yolox_ros_py
[1.165s] Installing yolox_tflite script to /home/gomi/ros2_study/install/yolox_ros_py/lib/yolox_ros_py
[1.167s] 
[1.167s] Installed /home/gomi/ros2_study/build/yolox_ros_py
[1.167s] running install_data
[1.196s] Invoked command in '/home/gomi/ros2_study/build/yolox_ros_py' returned '0': PYTHONPATH=/home/gomi/ros2_study/build/yolox_ros_py/prefix_override:/home/gomi/ros2_study/install/yolox_ros_py/lib/python3.10/site-packages:${PYTHONPATH} /usr/bin/python3 setup.py develop --editable --build-directory /home/gomi/ros2_study/build/yolox_ros_py/build --no-deps install_data
