[0.438s] Invoking command in '/home/gomi/ros2_study/src/my_first_package': PYTHONPATH=/home/gomi/ros2_study/build/my_first_package/prefix_override:/home/gomi/ros2_study/install/my_first_package/lib/python3.10/site-packages:${PYTHONPATH} /usr/bin/python3 setup.py egg_info --egg-base ../../build/my_first_package build --build-base /home/gomi/ros2_study/build/my_first_package/build install --record /home/gomi/ros2_study/build/my_first_package/install.log --single-version-externally-managed
[0.605s] running egg_info
[0.606s] writing ../../build/my_first_package/my_first_package.egg-info/PKG-INFO
[0.606s] writing dependency_links to ../../build/my_first_package/my_first_package.egg-info/dependency_links.txt
[0.606s] writing entry points to ../../build/my_first_package/my_first_package.egg-info/entry_points.txt
[0.606s] writing requirements to ../../build/my_first_package/my_first_package.egg-info/requires.txt
[0.606s] writing top-level names to ../../build/my_first_package/my_first_package.egg-info/top_level.txt
[0.607s] reading manifest file '../../build/my_first_package/my_first_package.egg-info/SOURCES.txt'
[0.608s] writing manifest file '../../build/my_first_package/my_first_package.egg-info/SOURCES.txt'
[0.608s] running build
[0.608s] running build_py
[0.609s] copying my_first_package/turtle_cmd_and_pose.py -> /home/gomi/ros2_study/build/my_first_package/build/lib/my_first_package
[0.609s] running install
[0.609s] /usr/lib/python3/dist-packages/setuptools/command/install.py:34: SetuptoolsDeprecationWarning: setup.py install is deprecated. Use build and pip and other standards-based tools.
[0.609s]   warnings.warn(
[0.609s] running install_lib
[0.610s] copying /home/gomi/ros2_study/build/my_first_package/build/lib/my_first_package/turtle_cmd_and_pose.py -> /home/gomi/ros2_study/install/my_first_package/lib/python3.10/site-packages/my_first_package
[0.610s] byte-compiling /home/gomi/ros2_study/install/my_first_package/lib/python3.10/site-packages/my_first_package/turtle_cmd_and_pose.py to turtle_cmd_and_pose.cpython-310.pyc
[0.610s] running install_data
[0.611s] running install_egg_info
[0.612s] removing '/home/gomi/ros2_study/install/my_first_package/lib/python3.10/site-packages/my_first_package-0.0.0-py3.10.egg-info' (and everything under it)
[0.612s] Copying ../../build/my_first_package/my_first_package.egg-info to /home/gomi/ros2_study/install/my_first_package/lib/python3.10/site-packages/my_first_package-0.0.0-py3.10.egg-info
[0.613s] running install_scripts
[0.626s] Installing my_first_node script to /home/gomi/ros2_study/install/my_first_package/lib/my_first_package
[0.626s] Installing my_publisher script to /home/gomi/ros2_study/install/my_first_package/lib/my_first_package
[0.626s] Installing my_subscriber script to /home/gomi/ros2_study/install/my_first_package/lib/my_first_package
[0.626s] Installing turtle_cmd_and_pose script to /home/gomi/ros2_study/install/my_first_package/lib/my_first_package
[0.626s] writing list of installed files to '/home/gomi/ros2_study/build/my_first_package/install.log'
[0.648s] Invoked command in '/home/gomi/ros2_study/src/my_first_package' returned '0': PYTHONPATH=/home/gomi/ros2_study/build/my_first_package/prefix_override:/home/gomi/ros2_study/install/my_first_package/lib/python3.10/site-packages:${PYTHONPATH} /usr/bin/python3 setup.py egg_info --egg-base ../../build/my_first_package build --build-base /home/gomi/ros2_study/build/my_first_package/build install --record /home/gomi/ros2_study/build/my_first_package/install.log --single-version-externally-managed
