running develop
/usr/lib/python3/dist-packages/setuptools/command/easy_install.py:158: EasyInstallDeprecationWarning: easy_install command is deprecated. Use build and pip and other standards-based tools.
  warnings.warn(
/usr/lib/python3/dist-packages/setuptools/command/install.py:34: SetuptoolsDeprecationWarning: setup.py install is deprecated. Use build and pip and other standards-based tools.
  warnings.warn(
/usr/lib/python3/dist-packages/pkg_resources/__init__.py:116: PkgResourcesDeprecationWarning: 1.16.0-unknown is an invalid version and will not be supported in a future release
  warnings.warn(
/usr/lib/python3/dist-packages/pkg_resources/__init__.py:116: PkgResourcesDeprecationWarning: 1.1build1 is an invalid version and will not be supported in a future release
  warnings.warn(
/usr/lib/python3/dist-packages/pkg_resources/__init__.py:116: PkgResourcesDeprecationWarning: 0.1.43ubuntu1 is an invalid version and will not be supported in a future release
  warnings.warn(
running egg_info
writing my_first_package.egg-info/PKG-INFO
writing dependency_links to my_first_package.egg-info/dependency_links.txt
writing entry points to my_first_package.egg-info/entry_points.txt
writing requirements to my_first_package.egg-info/requires.txt
writing top-level names to my_first_package.egg-info/top_level.txt
reading manifest file 'my_first_package.egg-info/SOURCES.txt'
writing manifest file 'my_first_package.egg-info/SOURCES.txt'
running build_ext
Creating /home/gomi/ros2_study/install/my_first_package/lib/python3.10/site-packages/my-first-package.egg-link (link to .)
Installing dist_turtle_action_server script to /home/gomi/ros2_study/install/my_first_package/lib/my_first_package
Installing my_first_node script to /home/gomi/ros2_study/install/my_first_package/lib/my_first_package
Installing my_multi_thread script to /home/gomi/ros2_study/install/my_first_package/lib/my_first_package
Installing my_publisher script to /home/gomi/ros2_study/install/my_first_package/lib/my_first_package
Installing my_service_server script to /home/gomi/ros2_study/install/my_first_package/lib/my_first_package
Installing my_subscriber script to /home/gomi/ros2_study/install/my_first_package/lib/my_first_package
Installing turtle_cmd_and_pose script to /home/gomi/ros2_study/install/my_first_package/lib/my_first_package

Installed /home/gomi/ros2_study/build/my_first_package
running install_data
