[0.781s] Invoking command in '/home/gomi/ros2_study/build/my_first_package': PYTHONPATH=/home/gomi/ros2_study/build/my_first_package/prefix_override:/home/gomi/ros2_study/install/my_first_package/lib/python3.10/site-packages:${PYTHONPATH} /usr/bin/python3 setup.py develop --editable --build-directory /home/gomi/ros2_study/build/my_first_package/build --no-deps install_data
[0.984s] running develop
[0.985s] /usr/lib/python3/dist-packages/setuptools/command/easy_install.py:158: EasyInstallDeprecationWarning: easy_install command is deprecated. Use build and pip and other standards-based tools.
[0.985s]   warnings.warn(
[0.986s] /usr/lib/python3/dist-packages/setuptools/command/install.py:34: SetuptoolsDeprecationWarning: setup.py install is deprecated. Use build and pip and other standards-based tools.
[0.986s]   warnings.warn(
[1.030s] /usr/lib/python3/dist-packages/pkg_resources/__init__.py:116: PkgResourcesDeprecationWarning: 1.16.0-unknown is an invalid version and will not be supported in a future release
[1.031s]   warnings.warn(
[1.031s] /usr/lib/python3/dist-packages/pkg_resources/__init__.py:116: PkgResourcesDeprecationWarning: 1.1build1 is an invalid version and will not be supported in a future release
[1.031s]   warnings.warn(
[1.031s] /usr/lib/python3/dist-packages/pkg_resources/__init__.py:116: PkgResourcesDeprecationWarning: 0.1.43ubuntu1 is an invalid version and will not be supported in a future release
[1.031s]   warnings.warn(
[1.119s] running egg_info
[1.119s] writing my_first_package.egg-info/PKG-INFO
[1.119s] writing dependency_links to my_first_package.egg-info/dependency_links.txt
[1.120s] writing entry points to my_first_package.egg-info/entry_points.txt
[1.120s] writing requirements to my_first_package.egg-info/requires.txt
[1.120s] writing top-level names to my_first_package.egg-info/top_level.txt
[1.122s] reading manifest file 'my_first_package.egg-info/SOURCES.txt'
[1.122s] writing manifest file 'my_first_package.egg-info/SOURCES.txt'
[1.144s] running build_ext
[1.144s] Creating /home/gomi/ros2_study/install/my_first_package/lib/python3.10/site-packages/my-first-package.egg-link (link to .)
[1.144s] Installing dist_turtle_action_server script to /home/gomi/ros2_study/install/my_first_package/lib/my_first_package
[1.145s] Installing my_first_node script to /home/gomi/ros2_study/install/my_first_package/lib/my_first_package
[1.145s] Installing my_multi_thread script to /home/gomi/ros2_study/install/my_first_package/lib/my_first_package
[1.145s] Installing my_publisher script to /home/gomi/ros2_study/install/my_first_package/lib/my_first_package
[1.145s] Installing my_service_server script to /home/gomi/ros2_study/install/my_first_package/lib/my_first_package
[1.145s] Installing my_subscriber script to /home/gomi/ros2_study/install/my_first_package/lib/my_first_package
[1.145s] Installing turtle_cmd_and_pose script to /home/gomi/ros2_study/install/my_first_package/lib/my_first_package
[1.145s] 
[1.145s] Installed /home/gomi/ros2_study/build/my_first_package
[1.145s] running install_data
[1.173s] Invoked command in '/home/gomi/ros2_study/build/my_first_package' returned '0': PYTHONPATH=/home/gomi/ros2_study/build/my_first_package/prefix_override:/home/gomi/ros2_study/install/my_first_package/lib/python3.10/site-packages:${PYTHONPATH} /usr/bin/python3 setup.py develop --editable --build-directory /home/gomi/ros2_study/build/my_first_package/build --no-deps install_data
