[0.025s] Invoking command in '/home/gomi/ros2_study/build/bboxes_ex_msgs': CMAKE_PREFIX_PATH=${CMAKE_PREFIX_PATH}:/home/gomi/ros2_study/install/yolox_ros_py:/home/gomi/ros2_study/install/my_first_package:/opt/ros/humble /home/gomi/.local/bin/cmake /home/gomi/ros2_study/src/YOLOX-ROS/bbox_ex_msgs -DAMENT_CMAKE_SYMLINK_INSTALL=1 -DCMAKE_INSTALL_PREFIX=/home/gomi/ros2_study/install/bboxes_ex_msgs
[0.230s] -- The C compiler identification is GNU 11.3.0
[0.231s] -- The CXX compiler identification is GNU 11.3.0
[0.231s] -- Detecting C compiler ABI info
[0.231s] -- Detecting C compiler ABI info - done
[0.231s] -- Check for working C compiler: /usr/bin/cc - skipped
[0.231s] -- Detecting C compile features
[0.231s] -- Detecting C compile features - done
[0.231s] -- Detecting CXX compiler ABI info
[0.235s] -- Detecting CXX compiler ABI info - done
[0.243s] -- Check for working CXX compiler: /usr/bin/c++ - skipped
[0.243s] -- Detecting CXX compile features
[0.244s] -- Detecting CXX compile features - done
[0.245s] -- Found ament_cmake: 1.3.4 (/opt/ros/humble/share/ament_cmake/cmake)
[0.531s] -- Found Python3: /usr/bin/python3.10 (found version "3.10.6") found components: Interpreter 
[0.580s] -- Override CMake install command with custom implementation using symlinks instead of copying resources
[0.608s] -- Found builtin_interfaces: 1.2.1 (/opt/ros/humble/share/builtin_interfaces/cmake)
[0.661s] -- Found rosidl_generator_c: 3.1.4 (/opt/ros/humble/share/rosidl_generator_c/cmake)
[0.668s] -- Found rosidl_adapter: 3.1.4 (/opt/ros/humble/share/rosidl_adapter/cmake)
[0.680s] -- Found rosidl_generator_cpp: 3.1.4 (/opt/ros/humble/share/rosidl_generator_cpp/cmake)
[0.694s] -- Using all available rosidl_typesupport_c: rosidl_typesupport_fastrtps_c;rosidl_typesupport_introspection_c
[0.712s] -- Using all available rosidl_typesupport_cpp: rosidl_typesupport_fastrtps_cpp;rosidl_typesupport_introspection_cpp
[0.729s] -- Found std_msgs: 4.2.3 (/opt/ros/humble/share/std_msgs/cmake)
[0.762s] -- Found rosidl_default_generators: 1.2.0 (/opt/ros/humble/share/rosidl_default_generators/cmake)
[0.972s] -- Found ament_cmake_ros: 0.10.0 (/opt/ros/humble/share/ament_cmake_ros/cmake)
[1.154s] -- Using all available rosidl_typesupport_c: rosidl_typesupport_fastrtps_c;rosidl_typesupport_introspection_c
[1.235s] -- Using all available rosidl_typesupport_cpp: rosidl_typesupport_fastrtps_cpp;rosidl_typesupport_introspection_cpp
[1.258s] -- Found PythonInterp: /usr/bin/python3 (found suitable version "3.10.6", minimum required is "3.6") 
[1.259s] -- Found python_cmake_module: 0.10.0 (/opt/ros/humble/share/python_cmake_module/cmake)
[1.280s] -- Found PythonLibs: /usr/lib/x86_64-linux-gnu/libpython3.10.so (found suitable version "3.10.6", minimum required is "3.5") 
[1.280s] -- Using PYTHON_EXECUTABLE: /usr/bin/python3
[1.281s] -- Using PYTHON_INCLUDE_DIRS: /usr/include/python3.10
[1.281s] -- Using PYTHON_LIBRARIES: /usr/lib/x86_64-linux-gnu/libpython3.10.so
[1.308s] -- Found PythonExtra: .so  
[1.396s] -- Configuring done (1.3s)
[1.421s] -- Generating done (0.0s)
[1.423s] -- Build files have been written to: /home/gomi/ros2_study/build/bboxes_ex_msgs
[1.435s] Invoked command in '/home/gomi/ros2_study/build/bboxes_ex_msgs' returned '0': CMAKE_PREFIX_PATH=${CMAKE_PREFIX_PATH}:/home/gomi/ros2_study/install/yolox_ros_py:/home/gomi/ros2_study/install/my_first_package:/opt/ros/humble /home/gomi/.local/bin/cmake /home/gomi/ros2_study/src/YOLOX-ROS/bbox_ex_msgs -DAMENT_CMAKE_SYMLINK_INSTALL=1 -DCMAKE_INSTALL_PREFIX=/home/gomi/ros2_study/install/bboxes_ex_msgs
[1.436s] Invoking command in '/home/gomi/ros2_study/build/bboxes_ex_msgs': CMAKE_PREFIX_PATH=${CMAKE_PREFIX_PATH}:/home/gomi/ros2_study/install/yolox_ros_py:/home/gomi/ros2_study/install/my_first_package:/opt/ros/humble /home/gomi/.local/bin/cmake --build /home/gomi/ros2_study/build/bboxes_ex_msgs -- -j8 -l8
[1.486s] [  2%] [34m[1mGenerating C code for ROS interfaces[0m
[1.489s] [  5%] [34m[1mGenerating C++ code for ROS interfaces[0m
[1.490s] [  5%] Built target ament_cmake_python_symlink_bboxes_ex_msgs
[1.725s] [  5%] Built target bboxes_ex_msgs__cpp
[1.729s] [  7%] [34m[1mGenerating C++ type support dispatch for ROS interfaces[0m
[1.729s] [ 10%] [34m[1mGenerating C++ type support for eProsima Fast-RTPS[0m
[1.731s] [ 12%] [34m[1mGenerating C++ introspection for ROS interfaces[0m
[1.746s] running egg_info
[1.747s] creating bboxes_ex_msgs.egg-info
[1.748s] writing bboxes_ex_msgs.egg-info/PKG-INFO
[1.748s] writing dependency_links to bboxes_ex_msgs.egg-info/dependency_links.txt
[1.748s] writing top-level names to bboxes_ex_msgs.egg-info/top_level.txt
[1.749s] writing manifest file 'bboxes_ex_msgs.egg-info/SOURCES.txt'
[1.752s] reading manifest file 'bboxes_ex_msgs.egg-info/SOURCES.txt'
[1.753s] writing manifest file 'bboxes_ex_msgs.egg-info/SOURCES.txt'
[1.786s] [ 12%] Built target ament_cmake_python_build_bboxes_ex_msgs_egg
[1.824s] [ 15%] [32mBuilding C object CMakeFiles/bboxes_ex_msgs__rosidl_generator_c.dir/rosidl_generator_c/bboxes_ex_msgs/msg/detail/bounding_boxes__functions.c.o[0m
[1.824s] [ 17%] [32mBuilding C object CMakeFiles/bboxes_ex_msgs__rosidl_generator_c.dir/rosidl_generator_c/bboxes_ex_msgs/msg/detail/bounding_box__functions.c.o[0m
[1.877s] [ 20%] [32m[1mLinking C shared library libbboxes_ex_msgs__rosidl_generator_c.so[0m
[1.905s] [ 20%] Built target bboxes_ex_msgs__rosidl_generator_c
[1.911s] [ 23%] [34m[1mGenerating C introspection for ROS interfaces[0m
[1.912s] [ 25%] [34m[1mGenerating C type support for eProsima Fast-RTPS[0m
[1.944s] [ 28%] [34m[1mGenerating C type support dispatch for ROS interfaces[0m
[2.095s] [ 30%] [32mBuilding CXX object CMakeFiles/bboxes_ex_msgs__rosidl_typesupport_cpp.dir/rosidl_typesupport_cpp/bboxes_ex_msgs/msg/bounding_box__type_support.cpp.o[0m
[2.110s] [ 33%] [32mBuilding CXX object CMakeFiles/bboxes_ex_msgs__rosidl_typesupport_cpp.dir/rosidl_typesupport_cpp/bboxes_ex_msgs/msg/bounding_boxes__type_support.cpp.o[0m
[2.175s] [ 35%] [32mBuilding CXX object CMakeFiles/bboxes_ex_msgs__rosidl_typesupport_fastrtps_cpp.dir/rosidl_typesupport_fastrtps_cpp/bboxes_ex_msgs/msg/detail/dds_fastrtps/bounding_boxes__type_support.cpp.o[0m
[2.190s] [ 38%] [32mBuilding CXX object CMakeFiles/bboxes_ex_msgs__rosidl_typesupport_fastrtps_cpp.dir/rosidl_typesupport_fastrtps_cpp/bboxes_ex_msgs/msg/detail/dds_fastrtps/bounding_box__type_support.cpp.o[0m
[2.202s] [ 41%] [32mBuilding CXX object CMakeFiles/bboxes_ex_msgs__rosidl_typesupport_introspection_cpp.dir/rosidl_typesupport_introspection_cpp/bboxes_ex_msgs/msg/detail/bounding_box__type_support.cpp.o[0m
[2.353s] [ 43%] [32mBuilding CXX object CMakeFiles/bboxes_ex_msgs__rosidl_typesupport_c.dir/rosidl_typesupport_c/bboxes_ex_msgs/msg/bounding_box__type_support.cpp.o[0m
[2.383s] [ 46%] [32mBuilding C object CMakeFiles/bboxes_ex_msgs__rosidl_typesupport_introspection_c.dir/rosidl_typesupport_introspection_c/bboxes_ex_msgs/msg/detail/bounding_box__type_support.c.o[0m
[2.419s] [ 48%] [32mBuilding C object CMakeFiles/bboxes_ex_msgs__rosidl_typesupport_introspection_c.dir/rosidl_typesupport_introspection_c/bboxes_ex_msgs/msg/detail/bounding_boxes__type_support.c.o[0m
[2.432s] [ 51%] [32mBuilding CXX object CMakeFiles/bboxes_ex_msgs__rosidl_typesupport_introspection_cpp.dir/rosidl_typesupport_introspection_cpp/bboxes_ex_msgs/msg/detail/bounding_boxes__type_support.cpp.o[0m
[2.438s] [ 53%] [32mBuilding CXX object CMakeFiles/bboxes_ex_msgs__rosidl_typesupport_c.dir/rosidl_typesupport_c/bboxes_ex_msgs/msg/bounding_boxes__type_support.cpp.o[0m
[2.453s] [ 58%] [32m[1mLinking CXX shared library libbboxes_ex_msgs__rosidl_typesupport_cpp.so[0m
[2.453s] [ 58%] [32mBuilding CXX object CMakeFiles/bboxes_ex_msgs__rosidl_typesupport_fastrtps_c.dir/rosidl_typesupport_fastrtps_c/bboxes_ex_msgs/msg/detail/bounding_box__type_support_c.cpp.o[0m
[2.490s] [ 61%] [32m[1mLinking C shared library libbboxes_ex_msgs__rosidl_typesupport_introspection_c.so[0m
[2.548s] [ 61%] Built target bboxes_ex_msgs__rosidl_typesupport_introspection_c
[2.552s] [ 61%] Built target bboxes_ex_msgs__rosidl_typesupport_cpp
[2.555s] [ 64%] [32m[1mLinking CXX shared library libbboxes_ex_msgs__rosidl_typesupport_c.so[0m
[2.590s] [ 66%] [32mBuilding CXX object CMakeFiles/bboxes_ex_msgs__rosidl_typesupport_fastrtps_c.dir/rosidl_typesupport_fastrtps_c/bboxes_ex_msgs/msg/detail/bounding_boxes__type_support_c.cpp.o[0m
[2.685s] [ 66%] Built target bboxes_ex_msgs__rosidl_typesupport_c
[2.866s] [ 69%] [32m[1mLinking CXX shared library libbboxes_ex_msgs__rosidl_typesupport_fastrtps_cpp.so[0m
[2.966s] [ 69%] Built target bboxes_ex_msgs__rosidl_typesupport_fastrtps_cpp
[3.034s] [ 71%] [32m[1mLinking CXX shared library libbboxes_ex_msgs__rosidl_typesupport_introspection_cpp.so[0m
[3.122s] [ 74%] [32m[1mLinking CXX shared library libbboxes_ex_msgs__rosidl_typesupport_fastrtps_c.so[0m
[3.135s] [ 74%] Built target bboxes_ex_msgs__rosidl_typesupport_introspection_cpp
[3.241s] [ 74%] Built target bboxes_ex_msgs__rosidl_typesupport_fastrtps_c
[3.251s] [ 74%] Built target bboxes_ex_msgs
[3.331s] [ 76%] [34m[1mGenerating Python code for ROS interfaces[0m
[4.004s] [ 76%] Built target bboxes_ex_msgs__py
[4.015s] [ 79%] [32mBuilding C object CMakeFiles/bboxes_ex_msgs__rosidl_generator_py.dir/rosidl_generator_py/bboxes_ex_msgs/msg/_bounding_box_s.c.o[0m
[4.030s] [ 82%] [32mBuilding C object CMakeFiles/bboxes_ex_msgs__rosidl_generator_py.dir/rosidl_generator_py/bboxes_ex_msgs/msg/_bounding_boxes_s.c.o[0m
[4.216s] [ 84%] [32m[1mLinking C shared library rosidl_generator_py/bboxes_ex_msgs/libbboxes_ex_msgs__rosidl_generator_py.so[0m
[4.256s] [ 84%] Built target bboxes_ex_msgs__rosidl_generator_py
[4.268s] [ 87%] [32mBuilding C object CMakeFiles/bboxes_ex_msgs__rosidl_typesupport_fastrtps_c__pyext.dir/rosidl_generator_py/bboxes_ex_msgs/_bboxes_ex_msgs_s.ep.rosidl_typesupport_fastrtps_c.c.o[0m
[4.270s] [ 92%] [32mBuilding C object CMakeFiles/bboxes_ex_msgs__rosidl_typesupport_c__pyext.dir/rosidl_generator_py/bboxes_ex_msgs/_bboxes_ex_msgs_s.ep.rosidl_typesupport_c.c.o[0m
[4.270s] [ 92%] [32mBuilding C object CMakeFiles/bboxes_ex_msgs__rosidl_typesupport_introspection_c__pyext.dir/rosidl_generator_py/bboxes_ex_msgs/_bboxes_ex_msgs_s.ep.rosidl_typesupport_introspection_c.c.o[0m
[4.360s] [ 94%] [32m[1mLinking C shared library rosidl_generator_py/bboxes_ex_msgs/bboxes_ex_msgs_s__rosidl_typesupport_introspection_c.cpython-310-x86_64-linux-gnu.so[0m
[4.380s] [ 94%] Built target bboxes_ex_msgs__rosidl_typesupport_introspection_c__pyext
[4.392s] [100%] [32m[1mLinking C shared library rosidl_generator_py/bboxes_ex_msgs/bboxes_ex_msgs_s__rosidl_typesupport_fastrtps_c.cpython-310-x86_64-linux-gnu.so[0m
[4.392s] [100%] [32m[1mLinking C shared library rosidl_generator_py/bboxes_ex_msgs/bboxes_ex_msgs_s__rosidl_typesupport_c.cpython-310-x86_64-linux-gnu.so[0m
[4.412s] [100%] Built target bboxes_ex_msgs__rosidl_typesupport_fastrtps_c__pyext
[4.412s] [100%] Built target bboxes_ex_msgs__rosidl_typesupport_c__pyext
[4.425s] Invoked command in '/home/gomi/ros2_study/build/bboxes_ex_msgs' returned '0': CMAKE_PREFIX_PATH=${CMAKE_PREFIX_PATH}:/home/gomi/ros2_study/install/yolox_ros_py:/home/gomi/ros2_study/install/my_first_package:/opt/ros/humble /home/gomi/.local/bin/cmake --build /home/gomi/ros2_study/build/bboxes_ex_msgs -- -j8 -l8
[4.575s] Invoking command in '/home/gomi/ros2_study/build/bboxes_ex_msgs': CMAKE_PREFIX_PATH=${CMAKE_PREFIX_PATH}:/home/gomi/ros2_study/install/yolox_ros_py:/home/gomi/ros2_study/install/my_first_package:/opt/ros/humble /home/gomi/.local/bin/cmake --install /home/gomi/ros2_study/build/bboxes_ex_msgs
[4.614s] -- Install configuration: ""
[4.615s] -- Execute custom install script
[4.615s] -- Symlinking: /home/gomi/ros2_study/install/bboxes_ex_msgs/share/ament_index/resource_index/rosidl_interfaces/bboxes_ex_msgs
[4.617s] -- Symlinking: /home/gomi/ros2_study/install/bboxes_ex_msgs/include/bboxes_ex_msgs/bboxes_ex_msgs/msg/bounding_box.h
[4.619s] -- Symlinking: /home/gomi/ros2_study/install/bboxes_ex_msgs/include/bboxes_ex_msgs/bboxes_ex_msgs/msg/bounding_boxes.h
[4.621s] -- Symlinking: /home/gomi/ros2_study/install/bboxes_ex_msgs/include/bboxes_ex_msgs/bboxes_ex_msgs/msg/detail/bounding_box__functions.h
[4.623s] -- Symlinking: /home/gomi/ros2_study/install/bboxes_ex_msgs/include/bboxes_ex_msgs/bboxes_ex_msgs/msg/detail/bounding_box__struct.h
[4.625s] -- Symlinking: /home/gomi/ros2_study/install/bboxes_ex_msgs/include/bboxes_ex_msgs/bboxes_ex_msgs/msg/detail/bounding_box__type_support.h
[4.626s] -- Symlinking: /home/gomi/ros2_study/install/bboxes_ex_msgs/include/bboxes_ex_msgs/bboxes_ex_msgs/msg/detail/bounding_boxes__functions.h
[4.628s] -- Symlinking: /home/gomi/ros2_study/install/bboxes_ex_msgs/include/bboxes_ex_msgs/bboxes_ex_msgs/msg/detail/bounding_boxes__struct.h
[4.630s] -- Symlinking: /home/gomi/ros2_study/install/bboxes_ex_msgs/include/bboxes_ex_msgs/bboxes_ex_msgs/msg/detail/bounding_boxes__type_support.h
[4.632s] -- Symlinking: /home/gomi/ros2_study/install/bboxes_ex_msgs/include/bboxes_ex_msgs/bboxes_ex_msgs/msg/rosidl_generator_c__visibility_control.h
[4.634s] -- Symlinking: /home/gomi/ros2_study/install/bboxes_ex_msgs/share/bboxes_ex_msgs/environment/library_path.sh
[4.636s] -- Symlinking: /home/gomi/ros2_study/install/bboxes_ex_msgs/share/bboxes_ex_msgs/environment/library_path.dsv
[4.638s] -- Symlinking: /home/gomi/ros2_study/install/bboxes_ex_msgs/include/bboxes_ex_msgs/bboxes_ex_msgs/msg/detail/bounding_box__rosidl_typesupport_fastrtps_c.h
[4.639s] -- Symlinking: /home/gomi/ros2_study/install/bboxes_ex_msgs/include/bboxes_ex_msgs/bboxes_ex_msgs/msg/detail/bounding_boxes__rosidl_typesupport_fastrtps_c.h
[4.641s] -- Symlinking: /home/gomi/ros2_study/install/bboxes_ex_msgs/include/bboxes_ex_msgs/bboxes_ex_msgs/msg/rosidl_typesupport_fastrtps_c__visibility_control.h
[4.644s] -- Symlinking: /home/gomi/ros2_study/install/bboxes_ex_msgs/include/bboxes_ex_msgs/bboxes_ex_msgs/msg/bounding_box.hpp
[4.646s] -- Symlinking: /home/gomi/ros2_study/install/bboxes_ex_msgs/include/bboxes_ex_msgs/bboxes_ex_msgs/msg/bounding_boxes.hpp
[4.647s] -- Symlinking: /home/gomi/ros2_study/install/bboxes_ex_msgs/include/bboxes_ex_msgs/bboxes_ex_msgs/msg/detail/bounding_box__builder.hpp
[4.649s] -- Symlinking: /home/gomi/ros2_study/install/bboxes_ex_msgs/include/bboxes_ex_msgs/bboxes_ex_msgs/msg/detail/bounding_box__struct.hpp
[4.651s] -- Symlinking: /home/gomi/ros2_study/install/bboxes_ex_msgs/include/bboxes_ex_msgs/bboxes_ex_msgs/msg/detail/bounding_box__traits.hpp
[4.653s] -- Symlinking: /home/gomi/ros2_study/install/bboxes_ex_msgs/include/bboxes_ex_msgs/bboxes_ex_msgs/msg/detail/bounding_boxes__builder.hpp
[4.654s] -- Symlinking: /home/gomi/ros2_study/install/bboxes_ex_msgs/include/bboxes_ex_msgs/bboxes_ex_msgs/msg/detail/bounding_boxes__struct.hpp
[4.656s] -- Symlinking: /home/gomi/ros2_study/install/bboxes_ex_msgs/include/bboxes_ex_msgs/bboxes_ex_msgs/msg/detail/bounding_boxes__traits.hpp
[4.658s] -- Symlinking: /home/gomi/ros2_study/install/bboxes_ex_msgs/include/bboxes_ex_msgs/bboxes_ex_msgs/msg/detail/bounding_box__rosidl_typesupport_fastrtps_cpp.hpp
[4.660s] -- Symlinking: /home/gomi/ros2_study/install/bboxes_ex_msgs/include/bboxes_ex_msgs/bboxes_ex_msgs/msg/detail/bounding_boxes__rosidl_typesupport_fastrtps_cpp.hpp
[4.662s] -- Symlinking: /home/gomi/ros2_study/install/bboxes_ex_msgs/include/bboxes_ex_msgs/bboxes_ex_msgs/msg/rosidl_typesupport_fastrtps_cpp__visibility_control.h
[4.664s] -- Symlinking: /home/gomi/ros2_study/install/bboxes_ex_msgs/include/bboxes_ex_msgs/bboxes_ex_msgs/msg/detail/bounding_box__rosidl_typesupport_introspection_c.h
[4.665s] -- Symlinking: /home/gomi/ros2_study/install/bboxes_ex_msgs/include/bboxes_ex_msgs/bboxes_ex_msgs/msg/detail/bounding_boxes__rosidl_typesupport_introspection_c.h
[4.667s] -- Symlinking: /home/gomi/ros2_study/install/bboxes_ex_msgs/include/bboxes_ex_msgs/bboxes_ex_msgs/msg/rosidl_typesupport_introspection_c__visibility_control.h
[4.669s] -- Symlinking: /home/gomi/ros2_study/install/bboxes_ex_msgs/include/bboxes_ex_msgs/bboxes_ex_msgs/msg/detail/bounding_box__rosidl_typesupport_introspection_cpp.hpp
[4.671s] -- Symlinking: /home/gomi/ros2_study/install/bboxes_ex_msgs/include/bboxes_ex_msgs/bboxes_ex_msgs/msg/detail/bounding_boxes__rosidl_typesupport_introspection_cpp.hpp
[4.672s] -- Symlinking: /home/gomi/ros2_study/install/bboxes_ex_msgs/share/bboxes_ex_msgs/environment/pythonpath.sh
[4.674s] -- Symlinking: /home/gomi/ros2_study/install/bboxes_ex_msgs/share/bboxes_ex_msgs/environment/pythonpath.dsv
[4.676s] -- Symlinking: /home/gomi/ros2_study/install/bboxes_ex_msgs/local/lib/python3.10/dist-packages/bboxes_ex_msgs-0.0.0-py3.10.egg-info/PKG-INFO
[4.678s] -- Symlinking: /home/gomi/ros2_study/install/bboxes_ex_msgs/local/lib/python3.10/dist-packages/bboxes_ex_msgs-0.0.0-py3.10.egg-info/SOURCES.txt
[4.679s] -- Symlinking: /home/gomi/ros2_study/install/bboxes_ex_msgs/local/lib/python3.10/dist-packages/bboxes_ex_msgs-0.0.0-py3.10.egg-info/dependency_links.txt
[4.681s] -- Symlinking: /home/gomi/ros2_study/install/bboxes_ex_msgs/local/lib/python3.10/dist-packages/bboxes_ex_msgs-0.0.0-py3.10.egg-info/top_level.txt
[4.683s] -- Symlinking: /home/gomi/ros2_study/install/bboxes_ex_msgs/local/lib/python3.10/dist-packages/bboxes_ex_msgs/__init__.py
[4.685s] -- Symlinking: /home/gomi/ros2_study/install/bboxes_ex_msgs/local/lib/python3.10/dist-packages/bboxes_ex_msgs/_bboxes_ex_msgs_s.ep.rosidl_typesupport_c.c
[4.686s] -- Symlinking: /home/gomi/ros2_study/install/bboxes_ex_msgs/local/lib/python3.10/dist-packages/bboxes_ex_msgs/_bboxes_ex_msgs_s.ep.rosidl_typesupport_fastrtps_c.c
[4.688s] -- Symlinking: /home/gomi/ros2_study/install/bboxes_ex_msgs/local/lib/python3.10/dist-packages/bboxes_ex_msgs/_bboxes_ex_msgs_s.ep.rosidl_typesupport_introspection_c.c
[4.689s] -- Symlinking: /home/gomi/ros2_study/install/bboxes_ex_msgs/local/lib/python3.10/dist-packages/bboxes_ex_msgs/bboxes_ex_msgs_s__rosidl_typesupport_c.cpython-310-x86_64-linux-gnu.so
[4.691s] -- Symlinking: /home/gomi/ros2_study/install/bboxes_ex_msgs/local/lib/python3.10/dist-packages/bboxes_ex_msgs/bboxes_ex_msgs_s__rosidl_typesupport_fastrtps_c.cpython-310-x86_64-linux-gnu.so
[4.693s] -- Symlinking: /home/gomi/ros2_study/install/bboxes_ex_msgs/local/lib/python3.10/dist-packages/bboxes_ex_msgs/bboxes_ex_msgs_s__rosidl_typesupport_introspection_c.cpython-310-x86_64-linux-gnu.so
[4.694s] -- Symlinking: /home/gomi/ros2_study/install/bboxes_ex_msgs/local/lib/python3.10/dist-packages/bboxes_ex_msgs/libbboxes_ex_msgs__rosidl_generator_py.so
[4.696s] -- Symlinking: /home/gomi/ros2_study/install/bboxes_ex_msgs/local/lib/python3.10/dist-packages/bboxes_ex_msgs/msg/__init__.py
[4.697s] -- Symlinking: /home/gomi/ros2_study/install/bboxes_ex_msgs/local/lib/python3.10/dist-packages/bboxes_ex_msgs/msg/_bounding_box.py
[4.699s] -- Symlinking: /home/gomi/ros2_study/install/bboxes_ex_msgs/local/lib/python3.10/dist-packages/bboxes_ex_msgs/msg/_bounding_box_s.c
[4.700s] -- Symlinking: /home/gomi/ros2_study/install/bboxes_ex_msgs/local/lib/python3.10/dist-packages/bboxes_ex_msgs/msg/_bounding_boxes.py
[4.702s] -- Symlinking: /home/gomi/ros2_study/install/bboxes_ex_msgs/local/lib/python3.10/dist-packages/bboxes_ex_msgs/msg/_bounding_boxes_s.c
[4.704s] -- Up-to-date symlink: /home/gomi/ros2_study/install/bboxes_ex_msgs/local/lib/python3.10/dist-packages/bboxes_ex_msgs/bboxes_ex_msgs_s__rosidl_typesupport_fastrtps_c.cpython-310-x86_64-linux-gnu.so
[4.704s] -- Up-to-date symlink: /home/gomi/ros2_study/install/bboxes_ex_msgs/local/lib/python3.10/dist-packages/bboxes_ex_msgs/bboxes_ex_msgs_s__rosidl_typesupport_introspection_c.cpython-310-x86_64-linux-gnu.so
[4.704s] -- Up-to-date symlink: /home/gomi/ros2_study/install/bboxes_ex_msgs/local/lib/python3.10/dist-packages/bboxes_ex_msgs/bboxes_ex_msgs_s__rosidl_typesupport_c.cpython-310-x86_64-linux-gnu.so
[4.704s] -- Symlinking: /home/gomi/ros2_study/install/bboxes_ex_msgs/share/bboxes_ex_msgs/msg/BoundingBox.idl
[4.706s] -- Symlinking: /home/gomi/ros2_study/install/bboxes_ex_msgs/share/bboxes_ex_msgs/msg/BoundingBoxes.idl
[4.708s] -- Symlinking: /home/gomi/ros2_study/install/bboxes_ex_msgs/share/bboxes_ex_msgs/msg/BoundingBox.msg
[4.710s] -- Symlinking: /home/gomi/ros2_study/install/bboxes_ex_msgs/share/bboxes_ex_msgs/msg/BoundingBoxes.msg
[4.712s] -- Symlinking: /home/gomi/ros2_study/install/bboxes_ex_msgs/share/ament_index/resource_index/package_run_dependencies/bboxes_ex_msgs
[4.713s] -- Symlinking: /home/gomi/ros2_study/install/bboxes_ex_msgs/share/ament_index/resource_index/parent_prefix_path/bboxes_ex_msgs
[4.715s] -- Symlinking: /home/gomi/ros2_study/install/bboxes_ex_msgs/share/bboxes_ex_msgs/environment/ament_prefix_path.sh
[4.717s] -- Symlinking: /home/gomi/ros2_study/install/bboxes_ex_msgs/share/bboxes_ex_msgs/environment/ament_prefix_path.dsv
[4.718s] -- Symlinking: /home/gomi/ros2_study/install/bboxes_ex_msgs/share/bboxes_ex_msgs/environment/path.sh
[4.720s] -- Symlinking: /home/gomi/ros2_study/install/bboxes_ex_msgs/share/bboxes_ex_msgs/environment/path.dsv
[4.722s] -- Symlinking: /home/gomi/ros2_study/install/bboxes_ex_msgs/share/bboxes_ex_msgs/local_setup.bash
[4.724s] -- Symlinking: /home/gomi/ros2_study/install/bboxes_ex_msgs/share/bboxes_ex_msgs/local_setup.sh
[4.725s] -- Symlinking: /home/gomi/ros2_study/install/bboxes_ex_msgs/share/bboxes_ex_msgs/local_setup.zsh
[4.727s] -- Symlinking: /home/gomi/ros2_study/install/bboxes_ex_msgs/share/bboxes_ex_msgs/local_setup.dsv
[4.729s] -- Symlinking: /home/gomi/ros2_study/install/bboxes_ex_msgs/share/bboxes_ex_msgs/package.dsv
[4.731s] -- Symlinking: /home/gomi/ros2_study/install/bboxes_ex_msgs/share/ament_index/resource_index/packages/bboxes_ex_msgs
[4.733s] -- Symlinking: /home/gomi/ros2_study/install/bboxes_ex_msgs/share/bboxes_ex_msgs/cmake/rosidl_cmake-extras.cmake
[4.735s] -- Symlinking: /home/gomi/ros2_study/install/bboxes_ex_msgs/share/bboxes_ex_msgs/cmake/ament_cmake_export_dependencies-extras.cmake
[4.737s] -- Symlinking: /home/gomi/ros2_study/install/bboxes_ex_msgs/share/bboxes_ex_msgs/cmake/ament_cmake_export_include_directories-extras.cmake
[4.739s] -- Symlinking: /home/gomi/ros2_study/install/bboxes_ex_msgs/share/bboxes_ex_msgs/cmake/ament_cmake_export_libraries-extras.cmake
[4.741s] -- Symlinking: /home/gomi/ros2_study/install/bboxes_ex_msgs/share/bboxes_ex_msgs/cmake/ament_cmake_export_targets-extras.cmake
[4.742s] -- Symlinking: /home/gomi/ros2_study/install/bboxes_ex_msgs/share/bboxes_ex_msgs/cmake/rosidl_cmake_export_typesupport_targets-extras.cmake
[4.744s] -- Symlinking: /home/gomi/ros2_study/install/bboxes_ex_msgs/share/bboxes_ex_msgs/cmake/rosidl_cmake_export_typesupport_libraries-extras.cmake
[4.746s] -- Symlinking: /home/gomi/ros2_study/install/bboxes_ex_msgs/share/bboxes_ex_msgs/cmake/bboxes_ex_msgsConfig.cmake
[4.748s] -- Symlinking: /home/gomi/ros2_study/install/bboxes_ex_msgs/share/bboxes_ex_msgs/cmake/bboxes_ex_msgsConfig-version.cmake
[4.750s] -- Symlinking: /home/gomi/ros2_study/install/bboxes_ex_msgs/share/bboxes_ex_msgs/package.xml
[4.751s] -- Installing: /home/gomi/ros2_study/install/bboxes_ex_msgs/lib/libbboxes_ex_msgs__rosidl_generator_c.so
[4.751s] -- Set runtime path of "/home/gomi/ros2_study/install/bboxes_ex_msgs/lib/libbboxes_ex_msgs__rosidl_generator_c.so" to ""
[4.752s] -- Installing: /home/gomi/ros2_study/install/bboxes_ex_msgs/lib/libbboxes_ex_msgs__rosidl_typesupport_fastrtps_c.so
[4.752s] -- Set runtime path of "/home/gomi/ros2_study/install/bboxes_ex_msgs/lib/libbboxes_ex_msgs__rosidl_typesupport_fastrtps_c.so" to ""
[4.752s] -- Installing: /home/gomi/ros2_study/install/bboxes_ex_msgs/lib/libbboxes_ex_msgs__rosidl_typesupport_fastrtps_cpp.so
[4.752s] -- Set runtime path of "/home/gomi/ros2_study/install/bboxes_ex_msgs/lib/libbboxes_ex_msgs__rosidl_typesupport_fastrtps_cpp.so" to ""
[4.752s] -- Installing: /home/gomi/ros2_study/install/bboxes_ex_msgs/lib/libbboxes_ex_msgs__rosidl_typesupport_introspection_c.so
[4.752s] -- Set runtime path of "/home/gomi/ros2_study/install/bboxes_ex_msgs/lib/libbboxes_ex_msgs__rosidl_typesupport_introspection_c.so" to ""
[4.752s] -- Installing: /home/gomi/ros2_study/install/bboxes_ex_msgs/lib/libbboxes_ex_msgs__rosidl_typesupport_c.so
[4.753s] -- Set runtime path of "/home/gomi/ros2_study/install/bboxes_ex_msgs/lib/libbboxes_ex_msgs__rosidl_typesupport_c.so" to ""
[4.753s] -- Installing: /home/gomi/ros2_study/install/bboxes_ex_msgs/lib/libbboxes_ex_msgs__rosidl_typesupport_introspection_cpp.so
[4.753s] -- Set runtime path of "/home/gomi/ros2_study/install/bboxes_ex_msgs/lib/libbboxes_ex_msgs__rosidl_typesupport_introspection_cpp.so" to ""
[4.753s] -- Installing: /home/gomi/ros2_study/install/bboxes_ex_msgs/lib/libbboxes_ex_msgs__rosidl_typesupport_cpp.so
[4.753s] -- Set runtime path of "/home/gomi/ros2_study/install/bboxes_ex_msgs/lib/libbboxes_ex_msgs__rosidl_typesupport_cpp.so" to ""
[4.780s] Listing '/home/gomi/ros2_study/install/bboxes_ex_msgs/local/lib/python3.10/dist-packages/bboxes_ex_msgs'...
[4.780s] Compiling '/home/gomi/ros2_study/install/bboxes_ex_msgs/local/lib/python3.10/dist-packages/bboxes_ex_msgs/__init__.py'...
[4.780s] Listing '/home/gomi/ros2_study/install/bboxes_ex_msgs/local/lib/python3.10/dist-packages/bboxes_ex_msgs/msg'...
[4.780s] Compiling '/home/gomi/ros2_study/install/bboxes_ex_msgs/local/lib/python3.10/dist-packages/bboxes_ex_msgs/msg/__init__.py'...
[4.780s] Compiling '/home/gomi/ros2_study/install/bboxes_ex_msgs/local/lib/python3.10/dist-packages/bboxes_ex_msgs/msg/_bounding_box.py'...
[4.780s] Compiling '/home/gomi/ros2_study/install/bboxes_ex_msgs/local/lib/python3.10/dist-packages/bboxes_ex_msgs/msg/_bounding_boxes.py'...
[4.783s] -- Installing: /home/gomi/ros2_study/install/bboxes_ex_msgs/lib/libbboxes_ex_msgs__rosidl_generator_py.so
[4.784s] -- Set runtime path of "/home/gomi/ros2_study/install/bboxes_ex_msgs/lib/libbboxes_ex_msgs__rosidl_generator_py.so" to ""
[4.784s] -- Installing: /home/gomi/ros2_study/install/bboxes_ex_msgs/share/bboxes_ex_msgs/cmake/export_bboxes_ex_msgs__rosidl_generator_cExport.cmake
[4.784s] -- Installing: /home/gomi/ros2_study/install/bboxes_ex_msgs/share/bboxes_ex_msgs/cmake/export_bboxes_ex_msgs__rosidl_generator_cExport-noconfig.cmake
[4.784s] -- Installing: /home/gomi/ros2_study/install/bboxes_ex_msgs/share/bboxes_ex_msgs/cmake/export_bboxes_ex_msgs__rosidl_typesupport_fastrtps_cExport.cmake
[4.784s] -- Installing: /home/gomi/ros2_study/install/bboxes_ex_msgs/share/bboxes_ex_msgs/cmake/export_bboxes_ex_msgs__rosidl_typesupport_fastrtps_cExport-noconfig.cmake
[4.784s] -- Installing: /home/gomi/ros2_study/install/bboxes_ex_msgs/share/bboxes_ex_msgs/cmake/export_bboxes_ex_msgs__rosidl_generator_cppExport.cmake
[4.784s] -- Installing: /home/gomi/ros2_study/install/bboxes_ex_msgs/share/bboxes_ex_msgs/cmake/export_bboxes_ex_msgs__rosidl_typesupport_fastrtps_cppExport.cmake
[4.784s] -- Installing: /home/gomi/ros2_study/install/bboxes_ex_msgs/share/bboxes_ex_msgs/cmake/export_bboxes_ex_msgs__rosidl_typesupport_fastrtps_cppExport-noconfig.cmake
[4.784s] -- Installing: /home/gomi/ros2_study/install/bboxes_ex_msgs/share/bboxes_ex_msgs/cmake/bboxes_ex_msgs__rosidl_typesupport_introspection_cExport.cmake
[4.785s] -- Installing: /home/gomi/ros2_study/install/bboxes_ex_msgs/share/bboxes_ex_msgs/cmake/bboxes_ex_msgs__rosidl_typesupport_introspection_cExport-noconfig.cmake
[4.785s] -- Installing: /home/gomi/ros2_study/install/bboxes_ex_msgs/share/bboxes_ex_msgs/cmake/bboxes_ex_msgs__rosidl_typesupport_cExport.cmake
[4.785s] -- Installing: /home/gomi/ros2_study/install/bboxes_ex_msgs/share/bboxes_ex_msgs/cmake/bboxes_ex_msgs__rosidl_typesupport_cExport-noconfig.cmake
[4.785s] -- Installing: /home/gomi/ros2_study/install/bboxes_ex_msgs/share/bboxes_ex_msgs/cmake/bboxes_ex_msgs__rosidl_typesupport_introspection_cppExport.cmake
[4.785s] -- Installing: /home/gomi/ros2_study/install/bboxes_ex_msgs/share/bboxes_ex_msgs/cmake/bboxes_ex_msgs__rosidl_typesupport_introspection_cppExport-noconfig.cmake
[4.785s] -- Installing: /home/gomi/ros2_study/install/bboxes_ex_msgs/share/bboxes_ex_msgs/cmake/bboxes_ex_msgs__rosidl_typesupport_cppExport.cmake
[4.785s] -- Installing: /home/gomi/ros2_study/install/bboxes_ex_msgs/share/bboxes_ex_msgs/cmake/bboxes_ex_msgs__rosidl_typesupport_cppExport-noconfig.cmake
[4.785s] -- Installing: /home/gomi/ros2_study/install/bboxes_ex_msgs/share/bboxes_ex_msgs/cmake/export_bboxes_ex_msgs__rosidl_generator_pyExport.cmake
[4.785s] -- Installing: /home/gomi/ros2_study/install/bboxes_ex_msgs/share/bboxes_ex_msgs/cmake/export_bboxes_ex_msgs__rosidl_generator_pyExport-noconfig.cmake
[4.793s] Invoked command in '/home/gomi/ros2_study/build/bboxes_ex_msgs' returned '0': CMAKE_PREFIX_PATH=${CMAKE_PREFIX_PATH}:/home/gomi/ros2_study/install/yolox_ros_py:/home/gomi/ros2_study/install/my_first_package:/opt/ros/humble /home/gomi/.local/bin/cmake --install /home/gomi/ros2_study/build/bboxes_ex_msgs
