running develop
running egg_info
creating my_first_package.egg-info
writing my_first_package.egg-info/PKG-INFO
writing dependency_links to my_first_package.egg-info/dependency_links.txt
writing entry points to my_first_package.egg-info/entry_points.txt
writing requirements to my_first_package.egg-info/requires.txt
writing top-level names to my_first_package.egg-info/top_level.txt
writing manifest file 'my_first_package.egg-info/SOURCES.txt'
reading manifest file 'my_first_package.egg-info/SOURCES.txt'
writing manifest file 'my_first_package.egg-info/SOURCES.txt'
running build_ext
Creating /home/gomi/ros2_study/install/my_first_package/lib/python3.10/site-packages/my-first-package.egg-link (link to .)
Installing dist_turtle_action_server script to /home/gomi/ros2_study/install/my_first_package/lib/my_first_package
Installing my_first_node script to /home/gomi/ros2_study/install/my_first_package/lib/my_first_package
Installing my_multi_thread script to /home/gomi/ros2_study/install/my_first_package/lib/my_first_package
Installing my_publisher script to /home/gomi/ros2_study/install/my_first_package/lib/my_first_package
Installing my_service_server script to /home/gomi/ros2_study/install/my_first_package/lib/my_first_package
Installing my_subscriber script to /home/gomi/ros2_study/install/my_first_package/lib/my_first_package
Installing turtle_cmd_and_pose script to /home/gomi/ros2_study/install/my_first_package/lib/my_first_package

Installed /home/gomi/ros2_study/build/my_first_package
running install_data
creating /home/gomi/ros2_study/install/my_first_package/share/ament_index
creating /home/gomi/ros2_study/install/my_first_package/share/ament_index/resource_index
creating /home/gomi/ros2_study/install/my_first_package/share/ament_index/resource_index/packages
copying resource/my_first_package -> /home/gomi/ros2_study/install/my_first_package/share/ament_index/resource_index/packages
copying package.xml -> /home/gomi/ros2_study/install/my_first_package/share/my_first_package
creating /home/gomi/ros2_study/install/my_first_package/share/my_first_package/launch
copying launch/dist_turtle_action.launch.py -> /home/gomi/ros2_study/install/my_first_package/share/my_first_package/launch
copying launch/turtlesim_and_teleop.launch.py -> /home/gomi/ros2_study/install/my_first_package/share/my_first_package/launch
