[0.629s] DEBUG:colcon:Command line arguments: ['/usr/bin/colcon', 'build']
[0.629s] DEBUG:colcon:Parsed command line arguments: Namespace(log_base=None, log_level=None, verb_name='build', build_base='build', install_base='install', merge_install=False, symlink_install=False, test_result_base=None, continue_on_error=False, executor='parallel', parallel_workers=8, event_handlers=None, ignore_user_meta=False, metas=['./colcon.meta'], base_paths=['.'], packages_ignore=None, packages_ignore_regex=None, paths=None, packages_up_to=None, packages_up_to_regex=None, packages_above=None, packages_above_and_dependencies=None, packages_above_depth=None, packages_select_by_dep=None, packages_skip_by_dep=None, packages_skip_up_to=None, packages_select_build_failed=False, packages_skip_build_finished=False, packages_select_test_failures=False, packages_skip_test_passed=False, packages_select=None, packages_skip=None, packages_select_regex=None, packages_skip_regex=None, packages_start=None, packages_end=None, allow_overriding=[], cmake_args=None, cmake_target=None, cmake_target_skip_unavailable=False, cmake_clean_cache=False, cmake_clean_first=False, cmake_force_configure=False, ament_cmake_args=None, catkin_cmake_args=None, catkin_skip_building_tests=False, verb_parser=<colcon_defaults.argument_parser.defaults.DefaultArgumentsDecorator object at 0x7fd762741c90>, verb_extension=<colcon_core.verb.build.BuildVerb object at 0x7fd762803bb0>, main=<bound method BuildVerb.main of <colcon_core.verb.build.BuildVerb object at 0x7fd762803bb0>>)
[0.674s] Level 1:colcon.colcon_core.package_discovery:discover_packages(colcon_meta) check parameters
[0.674s] Level 1:colcon.colcon_core.package_discovery:discover_packages(recursive) check parameters
[0.674s] Level 1:colcon.colcon_core.package_discovery:discover_packages(ignore) check parameters
[0.674s] Level 1:colcon.colcon_core.package_discovery:discover_packages(path) check parameters
[0.674s] Level 1:colcon.colcon_core.package_discovery:discover_packages(colcon_meta) discover
[0.675s] Level 1:colcon.colcon_core.package_discovery:discover_packages(recursive) discover
[0.675s] INFO:colcon.colcon_core.package_discovery:Crawling recursively for packages in '/home/ksh/dobot_ws'
[0.675s] Level 1:colcon.colcon_core.package_identification:_identify(.) by extensions ['ignore', 'ignore_ament_install']
[0.675s] Level 1:colcon.colcon_core.package_identification:_identify(.) by extension 'ignore'
[0.675s] Level 1:colcon.colcon_core.package_identification:_identify(.) by extension 'ignore_ament_install'
[0.675s] Level 1:colcon.colcon_core.package_identification:_identify(.) by extensions ['colcon_pkg']
[0.675s] Level 1:colcon.colcon_core.package_identification:_identify(.) by extension 'colcon_pkg'
[0.675s] Level 1:colcon.colcon_core.package_identification:_identify(.) by extensions ['colcon_meta']
[0.675s] Level 1:colcon.colcon_core.package_identification:_identify(.) by extension 'colcon_meta'
[0.675s] Level 1:colcon.colcon_core.package_identification:_identify(.) by extensions ['ros']
[0.675s] Level 1:colcon.colcon_core.package_identification:_identify(.) by extension 'ros'
[0.693s] Level 1:colcon.colcon_core.package_identification:_identify(.) by extensions ['cmake', 'python']
[0.693s] Level 1:colcon.colcon_core.package_identification:_identify(.) by extension 'cmake'
[0.694s] Level 1:colcon.colcon_core.package_identification:_identify(.) by extension 'python'
[0.694s] Level 1:colcon.colcon_core.package_identification:_identify(.) by extensions ['python_setup_py']
[0.694s] Level 1:colcon.colcon_core.package_identification:_identify(.) by extension 'python_setup_py'
[0.694s] Level 1:colcon.colcon_core.package_identification:_identify(__pycache__) by extensions ['ignore', 'ignore_ament_install']
[0.694s] Level 1:colcon.colcon_core.package_identification:_identify(__pycache__) by extension 'ignore'
[0.694s] Level 1:colcon.colcon_core.package_identification:_identify(__pycache__) by extension 'ignore_ament_install'
[0.695s] Level 1:colcon.colcon_core.package_identification:_identify(__pycache__) by extensions ['colcon_pkg']
[0.695s] Level 1:colcon.colcon_core.package_identification:_identify(__pycache__) by extension 'colcon_pkg'
[0.695s] Level 1:colcon.colcon_core.package_identification:_identify(__pycache__) by extensions ['colcon_meta']
[0.695s] Level 1:colcon.colcon_core.package_identification:_identify(__pycache__) by extension 'colcon_meta'
[0.695s] Level 1:colcon.colcon_core.package_identification:_identify(__pycache__) by extensions ['ros']
[0.695s] Level 1:colcon.colcon_core.package_identification:_identify(__pycache__) by extension 'ros'
[0.695s] Level 1:colcon.colcon_core.package_identification:_identify(__pycache__) by extensions ['cmake', 'python']
[0.695s] Level 1:colcon.colcon_core.package_identification:_identify(__pycache__) by extension 'cmake'
[0.695s] Level 1:colcon.colcon_core.package_identification:_identify(__pycache__) by extension 'python'
[0.695s] Level 1:colcon.colcon_core.package_identification:_identify(__pycache__) by extensions ['python_setup_py']
[0.695s] Level 1:colcon.colcon_core.package_identification:_identify(__pycache__) by extension 'python_setup_py'
[0.695s] Level 1:colcon.colcon_core.package_identification:_identify(build) by extensions ['ignore', 'ignore_ament_install']
[0.695s] Level 1:colcon.colcon_core.package_identification:_identify(build) by extension 'ignore'
[0.695s] Level 1:colcon.colcon_core.package_identification:_identify(build) ignored
[0.696s] Level 1:colcon.colcon_core.package_identification:_identify(install) by extensions ['ignore', 'ignore_ament_install']
[0.696s] Level 1:colcon.colcon_core.package_identification:_identify(install) by extension 'ignore'
[0.696s] Level 1:colcon.colcon_core.package_identification:_identify(install) ignored
[0.696s] Level 1:colcon.colcon_core.package_identification:_identify(log) by extensions ['ignore', 'ignore_ament_install']
[0.697s] Level 1:colcon.colcon_core.package_identification:_identify(log) by extension 'ignore'
[0.697s] Level 1:colcon.colcon_core.package_identification:_identify(log) ignored
[0.697s] Level 1:colcon.colcon_core.package_identification:_identify(src) by extensions ['ignore', 'ignore_ament_install']
[0.697s] Level 1:colcon.colcon_core.package_identification:_identify(src) by extension 'ignore'
[0.697s] Level 1:colcon.colcon_core.package_identification:_identify(src) by extension 'ignore_ament_install'
[0.698s] Level 1:colcon.colcon_core.package_identification:_identify(src) by extensions ['colcon_pkg']
[0.698s] Level 1:colcon.colcon_core.package_identification:_identify(src) by extension 'colcon_pkg'
[0.698s] Level 1:colcon.colcon_core.package_identification:_identify(src) by extensions ['colcon_meta']
[0.698s] Level 1:colcon.colcon_core.package_identification:_identify(src) by extension 'colcon_meta'
[0.698s] Level 1:colcon.colcon_core.package_identification:_identify(src) by extensions ['ros']
[0.698s] Level 1:colcon.colcon_core.package_identification:_identify(src) by extension 'ros'
[0.698s] Level 1:colcon.colcon_core.package_identification:_identify(src) by extensions ['cmake', 'python']
[0.698s] Level 1:colcon.colcon_core.package_identification:_identify(src) by extension 'cmake'
[0.698s] Level 1:colcon.colcon_core.package_identification:_identify(src) by extension 'python'
[0.698s] Level 1:colcon.colcon_core.package_identification:_identify(src) by extensions ['python_setup_py']
[0.698s] Level 1:colcon.colcon_core.package_identification:_identify(src) by extension 'python_setup_py'
[0.698s] Level 1:colcon.colcon_core.package_identification:_identify(src/yolo_inference) by extensions ['ignore', 'ignore_ament_install']
[0.699s] Level 1:colcon.colcon_core.package_identification:_identify(src/yolo_inference) by extension 'ignore'
[0.699s] Level 1:colcon.colcon_core.package_identification:_identify(src/yolo_inference) by extension 'ignore_ament_install'
[0.699s] Level 1:colcon.colcon_core.package_identification:_identify(src/yolo_inference) by extensions ['colcon_pkg']
[0.699s] Level 1:colcon.colcon_core.package_identification:_identify(src/yolo_inference) by extension 'colcon_pkg'
[0.699s] Level 1:colcon.colcon_core.package_identification:_identify(src/yolo_inference) by extensions ['colcon_meta']
[0.699s] Level 1:colcon.colcon_core.package_identification:_identify(src/yolo_inference) by extension 'colcon_meta'
[0.699s] Level 1:colcon.colcon_core.package_identification:_identify(src/yolo_inference) by extensions ['ros']
[0.699s] Level 1:colcon.colcon_core.package_identification:_identify(src/yolo_inference) by extension 'ros'
[0.703s] DEBUG:colcon.colcon_core.package_identification:Package 'src/yolo_inference' with type 'ros.ament_cmake' and name 'yolo_inference'
[0.703s] Level 1:colcon.colcon_core.package_identification:_identify(src/yolo_pkg) by extensions ['ignore', 'ignore_ament_install']
[0.704s] Level 1:colcon.colcon_core.package_identification:_identify(src/yolo_pkg) by extension 'ignore'
[0.704s] Level 1:colcon.colcon_core.package_identification:_identify(src/yolo_pkg) by extension 'ignore_ament_install'
[0.704s] Level 1:colcon.colcon_core.package_identification:_identify(src/yolo_pkg) by extensions ['colcon_pkg']
[0.704s] Level 1:colcon.colcon_core.package_identification:_identify(src/yolo_pkg) by extension 'colcon_pkg'
[0.704s] Level 1:colcon.colcon_core.package_identification:_identify(src/yolo_pkg) by extensions ['colcon_meta']
[0.704s] Level 1:colcon.colcon_core.package_identification:_identify(src/yolo_pkg) by extension 'colcon_meta'
[0.704s] Level 1:colcon.colcon_core.package_identification:_identify(src/yolo_pkg) by extensions ['ros']
[0.704s] Level 1:colcon.colcon_core.package_identification:_identify(src/yolo_pkg) by extension 'ros'
[0.705s] DEBUG:colcon.colcon_core.package_identification:Package 'src/yolo_pkg' with type 'ros.ament_python' and name 'yolo_pkg'
[0.705s] Level 1:colcon.colcon_core.package_discovery:discover_packages(recursive) using defaults
[0.705s] Level 1:colcon.colcon_core.package_discovery:discover_packages(ignore) discover
[0.705s] Level 1:colcon.colcon_core.package_discovery:discover_packages(ignore) using defaults
[0.705s] Level 1:colcon.colcon_core.package_discovery:discover_packages(path) discover
[0.705s] Level 1:colcon.colcon_core.package_discovery:discover_packages(path) using defaults
[0.745s] Level 1:colcon.colcon_core.package_discovery:discover_packages(prefix_path) check parameters
[0.745s] Level 1:colcon.colcon_core.package_discovery:discover_packages(prefix_path) discover
[0.750s] DEBUG:colcon.colcon_installed_package_information.package_discovery:Found 2 installed packages in /home/ksh/dobot_ws/install
[0.754s] DEBUG:colcon.colcon_installed_package_information.package_discovery:Found 385 installed packages in /opt/ros/humble
[0.758s] Level 1:colcon.colcon_core.package_discovery:discover_packages(prefix_path) using defaults
[0.864s] Level 5:colcon.colcon_core.verb:set package 'yolo_inference' build argument 'cmake_args' from command line to 'None'
[0.865s] Level 5:colcon.colcon_core.verb:set package 'yolo_inference' build argument 'cmake_target' from command line to 'None'
[0.865s] Level 5:colcon.colcon_core.verb:set package 'yolo_inference' build argument 'cmake_target_skip_unavailable' from command line to 'False'
[0.865s] Level 5:colcon.colcon_core.verb:set package 'yolo_inference' build argument 'cmake_clean_cache' from command line to 'False'
[0.865s] Level 5:colcon.colcon_core.verb:set package 'yolo_inference' build argument 'cmake_clean_first' from command line to 'False'
[0.865s] Level 5:colcon.colcon_core.verb:set package 'yolo_inference' build argument 'cmake_force_configure' from command line to 'False'
[0.865s] Level 5:colcon.colcon_core.verb:set package 'yolo_inference' build argument 'ament_cmake_args' from command line to 'None'
[0.865s] Level 5:colcon.colcon_core.verb:set package 'yolo_inference' build argument 'catkin_cmake_args' from command line to 'None'
[0.865s] Level 5:colcon.colcon_core.verb:set package 'yolo_inference' build argument 'catkin_skip_building_tests' from command line to 'False'
[0.865s] DEBUG:colcon.colcon_core.verb:Building package 'yolo_inference' with the following arguments: {'ament_cmake_args': None, 'build_base': '/home/ksh/dobot_ws/build/yolo_inference', 'catkin_cmake_args': None, 'catkin_skip_building_tests': False, 'cmake_args': None, 'cmake_clean_cache': False, 'cmake_clean_first': False, 'cmake_force_configure': False, 'cmake_target': None, 'cmake_target_skip_unavailable': False, 'install_base': '/home/ksh/dobot_ws/install/yolo_inference', 'merge_install': False, 'path': '/home/ksh/dobot_ws/src/yolo_inference', 'symlink_install': False, 'test_result_base': None}
[0.867s] Level 5:colcon.colcon_core.verb:set package 'yolo_pkg' build argument 'cmake_args' from command line to 'None'
[0.867s] Level 5:colcon.colcon_core.verb:set package 'yolo_pkg' build argument 'cmake_target' from command line to 'None'
[0.867s] Level 5:colcon.colcon_core.verb:set package 'yolo_pkg' build argument 'cmake_target_skip_unavailable' from command line to 'False'
[0.867s] Level 5:colcon.colcon_core.verb:set package 'yolo_pkg' build argument 'cmake_clean_cache' from command line to 'False'
[0.867s] Level 5:colcon.colcon_core.verb:set package 'yolo_pkg' build argument 'cmake_clean_first' from command line to 'False'
[0.867s] Level 5:colcon.colcon_core.verb:set package 'yolo_pkg' build argument 'cmake_force_configure' from command line to 'False'
[0.867s] Level 5:colcon.colcon_core.verb:set package 'yolo_pkg' build argument 'ament_cmake_args' from command line to 'None'
[0.867s] Level 5:colcon.colcon_core.verb:set package 'yolo_pkg' build argument 'catkin_cmake_args' from command line to 'None'
[0.867s] Level 5:colcon.colcon_core.verb:set package 'yolo_pkg' build argument 'catkin_skip_building_tests' from command line to 'False'
[0.867s] DEBUG:colcon.colcon_core.verb:Building package 'yolo_pkg' with the following arguments: {'ament_cmake_args': None, 'build_base': '/home/ksh/dobot_ws/build/yolo_pkg', 'catkin_cmake_args': None, 'catkin_skip_building_tests': False, 'cmake_args': None, 'cmake_clean_cache': False, 'cmake_clean_first': False, 'cmake_force_configure': False, 'cmake_target': None, 'cmake_target_skip_unavailable': False, 'install_base': '/home/ksh/dobot_ws/install/yolo_pkg', 'merge_install': False, 'path': '/home/ksh/dobot_ws/src/yolo_pkg', 'symlink_install': False, 'test_result_base': None}
[0.869s] INFO:colcon.colcon_core.executor:Executing jobs using 'parallel' executor
[0.874s] DEBUG:colcon.colcon_parallel_executor.executor.parallel:run_until_complete
[0.874s] INFO:colcon.colcon_ros.task.ament_cmake.build:Building ROS package in '/home/ksh/dobot_ws/src/yolo_inference' with build type 'ament_cmake'
[0.874s] INFO:colcon.colcon_cmake.task.cmake.build:Building CMake package in '/home/ksh/dobot_ws/src/yolo_inference'
[0.880s] INFO:colcon.colcon_core.plugin_system:Skipping extension 'colcon_core.shell.bat': Not used on non-Windows systems
[0.881s] INFO:colcon.colcon_core.shell:Skip shell extension 'powershell' for command environment: Not usable outside of PowerShell
[0.881s] DEBUG:colcon.colcon_core.shell:Skip shell extension 'dsv' for command environment
[0.889s] INFO:colcon.colcon_ros.task.ament_python.build:Building ROS package in '/home/ksh/dobot_ws/src/yolo_pkg' with build type 'ament_python'
[0.889s] Level 1:colcon.colcon_core.shell:create_environment_hook('yolo_pkg', 'ament_prefix_path')
[0.892s] INFO:colcon.colcon_core.shell:Creating environment hook '/home/ksh/dobot_ws/install/yolo_pkg/share/yolo_pkg/hook/ament_prefix_path.ps1'
[0.893s] INFO:colcon.colcon_core.shell:Creating environment descriptor '/home/ksh/dobot_ws/install/yolo_pkg/share/yolo_pkg/hook/ament_prefix_path.dsv'
[0.894s] INFO:colcon.colcon_core.shell:Creating environment hook '/home/ksh/dobot_ws/install/yolo_pkg/share/yolo_pkg/hook/ament_prefix_path.sh'
[0.898s] INFO:colcon.colcon_core.shell:Skip shell extension 'powershell' for command environment: Not usable outside of PowerShell
[0.898s] DEBUG:colcon.colcon_core.shell:Skip shell extension 'dsv' for command environment
[0.911s] DEBUG:colcon.colcon_core.event_handler.log_command:Invoking command in '/home/ksh/dobot_ws/build/yolo_inference': CMAKE_PREFIX_PATH=${CMAKE_PREFIX_PATH}:/home/ksh/dobot_ws/install/yolo_pkg:/opt/ros/humble /home/ksh/.local/bin/cmake --build /home/ksh/dobot_ws/build/yolo_inference -- -j8 -l8
[1.414s] INFO:colcon.colcon_core.task.python.build:Building Python package in '/home/ksh/dobot_ws/src/yolo_pkg'
[1.416s] INFO:colcon.colcon_core.shell:Skip shell extension 'powershell' for command environment: Not usable outside of PowerShell
[1.416s] DEBUG:colcon.colcon_core.shell:Skip shell extension 'dsv' for command environment
[1.540s] DEBUG:colcon.colcon_core.event_handler.log_command:Invoked command in '/home/ksh/dobot_ws/build/yolo_inference' returned '0': CMAKE_PREFIX_PATH=${CMAKE_PREFIX_PATH}:/home/ksh/dobot_ws/install/yolo_pkg:/opt/ros/humble /home/ksh/.local/bin/cmake --build /home/ksh/dobot_ws/build/yolo_inference -- -j8 -l8
[1.833s] DEBUG:colcon.colcon_core.event_handler.log_command:Invoking command in '/home/ksh/dobot_ws/build/yolo_inference': CMAKE_PREFIX_PATH=${CMAKE_PREFIX_PATH}:/home/ksh/dobot_ws/install/yolo_pkg:/opt/ros/humble /home/ksh/.local/bin/cmake --install /home/ksh/dobot_ws/build/yolo_inference
[2.076s] Level 1:colcon.colcon_core.environment:create_environment_scripts_only(yolo_inference)
[2.078s] DEBUG:colcon.colcon_core.event_handler.log_command:Invoked command in '/home/ksh/dobot_ws/build/yolo_inference' returned '0': CMAKE_PREFIX_PATH=${CMAKE_PREFIX_PATH}:/home/ksh/dobot_ws/install/yolo_pkg:/opt/ros/humble /home/ksh/.local/bin/cmake --install /home/ksh/dobot_ws/build/yolo_inference
[2.086s] Level 1:colcon.colcon_core.environment:checking '/home/ksh/dobot_ws/install/yolo_inference' for CMake module files
[2.088s] Level 1:colcon.colcon_core.environment:checking '/home/ksh/dobot_ws/install/yolo_inference' for CMake config files
[2.089s] Level 1:colcon.colcon_core.shell:create_environment_hook('yolo_inference', 'cmake_prefix_path')
[2.093s] INFO:colcon.colcon_core.shell:Creating environment hook '/home/ksh/dobot_ws/install/yolo_inference/share/yolo_inference/hook/cmake_prefix_path.ps1'
[2.095s] INFO:colcon.colcon_core.shell:Creating environment descriptor '/home/ksh/dobot_ws/install/yolo_inference/share/yolo_inference/hook/cmake_prefix_path.dsv'
[2.095s] INFO:colcon.colcon_core.shell:Creating environment hook '/home/ksh/dobot_ws/install/yolo_inference/share/yolo_inference/hook/cmake_prefix_path.sh'
[2.097s] Level 1:colcon.colcon_core.environment:checking '/home/ksh/dobot_ws/install/yolo_inference/lib'
[2.097s] Level 1:colcon.colcon_core.shell:create_environment_hook('yolo_inference', 'ld_library_path_lib')
[2.099s] INFO:colcon.colcon_core.shell:Creating environment hook '/home/ksh/dobot_ws/install/yolo_inference/share/yolo_inference/hook/ld_library_path_lib.ps1'
[2.100s] INFO:colcon.colcon_core.shell:Creating environment descriptor '/home/ksh/dobot_ws/install/yolo_inference/share/yolo_inference/hook/ld_library_path_lib.dsv'
[2.101s] INFO:colcon.colcon_core.shell:Creating environment hook '/home/ksh/dobot_ws/install/yolo_inference/share/yolo_inference/hook/ld_library_path_lib.sh'
[2.101s] Level 1:colcon.colcon_core.environment:checking '/home/ksh/dobot_ws/install/yolo_inference/bin'
[2.102s] Level 1:colcon.colcon_core.environment:checking '/home/ksh/dobot_ws/install/yolo_inference/lib/pkgconfig/yolo_inference.pc'
[2.102s] Level 1:colcon.colcon_core.environment:checking '/home/ksh/dobot_ws/install/yolo_inference/lib/python3.10/site-packages'
[2.103s] Level 1:colcon.colcon_core.environment:checking '/home/ksh/dobot_ws/install/yolo_inference/bin'
[2.105s] INFO:colcon.colcon_core.shell:Creating package script '/home/ksh/dobot_ws/install/yolo_inference/share/yolo_inference/package.ps1'
[2.107s] INFO:colcon.colcon_core.shell:Creating package descriptor '/home/ksh/dobot_ws/install/yolo_inference/share/yolo_inference/package.dsv'
[2.108s] INFO:colcon.colcon_core.shell:Creating package script '/home/ksh/dobot_ws/install/yolo_inference/share/yolo_inference/package.sh'
[2.109s] INFO:colcon.colcon_core.shell:Creating package script '/home/ksh/dobot_ws/install/yolo_inference/share/yolo_inference/package.bash'
[2.110s] INFO:colcon.colcon_core.shell:Creating package script '/home/ksh/dobot_ws/install/yolo_inference/share/yolo_inference/package.zsh'
[2.111s] Level 1:colcon.colcon_core.environment:create_file_with_runtime_dependencies(/home/ksh/dobot_ws/install/yolo_inference/share/colcon-core/packages/yolo_inference)
[2.211s] DEBUG:colcon.colcon_core.event_handler.log_command:Invoking command in '/home/ksh/dobot_ws/src/yolo_pkg': PYTHONPATH=/home/ksh/dobot_ws/build/yolo_pkg/prefix_override:/home/ksh/dobot_ws/install/yolo_pkg/lib/python3.10/site-packages:${PYTHONPATH} /usr/bin/python3 setup.py egg_info --egg-base ../../build/yolo_pkg build --build-base /home/ksh/dobot_ws/build/yolo_pkg/build install --record /home/ksh/dobot_ws/build/yolo_pkg/install.log --single-version-externally-managed
[2.347s] Level 1:colcon.colcon_core.environment:create_environment_scripts_only(yolo_inference)
[2.350s] Level 1:colcon.colcon_core.environment:checking '/home/ksh/dobot_ws/install/yolo_inference' for CMake module files
[2.351s] Level 1:colcon.colcon_core.environment:checking '/home/ksh/dobot_ws/install/yolo_inference' for CMake config files
[2.351s] Level 1:colcon.colcon_core.shell:create_environment_hook('yolo_inference', 'cmake_prefix_path')
[2.353s] INFO:colcon.colcon_core.shell:Creating environment hook '/home/ksh/dobot_ws/install/yolo_inference/share/yolo_inference/hook/cmake_prefix_path.ps1'
[2.354s] INFO:colcon.colcon_core.shell:Creating environment descriptor '/home/ksh/dobot_ws/install/yolo_inference/share/yolo_inference/hook/cmake_prefix_path.dsv'
[2.354s] INFO:colcon.colcon_core.shell:Creating environment hook '/home/ksh/dobot_ws/install/yolo_inference/share/yolo_inference/hook/cmake_prefix_path.sh'
[2.355s] Level 1:colcon.colcon_core.environment:checking '/home/ksh/dobot_ws/install/yolo_inference/lib'
[2.355s] Level 1:colcon.colcon_core.shell:create_environment_hook('yolo_inference', 'ld_library_path_lib')
[2.357s] INFO:colcon.colcon_core.shell:Creating environment hook '/home/ksh/dobot_ws/install/yolo_inference/share/yolo_inference/hook/ld_library_path_lib.ps1'
[2.358s] INFO:colcon.colcon_core.shell:Creating environment descriptor '/home/ksh/dobot_ws/install/yolo_inference/share/yolo_inference/hook/ld_library_path_lib.dsv'
[2.358s] INFO:colcon.colcon_core.shell:Creating environment hook '/home/ksh/dobot_ws/install/yolo_inference/share/yolo_inference/hook/ld_library_path_lib.sh'
[2.358s] Level 1:colcon.colcon_core.environment:checking '/home/ksh/dobot_ws/install/yolo_inference/bin'
[2.358s] Level 1:colcon.colcon_core.environment:checking '/home/ksh/dobot_ws/install/yolo_inference/lib/pkgconfig/yolo_inference.pc'
[2.359s] Level 1:colcon.colcon_core.environment:checking '/home/ksh/dobot_ws/install/yolo_inference/lib/python3.10/site-packages'
[2.359s] Level 1:colcon.colcon_core.environment:checking '/home/ksh/dobot_ws/install/yolo_inference/bin'
[2.361s] INFO:colcon.colcon_core.shell:Creating package script '/home/ksh/dobot_ws/install/yolo_inference/share/yolo_inference/package.ps1'
[2.361s] INFO:colcon.colcon_core.shell:Creating package descriptor '/home/ksh/dobot_ws/install/yolo_inference/share/yolo_inference/package.dsv'
[2.362s] INFO:colcon.colcon_core.shell:Creating package script '/home/ksh/dobot_ws/install/yolo_inference/share/yolo_inference/package.sh'
[2.364s] INFO:colcon.colcon_core.shell:Creating package script '/home/ksh/dobot_ws/install/yolo_inference/share/yolo_inference/package.bash'
[2.365s] INFO:colcon.colcon_core.shell:Creating package script '/home/ksh/dobot_ws/install/yolo_inference/share/yolo_inference/package.zsh'
[2.366s] Level 1:colcon.colcon_core.environment:create_file_with_runtime_dependencies(/home/ksh/dobot_ws/install/yolo_inference/share/colcon-core/packages/yolo_inference)
[2.770s] Level 1:colcon.colcon_core.environment:checking '/home/ksh/dobot_ws/install/yolo_pkg' for CMake module files
[2.771s] DEBUG:colcon.colcon_core.event_handler.log_command:Invoked command in '/home/ksh/dobot_ws/src/yolo_pkg' returned '0': PYTHONPATH=/home/ksh/dobot_ws/build/yolo_pkg/prefix_override:/home/ksh/dobot_ws/install/yolo_pkg/lib/python3.10/site-packages:${PYTHONPATH} /usr/bin/python3 setup.py egg_info --egg-base ../../build/yolo_pkg build --build-base /home/ksh/dobot_ws/build/yolo_pkg/build install --record /home/ksh/dobot_ws/build/yolo_pkg/install.log --single-version-externally-managed
[2.771s] Level 1:colcon.colcon_core.environment:checking '/home/ksh/dobot_ws/install/yolo_pkg' for CMake config files
[2.771s] Level 1:colcon.colcon_core.environment:checking '/home/ksh/dobot_ws/install/yolo_pkg/lib'
[2.772s] Level 1:colcon.colcon_core.environment:checking '/home/ksh/dobot_ws/install/yolo_pkg/bin'
[2.772s] Level 1:colcon.colcon_core.environment:checking '/home/ksh/dobot_ws/install/yolo_pkg/lib/pkgconfig/yolo_pkg.pc'
[2.772s] Level 1:colcon.colcon_core.environment:checking '/home/ksh/dobot_ws/install/yolo_pkg/lib/python3.10/site-packages'
[2.772s] Level 1:colcon.colcon_core.shell:create_environment_hook('yolo_pkg', 'pythonpath')
[2.774s] INFO:colcon.colcon_core.shell:Creating environment hook '/home/ksh/dobot_ws/install/yolo_pkg/share/yolo_pkg/hook/pythonpath.ps1'
[2.774s] INFO:colcon.colcon_core.shell:Creating environment descriptor '/home/ksh/dobot_ws/install/yolo_pkg/share/yolo_pkg/hook/pythonpath.dsv'
[2.774s] INFO:colcon.colcon_core.shell:Creating environment hook '/home/ksh/dobot_ws/install/yolo_pkg/share/yolo_pkg/hook/pythonpath.sh'
[2.775s] Level 1:colcon.colcon_core.environment:checking '/home/ksh/dobot_ws/install/yolo_pkg/bin'
[2.775s] Level 1:colcon.colcon_core.environment:create_environment_scripts_only(yolo_pkg)
[2.777s] INFO:colcon.colcon_core.shell:Creating package script '/home/ksh/dobot_ws/install/yolo_pkg/share/yolo_pkg/package.ps1'
[2.778s] INFO:colcon.colcon_core.shell:Creating package descriptor '/home/ksh/dobot_ws/install/yolo_pkg/share/yolo_pkg/package.dsv'
[2.780s] INFO:colcon.colcon_core.shell:Creating package script '/home/ksh/dobot_ws/install/yolo_pkg/share/yolo_pkg/package.sh'
[2.780s] INFO:colcon.colcon_core.shell:Creating package script '/home/ksh/dobot_ws/install/yolo_pkg/share/yolo_pkg/package.bash'
[2.781s] INFO:colcon.colcon_core.shell:Creating package script '/home/ksh/dobot_ws/install/yolo_pkg/share/yolo_pkg/package.zsh'
[2.781s] Level 1:colcon.colcon_core.environment:create_file_with_runtime_dependencies(/home/ksh/dobot_ws/install/yolo_pkg/share/colcon-core/packages/yolo_pkg)
[2.782s] DEBUG:colcon.colcon_parallel_executor.executor.parallel:closing loop
[2.782s] DEBUG:colcon.colcon_parallel_executor.executor.parallel:loop closed
[2.782s] DEBUG:colcon.colcon_parallel_executor.executor.parallel:run_until_complete finished with '0'
[2.783s] DEBUG:colcon.colcon_core.event_reactor:joining thread
[2.791s] INFO:colcon.colcon_core.plugin_system:Skipping extension 'colcon_notification.desktop_notification.terminal_notifier': Not used on non-Darwin systems
[2.792s] INFO:colcon.colcon_core.plugin_system:Skipping extension 'colcon_notification.desktop_notification.win32': Not used on non-Windows systems
[2.792s] INFO:colcon.colcon_notification.desktop_notification:Sending desktop notification using 'notify2'
[2.810s] DEBUG:colcon.colcon_core.event_reactor:joined thread
[2.813s] INFO:colcon.colcon_core.shell:Creating prefix script '/home/ksh/dobot_ws/install/local_setup.ps1'
[2.816s] INFO:colcon.colcon_core.shell:Creating prefix util module '/home/ksh/dobot_ws/install/_local_setup_util_ps1.py'
[2.818s] INFO:colcon.colcon_core.shell:Creating prefix chain script '/home/ksh/dobot_ws/install/setup.ps1'
[2.820s] INFO:colcon.colcon_core.shell:Creating prefix script '/home/ksh/dobot_ws/install/local_setup.sh'
[2.821s] INFO:colcon.colcon_core.shell:Creating prefix util module '/home/ksh/dobot_ws/install/_local_setup_util_sh.py'
[2.822s] INFO:colcon.colcon_core.shell:Creating prefix chain script '/home/ksh/dobot_ws/install/setup.sh'
[2.824s] INFO:colcon.colcon_core.shell:Creating prefix script '/home/ksh/dobot_ws/install/local_setup.bash'
[2.825s] INFO:colcon.colcon_core.shell:Creating prefix chain script '/home/ksh/dobot_ws/install/setup.bash'
[2.827s] INFO:colcon.colcon_core.shell:Creating prefix script '/home/ksh/dobot_ws/install/local_setup.zsh'
[2.828s] INFO:colcon.colcon_core.shell:Creating prefix chain script '/home/ksh/dobot_ws/install/setup.zsh'
