[0.529s] Invoking command in '/home/gomi/aruco_ros2/src/aruco_pkg': PYTHONPATH=/home/gomi/aruco_ros2/build/aruco_pkg/prefix_override:/home/gomi/aruco_ros2/install/aruco_pkg/lib/python3.10/site-packages:${PYTHONPATH} /usr/bin/python3 setup.py egg_info --egg-base ../../build/aruco_pkg build --build-base /home/gomi/aruco_ros2/build/aruco_pkg/build install --record /home/gomi/aruco_ros2/build/aruco_pkg/install.log --single-version-externally-managed
[0.699s] running egg_info
[0.700s] writing ../../build/aruco_pkg/aruco_pkg.egg-info/PKG-INFO
[0.700s] writing dependency_links to ../../build/aruco_pkg/aruco_pkg.egg-info/dependency_links.txt
[0.700s] writing entry points to ../../build/aruco_pkg/aruco_pkg.egg-info/entry_points.txt
[0.700s] writing requirements to ../../build/aruco_pkg/aruco_pkg.egg-info/requires.txt
[0.700s] writing top-level names to ../../build/aruco_pkg/aruco_pkg.egg-info/top_level.txt
[0.702s] reading manifest file '../../build/aruco_pkg/aruco_pkg.egg-info/SOURCES.txt'
[0.702s] writing manifest file '../../build/aruco_pkg/aruco_pkg.egg-info/SOURCES.txt'
[0.702s] running build
[0.702s] running build_py
[0.702s] running install
[0.708s] /usr/lib/python3/dist-packages/setuptools/command/install.py:34: SetuptoolsDeprecationWarning: setup.py install is deprecated. Use build and pip and other standards-based tools.
[0.708s]   warnings.warn(
[0.708s] running install_lib
[0.709s] running install_data
[0.709s] copying params/aruco_config.yaml -> /home/gomi/aruco_ros2/install/aruco_pkg/share/aruco_pkg/params
[0.709s] running install_egg_info
[0.710s] removing '/home/gomi/aruco_ros2/install/aruco_pkg/lib/python3.10/site-packages/aruco_pkg-0.0.0-py3.10.egg-info' (and everything under it)
[0.711s] Copying ../../build/aruco_pkg/aruco_pkg.egg-info to /home/gomi/aruco_ros2/install/aruco_pkg/lib/python3.10/site-packages/aruco_pkg-0.0.0-py3.10.egg-info
[0.711s] running install_scripts
[0.725s] Installing image_publisher script to /home/gomi/aruco_ros2/install/aruco_pkg/lib/aruco_pkg
[0.725s] Installing marker_4X4_recognition script to /home/gomi/aruco_ros2/install/aruco_pkg/lib/aruco_pkg
[0.725s] Installing marker_5X5_recognition script to /home/gomi/aruco_ros2/install/aruco_pkg/lib/aruco_pkg
[0.725s] Installing marker_6X6_recognition script to /home/gomi/aruco_ros2/install/aruco_pkg/lib/aruco_pkg
[0.725s] Installing marker_7X7_recognition script to /home/gomi/aruco_ros2/install/aruco_pkg/lib/aruco_pkg
[0.725s] writing list of installed files to '/home/gomi/aruco_ros2/build/aruco_pkg/install.log'
[0.746s] Invoked command in '/home/gomi/aruco_ros2/src/aruco_pkg' returned '0': PYTHONPATH=/home/gomi/aruco_ros2/build/aruco_pkg/prefix_override:/home/gomi/aruco_ros2/install/aruco_pkg/lib/python3.10/site-packages:${PYTHONPATH} /usr/bin/python3 setup.py egg_info --egg-base ../../build/aruco_pkg build --build-base /home/gomi/aruco_ros2/build/aruco_pkg/build install --record /home/gomi/aruco_ros2/build/aruco_pkg/install.log --single-version-externally-managed
