[0.668s] DEBUG:colcon:Command line arguments: ['/usr/bin/colcon', 'build']
[0.668s] DEBUG:colcon:Parsed command line arguments: Namespace(log_base=None, log_level=None, verb_name='build', build_base='build', install_base='install', merge_install=False, symlink_install=False, test_result_base=None, continue_on_error=False, executor='parallel', parallel_workers=8, event_handlers=None, ignore_user_meta=False, metas=['./colcon.meta'], base_paths=['.'], packages_ignore=None, packages_ignore_regex=None, paths=None, packages_up_to=None, packages_up_to_regex=None, packages_above=None, packages_above_and_dependencies=None, packages_above_depth=None, packages_select_by_dep=None, packages_skip_by_dep=None, packages_skip_up_to=None, packages_select_build_failed=False, packages_skip_build_finished=False, packages_select_test_failures=False, packages_skip_test_passed=False, packages_select=None, packages_skip=None, packages_select_regex=None, packages_skip_regex=None, packages_start=None, packages_end=None, allow_overriding=[], cmake_args=None, cmake_target=None, cmake_target_skip_unavailable=False, cmake_clean_cache=False, cmake_clean_first=False, cmake_force_configure=False, ament_cmake_args=None, catkin_cmake_args=None, catkin_skip_building_tests=False, verb_parser=<colcon_defaults.argument_parser.defaults.DefaultArgumentsDecorator object at 0x7fb7e9741870>, verb_extension=<colcon_core.verb.build.BuildVerb object at 0x7fb7e99fc220>, main=<bound method BuildVerb.main of <colcon_core.verb.build.BuildVerb object at 0x7fb7e99fc220>>)
[0.712s] Level 1:colcon.colcon_core.package_discovery:discover_packages(colcon_meta) check parameters
[0.712s] Level 1:colcon.colcon_core.package_discovery:discover_packages(recursive) check parameters
[0.712s] Level 1:colcon.colcon_core.package_discovery:discover_packages(ignore) check parameters
[0.712s] Level 1:colcon.colcon_core.package_discovery:discover_packages(path) check parameters
[0.712s] Level 1:colcon.colcon_core.package_discovery:discover_packages(colcon_meta) discover
[0.712s] Level 1:colcon.colcon_core.package_discovery:discover_packages(recursive) discover
[0.712s] INFO:colcon.colcon_core.package_discovery:Crawling recursively for packages in '/home/ksh/dobot_ws'
[0.712s] Level 1:colcon.colcon_core.package_identification:_identify(.) by extensions ['ignore', 'ignore_ament_install']
[0.712s] Level 1:colcon.colcon_core.package_identification:_identify(.) by extension 'ignore'
[0.712s] Level 1:colcon.colcon_core.package_identification:_identify(.) by extension 'ignore_ament_install'
[0.713s] Level 1:colcon.colcon_core.package_identification:_identify(.) by extensions ['colcon_pkg']
[0.713s] Level 1:colcon.colcon_core.package_identification:_identify(.) by extension 'colcon_pkg'
[0.713s] Level 1:colcon.colcon_core.package_identification:_identify(.) by extensions ['colcon_meta']
[0.713s] Level 1:colcon.colcon_core.package_identification:_identify(.) by extension 'colcon_meta'
[0.713s] Level 1:colcon.colcon_core.package_identification:_identify(.) by extensions ['ros']
[0.713s] Level 1:colcon.colcon_core.package_identification:_identify(.) by extension 'ros'
[0.734s] Level 1:colcon.colcon_core.package_identification:_identify(.) by extensions ['cmake', 'python']
[0.734s] Level 1:colcon.colcon_core.package_identification:_identify(.) by extension 'cmake'
[0.734s] Level 1:colcon.colcon_core.package_identification:_identify(.) by extension 'python'
[0.734s] Level 1:colcon.colcon_core.package_identification:_identify(.) by extensions ['python_setup_py']
[0.735s] Level 1:colcon.colcon_core.package_identification:_identify(.) by extension 'python_setup_py'
[0.735s] Level 1:colcon.colcon_core.package_identification:_identify(__pycache__) by extensions ['ignore', 'ignore_ament_install']
[0.735s] Level 1:colcon.colcon_core.package_identification:_identify(__pycache__) by extension 'ignore'
[0.735s] Level 1:colcon.colcon_core.package_identification:_identify(__pycache__) by extension 'ignore_ament_install'
[0.735s] Level 1:colcon.colcon_core.package_identification:_identify(__pycache__) by extensions ['colcon_pkg']
[0.735s] Level 1:colcon.colcon_core.package_identification:_identify(__pycache__) by extension 'colcon_pkg'
[0.735s] Level 1:colcon.colcon_core.package_identification:_identify(__pycache__) by extensions ['colcon_meta']
[0.735s] Level 1:colcon.colcon_core.package_identification:_identify(__pycache__) by extension 'colcon_meta'
[0.735s] Level 1:colcon.colcon_core.package_identification:_identify(__pycache__) by extensions ['ros']
[0.735s] Level 1:colcon.colcon_core.package_identification:_identify(__pycache__) by extension 'ros'
[0.735s] Level 1:colcon.colcon_core.package_identification:_identify(__pycache__) by extensions ['cmake', 'python']
[0.735s] Level 1:colcon.colcon_core.package_identification:_identify(__pycache__) by extension 'cmake'
[0.735s] Level 1:colcon.colcon_core.package_identification:_identify(__pycache__) by extension 'python'
[0.736s] Level 1:colcon.colcon_core.package_identification:_identify(__pycache__) by extensions ['python_setup_py']
[0.736s] Level 1:colcon.colcon_core.package_identification:_identify(__pycache__) by extension 'python_setup_py'
[0.736s] Level 1:colcon.colcon_core.package_identification:_identify(build) by extensions ['ignore', 'ignore_ament_install']
[0.736s] Level 1:colcon.colcon_core.package_identification:_identify(build) by extension 'ignore'
[0.736s] Level 1:colcon.colcon_core.package_identification:_identify(build) ignored
[0.736s] Level 1:colcon.colcon_core.package_identification:_identify(install) by extensions ['ignore', 'ignore_ament_install']
[0.737s] Level 1:colcon.colcon_core.package_identification:_identify(install) by extension 'ignore'
[0.737s] Level 1:colcon.colcon_core.package_identification:_identify(install) ignored
[0.737s] Level 1:colcon.colcon_core.package_identification:_identify(log) by extensions ['ignore', 'ignore_ament_install']
[0.737s] Level 1:colcon.colcon_core.package_identification:_identify(log) by extension 'ignore'
[0.738s] Level 1:colcon.colcon_core.package_identification:_identify(log) ignored
[0.738s] Level 1:colcon.colcon_core.package_identification:_identify(src) by extensions ['ignore', 'ignore_ament_install']
[0.738s] Level 1:colcon.colcon_core.package_identification:_identify(src) by extension 'ignore'
[0.738s] Level 1:colcon.colcon_core.package_identification:_identify(src) by extension 'ignore_ament_install'
[0.738s] Level 1:colcon.colcon_core.package_identification:_identify(src) by extensions ['colcon_pkg']
[0.738s] Level 1:colcon.colcon_core.package_identification:_identify(src) by extension 'colcon_pkg'
[0.738s] Level 1:colcon.colcon_core.package_identification:_identify(src) by extensions ['colcon_meta']
[0.738s] Level 1:colcon.colcon_core.package_identification:_identify(src) by extension 'colcon_meta'
[0.738s] Level 1:colcon.colcon_core.package_identification:_identify(src) by extensions ['ros']
[0.738s] Level 1:colcon.colcon_core.package_identification:_identify(src) by extension 'ros'
[0.738s] Level 1:colcon.colcon_core.package_identification:_identify(src) by extensions ['cmake', 'python']
[0.738s] Level 1:colcon.colcon_core.package_identification:_identify(src) by extension 'cmake'
[0.739s] Level 1:colcon.colcon_core.package_identification:_identify(src) by extension 'python'
[0.739s] Level 1:colcon.colcon_core.package_identification:_identify(src) by extensions ['python_setup_py']
[0.739s] Level 1:colcon.colcon_core.package_identification:_identify(src) by extension 'python_setup_py'
[0.739s] Level 1:colcon.colcon_core.package_identification:_identify(src/yolo_inference) by extensions ['ignore', 'ignore_ament_install']
[0.739s] Level 1:colcon.colcon_core.package_identification:_identify(src/yolo_inference) by extension 'ignore'
[0.739s] Level 1:colcon.colcon_core.package_identification:_identify(src/yolo_inference) by extension 'ignore_ament_install'
[0.739s] Level 1:colcon.colcon_core.package_identification:_identify(src/yolo_inference) by extensions ['colcon_pkg']
[0.739s] Level 1:colcon.colcon_core.package_identification:_identify(src/yolo_inference) by extension 'colcon_pkg'
[0.739s] Level 1:colcon.colcon_core.package_identification:_identify(src/yolo_inference) by extensions ['colcon_meta']
[0.739s] Level 1:colcon.colcon_core.package_identification:_identify(src/yolo_inference) by extension 'colcon_meta'
[0.739s] Level 1:colcon.colcon_core.package_identification:_identify(src/yolo_inference) by extensions ['ros']
[0.739s] Level 1:colcon.colcon_core.package_identification:_identify(src/yolo_inference) by extension 'ros'
[0.743s] DEBUG:colcon.colcon_core.package_identification:Package 'src/yolo_inference' with type 'ros.ament_cmake' and name 'yolo_inference'
[0.744s] Level 1:colcon.colcon_core.package_identification:_identify(src/yolo_pkg) by extensions ['ignore', 'ignore_ament_install']
[0.744s] Level 1:colcon.colcon_core.package_identification:_identify(src/yolo_pkg) by extension 'ignore'
[0.744s] Level 1:colcon.colcon_core.package_identification:_identify(src/yolo_pkg) by extension 'ignore_ament_install'
[0.744s] Level 1:colcon.colcon_core.package_identification:_identify(src/yolo_pkg) by extensions ['colcon_pkg']
[0.744s] Level 1:colcon.colcon_core.package_identification:_identify(src/yolo_pkg) by extension 'colcon_pkg'
[0.744s] Level 1:colcon.colcon_core.package_identification:_identify(src/yolo_pkg) by extensions ['colcon_meta']
[0.744s] Level 1:colcon.colcon_core.package_identification:_identify(src/yolo_pkg) by extension 'colcon_meta'
[0.744s] Level 1:colcon.colcon_core.package_identification:_identify(src/yolo_pkg) by extensions ['ros']
[0.744s] Level 1:colcon.colcon_core.package_identification:_identify(src/yolo_pkg) by extension 'ros'
[0.745s] DEBUG:colcon.colcon_core.package_identification:Package 'src/yolo_pkg' with type 'ros.ament_python' and name 'yolo_pkg'
[0.745s] Level 1:colcon.colcon_core.package_discovery:discover_packages(recursive) using defaults
[0.745s] Level 1:colcon.colcon_core.package_discovery:discover_packages(ignore) discover
[0.745s] Level 1:colcon.colcon_core.package_discovery:discover_packages(ignore) using defaults
[0.745s] Level 1:colcon.colcon_core.package_discovery:discover_packages(path) discover
[0.746s] Level 1:colcon.colcon_core.package_discovery:discover_packages(path) using defaults
[0.789s] Level 1:colcon.colcon_core.package_discovery:discover_packages(prefix_path) check parameters
[0.789s] Level 1:colcon.colcon_core.package_discovery:discover_packages(prefix_path) discover
[0.796s] DEBUG:colcon.colcon_installed_package_information.package_discovery:Found 2 installed packages in /home/ksh/dobot_ws/install
[0.798s] DEBUG:colcon.colcon_installed_package_information.package_discovery:Found 2 installed packages in /home/ksh/yolo_ws/install
[0.802s] DEBUG:colcon.colcon_installed_package_information.package_discovery:Found 385 installed packages in /opt/ros/humble
[0.805s] Level 1:colcon.colcon_core.package_discovery:discover_packages(prefix_path) using defaults
[0.932s] Level 5:colcon.colcon_core.verb:set package 'yolo_inference' build argument 'cmake_args' from command line to 'None'
[0.932s] Level 5:colcon.colcon_core.verb:set package 'yolo_inference' build argument 'cmake_target' from command line to 'None'
[0.932s] Level 5:colcon.colcon_core.verb:set package 'yolo_inference' build argument 'cmake_target_skip_unavailable' from command line to 'False'
[0.933s] Level 5:colcon.colcon_core.verb:set package 'yolo_inference' build argument 'cmake_clean_cache' from command line to 'False'
[0.933s] Level 5:colcon.colcon_core.verb:set package 'yolo_inference' build argument 'cmake_clean_first' from command line to 'False'
[0.933s] Level 5:colcon.colcon_core.verb:set package 'yolo_inference' build argument 'cmake_force_configure' from command line to 'False'
[0.933s] Level 5:colcon.colcon_core.verb:set package 'yolo_inference' build argument 'ament_cmake_args' from command line to 'None'
[0.933s] Level 5:colcon.colcon_core.verb:set package 'yolo_inference' build argument 'catkin_cmake_args' from command line to 'None'
[0.933s] Level 5:colcon.colcon_core.verb:set package 'yolo_inference' build argument 'catkin_skip_building_tests' from command line to 'False'
[0.933s] DEBUG:colcon.colcon_core.verb:Building package 'yolo_inference' with the following arguments: {'ament_cmake_args': None, 'build_base': '/home/ksh/dobot_ws/build/yolo_inference', 'catkin_cmake_args': None, 'catkin_skip_building_tests': False, 'cmake_args': None, 'cmake_clean_cache': False, 'cmake_clean_first': False, 'cmake_force_configure': False, 'cmake_target': None, 'cmake_target_skip_unavailable': False, 'install_base': '/home/ksh/dobot_ws/install/yolo_inference', 'merge_install': False, 'path': '/home/ksh/dobot_ws/src/yolo_inference', 'symlink_install': False, 'test_result_base': None}
[0.935s] Level 5:colcon.colcon_core.verb:set package 'yolo_pkg' build argument 'cmake_args' from command line to 'None'
[0.935s] Level 5:colcon.colcon_core.verb:set package 'yolo_pkg' build argument 'cmake_target' from command line to 'None'
[0.935s] Level 5:colcon.colcon_core.verb:set package 'yolo_pkg' build argument 'cmake_target_skip_unavailable' from command line to 'False'
[0.935s] Level 5:colcon.colcon_core.verb:set package 'yolo_pkg' build argument 'cmake_clean_cache' from command line to 'False'
[0.935s] Level 5:colcon.colcon_core.verb:set package 'yolo_pkg' build argument 'cmake_clean_first' from command line to 'False'
[0.935s] Level 5:colcon.colcon_core.verb:set package 'yolo_pkg' build argument 'cmake_force_configure' from command line to 'False'
[0.935s] Level 5:colcon.colcon_core.verb:set package 'yolo_pkg' build argument 'ament_cmake_args' from command line to 'None'
[0.935s] Level 5:colcon.colcon_core.verb:set package 'yolo_pkg' build argument 'catkin_cmake_args' from command line to 'None'
[0.935s] Level 5:colcon.colcon_core.verb:set package 'yolo_pkg' build argument 'catkin_skip_building_tests' from command line to 'False'
[0.935s] DEBUG:colcon.colcon_core.verb:Building package 'yolo_pkg' with the following arguments: {'ament_cmake_args': None, 'build_base': '/home/ksh/dobot_ws/build/yolo_pkg', 'catkin_cmake_args': None, 'catkin_skip_building_tests': False, 'cmake_args': None, 'cmake_clean_cache': False, 'cmake_clean_first': False, 'cmake_force_configure': False, 'cmake_target': None, 'cmake_target_skip_unavailable': False, 'install_base': '/home/ksh/dobot_ws/install/yolo_pkg', 'merge_install': False, 'path': '/home/ksh/dobot_ws/src/yolo_pkg', 'symlink_install': False, 'test_result_base': None}
[0.936s] INFO:colcon.colcon_core.executor:Executing jobs using 'parallel' executor
[0.942s] DEBUG:colcon.colcon_parallel_executor.executor.parallel:run_until_complete
[0.943s] INFO:colcon.colcon_ros.task.ament_cmake.build:Building ROS package in '/home/ksh/dobot_ws/src/yolo_inference' with build type 'ament_cmake'
[0.943s] INFO:colcon.colcon_cmake.task.cmake.build:Building CMake package in '/home/ksh/dobot_ws/src/yolo_inference'
[0.952s] INFO:colcon.colcon_core.plugin_system:Skipping extension 'colcon_core.shell.bat': Not used on non-Windows systems
[0.952s] INFO:colcon.colcon_core.shell:Skip shell extension 'powershell' for command environment: Not usable outside of PowerShell
[0.952s] DEBUG:colcon.colcon_core.shell:Skip shell extension 'dsv' for command environment
[0.962s] INFO:colcon.colcon_ros.task.ament_python.build:Building ROS package in '/home/ksh/dobot_ws/src/yolo_pkg' with build type 'ament_python'
[0.962s] Level 1:colcon.colcon_core.shell:create_environment_hook('yolo_pkg', 'ament_prefix_path')
[0.965s] INFO:colcon.colcon_core.shell:Creating environment hook '/home/ksh/dobot_ws/install/yolo_pkg/share/yolo_pkg/hook/ament_prefix_path.ps1'
[0.967s] INFO:colcon.colcon_core.shell:Creating environment descriptor '/home/ksh/dobot_ws/install/yolo_pkg/share/yolo_pkg/hook/ament_prefix_path.dsv'
[0.967s] INFO:colcon.colcon_core.shell:Creating environment hook '/home/ksh/dobot_ws/install/yolo_pkg/share/yolo_pkg/hook/ament_prefix_path.sh'
[0.969s] INFO:colcon.colcon_core.shell:Skip shell extension 'powershell' for command environment: Not usable outside of PowerShell
[0.970s] DEBUG:colcon.colcon_core.shell:Skip shell extension 'dsv' for command environment
[0.986s] DEBUG:colcon.colcon_core.event_handler.log_command:Invoking command in '/home/ksh/dobot_ws/build/yolo_inference': CMAKE_PREFIX_PATH=${CMAKE_PREFIX_PATH}:/home/ksh/dobot_ws/install/yolo_pkg:/home/ksh/yolo_ws/install/yolo_pkg:/opt/ros/humble /home/ksh/.local/bin/cmake --build /home/ksh/dobot_ws/build/yolo_inference -- -j8 -l8
[1.396s] INFO:colcon.colcon_core.task.python.build:Building Python package in '/home/ksh/dobot_ws/src/yolo_pkg'
[1.398s] INFO:colcon.colcon_core.shell:Skip shell extension 'powershell' for command environment: Not usable outside of PowerShell
[1.398s] DEBUG:colcon.colcon_core.shell:Skip shell extension 'dsv' for command environment
[1.696s] DEBUG:colcon.colcon_core.event_handler.log_command:Invoked command in '/home/ksh/dobot_ws/build/yolo_inference' returned '0': CMAKE_PREFIX_PATH=${CMAKE_PREFIX_PATH}:/home/ksh/dobot_ws/install/yolo_pkg:/home/ksh/yolo_ws/install/yolo_pkg:/opt/ros/humble /home/ksh/.local/bin/cmake --build /home/ksh/dobot_ws/build/yolo_inference -- -j8 -l8
[2.074s] DEBUG:colcon.colcon_core.event_handler.log_command:Invoking command in '/home/ksh/dobot_ws/build/yolo_inference': CMAKE_PREFIX_PATH=${CMAKE_PREFIX_PATH}:/home/ksh/dobot_ws/install/yolo_pkg:/home/ksh/yolo_ws/install/yolo_pkg:/opt/ros/humble /home/ksh/.local/bin/cmake --install /home/ksh/dobot_ws/build/yolo_inference
[2.123s] DEBUG:colcon.colcon_core.event_handler.log_command:Invoking command in '/home/ksh/dobot_ws/src/yolo_pkg': PYTHONPATH=/home/ksh/dobot_ws/build/yolo_pkg/prefix_override:/home/ksh/dobot_ws/install/yolo_pkg/lib/python3.10/site-packages:${PYTHONPATH} /usr/bin/python3 setup.py egg_info --egg-base ../../build/yolo_pkg build --build-base /home/ksh/dobot_ws/build/yolo_pkg/build install --record /home/ksh/dobot_ws/build/yolo_pkg/install.log --single-version-externally-managed
[2.306s] Level 1:colcon.colcon_core.environment:create_environment_scripts_only(yolo_inference)
[2.310s] DEBUG:colcon.colcon_core.event_handler.log_command:Invoked command in '/home/ksh/dobot_ws/build/yolo_inference' returned '0': CMAKE_PREFIX_PATH=${CMAKE_PREFIX_PATH}:/home/ksh/dobot_ws/install/yolo_pkg:/home/ksh/yolo_ws/install/yolo_pkg:/opt/ros/humble /home/ksh/.local/bin/cmake --install /home/ksh/dobot_ws/build/yolo_inference
[2.328s] Level 1:colcon.colcon_core.environment:checking '/home/ksh/dobot_ws/install/yolo_inference' for CMake module files
[2.329s] Level 1:colcon.colcon_core.environment:checking '/home/ksh/dobot_ws/install/yolo_inference' for CMake config files
[2.330s] Level 1:colcon.colcon_core.shell:create_environment_hook('yolo_inference', 'cmake_prefix_path')
[2.332s] INFO:colcon.colcon_core.shell:Creating environment hook '/home/ksh/dobot_ws/install/yolo_inference/share/yolo_inference/hook/cmake_prefix_path.ps1'
[2.332s] INFO:colcon.colcon_core.shell:Creating environment descriptor '/home/ksh/dobot_ws/install/yolo_inference/share/yolo_inference/hook/cmake_prefix_path.dsv'
[2.333s] INFO:colcon.colcon_core.shell:Creating environment hook '/home/ksh/dobot_ws/install/yolo_inference/share/yolo_inference/hook/cmake_prefix_path.sh'
[2.334s] Level 1:colcon.colcon_core.environment:checking '/home/ksh/dobot_ws/install/yolo_inference/lib'
[2.334s] Level 1:colcon.colcon_core.shell:create_environment_hook('yolo_inference', 'ld_library_path_lib')
[2.337s] INFO:colcon.colcon_core.shell:Creating environment hook '/home/ksh/dobot_ws/install/yolo_inference/share/yolo_inference/hook/ld_library_path_lib.ps1'
[2.337s] INFO:colcon.colcon_core.shell:Creating environment descriptor '/home/ksh/dobot_ws/install/yolo_inference/share/yolo_inference/hook/ld_library_path_lib.dsv'
[2.338s] INFO:colcon.colcon_core.shell:Creating environment hook '/home/ksh/dobot_ws/install/yolo_inference/share/yolo_inference/hook/ld_library_path_lib.sh'
[2.338s] Level 1:colcon.colcon_core.environment:checking '/home/ksh/dobot_ws/install/yolo_inference/bin'
[2.338s] Level 1:colcon.colcon_core.environment:checking '/home/ksh/dobot_ws/install/yolo_inference/lib/pkgconfig/yolo_inference.pc'
[2.339s] Level 1:colcon.colcon_core.environment:checking '/home/ksh/dobot_ws/install/yolo_inference/lib/python3.10/site-packages'
[2.339s] Level 1:colcon.colcon_core.environment:checking '/home/ksh/dobot_ws/install/yolo_inference/bin'
[2.341s] INFO:colcon.colcon_core.shell:Creating package script '/home/ksh/dobot_ws/install/yolo_inference/share/yolo_inference/package.ps1'
[2.343s] INFO:colcon.colcon_core.shell:Creating package descriptor '/home/ksh/dobot_ws/install/yolo_inference/share/yolo_inference/package.dsv'
[2.344s] INFO:colcon.colcon_core.shell:Creating package script '/home/ksh/dobot_ws/install/yolo_inference/share/yolo_inference/package.sh'
[2.345s] INFO:colcon.colcon_core.shell:Creating package script '/home/ksh/dobot_ws/install/yolo_inference/share/yolo_inference/package.bash'
[2.345s] INFO:colcon.colcon_core.shell:Creating package script '/home/ksh/dobot_ws/install/yolo_inference/share/yolo_inference/package.zsh'
[2.346s] Level 1:colcon.colcon_core.environment:create_file_with_runtime_dependencies(/home/ksh/dobot_ws/install/yolo_inference/share/colcon-core/packages/yolo_inference)
[2.603s] Level 1:colcon.colcon_core.environment:create_environment_scripts_only(yolo_inference)
[2.606s] Level 1:colcon.colcon_core.environment:checking '/home/ksh/dobot_ws/install/yolo_inference' for CMake module files
[2.607s] Level 1:colcon.colcon_core.environment:checking '/home/ksh/dobot_ws/install/yolo_inference' for CMake config files
[2.608s] Level 1:colcon.colcon_core.shell:create_environment_hook('yolo_inference', 'cmake_prefix_path')
[2.610s] INFO:colcon.colcon_core.shell:Creating environment hook '/home/ksh/dobot_ws/install/yolo_inference/share/yolo_inference/hook/cmake_prefix_path.ps1'
[2.611s] INFO:colcon.colcon_core.shell:Creating environment descriptor '/home/ksh/dobot_ws/install/yolo_inference/share/yolo_inference/hook/cmake_prefix_path.dsv'
[2.611s] INFO:colcon.colcon_core.shell:Creating environment hook '/home/ksh/dobot_ws/install/yolo_inference/share/yolo_inference/hook/cmake_prefix_path.sh'
[2.613s] Level 1:colcon.colcon_core.environment:checking '/home/ksh/dobot_ws/install/yolo_inference/lib'
[2.614s] Level 1:colcon.colcon_core.shell:create_environment_hook('yolo_inference', 'ld_library_path_lib')
[2.616s] INFO:colcon.colcon_core.shell:Creating environment hook '/home/ksh/dobot_ws/install/yolo_inference/share/yolo_inference/hook/ld_library_path_lib.ps1'
[2.617s] INFO:colcon.colcon_core.shell:Creating environment descriptor '/home/ksh/dobot_ws/install/yolo_inference/share/yolo_inference/hook/ld_library_path_lib.dsv'
[2.617s] INFO:colcon.colcon_core.shell:Creating environment hook '/home/ksh/dobot_ws/install/yolo_inference/share/yolo_inference/hook/ld_library_path_lib.sh'
[2.618s] Level 1:colcon.colcon_core.environment:checking '/home/ksh/dobot_ws/install/yolo_inference/bin'
[2.618s] Level 1:colcon.colcon_core.environment:checking '/home/ksh/dobot_ws/install/yolo_inference/lib/pkgconfig/yolo_inference.pc'
[2.618s] Level 1:colcon.colcon_core.environment:checking '/home/ksh/dobot_ws/install/yolo_inference/lib/python3.10/site-packages'
[2.618s] Level 1:colcon.colcon_core.environment:checking '/home/ksh/dobot_ws/install/yolo_inference/bin'
[2.621s] INFO:colcon.colcon_core.shell:Creating package script '/home/ksh/dobot_ws/install/yolo_inference/share/yolo_inference/package.ps1'
[2.622s] INFO:colcon.colcon_core.shell:Creating package descriptor '/home/ksh/dobot_ws/install/yolo_inference/share/yolo_inference/package.dsv'
[2.623s] INFO:colcon.colcon_core.shell:Creating package script '/home/ksh/dobot_ws/install/yolo_inference/share/yolo_inference/package.sh'
[2.624s] INFO:colcon.colcon_core.shell:Creating package script '/home/ksh/dobot_ws/install/yolo_inference/share/yolo_inference/package.bash'
[2.624s] INFO:colcon.colcon_core.shell:Creating package script '/home/ksh/dobot_ws/install/yolo_inference/share/yolo_inference/package.zsh'
[2.625s] Level 1:colcon.colcon_core.environment:create_file_with_runtime_dependencies(/home/ksh/dobot_ws/install/yolo_inference/share/colcon-core/packages/yolo_inference)
[2.673s] Level 1:colcon.colcon_core.environment:checking '/home/ksh/dobot_ws/install/yolo_pkg' for CMake module files
[2.674s] DEBUG:colcon.colcon_core.event_handler.log_command:Invoked command in '/home/ksh/dobot_ws/src/yolo_pkg' returned '0': PYTHONPATH=/home/ksh/dobot_ws/build/yolo_pkg/prefix_override:/home/ksh/dobot_ws/install/yolo_pkg/lib/python3.10/site-packages:${PYTHONPATH} /usr/bin/python3 setup.py egg_info --egg-base ../../build/yolo_pkg build --build-base /home/ksh/dobot_ws/build/yolo_pkg/build install --record /home/ksh/dobot_ws/build/yolo_pkg/install.log --single-version-externally-managed
[2.674s] Level 1:colcon.colcon_core.environment:checking '/home/ksh/dobot_ws/install/yolo_pkg' for CMake config files
[2.675s] Level 1:colcon.colcon_core.environment:checking '/home/ksh/dobot_ws/install/yolo_pkg/lib'
[2.675s] Level 1:colcon.colcon_core.environment:checking '/home/ksh/dobot_ws/install/yolo_pkg/bin'
[2.675s] Level 1:colcon.colcon_core.environment:checking '/home/ksh/dobot_ws/install/yolo_pkg/lib/pkgconfig/yolo_pkg.pc'
[2.675s] Level 1:colcon.colcon_core.environment:checking '/home/ksh/dobot_ws/install/yolo_pkg/lib/python3.10/site-packages'
[2.675s] Level 1:colcon.colcon_core.shell:create_environment_hook('yolo_pkg', 'pythonpath')
[2.677s] INFO:colcon.colcon_core.shell:Creating environment hook '/home/ksh/dobot_ws/install/yolo_pkg/share/yolo_pkg/hook/pythonpath.ps1'
[2.678s] INFO:colcon.colcon_core.shell:Creating environment descriptor '/home/ksh/dobot_ws/install/yolo_pkg/share/yolo_pkg/hook/pythonpath.dsv'
[2.678s] INFO:colcon.colcon_core.shell:Creating environment hook '/home/ksh/dobot_ws/install/yolo_pkg/share/yolo_pkg/hook/pythonpath.sh'
[2.678s] Level 1:colcon.colcon_core.environment:checking '/home/ksh/dobot_ws/install/yolo_pkg/bin'
[2.678s] Level 1:colcon.colcon_core.environment:create_environment_scripts_only(yolo_pkg)
[2.680s] INFO:colcon.colcon_core.shell:Creating package script '/home/ksh/dobot_ws/install/yolo_pkg/share/yolo_pkg/package.ps1'
[2.680s] INFO:colcon.colcon_core.shell:Creating package descriptor '/home/ksh/dobot_ws/install/yolo_pkg/share/yolo_pkg/package.dsv'
[2.681s] INFO:colcon.colcon_core.shell:Creating package script '/home/ksh/dobot_ws/install/yolo_pkg/share/yolo_pkg/package.sh'
[2.681s] INFO:colcon.colcon_core.shell:Creating package script '/home/ksh/dobot_ws/install/yolo_pkg/share/yolo_pkg/package.bash'
[2.681s] INFO:colcon.colcon_core.shell:Creating package script '/home/ksh/dobot_ws/install/yolo_pkg/share/yolo_pkg/package.zsh'
[2.682s] Level 1:colcon.colcon_core.environment:create_file_with_runtime_dependencies(/home/ksh/dobot_ws/install/yolo_pkg/share/colcon-core/packages/yolo_pkg)
[2.682s] DEBUG:colcon.colcon_parallel_executor.executor.parallel:closing loop
[2.682s] DEBUG:colcon.colcon_parallel_executor.executor.parallel:loop closed
[2.682s] DEBUG:colcon.colcon_parallel_executor.executor.parallel:run_until_complete finished with '0'
[2.683s] DEBUG:colcon.colcon_core.event_reactor:joining thread
[2.692s] INFO:colcon.colcon_core.plugin_system:Skipping extension 'colcon_notification.desktop_notification.terminal_notifier': Not used on non-Darwin systems
[2.692s] INFO:colcon.colcon_core.plugin_system:Skipping extension 'colcon_notification.desktop_notification.win32': Not used on non-Windows systems
[2.692s] INFO:colcon.colcon_notification.desktop_notification:Sending desktop notification using 'notify2'
[2.707s] DEBUG:colcon.colcon_core.event_reactor:joined thread
[2.709s] INFO:colcon.colcon_core.shell:Creating prefix script '/home/ksh/dobot_ws/install/local_setup.ps1'
[2.712s] INFO:colcon.colcon_core.shell:Creating prefix util module '/home/ksh/dobot_ws/install/_local_setup_util_ps1.py'
[2.715s] INFO:colcon.colcon_core.shell:Creating prefix chain script '/home/ksh/dobot_ws/install/setup.ps1'
[2.717s] INFO:colcon.colcon_core.shell:Creating prefix script '/home/ksh/dobot_ws/install/local_setup.sh'
[2.718s] INFO:colcon.colcon_core.shell:Creating prefix util module '/home/ksh/dobot_ws/install/_local_setup_util_sh.py'
[2.719s] INFO:colcon.colcon_core.shell:Creating prefix chain script '/home/ksh/dobot_ws/install/setup.sh'
[2.721s] INFO:colcon.colcon_core.shell:Creating prefix script '/home/ksh/dobot_ws/install/local_setup.bash'
[2.722s] INFO:colcon.colcon_core.shell:Creating prefix chain script '/home/ksh/dobot_ws/install/setup.bash'
[2.725s] INFO:colcon.colcon_core.shell:Creating prefix script '/home/ksh/dobot_ws/install/local_setup.zsh'
[2.725s] INFO:colcon.colcon_core.shell:Creating prefix chain script '/home/ksh/dobot_ws/install/setup.zsh'
