[0.613s] Invoking command in '/home/ksh/dobot_ws/src/yolo_pkg': PYTHONPATH=/home/ksh/dobot_ws/build/yolo_pkg/prefix_override:/home/ksh/dobot_ws/install/yolo_pkg/lib/python3.10/site-packages:${PYTHONPATH} /usr/bin/python3 setup.py egg_info --egg-base ../../build/yolo_pkg build --build-base /home/ksh/dobot_ws/build/yolo_pkg/build install --record /home/ksh/dobot_ws/build/yolo_pkg/install.log --single-version-externally-managed
[0.810s] running egg_info
[0.811s] writing ../../build/yolo_pkg/yolo_pkg.egg-info/PKG-INFO
[0.812s] writing dependency_links to ../../build/yolo_pkg/yolo_pkg.egg-info/dependency_links.txt
[0.812s] writing entry points to ../../build/yolo_pkg/yolo_pkg.egg-info/entry_points.txt
[0.812s] writing requirements to ../../build/yolo_pkg/yolo_pkg.egg-info/requires.txt
[0.812s] writing top-level names to ../../build/yolo_pkg/yolo_pkg.egg-info/top_level.txt
[0.813s] reading manifest file '../../build/yolo_pkg/yolo_pkg.egg-info/SOURCES.txt'
[0.814s] writing manifest file '../../build/yolo_pkg/yolo_pkg.egg-info/SOURCES.txt'
[0.814s] running build
[0.814s] running build_py
[0.814s] copying yolo_pkg/img_pub.py -> /home/ksh/dobot_ws/build/yolo_pkg/build/lib/yolo_pkg
[0.815s] running install
[0.815s] /usr/lib/python3/dist-packages/setuptools/command/install.py:34: SetuptoolsDeprecationWarning: setup.py install is deprecated. Use build and pip and other standards-based tools.
[0.815s]   warnings.warn(
[0.815s] running install_lib
[0.816s] copying /home/ksh/dobot_ws/build/yolo_pkg/build/lib/yolo_pkg/img_pub.py -> /home/ksh/dobot_ws/install/yolo_pkg/lib/python3.10/site-packages/yolo_pkg
[0.816s] byte-compiling /home/ksh/dobot_ws/install/yolo_pkg/lib/python3.10/site-packages/yolo_pkg/img_pub.py to img_pub.cpython-310.pyc
[0.817s] running install_data
[0.818s] running install_egg_info
[0.819s] removing '/home/ksh/dobot_ws/install/yolo_pkg/lib/python3.10/site-packages/yolo_pkg-0.0.0-py3.10.egg-info' (and everything under it)
[0.819s] Copying ../../build/yolo_pkg/yolo_pkg.egg-info to /home/ksh/dobot_ws/install/yolo_pkg/lib/python3.10/site-packages/yolo_pkg-0.0.0-py3.10.egg-info
[0.820s] running install_scripts
[0.834s] Installing dobot_executor script to /home/ksh/dobot_ws/install/yolo_pkg/lib/yolo_pkg
[0.835s] Installing image_publisher script to /home/ksh/dobot_ws/install/yolo_pkg/lib/yolo_pkg
[0.835s] Installing object_detect_publisher script to /home/ksh/dobot_ws/install/yolo_pkg/lib/yolo_pkg
[0.835s] Installing object_detect_subscriber script to /home/ksh/dobot_ws/install/yolo_pkg/lib/yolo_pkg
[0.835s] writing list of installed files to '/home/ksh/dobot_ws/build/yolo_pkg/install.log'
[0.856s] Invoked command in '/home/ksh/dobot_ws/src/yolo_pkg' returned '0': PYTHONPATH=/home/ksh/dobot_ws/build/yolo_pkg/prefix_override:/home/ksh/dobot_ws/install/yolo_pkg/lib/python3.10/site-packages:${PYTHONPATH} /usr/bin/python3 setup.py egg_info --egg-base ../../build/yolo_pkg build --build-base /home/ksh/dobot_ws/build/yolo_pkg/build install --record /home/ksh/dobot_ws/build/yolo_pkg/install.log --single-version-externally-managed
