[0.197s] Invoking command in '/home/gomi/dev_ws/ros_quiz/pkg_for_quiz/build/playing_turtle_package_msgs': CMAKE_PREFIX_PATH=${CMAKE_PREFIX_PATH}:/home/gomi/dev_ws/ros_quiz/pkg_for_quiz/install/playing_turtle_package:/opt/ros/humble /home/gomi/.local/bin/cmake --build /home/gomi/dev_ws/ros_quiz/pkg_for_quiz/build/playing_turtle_package_msgs -- -j8 -l8
[0.249s] [  3%] Built target playing_turtle_package_msgs__cpp
[0.249s] [ 12%] Built target playing_turtle_package_msgs__rosidl_generator_c
[0.252s] [ 12%] Built target ament_cmake_python_copy_playing_turtle_package_msgs
[0.258s] [ 22%] Built target playing_turtle_package_msgs__rosidl_typesupport_introspection_c
[0.258s] [ 41%] Built target playing_turtle_package_msgs__rosidl_typesupport_cpp
[0.258s] [ 41%] Built target playing_turtle_package_msgs__rosidl_typesupport_introspection_cpp
[0.260s] [ 51%] Built target playing_turtle_package_msgs__rosidl_typesupport_fastrtps_cpp
[0.260s] [ 61%] Built target playing_turtle_package_msgs__rosidl_typesupport_c
[0.261s] [ 70%] Built target playing_turtle_package_msgs__rosidl_typesupport_fastrtps_c
[0.268s] [ 70%] Built target playing_turtle_package_msgs
[0.274s] [ 74%] Built target playing_turtle_package_msgs__py
[0.283s] [ 80%] Built target playing_turtle_package_msgs__rosidl_generator_py
[0.291s] [ 87%] Built target playing_turtle_package_msgs__rosidl_typesupport_introspection_c__pyext
[0.293s] [ 93%] Built target playing_turtle_package_msgs__rosidl_typesupport_fastrtps_c__pyext
[0.295s] [100%] Built target playing_turtle_package_msgs__rosidl_typesupport_c__pyext
[0.451s] running egg_info
[0.451s] writing playing_turtle_package_msgs.egg-info/PKG-INFO
[0.451s] writing dependency_links to playing_turtle_package_msgs.egg-info/dependency_links.txt
[0.451s] writing top-level names to playing_turtle_package_msgs.egg-info/top_level.txt
[0.453s] reading manifest file 'playing_turtle_package_msgs.egg-info/SOURCES.txt'
[0.454s] writing manifest file 'playing_turtle_package_msgs.egg-info/SOURCES.txt'
[0.474s] [100%] Built target ament_cmake_python_build_playing_turtle_package_msgs_egg
[0.485s] Invoked command in '/home/gomi/dev_ws/ros_quiz/pkg_for_quiz/build/playing_turtle_package_msgs' returned '0': CMAKE_PREFIX_PATH=${CMAKE_PREFIX_PATH}:/home/gomi/dev_ws/ros_quiz/pkg_for_quiz/install/playing_turtle_package:/opt/ros/humble /home/gomi/.local/bin/cmake --build /home/gomi/dev_ws/ros_quiz/pkg_for_quiz/build/playing_turtle_package_msgs -- -j8 -l8
[0.604s] Invoking command in '/home/gomi/dev_ws/ros_quiz/pkg_for_quiz/build/playing_turtle_package_msgs': CMAKE_PREFIX_PATH=${CMAKE_PREFIX_PATH}:/home/gomi/dev_ws/ros_quiz/pkg_for_quiz/install/playing_turtle_package:/opt/ros/humble /home/gomi/.local/bin/cmake --install /home/gomi/dev_ws/ros_quiz/pkg_for_quiz/build/playing_turtle_package_msgs
[0.643s] -- Install configuration: ""
[0.643s] -- Up-to-date: /home/gomi/dev_ws/ros_quiz/pkg_for_quiz/install/playing_turtle_package_msgs/share/ament_index/resource_index/rosidl_interfaces/playing_turtle_package_msgs
[0.643s] -- Up-to-date: /home/gomi/dev_ws/ros_quiz/pkg_for_quiz/install/playing_turtle_package_msgs/include/playing_turtle_package_msgs/playing_turtle_package_msgs
[0.643s] -- Up-to-date: /home/gomi/dev_ws/ros_quiz/pkg_for_quiz/install/playing_turtle_package_msgs/include/playing_turtle_package_msgs/playing_turtle_package_msgs/msg
[0.643s] -- Up-to-date: /home/gomi/dev_ws/ros_quiz/pkg_for_quiz/install/playing_turtle_package_msgs/include/playing_turtle_package_msgs/playing_turtle_package_msgs/msg/rosidl_generator_c__visibility_control.h
[0.643s] -- Up-to-date: /home/gomi/dev_ws/ros_quiz/pkg_for_quiz/install/playing_turtle_package_msgs/include/playing_turtle_package_msgs/playing_turtle_package_msgs/srv
[0.643s] -- Up-to-date: /home/gomi/dev_ws/ros_quiz/pkg_for_quiz/install/playing_turtle_package_msgs/include/playing_turtle_package_msgs/playing_turtle_package_msgs/srv/tree_spawn.h
[0.643s] -- Up-to-date: /home/gomi/dev_ws/ros_quiz/pkg_for_quiz/install/playing_turtle_package_msgs/include/playing_turtle_package_msgs/playing_turtle_package_msgs/srv/detail
[0.644s] -- Up-to-date: /home/gomi/dev_ws/ros_quiz/pkg_for_quiz/install/playing_turtle_package_msgs/include/playing_turtle_package_msgs/playing_turtle_package_msgs/srv/detail/tree_spawn__type_support.h
[0.644s] -- Up-to-date: /home/gomi/dev_ws/ros_quiz/pkg_for_quiz/install/playing_turtle_package_msgs/include/playing_turtle_package_msgs/playing_turtle_package_msgs/srv/detail/tree_spawn__functions.c
[0.644s] -- Up-to-date: /home/gomi/dev_ws/ros_quiz/pkg_for_quiz/install/playing_turtle_package_msgs/include/playing_turtle_package_msgs/playing_turtle_package_msgs/srv/detail/tree_spawn__struct.h
[0.644s] -- Up-to-date: /home/gomi/dev_ws/ros_quiz/pkg_for_quiz/install/playing_turtle_package_msgs/include/playing_turtle_package_msgs/playing_turtle_package_msgs/srv/detail/tree_spawn__functions.h
[0.644s] -- Up-to-date: /home/gomi/dev_ws/ros_quiz/pkg_for_quiz/install/playing_turtle_package_msgs/share/playing_turtle_package_msgs/environment/library_path.sh
[0.644s] -- Up-to-date: /home/gomi/dev_ws/ros_quiz/pkg_for_quiz/install/playing_turtle_package_msgs/share/playing_turtle_package_msgs/environment/library_path.dsv
[0.644s] -- Up-to-date: /home/gomi/dev_ws/ros_quiz/pkg_for_quiz/install/playing_turtle_package_msgs/lib/libplaying_turtle_package_msgs__rosidl_generator_c.so
[0.645s] -- Up-to-date: /home/gomi/dev_ws/ros_quiz/pkg_for_quiz/install/playing_turtle_package_msgs/include/playing_turtle_package_msgs/playing_turtle_package_msgs
[0.645s] -- Up-to-date: /home/gomi/dev_ws/ros_quiz/pkg_for_quiz/install/playing_turtle_package_msgs/include/playing_turtle_package_msgs/playing_turtle_package_msgs/msg
[0.645s] -- Up-to-date: /home/gomi/dev_ws/ros_quiz/pkg_for_quiz/install/playing_turtle_package_msgs/include/playing_turtle_package_msgs/playing_turtle_package_msgs/msg/rosidl_typesupport_fastrtps_c__visibility_control.h
[0.645s] -- Up-to-date: /home/gomi/dev_ws/ros_quiz/pkg_for_quiz/install/playing_turtle_package_msgs/include/playing_turtle_package_msgs/playing_turtle_package_msgs/srv
[0.645s] -- Up-to-date: /home/gomi/dev_ws/ros_quiz/pkg_for_quiz/install/playing_turtle_package_msgs/include/playing_turtle_package_msgs/playing_turtle_package_msgs/srv/detail
[0.645s] -- Up-to-date: /home/gomi/dev_ws/ros_quiz/pkg_for_quiz/install/playing_turtle_package_msgs/include/playing_turtle_package_msgs/playing_turtle_package_msgs/srv/detail/tree_spawn__rosidl_typesupport_fastrtps_c.h
[0.645s] -- Up-to-date: /home/gomi/dev_ws/ros_quiz/pkg_for_quiz/install/playing_turtle_package_msgs/lib/libplaying_turtle_package_msgs__rosidl_typesupport_fastrtps_c.so
[0.645s] -- Up-to-date: /home/gomi/dev_ws/ros_quiz/pkg_for_quiz/install/playing_turtle_package_msgs/include/playing_turtle_package_msgs/playing_turtle_package_msgs
[0.645s] -- Up-to-date: /home/gomi/dev_ws/ros_quiz/pkg_for_quiz/install/playing_turtle_package_msgs/include/playing_turtle_package_msgs/playing_turtle_package_msgs/msg
[0.646s] -- Up-to-date: /home/gomi/dev_ws/ros_quiz/pkg_for_quiz/install/playing_turtle_package_msgs/include/playing_turtle_package_msgs/playing_turtle_package_msgs/msg/rosidl_typesupport_introspection_c__visibility_control.h
[0.646s] -- Up-to-date: /home/gomi/dev_ws/ros_quiz/pkg_for_quiz/install/playing_turtle_package_msgs/include/playing_turtle_package_msgs/playing_turtle_package_msgs/srv
[0.646s] -- Up-to-date: /home/gomi/dev_ws/ros_quiz/pkg_for_quiz/install/playing_turtle_package_msgs/include/playing_turtle_package_msgs/playing_turtle_package_msgs/srv/detail
[0.646s] -- Up-to-date: /home/gomi/dev_ws/ros_quiz/pkg_for_quiz/install/playing_turtle_package_msgs/include/playing_turtle_package_msgs/playing_turtle_package_msgs/srv/detail/tree_spawn__type_support.c
[0.646s] -- Up-to-date: /home/gomi/dev_ws/ros_quiz/pkg_for_quiz/install/playing_turtle_package_msgs/include/playing_turtle_package_msgs/playing_turtle_package_msgs/srv/detail/tree_spawn__rosidl_typesupport_introspection_c.h
[0.646s] -- Up-to-date: /home/gomi/dev_ws/ros_quiz/pkg_for_quiz/install/playing_turtle_package_msgs/lib/libplaying_turtle_package_msgs__rosidl_typesupport_introspection_c.so
[0.646s] -- Up-to-date: /home/gomi/dev_ws/ros_quiz/pkg_for_quiz/install/playing_turtle_package_msgs/lib/libplaying_turtle_package_msgs__rosidl_typesupport_c.so
[0.646s] -- Up-to-date: /home/gomi/dev_ws/ros_quiz/pkg_for_quiz/install/playing_turtle_package_msgs/include/playing_turtle_package_msgs/playing_turtle_package_msgs
[0.646s] -- Up-to-date: /home/gomi/dev_ws/ros_quiz/pkg_for_quiz/install/playing_turtle_package_msgs/include/playing_turtle_package_msgs/playing_turtle_package_msgs/srv
[0.646s] -- Up-to-date: /home/gomi/dev_ws/ros_quiz/pkg_for_quiz/install/playing_turtle_package_msgs/include/playing_turtle_package_msgs/playing_turtle_package_msgs/srv/tree_spawn.hpp
[0.646s] -- Up-to-date: /home/gomi/dev_ws/ros_quiz/pkg_for_quiz/install/playing_turtle_package_msgs/include/playing_turtle_package_msgs/playing_turtle_package_msgs/srv/detail
[0.646s] -- Up-to-date: /home/gomi/dev_ws/ros_quiz/pkg_for_quiz/install/playing_turtle_package_msgs/include/playing_turtle_package_msgs/playing_turtle_package_msgs/srv/detail/tree_spawn__struct.hpp
[0.646s] -- Up-to-date: /home/gomi/dev_ws/ros_quiz/pkg_for_quiz/install/playing_turtle_package_msgs/include/playing_turtle_package_msgs/playing_turtle_package_msgs/srv/detail/tree_spawn__builder.hpp
[0.647s] -- Up-to-date: /home/gomi/dev_ws/ros_quiz/pkg_for_quiz/install/playing_turtle_package_msgs/include/playing_turtle_package_msgs/playing_turtle_package_msgs/srv/detail/tree_spawn__traits.hpp
[0.647s] -- Up-to-date: /home/gomi/dev_ws/ros_quiz/pkg_for_quiz/install/playing_turtle_package_msgs/include/playing_turtle_package_msgs/playing_turtle_package_msgs
[0.647s] -- Up-to-date: /home/gomi/dev_ws/ros_quiz/pkg_for_quiz/install/playing_turtle_package_msgs/include/playing_turtle_package_msgs/playing_turtle_package_msgs/msg
[0.647s] -- Up-to-date: /home/gomi/dev_ws/ros_quiz/pkg_for_quiz/install/playing_turtle_package_msgs/include/playing_turtle_package_msgs/playing_turtle_package_msgs/msg/rosidl_typesupport_fastrtps_cpp__visibility_control.h
[0.647s] -- Up-to-date: /home/gomi/dev_ws/ros_quiz/pkg_for_quiz/install/playing_turtle_package_msgs/include/playing_turtle_package_msgs/playing_turtle_package_msgs/srv
[0.647s] -- Up-to-date: /home/gomi/dev_ws/ros_quiz/pkg_for_quiz/install/playing_turtle_package_msgs/include/playing_turtle_package_msgs/playing_turtle_package_msgs/srv/detail
[0.647s] -- Up-to-date: /home/gomi/dev_ws/ros_quiz/pkg_for_quiz/install/playing_turtle_package_msgs/include/playing_turtle_package_msgs/playing_turtle_package_msgs/srv/detail/tree_spawn__rosidl_typesupport_fastrtps_cpp.hpp
[0.647s] -- Up-to-date: /home/gomi/dev_ws/ros_quiz/pkg_for_quiz/install/playing_turtle_package_msgs/include/playing_turtle_package_msgs/playing_turtle_package_msgs/srv/detail/dds_fastrtps
[0.647s] -- Up-to-date: /home/gomi/dev_ws/ros_quiz/pkg_for_quiz/install/playing_turtle_package_msgs/lib/libplaying_turtle_package_msgs__rosidl_typesupport_fastrtps_cpp.so
[0.647s] -- Up-to-date: /home/gomi/dev_ws/ros_quiz/pkg_for_quiz/install/playing_turtle_package_msgs/include/playing_turtle_package_msgs/playing_turtle_package_msgs
[0.647s] -- Up-to-date: /home/gomi/dev_ws/ros_quiz/pkg_for_quiz/install/playing_turtle_package_msgs/include/playing_turtle_package_msgs/playing_turtle_package_msgs/srv
[0.647s] -- Up-to-date: /home/gomi/dev_ws/ros_quiz/pkg_for_quiz/install/playing_turtle_package_msgs/include/playing_turtle_package_msgs/playing_turtle_package_msgs/srv/detail
[0.647s] -- Up-to-date: /home/gomi/dev_ws/ros_quiz/pkg_for_quiz/install/playing_turtle_package_msgs/include/playing_turtle_package_msgs/playing_turtle_package_msgs/srv/detail/tree_spawn__rosidl_typesupport_introspection_cpp.hpp
[0.647s] -- Up-to-date: /home/gomi/dev_ws/ros_quiz/pkg_for_quiz/install/playing_turtle_package_msgs/include/playing_turtle_package_msgs/playing_turtle_package_msgs/srv/detail/tree_spawn__type_support.cpp
[0.648s] -- Up-to-date: /home/gomi/dev_ws/ros_quiz/pkg_for_quiz/install/playing_turtle_package_msgs/lib/libplaying_turtle_package_msgs__rosidl_typesupport_introspection_cpp.so
[0.648s] -- Up-to-date: /home/gomi/dev_ws/ros_quiz/pkg_for_quiz/install/playing_turtle_package_msgs/lib/libplaying_turtle_package_msgs__rosidl_typesupport_cpp.so
[0.648s] -- Up-to-date: /home/gomi/dev_ws/ros_quiz/pkg_for_quiz/install/playing_turtle_package_msgs/share/playing_turtle_package_msgs/environment/pythonpath.sh
[0.648s] -- Up-to-date: /home/gomi/dev_ws/ros_quiz/pkg_for_quiz/install/playing_turtle_package_msgs/share/playing_turtle_package_msgs/environment/pythonpath.dsv
[0.648s] -- Up-to-date: /home/gomi/dev_ws/ros_quiz/pkg_for_quiz/install/playing_turtle_package_msgs/local/lib/python3.10/dist-packages/playing_turtle_package_msgs-0.0.0-py3.10.egg-info
[0.648s] -- Installing: /home/gomi/dev_ws/ros_quiz/pkg_for_quiz/install/playing_turtle_package_msgs/local/lib/python3.10/dist-packages/playing_turtle_package_msgs-0.0.0-py3.10.egg-info/PKG-INFO
[0.648s] -- Installing: /home/gomi/dev_ws/ros_quiz/pkg_for_quiz/install/playing_turtle_package_msgs/local/lib/python3.10/dist-packages/playing_turtle_package_msgs-0.0.0-py3.10.egg-info/top_level.txt
[0.648s] -- Installing: /home/gomi/dev_ws/ros_quiz/pkg_for_quiz/install/playing_turtle_package_msgs/local/lib/python3.10/dist-packages/playing_turtle_package_msgs-0.0.0-py3.10.egg-info/SOURCES.txt
[0.648s] -- Installing: /home/gomi/dev_ws/ros_quiz/pkg_for_quiz/install/playing_turtle_package_msgs/local/lib/python3.10/dist-packages/playing_turtle_package_msgs-0.0.0-py3.10.egg-info/dependency_links.txt
[0.648s] -- Up-to-date: /home/gomi/dev_ws/ros_quiz/pkg_for_quiz/install/playing_turtle_package_msgs/local/lib/python3.10/dist-packages/playing_turtle_package_msgs
[0.648s] -- Up-to-date: /home/gomi/dev_ws/ros_quiz/pkg_for_quiz/install/playing_turtle_package_msgs/local/lib/python3.10/dist-packages/playing_turtle_package_msgs/_playing_turtle_package_msgs_s.ep.rosidl_typesupport_fastrtps_c.c
[0.648s] -- Up-to-date: /home/gomi/dev_ws/ros_quiz/pkg_for_quiz/install/playing_turtle_package_msgs/local/lib/python3.10/dist-packages/playing_turtle_package_msgs/_playing_turtle_package_msgs_s.ep.rosidl_typesupport_c.c
[0.648s] -- Up-to-date: /home/gomi/dev_ws/ros_quiz/pkg_for_quiz/install/playing_turtle_package_msgs/local/lib/python3.10/dist-packages/playing_turtle_package_msgs/libplaying_turtle_package_msgs__rosidl_generator_py.so
[0.649s] -- Up-to-date: /home/gomi/dev_ws/ros_quiz/pkg_for_quiz/install/playing_turtle_package_msgs/local/lib/python3.10/dist-packages/playing_turtle_package_msgs/playing_turtle_package_msgs_s__rosidl_typesupport_c.cpython-310-x86_64-linux-gnu.so
[0.649s] -- Up-to-date: /home/gomi/dev_ws/ros_quiz/pkg_for_quiz/install/playing_turtle_package_msgs/local/lib/python3.10/dist-packages/playing_turtle_package_msgs/_playing_turtle_package_msgs_s.ep.rosidl_typesupport_introspection_c.c
[0.649s] -- Up-to-date: /home/gomi/dev_ws/ros_quiz/pkg_for_quiz/install/playing_turtle_package_msgs/local/lib/python3.10/dist-packages/playing_turtle_package_msgs/srv
[0.649s] -- Up-to-date: /home/gomi/dev_ws/ros_quiz/pkg_for_quiz/install/playing_turtle_package_msgs/local/lib/python3.10/dist-packages/playing_turtle_package_msgs/srv/__init__.py
[0.649s] -- Up-to-date: /home/gomi/dev_ws/ros_quiz/pkg_for_quiz/install/playing_turtle_package_msgs/local/lib/python3.10/dist-packages/playing_turtle_package_msgs/srv/_tree_spawn.py
[0.649s] -- Up-to-date: /home/gomi/dev_ws/ros_quiz/pkg_for_quiz/install/playing_turtle_package_msgs/local/lib/python3.10/dist-packages/playing_turtle_package_msgs/srv/_tree_spawn_s.c
[0.649s] -- Up-to-date: /home/gomi/dev_ws/ros_quiz/pkg_for_quiz/install/playing_turtle_package_msgs/local/lib/python3.10/dist-packages/playing_turtle_package_msgs/playing_turtle_package_msgs_s__rosidl_typesupport_fastrtps_c.cpython-310-x86_64-linux-gnu.so
[0.649s] -- Up-to-date: /home/gomi/dev_ws/ros_quiz/pkg_for_quiz/install/playing_turtle_package_msgs/local/lib/python3.10/dist-packages/playing_turtle_package_msgs/__init__.py
[0.649s] -- Up-to-date: /home/gomi/dev_ws/ros_quiz/pkg_for_quiz/install/playing_turtle_package_msgs/local/lib/python3.10/dist-packages/playing_turtle_package_msgs/playing_turtle_package_msgs_s__rosidl_typesupport_introspection_c.cpython-310-x86_64-linux-gnu.so
[0.668s] Listing '/home/gomi/dev_ws/ros_quiz/pkg_for_quiz/install/playing_turtle_package_msgs/local/lib/python3.10/dist-packages/playing_turtle_package_msgs'...
[0.668s] Listing '/home/gomi/dev_ws/ros_quiz/pkg_for_quiz/install/playing_turtle_package_msgs/local/lib/python3.10/dist-packages/playing_turtle_package_msgs/srv'...
[0.671s] -- Up-to-date: /home/gomi/dev_ws/ros_quiz/pkg_for_quiz/install/playing_turtle_package_msgs/local/lib/python3.10/dist-packages/playing_turtle_package_msgs/playing_turtle_package_msgs_s__rosidl_typesupport_fastrtps_c.cpython-310-x86_64-linux-gnu.so
[0.671s] -- Up-to-date: /home/gomi/dev_ws/ros_quiz/pkg_for_quiz/install/playing_turtle_package_msgs/local/lib/python3.10/dist-packages/playing_turtle_package_msgs/playing_turtle_package_msgs_s__rosidl_typesupport_introspection_c.cpython-310-x86_64-linux-gnu.so
[0.671s] -- Up-to-date: /home/gomi/dev_ws/ros_quiz/pkg_for_quiz/install/playing_turtle_package_msgs/local/lib/python3.10/dist-packages/playing_turtle_package_msgs/playing_turtle_package_msgs_s__rosidl_typesupport_c.cpython-310-x86_64-linux-gnu.so
[0.671s] -- Up-to-date: /home/gomi/dev_ws/ros_quiz/pkg_for_quiz/install/playing_turtle_package_msgs/lib/libplaying_turtle_package_msgs__rosidl_generator_py.so
[0.671s] -- Up-to-date: /home/gomi/dev_ws/ros_quiz/pkg_for_quiz/install/playing_turtle_package_msgs/share/playing_turtle_package_msgs/srv/TreeSpawn.idl
[0.671s] -- Up-to-date: /home/gomi/dev_ws/ros_quiz/pkg_for_quiz/install/playing_turtle_package_msgs/share/playing_turtle_package_msgs/srv/TreeSpawn.srv
[0.672s] -- Up-to-date: /home/gomi/dev_ws/ros_quiz/pkg_for_quiz/install/playing_turtle_package_msgs/share/playing_turtle_package_msgs/srv/TreeSpawn_Request.msg
[0.672s] -- Up-to-date: /home/gomi/dev_ws/ros_quiz/pkg_for_quiz/install/playing_turtle_package_msgs/share/playing_turtle_package_msgs/srv/TreeSpawn_Response.msg
[0.672s] -- Up-to-date: /home/gomi/dev_ws/ros_quiz/pkg_for_quiz/install/playing_turtle_package_msgs/share/ament_index/resource_index/package_run_dependencies/playing_turtle_package_msgs
[0.672s] -- Up-to-date: /home/gomi/dev_ws/ros_quiz/pkg_for_quiz/install/playing_turtle_package_msgs/share/ament_index/resource_index/parent_prefix_path/playing_turtle_package_msgs
[0.672s] -- Up-to-date: /home/gomi/dev_ws/ros_quiz/pkg_for_quiz/install/playing_turtle_package_msgs/share/playing_turtle_package_msgs/environment/ament_prefix_path.sh
[0.672s] -- Up-to-date: /home/gomi/dev_ws/ros_quiz/pkg_for_quiz/install/playing_turtle_package_msgs/share/playing_turtle_package_msgs/environment/ament_prefix_path.dsv
[0.672s] -- Up-to-date: /home/gomi/dev_ws/ros_quiz/pkg_for_quiz/install/playing_turtle_package_msgs/share/playing_turtle_package_msgs/environment/path.sh
[0.672s] -- Up-to-date: /home/gomi/dev_ws/ros_quiz/pkg_for_quiz/install/playing_turtle_package_msgs/share/playing_turtle_package_msgs/environment/path.dsv
[0.672s] -- Up-to-date: /home/gomi/dev_ws/ros_quiz/pkg_for_quiz/install/playing_turtle_package_msgs/share/playing_turtle_package_msgs/local_setup.bash
[0.673s] -- Up-to-date: /home/gomi/dev_ws/ros_quiz/pkg_for_quiz/install/playing_turtle_package_msgs/share/playing_turtle_package_msgs/local_setup.sh
[0.673s] -- Up-to-date: /home/gomi/dev_ws/ros_quiz/pkg_for_quiz/install/playing_turtle_package_msgs/share/playing_turtle_package_msgs/local_setup.zsh
[0.673s] -- Up-to-date: /home/gomi/dev_ws/ros_quiz/pkg_for_quiz/install/playing_turtle_package_msgs/share/playing_turtle_package_msgs/local_setup.dsv
[0.673s] -- Installing: /home/gomi/dev_ws/ros_quiz/pkg_for_quiz/install/playing_turtle_package_msgs/share/playing_turtle_package_msgs/package.dsv
[0.673s] -- Up-to-date: /home/gomi/dev_ws/ros_quiz/pkg_for_quiz/install/playing_turtle_package_msgs/share/ament_index/resource_index/packages/playing_turtle_package_msgs
[0.673s] -- Up-to-date: /home/gomi/dev_ws/ros_quiz/pkg_for_quiz/install/playing_turtle_package_msgs/share/playing_turtle_package_msgs/cmake/export_playing_turtle_package_msgs__rosidl_generator_cExport.cmake
[0.673s] -- Up-to-date: /home/gomi/dev_ws/ros_quiz/pkg_for_quiz/install/playing_turtle_package_msgs/share/playing_turtle_package_msgs/cmake/export_playing_turtle_package_msgs__rosidl_generator_cExport-noconfig.cmake
[0.673s] -- Up-to-date: /home/gomi/dev_ws/ros_quiz/pkg_for_quiz/install/playing_turtle_package_msgs/share/playing_turtle_package_msgs/cmake/export_playing_turtle_package_msgs__rosidl_typesupport_fastrtps_cExport.cmake
[0.673s] -- Up-to-date: /home/gomi/dev_ws/ros_quiz/pkg_for_quiz/install/playing_turtle_package_msgs/share/playing_turtle_package_msgs/cmake/export_playing_turtle_package_msgs__rosidl_typesupport_fastrtps_cExport-noconfig.cmake
[0.673s] -- Up-to-date: /home/gomi/dev_ws/ros_quiz/pkg_for_quiz/install/playing_turtle_package_msgs/share/playing_turtle_package_msgs/cmake/playing_turtle_package_msgs__rosidl_typesupport_introspection_cExport.cmake
[0.674s] -- Up-to-date: /home/gomi/dev_ws/ros_quiz/pkg_for_quiz/install/playing_turtle_package_msgs/share/playing_turtle_package_msgs/cmake/playing_turtle_package_msgs__rosidl_typesupport_introspection_cExport-noconfig.cmake
[0.674s] -- Up-to-date: /home/gomi/dev_ws/ros_quiz/pkg_for_quiz/install/playing_turtle_package_msgs/share/playing_turtle_package_msgs/cmake/playing_turtle_package_msgs__rosidl_typesupport_cExport.cmake
[0.674s] -- Up-to-date: /home/gomi/dev_ws/ros_quiz/pkg_for_quiz/install/playing_turtle_package_msgs/share/playing_turtle_package_msgs/cmake/playing_turtle_package_msgs__rosidl_typesupport_cExport-noconfig.cmake
[0.674s] -- Up-to-date: /home/gomi/dev_ws/ros_quiz/pkg_for_quiz/install/playing_turtle_package_msgs/share/playing_turtle_package_msgs/cmake/export_playing_turtle_package_msgs__rosidl_generator_cppExport.cmake
[0.674s] -- Up-to-date: /home/gomi/dev_ws/ros_quiz/pkg_for_quiz/install/playing_turtle_package_msgs/share/playing_turtle_package_msgs/cmake/export_playing_turtle_package_msgs__rosidl_typesupport_fastrtps_cppExport.cmake
[0.674s] -- Up-to-date: /home/gomi/dev_ws/ros_quiz/pkg_for_quiz/install/playing_turtle_package_msgs/share/playing_turtle_package_msgs/cmake/export_playing_turtle_package_msgs__rosidl_typesupport_fastrtps_cppExport-noconfig.cmake
[0.674s] -- Up-to-date: /home/gomi/dev_ws/ros_quiz/pkg_for_quiz/install/playing_turtle_package_msgs/share/playing_turtle_package_msgs/cmake/playing_turtle_package_msgs__rosidl_typesupport_introspection_cppExport.cmake
[0.674s] -- Up-to-date: /home/gomi/dev_ws/ros_quiz/pkg_for_quiz/install/playing_turtle_package_msgs/share/playing_turtle_package_msgs/cmake/playing_turtle_package_msgs__rosidl_typesupport_introspection_cppExport-noconfig.cmake
[0.674s] -- Up-to-date: /home/gomi/dev_ws/ros_quiz/pkg_for_quiz/install/playing_turtle_package_msgs/share/playing_turtle_package_msgs/cmake/playing_turtle_package_msgs__rosidl_typesupport_cppExport.cmake
[0.674s] -- Up-to-date: /home/gomi/dev_ws/ros_quiz/pkg_for_quiz/install/playing_turtle_package_msgs/share/playing_turtle_package_msgs/cmake/playing_turtle_package_msgs__rosidl_typesupport_cppExport-noconfig.cmake
[0.674s] -- Up-to-date: /home/gomi/dev_ws/ros_quiz/pkg_for_quiz/install/playing_turtle_package_msgs/share/playing_turtle_package_msgs/cmake/export_playing_turtle_package_msgs__rosidl_generator_pyExport.cmake
[0.674s] -- Up-to-date: /home/gomi/dev_ws/ros_quiz/pkg_for_quiz/install/playing_turtle_package_msgs/share/playing_turtle_package_msgs/cmake/export_playing_turtle_package_msgs__rosidl_generator_pyExport-noconfig.cmake
[0.674s] -- Up-to-date: /home/gomi/dev_ws/ros_quiz/pkg_for_quiz/install/playing_turtle_package_msgs/share/playing_turtle_package_msgs/cmake/rosidl_cmake-extras.cmake
[0.675s] -- Up-to-date: /home/gomi/dev_ws/ros_quiz/pkg_for_quiz/install/playing_turtle_package_msgs/share/playing_turtle_package_msgs/cmake/ament_cmake_export_include_directories-extras.cmake
[0.675s] -- Up-to-date: /home/gomi/dev_ws/ros_quiz/pkg_for_quiz/install/playing_turtle_package_msgs/share/playing_turtle_package_msgs/cmake/ament_cmake_export_libraries-extras.cmake
[0.675s] -- Up-to-date: /home/gomi/dev_ws/ros_quiz/pkg_for_quiz/install/playing_turtle_package_msgs/share/playing_turtle_package_msgs/cmake/ament_cmake_export_targets-extras.cmake
[0.675s] -- Up-to-date: /home/gomi/dev_ws/ros_quiz/pkg_for_quiz/install/playing_turtle_package_msgs/share/playing_turtle_package_msgs/cmake/rosidl_cmake_export_typesupport_targets-extras.cmake
[0.675s] -- Up-to-date: /home/gomi/dev_ws/ros_quiz/pkg_for_quiz/install/playing_turtle_package_msgs/share/playing_turtle_package_msgs/cmake/ament_cmake_export_dependencies-extras.cmake
[0.675s] -- Up-to-date: /home/gomi/dev_ws/ros_quiz/pkg_for_quiz/install/playing_turtle_package_msgs/share/playing_turtle_package_msgs/cmake/rosidl_cmake_export_typesupport_libraries-extras.cmake
[0.675s] -- Up-to-date: /home/gomi/dev_ws/ros_quiz/pkg_for_quiz/install/playing_turtle_package_msgs/share/playing_turtle_package_msgs/cmake/playing_turtle_package_msgsConfig.cmake
[0.675s] -- Up-to-date: /home/gomi/dev_ws/ros_quiz/pkg_for_quiz/install/playing_turtle_package_msgs/share/playing_turtle_package_msgs/cmake/playing_turtle_package_msgsConfig-version.cmake
[0.675s] -- Up-to-date: /home/gomi/dev_ws/ros_quiz/pkg_for_quiz/install/playing_turtle_package_msgs/share/playing_turtle_package_msgs/package.xml
[0.681s] Invoked command in '/home/gomi/dev_ws/ros_quiz/pkg_for_quiz/build/playing_turtle_package_msgs' returned '0': CMAKE_PREFIX_PATH=${CMAKE_PREFIX_PATH}:/home/gomi/dev_ws/ros_quiz/pkg_for_quiz/install/playing_turtle_package:/opt/ros/humble /home/gomi/.local/bin/cmake --install /home/gomi/dev_ws/ros_quiz/pkg_for_quiz/build/playing_turtle_package_msgs
