[0.601s] Invoking command in '/home/ksh/yolo_ws/src/yolo_pkg': PYTHONPATH=/home/ksh/yolo_ws/build/yolo_pkg/prefix_override:/home/ksh/yolo_ws/install/yolo_pkg/lib/python3.10/site-packages:${PYTHONPATH} /usr/bin/python3 setup.py egg_info --egg-base ../../build/yolo_pkg build --build-base /home/ksh/yolo_ws/build/yolo_pkg/build install --record /home/ksh/yolo_ws/build/yolo_pkg/install.log --single-version-externally-managed
[0.793s] running egg_info
[0.794s] writing ../../build/yolo_pkg/yolo_pkg.egg-info/PKG-INFO
[0.795s] writing dependency_links to ../../build/yolo_pkg/yolo_pkg.egg-info/dependency_links.txt
[0.795s] writing entry points to ../../build/yolo_pkg/yolo_pkg.egg-info/entry_points.txt
[0.795s] writing requirements to ../../build/yolo_pkg/yolo_pkg.egg-info/requires.txt
[0.795s] writing top-level names to ../../build/yolo_pkg/yolo_pkg.egg-info/top_level.txt
[0.798s] reading manifest file '../../build/yolo_pkg/yolo_pkg.egg-info/SOURCES.txt'
[0.799s] writing manifest file '../../build/yolo_pkg/yolo_pkg.egg-info/SOURCES.txt'
[0.799s] running build
[0.799s] running build_py
[0.799s] running install
[0.800s] /usr/lib/python3/dist-packages/setuptools/command/install.py:34: SetuptoolsDeprecationWarning: setup.py install is deprecated. Use build and pip and other standards-based tools.
[0.800s]   warnings.warn(
[0.800s] running install_lib
[0.801s] running install_data
[0.801s] running install_egg_info
[0.803s] removing '/home/ksh/yolo_ws/install/yolo_pkg/lib/python3.10/site-packages/yolo_pkg-0.0.0-py3.10.egg-info' (and everything under it)
[0.803s] Copying ../../build/yolo_pkg/yolo_pkg.egg-info to /home/ksh/yolo_ws/install/yolo_pkg/lib/python3.10/site-packages/yolo_pkg-0.0.0-py3.10.egg-info
[0.804s] running install_scripts
[0.818s] Installing image_publisher script to /home/ksh/yolo_ws/install/yolo_pkg/lib/yolo_pkg
[0.818s] Installing object_detect_publisher script to /home/ksh/yolo_ws/install/yolo_pkg/lib/yolo_pkg
[0.818s] Installing object_detect_subscriber script to /home/ksh/yolo_ws/install/yolo_pkg/lib/yolo_pkg
[0.818s] writing list of installed files to '/home/ksh/yolo_ws/build/yolo_pkg/install.log'
[0.839s] Invoked command in '/home/ksh/yolo_ws/src/yolo_pkg' returned '0': PYTHONPATH=/home/ksh/yolo_ws/build/yolo_pkg/prefix_override:/home/ksh/yolo_ws/install/yolo_pkg/lib/python3.10/site-packages:${PYTHONPATH} /usr/bin/python3 setup.py egg_info --egg-base ../../build/yolo_pkg build --build-base /home/ksh/yolo_ws/build/yolo_pkg/build install --record /home/ksh/yolo_ws/build/yolo_pkg/install.log --single-version-externally-managed
