[1.226s] DEBUG:colcon:Command line arguments: ['/usr/bin/colcon', 'build']
[1.226s] DEBUG:colcon:Parsed command line arguments: Namespace(log_base=None, log_level=None, verb_name='build', build_base='build', install_base='install', merge_install=False, symlink_install=False, test_result_base=None, continue_on_error=False, executor='parallel', parallel_workers=8, event_handlers=None, ignore_user_meta=False, metas=['./colcon.meta'], base_paths=['.'], packages_ignore=None, packages_ignore_regex=None, paths=None, packages_up_to=None, packages_up_to_regex=None, packages_above=None, packages_above_and_dependencies=None, packages_above_depth=None, packages_select_by_dep=None, packages_skip_by_dep=None, packages_skip_up_to=None, packages_select_build_failed=False, packages_skip_build_finished=False, packages_select_test_failures=False, packages_skip_test_passed=False, packages_select=None, packages_skip=None, packages_select_regex=None, packages_skip_regex=None, packages_start=None, packages_end=None, allow_overriding=[], cmake_args=None, cmake_target=None, cmake_target_skip_unavailable=False, cmake_clean_cache=False, cmake_clean_first=False, cmake_force_configure=False, ament_cmake_args=None, catkin_cmake_args=None, catkin_skip_building_tests=False, verb_parser=<colcon_defaults.argument_parser.defaults.DefaultArgumentsDecorator object at 0x7fb253361030>, verb_extension=<colcon_core.verb.build.BuildVerb object at 0x7fb253d7abf0>, main=<bound method BuildVerb.main of <colcon_core.verb.build.BuildVerb object at 0x7fb253d7abf0>>)
[1.311s] Level 1:colcon.colcon_core.package_discovery:discover_packages(colcon_meta) check parameters
[1.311s] Level 1:colcon.colcon_core.package_discovery:discover_packages(recursive) check parameters
[1.311s] Level 1:colcon.colcon_core.package_discovery:discover_packages(ignore) check parameters
[1.311s] Level 1:colcon.colcon_core.package_discovery:discover_packages(path) check parameters
[1.311s] Level 1:colcon.colcon_core.package_discovery:discover_packages(colcon_meta) discover
[1.311s] Level 1:colcon.colcon_core.package_discovery:discover_packages(recursive) discover
[1.311s] INFO:colcon.colcon_core.package_discovery:Crawling recursively for packages in '/home/gomi/dev_ws/SRA/yolo_ws'
[1.311s] Level 1:colcon.colcon_core.package_identification:_identify(.) by extensions ['ignore', 'ignore_ament_install']
[1.312s] Level 1:colcon.colcon_core.package_identification:_identify(.) by extension 'ignore'
[1.312s] Level 1:colcon.colcon_core.package_identification:_identify(.) by extension 'ignore_ament_install'
[1.312s] Level 1:colcon.colcon_core.package_identification:_identify(.) by extensions ['colcon_pkg']
[1.312s] Level 1:colcon.colcon_core.package_identification:_identify(.) by extension 'colcon_pkg'
[1.312s] Level 1:colcon.colcon_core.package_identification:_identify(.) by extensions ['colcon_meta']
[1.312s] Level 1:colcon.colcon_core.package_identification:_identify(.) by extension 'colcon_meta'
[1.312s] Level 1:colcon.colcon_core.package_identification:_identify(.) by extensions ['ros']
[1.312s] Level 1:colcon.colcon_core.package_identification:_identify(.) by extension 'ros'
[1.321s] Level 1:colcon.colcon_core.package_identification:_identify(.) by extensions ['cmake', 'python']
[1.321s] Level 1:colcon.colcon_core.package_identification:_identify(.) by extension 'cmake'
[1.321s] Level 1:colcon.colcon_core.package_identification:_identify(.) by extension 'python'
[1.321s] Level 1:colcon.colcon_core.package_identification:_identify(.) by extensions ['python_setup_py']
[1.321s] Level 1:colcon.colcon_core.package_identification:_identify(.) by extension 'python_setup_py'
[1.321s] Level 1:colcon.colcon_core.package_identification:_identify(build) by extensions ['ignore', 'ignore_ament_install']
[1.321s] Level 1:colcon.colcon_core.package_identification:_identify(build) by extension 'ignore'
[1.321s] Level 1:colcon.colcon_core.package_identification:_identify(build) ignored
[1.321s] Level 1:colcon.colcon_core.package_identification:_identify(install) by extensions ['ignore', 'ignore_ament_install']
[1.321s] Level 1:colcon.colcon_core.package_identification:_identify(install) by extension 'ignore'
[1.321s] Level 1:colcon.colcon_core.package_identification:_identify(install) ignored
[1.321s] Level 1:colcon.colcon_core.package_identification:_identify(log) by extensions ['ignore', 'ignore_ament_install']
[1.321s] Level 1:colcon.colcon_core.package_identification:_identify(log) by extension 'ignore'
[1.321s] Level 1:colcon.colcon_core.package_identification:_identify(log) ignored
[1.321s] Level 1:colcon.colcon_core.package_identification:_identify(src) by extensions ['ignore', 'ignore_ament_install']
[1.321s] Level 1:colcon.colcon_core.package_identification:_identify(src) by extension 'ignore'
[1.321s] Level 1:colcon.colcon_core.package_identification:_identify(src) by extension 'ignore_ament_install'
[1.321s] Level 1:colcon.colcon_core.package_identification:_identify(src) by extensions ['colcon_pkg']
[1.322s] Level 1:colcon.colcon_core.package_identification:_identify(src) by extension 'colcon_pkg'
[1.322s] Level 1:colcon.colcon_core.package_identification:_identify(src) by extensions ['colcon_meta']
[1.322s] Level 1:colcon.colcon_core.package_identification:_identify(src) by extension 'colcon_meta'
[1.322s] Level 1:colcon.colcon_core.package_identification:_identify(src) by extensions ['ros']
[1.322s] Level 1:colcon.colcon_core.package_identification:_identify(src) by extension 'ros'
[1.322s] Level 1:colcon.colcon_core.package_identification:_identify(src) by extensions ['cmake', 'python']
[1.322s] Level 1:colcon.colcon_core.package_identification:_identify(src) by extension 'cmake'
[1.322s] Level 1:colcon.colcon_core.package_identification:_identify(src) by extension 'python'
[1.322s] Level 1:colcon.colcon_core.package_identification:_identify(src) by extensions ['python_setup_py']
[1.322s] Level 1:colcon.colcon_core.package_identification:_identify(src) by extension 'python_setup_py'
[1.322s] Level 1:colcon.colcon_core.package_identification:_identify(src/yolo_inference) by extensions ['ignore', 'ignore_ament_install']
[1.322s] Level 1:colcon.colcon_core.package_identification:_identify(src/yolo_inference) by extension 'ignore'
[1.322s] Level 1:colcon.colcon_core.package_identification:_identify(src/yolo_inference) by extension 'ignore_ament_install'
[1.322s] Level 1:colcon.colcon_core.package_identification:_identify(src/yolo_inference) by extensions ['colcon_pkg']
[1.322s] Level 1:colcon.colcon_core.package_identification:_identify(src/yolo_inference) by extension 'colcon_pkg'
[1.322s] Level 1:colcon.colcon_core.package_identification:_identify(src/yolo_inference) by extensions ['colcon_meta']
[1.322s] Level 1:colcon.colcon_core.package_identification:_identify(src/yolo_inference) by extension 'colcon_meta'
[1.322s] Level 1:colcon.colcon_core.package_identification:_identify(src/yolo_inference) by extensions ['ros']
[1.322s] Level 1:colcon.colcon_core.package_identification:_identify(src/yolo_inference) by extension 'ros'
[1.326s] DEBUG:colcon.colcon_core.package_identification:Package 'src/yolo_inference' with type 'ros.ament_cmake' and name 'yolo_inference'
[1.326s] Level 1:colcon.colcon_core.package_identification:_identify(src/yolo_pkg) by extensions ['ignore', 'ignore_ament_install']
[1.326s] Level 1:colcon.colcon_core.package_identification:_identify(src/yolo_pkg) by extension 'ignore'
[1.326s] Level 1:colcon.colcon_core.package_identification:_identify(src/yolo_pkg) by extension 'ignore_ament_install'
[1.326s] Level 1:colcon.colcon_core.package_identification:_identify(src/yolo_pkg) by extensions ['colcon_pkg']
[1.326s] Level 1:colcon.colcon_core.package_identification:_identify(src/yolo_pkg) by extension 'colcon_pkg'
[1.326s] Level 1:colcon.colcon_core.package_identification:_identify(src/yolo_pkg) by extensions ['colcon_meta']
[1.326s] Level 1:colcon.colcon_core.package_identification:_identify(src/yolo_pkg) by extension 'colcon_meta'
[1.326s] Level 1:colcon.colcon_core.package_identification:_identify(src/yolo_pkg) by extensions ['ros']
[1.326s] Level 1:colcon.colcon_core.package_identification:_identify(src/yolo_pkg) by extension 'ros'
[1.326s] DEBUG:colcon.colcon_core.package_identification:Package 'src/yolo_pkg' with type 'ros.ament_python' and name 'yolo_pkg'
[1.326s] Level 1:colcon.colcon_core.package_discovery:discover_packages(recursive) using defaults
[1.326s] Level 1:colcon.colcon_core.package_discovery:discover_packages(ignore) discover
[1.326s] Level 1:colcon.colcon_core.package_discovery:discover_packages(ignore) using defaults
[1.326s] Level 1:colcon.colcon_core.package_discovery:discover_packages(path) discover
[1.326s] Level 1:colcon.colcon_core.package_discovery:discover_packages(path) using defaults
[1.354s] Level 1:colcon.colcon_core.package_discovery:discover_packages(prefix_path) check parameters
[1.354s] Level 1:colcon.colcon_core.package_discovery:discover_packages(prefix_path) discover
[1.365s] DEBUG:colcon.colcon_installed_package_information.package_discovery:Found 385 installed packages in /opt/ros/humble
[1.366s] Level 1:colcon.colcon_core.package_discovery:discover_packages(prefix_path) using defaults
[1.415s] Level 5:colcon.colcon_core.verb:set package 'yolo_inference' build argument 'cmake_args' from command line to 'None'
[1.415s] Level 5:colcon.colcon_core.verb:set package 'yolo_inference' build argument 'cmake_target' from command line to 'None'
[1.415s] Level 5:colcon.colcon_core.verb:set package 'yolo_inference' build argument 'cmake_target_skip_unavailable' from command line to 'False'
[1.415s] Level 5:colcon.colcon_core.verb:set package 'yolo_inference' build argument 'cmake_clean_cache' from command line to 'False'
[1.415s] Level 5:colcon.colcon_core.verb:set package 'yolo_inference' build argument 'cmake_clean_first' from command line to 'False'
[1.415s] Level 5:colcon.colcon_core.verb:set package 'yolo_inference' build argument 'cmake_force_configure' from command line to 'False'
[1.415s] Level 5:colcon.colcon_core.verb:set package 'yolo_inference' build argument 'ament_cmake_args' from command line to 'None'
[1.415s] Level 5:colcon.colcon_core.verb:set package 'yolo_inference' build argument 'catkin_cmake_args' from command line to 'None'
[1.415s] Level 5:colcon.colcon_core.verb:set package 'yolo_inference' build argument 'catkin_skip_building_tests' from command line to 'False'
[1.415s] DEBUG:colcon.colcon_core.verb:Building package 'yolo_inference' with the following arguments: {'ament_cmake_args': None, 'build_base': '/home/gomi/dev_ws/SRA/yolo_ws/build/yolo_inference', 'catkin_cmake_args': None, 'catkin_skip_building_tests': False, 'cmake_args': None, 'cmake_clean_cache': False, 'cmake_clean_first': False, 'cmake_force_configure': False, 'cmake_target': None, 'cmake_target_skip_unavailable': False, 'install_base': '/home/gomi/dev_ws/SRA/yolo_ws/install/yolo_inference', 'merge_install': False, 'path': '/home/gomi/dev_ws/SRA/yolo_ws/src/yolo_inference', 'symlink_install': False, 'test_result_base': None}
[1.416s] Level 5:colcon.colcon_core.verb:set package 'yolo_pkg' build argument 'cmake_args' from command line to 'None'
[1.416s] Level 5:colcon.colcon_core.verb:set package 'yolo_pkg' build argument 'cmake_target' from command line to 'None'
[1.416s] Level 5:colcon.colcon_core.verb:set package 'yolo_pkg' build argument 'cmake_target_skip_unavailable' from command line to 'False'
[1.416s] Level 5:colcon.colcon_core.verb:set package 'yolo_pkg' build argument 'cmake_clean_cache' from command line to 'False'
[1.416s] Level 5:colcon.colcon_core.verb:set package 'yolo_pkg' build argument 'cmake_clean_first' from command line to 'False'
[1.416s] Level 5:colcon.colcon_core.verb:set package 'yolo_pkg' build argument 'cmake_force_configure' from command line to 'False'
[1.416s] Level 5:colcon.colcon_core.verb:set package 'yolo_pkg' build argument 'ament_cmake_args' from command line to 'None'
[1.416s] Level 5:colcon.colcon_core.verb:set package 'yolo_pkg' build argument 'catkin_cmake_args' from command line to 'None'
[1.416s] Level 5:colcon.colcon_core.verb:set package 'yolo_pkg' build argument 'catkin_skip_building_tests' from command line to 'False'
[1.416s] DEBUG:colcon.colcon_core.verb:Building package 'yolo_pkg' with the following arguments: {'ament_cmake_args': None, 'build_base': '/home/gomi/dev_ws/SRA/yolo_ws/build/yolo_pkg', 'catkin_cmake_args': None, 'catkin_skip_building_tests': False, 'cmake_args': None, 'cmake_clean_cache': False, 'cmake_clean_first': False, 'cmake_force_configure': False, 'cmake_target': None, 'cmake_target_skip_unavailable': False, 'install_base': '/home/gomi/dev_ws/SRA/yolo_ws/install/yolo_pkg', 'merge_install': False, 'path': '/home/gomi/dev_ws/SRA/yolo_ws/src/yolo_pkg', 'symlink_install': False, 'test_result_base': None}
[1.417s] INFO:colcon.colcon_core.executor:Executing jobs using 'parallel' executor
[1.419s] DEBUG:colcon.colcon_parallel_executor.executor.parallel:run_until_complete
[1.419s] INFO:colcon.colcon_ros.task.ament_cmake.build:Building ROS package in '/home/gomi/dev_ws/SRA/yolo_ws/src/yolo_inference' with build type 'ament_cmake'
[1.419s] INFO:colcon.colcon_cmake.task.cmake.build:Building CMake package in '/home/gomi/dev_ws/SRA/yolo_ws/src/yolo_inference'
[1.433s] INFO:colcon.colcon_core.plugin_system:Skipping extension 'colcon_core.shell.bat': Not used on non-Windows systems
[1.433s] INFO:colcon.colcon_core.shell:Skip shell extension 'powershell' for command environment: Not usable outside of PowerShell
[1.433s] DEBUG:colcon.colcon_core.shell:Skip shell extension 'dsv' for command environment
[1.436s] INFO:colcon.colcon_ros.task.ament_python.build:Building ROS package in '/home/gomi/dev_ws/SRA/yolo_ws/src/yolo_pkg' with build type 'ament_python'
[1.436s] Level 1:colcon.colcon_core.shell:create_environment_hook('yolo_pkg', 'ament_prefix_path')
[1.437s] INFO:colcon.colcon_core.shell:Creating environment hook '/home/gomi/dev_ws/SRA/yolo_ws/install/yolo_pkg/share/yolo_pkg/hook/ament_prefix_path.ps1'
[1.439s] INFO:colcon.colcon_core.shell:Creating environment descriptor '/home/gomi/dev_ws/SRA/yolo_ws/install/yolo_pkg/share/yolo_pkg/hook/ament_prefix_path.dsv'
[1.439s] INFO:colcon.colcon_core.shell:Creating environment hook '/home/gomi/dev_ws/SRA/yolo_ws/install/yolo_pkg/share/yolo_pkg/hook/ament_prefix_path.sh'
[1.441s] INFO:colcon.colcon_core.shell:Skip shell extension 'powershell' for command environment: Not usable outside of PowerShell
[1.441s] DEBUG:colcon.colcon_core.shell:Skip shell extension 'dsv' for command environment
[1.445s] DEBUG:colcon.colcon_core.event_handler.log_command:Invoking command in '/home/gomi/dev_ws/SRA/yolo_ws/build/yolo_inference': CMAKE_PREFIX_PATH=/opt/ros/humble /home/gomi/.local/bin/cmake /home/gomi/dev_ws/SRA/yolo_ws/src/yolo_inference -DCMAKE_INSTALL_PREFIX=/home/gomi/dev_ws/SRA/yolo_ws/install/yolo_inference
[1.659s] INFO:colcon.colcon_core.task.python.build:Building Python package in '/home/gomi/dev_ws/SRA/yolo_ws/src/yolo_pkg'
[1.660s] INFO:colcon.colcon_core.shell:Skip shell extension 'powershell' for command environment: Not usable outside of PowerShell
[1.660s] DEBUG:colcon.colcon_core.shell:Skip shell extension 'dsv' for command environment
[2.131s] DEBUG:colcon.colcon_core.event_handler.log_command:Invoking command in '/home/gomi/dev_ws/SRA/yolo_ws/src/yolo_pkg': PYTHONPATH=/home/gomi/dev_ws/SRA/yolo_ws/build/yolo_pkg/prefix_override:/home/gomi/dev_ws/SRA/yolo_ws/install/yolo_pkg/lib/python3.10/site-packages:${PYTHONPATH} /usr/bin/python3 setup.py egg_info --egg-base ../../build/yolo_pkg build --build-base /home/gomi/dev_ws/SRA/yolo_ws/build/yolo_pkg/build install --record /home/gomi/dev_ws/SRA/yolo_ws/build/yolo_pkg/install.log --single-version-externally-managed
[2.379s] DEBUG:colcon.colcon_core.event_handler.log_command:Invoked command in '/home/gomi/dev_ws/SRA/yolo_ws/src/yolo_pkg' returned '0': PYTHONPATH=/home/gomi/dev_ws/SRA/yolo_ws/build/yolo_pkg/prefix_override:/home/gomi/dev_ws/SRA/yolo_ws/install/yolo_pkg/lib/python3.10/site-packages:${PYTHONPATH} /usr/bin/python3 setup.py egg_info --egg-base ../../build/yolo_pkg build --build-base /home/gomi/dev_ws/SRA/yolo_ws/build/yolo_pkg/build install --record /home/gomi/dev_ws/SRA/yolo_ws/build/yolo_pkg/install.log --single-version-externally-managed
[2.396s] Level 1:colcon.colcon_core.environment:checking '/home/gomi/dev_ws/SRA/yolo_ws/install/yolo_pkg' for CMake module files
[2.397s] Level 1:colcon.colcon_core.environment:checking '/home/gomi/dev_ws/SRA/yolo_ws/install/yolo_pkg' for CMake config files
[2.397s] Level 1:colcon.colcon_core.environment:checking '/home/gomi/dev_ws/SRA/yolo_ws/install/yolo_pkg/lib'
[2.397s] Level 1:colcon.colcon_core.environment:checking '/home/gomi/dev_ws/SRA/yolo_ws/install/yolo_pkg/bin'
[2.397s] Level 1:colcon.colcon_core.environment:checking '/home/gomi/dev_ws/SRA/yolo_ws/install/yolo_pkg/lib/pkgconfig/yolo_pkg.pc'
[2.397s] Level 1:colcon.colcon_core.environment:checking '/home/gomi/dev_ws/SRA/yolo_ws/install/yolo_pkg/lib/python3.10/site-packages'
[2.397s] Level 1:colcon.colcon_core.shell:create_environment_hook('yolo_pkg', 'pythonpath')
[2.398s] INFO:colcon.colcon_core.shell:Creating environment hook '/home/gomi/dev_ws/SRA/yolo_ws/install/yolo_pkg/share/yolo_pkg/hook/pythonpath.ps1'
[2.399s] INFO:colcon.colcon_core.shell:Creating environment descriptor '/home/gomi/dev_ws/SRA/yolo_ws/install/yolo_pkg/share/yolo_pkg/hook/pythonpath.dsv'
[2.399s] INFO:colcon.colcon_core.shell:Creating environment hook '/home/gomi/dev_ws/SRA/yolo_ws/install/yolo_pkg/share/yolo_pkg/hook/pythonpath.sh'
[2.399s] Level 1:colcon.colcon_core.environment:checking '/home/gomi/dev_ws/SRA/yolo_ws/install/yolo_pkg/bin'
[2.399s] Level 1:colcon.colcon_core.environment:create_environment_scripts_only(yolo_pkg)
[2.400s] INFO:colcon.colcon_core.shell:Creating package script '/home/gomi/dev_ws/SRA/yolo_ws/install/yolo_pkg/share/yolo_pkg/package.ps1'
[2.401s] INFO:colcon.colcon_core.shell:Creating package descriptor '/home/gomi/dev_ws/SRA/yolo_ws/install/yolo_pkg/share/yolo_pkg/package.dsv'
[2.402s] INFO:colcon.colcon_core.shell:Creating package script '/home/gomi/dev_ws/SRA/yolo_ws/install/yolo_pkg/share/yolo_pkg/package.sh'
[2.403s] INFO:colcon.colcon_core.shell:Creating package script '/home/gomi/dev_ws/SRA/yolo_ws/install/yolo_pkg/share/yolo_pkg/package.bash'
[2.405s] INFO:colcon.colcon_core.shell:Creating package script '/home/gomi/dev_ws/SRA/yolo_ws/install/yolo_pkg/share/yolo_pkg/package.zsh'
[2.407s] Level 1:colcon.colcon_core.environment:create_file_with_runtime_dependencies(/home/gomi/dev_ws/SRA/yolo_ws/install/yolo_pkg/share/colcon-core/packages/yolo_pkg)
[4.011s] DEBUG:colcon.colcon_core.event_handler.log_command:Invoked command in '/home/gomi/dev_ws/SRA/yolo_ws/build/yolo_inference' returned '0': CMAKE_PREFIX_PATH=/opt/ros/humble /home/gomi/.local/bin/cmake /home/gomi/dev_ws/SRA/yolo_ws/src/yolo_inference -DCMAKE_INSTALL_PREFIX=/home/gomi/dev_ws/SRA/yolo_ws/install/yolo_inference
[4.012s] DEBUG:colcon.colcon_core.event_handler.log_command:Invoking command in '/home/gomi/dev_ws/SRA/yolo_ws/build/yolo_inference': CMAKE_PREFIX_PATH=/opt/ros/humble /home/gomi/.local/bin/cmake --build /home/gomi/dev_ws/SRA/yolo_ws/build/yolo_inference -- -j8 -l8
[5.878s] DEBUG:colcon.colcon_core.event_handler.log_command:Invoked command in '/home/gomi/dev_ws/SRA/yolo_ws/build/yolo_inference' returned '0': CMAKE_PREFIX_PATH=/opt/ros/humble /home/gomi/.local/bin/cmake --build /home/gomi/dev_ws/SRA/yolo_ws/build/yolo_inference -- -j8 -l8
[6.008s] DEBUG:colcon.colcon_core.event_handler.log_command:Invoking command in '/home/gomi/dev_ws/SRA/yolo_ws/build/yolo_inference': CMAKE_PREFIX_PATH=/opt/ros/humble /home/gomi/.local/bin/cmake --install /home/gomi/dev_ws/SRA/yolo_ws/build/yolo_inference
[6.090s] Level 1:colcon.colcon_core.environment:create_environment_scripts_only(yolo_inference)
[6.091s] Level 1:colcon.colcon_core.environment:checking '/home/gomi/dev_ws/SRA/yolo_ws/install/yolo_inference' for CMake module files
[6.092s] DEBUG:colcon.colcon_core.event_handler.log_command:Invoked command in '/home/gomi/dev_ws/SRA/yolo_ws/build/yolo_inference' returned '0': CMAKE_PREFIX_PATH=/opt/ros/humble /home/gomi/.local/bin/cmake --install /home/gomi/dev_ws/SRA/yolo_ws/build/yolo_inference
[6.092s] Level 1:colcon.colcon_core.environment:checking '/home/gomi/dev_ws/SRA/yolo_ws/install/yolo_inference' for CMake config files
[6.092s] Level 1:colcon.colcon_core.shell:create_environment_hook('yolo_inference', 'cmake_prefix_path')
[6.093s] INFO:colcon.colcon_core.shell:Creating environment hook '/home/gomi/dev_ws/SRA/yolo_ws/install/yolo_inference/share/yolo_inference/hook/cmake_prefix_path.ps1'
[6.094s] INFO:colcon.colcon_core.shell:Creating environment descriptor '/home/gomi/dev_ws/SRA/yolo_ws/install/yolo_inference/share/yolo_inference/hook/cmake_prefix_path.dsv'
[6.094s] INFO:colcon.colcon_core.shell:Creating environment hook '/home/gomi/dev_ws/SRA/yolo_ws/install/yolo_inference/share/yolo_inference/hook/cmake_prefix_path.sh'
[6.094s] Level 1:colcon.colcon_core.environment:checking '/home/gomi/dev_ws/SRA/yolo_ws/install/yolo_inference/lib'
[6.094s] Level 1:colcon.colcon_core.shell:create_environment_hook('yolo_inference', 'ld_library_path_lib')
[6.095s] INFO:colcon.colcon_core.shell:Creating environment hook '/home/gomi/dev_ws/SRA/yolo_ws/install/yolo_inference/share/yolo_inference/hook/ld_library_path_lib.ps1'
[6.095s] INFO:colcon.colcon_core.shell:Creating environment descriptor '/home/gomi/dev_ws/SRA/yolo_ws/install/yolo_inference/share/yolo_inference/hook/ld_library_path_lib.dsv'
[6.096s] INFO:colcon.colcon_core.shell:Creating environment hook '/home/gomi/dev_ws/SRA/yolo_ws/install/yolo_inference/share/yolo_inference/hook/ld_library_path_lib.sh'
[6.096s] Level 1:colcon.colcon_core.environment:checking '/home/gomi/dev_ws/SRA/yolo_ws/install/yolo_inference/bin'
[6.096s] Level 1:colcon.colcon_core.environment:checking '/home/gomi/dev_ws/SRA/yolo_ws/install/yolo_inference/lib/pkgconfig/yolo_inference.pc'
[6.096s] Level 1:colcon.colcon_core.environment:checking '/home/gomi/dev_ws/SRA/yolo_ws/install/yolo_inference/lib/python3.10/site-packages'
[6.096s] Level 1:colcon.colcon_core.environment:checking '/home/gomi/dev_ws/SRA/yolo_ws/install/yolo_inference/bin'
[6.097s] INFO:colcon.colcon_core.shell:Creating package script '/home/gomi/dev_ws/SRA/yolo_ws/install/yolo_inference/share/yolo_inference/package.ps1'
[6.097s] INFO:colcon.colcon_core.shell:Creating package descriptor '/home/gomi/dev_ws/SRA/yolo_ws/install/yolo_inference/share/yolo_inference/package.dsv'
[6.098s] INFO:colcon.colcon_core.shell:Creating package script '/home/gomi/dev_ws/SRA/yolo_ws/install/yolo_inference/share/yolo_inference/package.sh'
[6.098s] INFO:colcon.colcon_core.shell:Creating package script '/home/gomi/dev_ws/SRA/yolo_ws/install/yolo_inference/share/yolo_inference/package.bash'
[6.098s] INFO:colcon.colcon_core.shell:Creating package script '/home/gomi/dev_ws/SRA/yolo_ws/install/yolo_inference/share/yolo_inference/package.zsh'
[6.098s] Level 1:colcon.colcon_core.environment:create_file_with_runtime_dependencies(/home/gomi/dev_ws/SRA/yolo_ws/install/yolo_inference/share/colcon-core/packages/yolo_inference)
[6.181s] Level 1:colcon.colcon_core.environment:create_environment_scripts_only(yolo_inference)
[6.182s] Level 1:colcon.colcon_core.environment:checking '/home/gomi/dev_ws/SRA/yolo_ws/install/yolo_inference' for CMake module files
[6.183s] Level 1:colcon.colcon_core.environment:checking '/home/gomi/dev_ws/SRA/yolo_ws/install/yolo_inference' for CMake config files
[6.183s] Level 1:colcon.colcon_core.shell:create_environment_hook('yolo_inference', 'cmake_prefix_path')
[6.184s] INFO:colcon.colcon_core.shell:Creating environment hook '/home/gomi/dev_ws/SRA/yolo_ws/install/yolo_inference/share/yolo_inference/hook/cmake_prefix_path.ps1'
[6.184s] INFO:colcon.colcon_core.shell:Creating environment descriptor '/home/gomi/dev_ws/SRA/yolo_ws/install/yolo_inference/share/yolo_inference/hook/cmake_prefix_path.dsv'
[6.184s] INFO:colcon.colcon_core.shell:Creating environment hook '/home/gomi/dev_ws/SRA/yolo_ws/install/yolo_inference/share/yolo_inference/hook/cmake_prefix_path.sh'
[6.185s] Level 1:colcon.colcon_core.environment:checking '/home/gomi/dev_ws/SRA/yolo_ws/install/yolo_inference/lib'
[6.185s] Level 1:colcon.colcon_core.shell:create_environment_hook('yolo_inference', 'ld_library_path_lib')
[6.186s] INFO:colcon.colcon_core.shell:Creating environment hook '/home/gomi/dev_ws/SRA/yolo_ws/install/yolo_inference/share/yolo_inference/hook/ld_library_path_lib.ps1'
[6.186s] INFO:colcon.colcon_core.shell:Creating environment descriptor '/home/gomi/dev_ws/SRA/yolo_ws/install/yolo_inference/share/yolo_inference/hook/ld_library_path_lib.dsv'
[6.186s] INFO:colcon.colcon_core.shell:Creating environment hook '/home/gomi/dev_ws/SRA/yolo_ws/install/yolo_inference/share/yolo_inference/hook/ld_library_path_lib.sh'
[6.186s] Level 1:colcon.colcon_core.environment:checking '/home/gomi/dev_ws/SRA/yolo_ws/install/yolo_inference/bin'
[6.187s] Level 1:colcon.colcon_core.environment:checking '/home/gomi/dev_ws/SRA/yolo_ws/install/yolo_inference/lib/pkgconfig/yolo_inference.pc'
[6.187s] Level 1:colcon.colcon_core.environment:checking '/home/gomi/dev_ws/SRA/yolo_ws/install/yolo_inference/lib/python3.10/site-packages'
[6.187s] Level 1:colcon.colcon_core.environment:checking '/home/gomi/dev_ws/SRA/yolo_ws/install/yolo_inference/bin'
[6.188s] INFO:colcon.colcon_core.shell:Creating package script '/home/gomi/dev_ws/SRA/yolo_ws/install/yolo_inference/share/yolo_inference/package.ps1'
[6.188s] INFO:colcon.colcon_core.shell:Creating package descriptor '/home/gomi/dev_ws/SRA/yolo_ws/install/yolo_inference/share/yolo_inference/package.dsv'
[6.189s] INFO:colcon.colcon_core.shell:Creating package script '/home/gomi/dev_ws/SRA/yolo_ws/install/yolo_inference/share/yolo_inference/package.sh'
[6.189s] INFO:colcon.colcon_core.shell:Creating package script '/home/gomi/dev_ws/SRA/yolo_ws/install/yolo_inference/share/yolo_inference/package.bash'
[6.189s] INFO:colcon.colcon_core.shell:Creating package script '/home/gomi/dev_ws/SRA/yolo_ws/install/yolo_inference/share/yolo_inference/package.zsh'
[6.189s] Level 1:colcon.colcon_core.environment:create_file_with_runtime_dependencies(/home/gomi/dev_ws/SRA/yolo_ws/install/yolo_inference/share/colcon-core/packages/yolo_inference)
[6.190s] DEBUG:colcon.colcon_parallel_executor.executor.parallel:closing loop
[6.190s] DEBUG:colcon.colcon_parallel_executor.executor.parallel:loop closed
[6.190s] DEBUG:colcon.colcon_parallel_executor.executor.parallel:run_until_complete finished with '0'
[6.190s] DEBUG:colcon.colcon_core.event_reactor:joining thread
[6.196s] INFO:colcon.colcon_core.plugin_system:Skipping extension 'colcon_notification.desktop_notification.terminal_notifier': Not used on non-Darwin systems
[6.196s] INFO:colcon.colcon_core.plugin_system:Skipping extension 'colcon_notification.desktop_notification.win32': Not used on non-Windows systems
[6.196s] INFO:colcon.colcon_notification.desktop_notification:Sending desktop notification using 'notify2'
[6.211s] DEBUG:colcon.colcon_core.event_reactor:joined thread
[6.213s] INFO:colcon.colcon_core.shell:Creating prefix script '/home/gomi/dev_ws/SRA/yolo_ws/install/local_setup.ps1'
[6.214s] INFO:colcon.colcon_core.shell:Creating prefix util module '/home/gomi/dev_ws/SRA/yolo_ws/install/_local_setup_util_ps1.py'
[6.216s] INFO:colcon.colcon_core.shell:Creating prefix chain script '/home/gomi/dev_ws/SRA/yolo_ws/install/setup.ps1'
[6.217s] INFO:colcon.colcon_core.shell:Creating prefix script '/home/gomi/dev_ws/SRA/yolo_ws/install/local_setup.sh'
[6.218s] INFO:colcon.colcon_core.shell:Creating prefix util module '/home/gomi/dev_ws/SRA/yolo_ws/install/_local_setup_util_sh.py'
[6.218s] INFO:colcon.colcon_core.shell:Creating prefix chain script '/home/gomi/dev_ws/SRA/yolo_ws/install/setup.sh'
[6.219s] INFO:colcon.colcon_core.shell:Creating prefix script '/home/gomi/dev_ws/SRA/yolo_ws/install/local_setup.bash'
[6.220s] INFO:colcon.colcon_core.shell:Creating prefix chain script '/home/gomi/dev_ws/SRA/yolo_ws/install/setup.bash'
[6.221s] INFO:colcon.colcon_core.shell:Creating prefix script '/home/gomi/dev_ws/SRA/yolo_ws/install/local_setup.zsh'
[6.222s] INFO:colcon.colcon_core.shell:Creating prefix chain script '/home/gomi/dev_ws/SRA/yolo_ws/install/setup.zsh'
