[0.010s] Invoking command in '/home/gomi/pinkbot/build/minibot_hardware_interface': /home/gomi/.local/bin/cmake /home/gomi/pinkbot/src/pinklab_minibot_robot/minibot_hardware_interface -DCMAKE_INSTALL_PREFIX=/home/gomi/pinkbot/install/minibot_hardware_interface
[0.138s] -- The C compiler identification is GNU 11.3.0
[0.212s] -- The CXX compiler identification is GNU 11.3.0
[0.220s] -- Detecting C compiler ABI info
[0.264s] -- Detecting C compiler ABI info - done
[0.272s] -- Check for working C compiler: /usr/bin/cc - skipped
[0.272s] -- Detecting C compile features
[0.272s] -- Detecting C compile features - done
[0.275s] -- Detecting CXX compiler ABI info
[0.324s] -- Detecting CXX compiler ABI info - done
[0.335s] -- Check for working CXX compiler: /usr/bin/c++ - skipped
[0.335s] -- Detecting CXX compile features
[0.336s] -- Detecting CXX compile features - done
[0.342s] [31mCMake Error at CMakeLists.txt:15 (find_package):
[0.343s]   By not providing "Findament_cmake.cmake" in CMAKE_MODULE_PATH this project
[0.343s]   has asked CMake to find a package configuration file provided by
[0.343s]   "ament_cmake", but CMake did not find one.
[0.343s] 
[0.343s]   Could not find a package configuration file provided by "ament_cmake" with
[0.343s]   any of the following names:
[0.343s] 
[0.343s]     ament_cmakeConfig.cmake
[0.343s]     ament_cmake-config.cmake
[0.343s] 
[0.343s]   Add the installation prefix of "ament_cmake" to CMAKE_PREFIX_PATH or set
[0.343s]   "ament_cmake_DIR" to a directory containing one of the above files.  If
[0.343s]   "ament_cmake" provides a separate development package or SDK, be sure it
[0.343s]   has been installed.
[0.343s] 
[0.343s] [0m
[0.343s] -- Configuring incomplete, errors occurred!
[0.354s] Invoked command in '/home/gomi/pinkbot/build/minibot_hardware_interface' returned '1': /home/gomi/.local/bin/cmake /home/gomi/pinkbot/src/pinklab_minibot_robot/minibot_hardware_interface -DCMAKE_INSTALL_PREFIX=/home/gomi/pinkbot/install/minibot_hardware_interface
