[0.488s] Invoking command in '/home/gomi/aruco_ros2/src/aruco_pkg': PYTHONPATH=/home/gomi/aruco_ros2/build/aruco_pkg/prefix_override:/home/gomi/aruco_ros2/install/aruco_pkg/lib/python3.10/site-packages:${PYTHONPATH} /usr/bin/python3 setup.py egg_info --egg-base ../../build/aruco_pkg build --build-base /home/gomi/aruco_ros2/build/aruco_pkg/build install --record /home/gomi/aruco_ros2/build/aruco_pkg/install.log --single-version-externally-managed
[0.670s] running egg_info
[0.670s] writing ../../build/aruco_pkg/aruco_pkg.egg-info/PKG-INFO
[0.670s] writing dependency_links to ../../build/aruco_pkg/aruco_pkg.egg-info/dependency_links.txt
[0.670s] writing entry points to ../../build/aruco_pkg/aruco_pkg.egg-info/entry_points.txt
[0.670s] writing requirements to ../../build/aruco_pkg/aruco_pkg.egg-info/requires.txt
[0.670s] writing top-level names to ../../build/aruco_pkg/aruco_pkg.egg-info/top_level.txt
[0.672s] reading manifest file '../../build/aruco_pkg/aruco_pkg.egg-info/SOURCES.txt'
[0.673s] writing manifest file '../../build/aruco_pkg/aruco_pkg.egg-info/SOURCES.txt'
[0.673s] running build
[0.673s] running build_py
[0.673s] running install
[0.673s] /usr/lib/python3/dist-packages/setuptools/command/install.py:34: SetuptoolsDeprecationWarning: setup.py install is deprecated. Use build and pip and other standards-based tools.
[0.674s]   warnings.warn(
[0.674s] running install_lib
[0.676s] running install_data
[0.676s] running install_egg_info
[0.678s] removing '/home/gomi/aruco_ros2/install/aruco_pkg/lib/python3.10/site-packages/aruco_pkg-0.0.0-py3.10.egg-info' (and everything under it)
[0.678s] Copying ../../build/aruco_pkg/aruco_pkg.egg-info to /home/gomi/aruco_ros2/install/aruco_pkg/lib/python3.10/site-packages/aruco_pkg-0.0.0-py3.10.egg-info
[0.678s] running install_scripts
[0.694s] Installing image_publisher script to /home/gomi/aruco_ros2/install/aruco_pkg/lib/aruco_pkg
[0.694s] Installing marker_5x5_recognition script to /home/gomi/aruco_ros2/install/aruco_pkg/lib/aruco_pkg
[0.694s] writing list of installed files to '/home/gomi/aruco_ros2/build/aruco_pkg/install.log'
[0.718s] Invoked command in '/home/gomi/aruco_ros2/src/aruco_pkg' returned '0': PYTHONPATH=/home/gomi/aruco_ros2/build/aruco_pkg/prefix_override:/home/gomi/aruco_ros2/install/aruco_pkg/lib/python3.10/site-packages:${PYTHONPATH} /usr/bin/python3 setup.py egg_info --egg-base ../../build/aruco_pkg build --build-base /home/gomi/aruco_ros2/build/aruco_pkg/build install --record /home/gomi/aruco_ros2/build/aruco_pkg/install.log --single-version-externally-managed
