[0.439s] Invoking command in '/home/gomi/ros2_study/src/my_first_package': PS1=\[\e]0;\u@\h: \w\a\]${debian_chroot:+($debian_chroot)}\[\033[01;32m\]\u@\h\[\033[00m\]:\[\033[01;34m\]\w\[\033[00m\]\$ PYTHONPATH=/home/gomi/ros2_study/build/my_first_package/prefix_override:/home/gomi/ros2_study/install/my_first_package/lib/python3.10/site-packages:${PYTHONPATH} VIRTUAL_ENV_PROMPT=(opencv) /usr/bin/python3 setup.py egg_info --egg-base ../../build/my_first_package build --build-base /home/gomi/ros2_study/build/my_first_package/build install --record /home/gomi/ros2_study/build/my_first_package/install.log --single-version-externally-managed
[0.608s] running egg_info
[0.608s] writing ../../build/my_first_package/my_first_package.egg-info/PKG-INFO
[0.608s] writing dependency_links to ../../build/my_first_package/my_first_package.egg-info/dependency_links.txt
[0.608s] writing entry points to ../../build/my_first_package/my_first_package.egg-info/entry_points.txt
[0.608s] writing requirements to ../../build/my_first_package/my_first_package.egg-info/requires.txt
[0.608s] writing top-level names to ../../build/my_first_package/my_first_package.egg-info/top_level.txt
[0.610s] reading manifest file '../../build/my_first_package/my_first_package.egg-info/SOURCES.txt'
[0.610s] writing manifest file '../../build/my_first_package/my_first_package.egg-info/SOURCES.txt'
[0.610s] running build
[0.610s] running build_py
[0.611s] copying my_first_package/turtle_cmd_and_pose.py -> /home/gomi/ros2_study/build/my_first_package/build/lib/my_first_package
[0.611s] running install
[0.611s] /usr/lib/python3/dist-packages/setuptools/command/install.py:34: SetuptoolsDeprecationWarning: setup.py install is deprecated. Use build and pip and other standards-based tools.
[0.611s]   warnings.warn(
[0.612s] running install_lib
[0.612s] copying /home/gomi/ros2_study/build/my_first_package/build/lib/my_first_package/turtle_cmd_and_pose.py -> /home/gomi/ros2_study/install/my_first_package/lib/python3.10/site-packages/my_first_package
[0.612s] byte-compiling /home/gomi/ros2_study/install/my_first_package/lib/python3.10/site-packages/my_first_package/turtle_cmd_and_pose.py to turtle_cmd_and_pose.cpython-310.pyc
[0.613s] running install_data
[0.613s] running install_egg_info
[0.614s] removing '/home/gomi/ros2_study/install/my_first_package/lib/python3.10/site-packages/my_first_package-0.0.0-py3.10.egg-info' (and everything under it)
[0.614s] Copying ../../build/my_first_package/my_first_package.egg-info to /home/gomi/ros2_study/install/my_first_package/lib/python3.10/site-packages/my_first_package-0.0.0-py3.10.egg-info
[0.615s] running install_scripts
[0.629s] Installing my_first_node script to /home/gomi/ros2_study/install/my_first_package/lib/my_first_package
[0.629s] Installing my_publisher script to /home/gomi/ros2_study/install/my_first_package/lib/my_first_package
[0.629s] Installing my_subscriber script to /home/gomi/ros2_study/install/my_first_package/lib/my_first_package
[0.629s] Installing turtle_cmd_and_pose script to /home/gomi/ros2_study/install/my_first_package/lib/my_first_package
[0.629s] writing list of installed files to '/home/gomi/ros2_study/build/my_first_package/install.log'
[0.649s] Invoked command in '/home/gomi/ros2_study/src/my_first_package' returned '0': PS1=\[\e]0;\u@\h: \w\a\]${debian_chroot:+($debian_chroot)}\[\033[01;32m\]\u@\h\[\033[00m\]:\[\033[01;34m\]\w\[\033[00m\]\$ PYTHONPATH=/home/gomi/ros2_study/build/my_first_package/prefix_override:/home/gomi/ros2_study/install/my_first_package/lib/python3.10/site-packages:${PYTHONPATH} VIRTUAL_ENV_PROMPT=(opencv) /usr/bin/python3 setup.py egg_info --egg-base ../../build/my_first_package build --build-base /home/gomi/ros2_study/build/my_first_package/build install --record /home/gomi/ros2_study/build/my_first_package/install.log --single-version-externally-managed
