[0.656s] Invoking command in '/home/ksh/dobot_ws/src/yolo_pkg': PYTHONPATH=/home/ksh/dobot_ws/build/yolo_pkg/prefix_override:/home/ksh/dobot_ws/install/yolo_pkg/lib/python3.10/site-packages:${PYTHONPATH} /usr/bin/python3 setup.py egg_info --egg-base ../../build/yolo_pkg build --build-base /home/ksh/dobot_ws/build/yolo_pkg/build install --record /home/ksh/dobot_ws/build/yolo_pkg/install.log --single-version-externally-managed
[0.862s] running egg_info
[0.863s] writing ../../build/yolo_pkg/yolo_pkg.egg-info/PKG-INFO
[0.863s] writing dependency_links to ../../build/yolo_pkg/yolo_pkg.egg-info/dependency_links.txt
[0.863s] writing entry points to ../../build/yolo_pkg/yolo_pkg.egg-info/entry_points.txt
[0.863s] writing requirements to ../../build/yolo_pkg/yolo_pkg.egg-info/requires.txt
[0.863s] writing top-level names to ../../build/yolo_pkg/yolo_pkg.egg-info/top_level.txt
[0.864s] reading manifest file '../../build/yolo_pkg/yolo_pkg.egg-info/SOURCES.txt'
[0.865s] writing manifest file '../../build/yolo_pkg/yolo_pkg.egg-info/SOURCES.txt'
[0.865s] running build
[0.865s] running build_py
[0.865s] copying yolo_pkg/object_detection_pub.py -> /home/ksh/dobot_ws/build/yolo_pkg/build/lib/yolo_pkg
[0.865s] running install
[0.865s] /usr/lib/python3/dist-packages/setuptools/command/install.py:34: SetuptoolsDeprecationWarning: setup.py install is deprecated. Use build and pip and other standards-based tools.
[0.866s]   warnings.warn(
[0.866s] running install_lib
[0.867s] copying /home/ksh/dobot_ws/build/yolo_pkg/build/lib/yolo_pkg/object_detection_pub.py -> /home/ksh/dobot_ws/install/yolo_pkg/lib/python3.10/site-packages/yolo_pkg
[0.867s] byte-compiling /home/ksh/dobot_ws/install/yolo_pkg/lib/python3.10/site-packages/yolo_pkg/object_detection_pub.py to object_detection_pub.cpython-310.pyc
[0.868s] running install_data
[0.869s] running install_egg_info
[0.870s] removing '/home/ksh/dobot_ws/install/yolo_pkg/lib/python3.10/site-packages/yolo_pkg-0.0.0-py3.10.egg-info' (and everything under it)
[0.871s] Copying ../../build/yolo_pkg/yolo_pkg.egg-info to /home/ksh/dobot_ws/install/yolo_pkg/lib/python3.10/site-packages/yolo_pkg-0.0.0-py3.10.egg-info
[0.871s] running install_scripts
[0.886s] Installing dobot_executor script to /home/ksh/dobot_ws/install/yolo_pkg/lib/yolo_pkg
[0.886s] Installing image_publisher script to /home/ksh/dobot_ws/install/yolo_pkg/lib/yolo_pkg
[0.886s] Installing object_detect_publisher script to /home/ksh/dobot_ws/install/yolo_pkg/lib/yolo_pkg
[0.886s] Installing object_detect_subscriber script to /home/ksh/dobot_ws/install/yolo_pkg/lib/yolo_pkg
[0.886s] writing list of installed files to '/home/ksh/dobot_ws/build/yolo_pkg/install.log'
[0.907s] Invoked command in '/home/ksh/dobot_ws/src/yolo_pkg' returned '0': PYTHONPATH=/home/ksh/dobot_ws/build/yolo_pkg/prefix_override:/home/ksh/dobot_ws/install/yolo_pkg/lib/python3.10/site-packages:${PYTHONPATH} /usr/bin/python3 setup.py egg_info --egg-base ../../build/yolo_pkg build --build-base /home/ksh/dobot_ws/build/yolo_pkg/build install --record /home/ksh/dobot_ws/build/yolo_pkg/install.log --single-version-externally-managed
