-- Found ament_cmake: 1.3.4 (/opt/ros/humble/share/ament_cmake/cmake)
-- Override CMake install command with custom implementation using symlinks instead of copying resources
-- Found ament_lint_auto: 0.12.6 (/opt/ros/humble/share/ament_lint_auto/cmake)
-- Added test 'flake8' to check Python code syntax and style conventions
-- Added test 'lint_cmake' to check CMake code style
-- Added test 'pep257' to check Python code against some of the docstring style conventions in PEP 257
-- Added test 'xmllint' to check XML markup files
-- Configuring done (0.1s)
-- Generating done (0.0s)
-- Build files have been written to: /home/gomi/my_mobile/build/my_robot_description
-- Install configuration: ""
-- Execute custom install script
-- Symlinking: /home/gomi/my_mobile/install/my_robot_description/share/my_robot_description/rviz/urdf_config.rviz
-- Symlinking: /home/gomi/my_mobile/install/my_robot_description/share/my_robot_description/urdf/robot_core.xacro
-- Symlinking: /home/gomi/my_mobile/install/my_robot_description/share/my_robot_description/launch/display.launch.py
-- Symlinking: /home/gomi/my_mobile/install/my_robot_description/share/ament_index/resource_index/package_run_dependencies/my_robot_description
-- Symlinking: /home/gomi/my_mobile/install/my_robot_description/share/ament_index/resource_index/parent_prefix_path/my_robot_description
-- Symlinking: /home/gomi/my_mobile/install/my_robot_description/share/my_robot_description/environment/ament_prefix_path.sh
-- Symlinking: /home/gomi/my_mobile/install/my_robot_description/share/my_robot_description/environment/ament_prefix_path.dsv
-- Symlinking: /home/gomi/my_mobile/install/my_robot_description/share/my_robot_description/environment/path.sh
-- Symlinking: /home/gomi/my_mobile/install/my_robot_description/share/my_robot_description/environment/path.dsv
-- Symlinking: /home/gomi/my_mobile/install/my_robot_description/share/my_robot_description/local_setup.bash
-- Symlinking: /home/gomi/my_mobile/install/my_robot_description/share/my_robot_description/local_setup.sh
-- Symlinking: /home/gomi/my_mobile/install/my_robot_description/share/my_robot_description/local_setup.zsh
-- Symlinking: /home/gomi/my_mobile/install/my_robot_description/share/my_robot_description/local_setup.dsv
-- Symlinking: /home/gomi/my_mobile/install/my_robot_description/share/my_robot_description/package.dsv
-- Symlinking: /home/gomi/my_mobile/install/my_robot_description/share/ament_index/resource_index/packages/my_robot_description
-- Symlinking: /home/gomi/my_mobile/install/my_robot_description/share/my_robot_description/cmake/my_robot_descriptionConfig.cmake
-- Symlinking: /home/gomi/my_mobile/install/my_robot_description/share/my_robot_description/cmake/my_robot_descriptionConfig-version.cmake
-- Symlinking: /home/gomi/my_mobile/install/my_robot_description/share/my_robot_description/package.xml
