[0.753s] Invoking command in '/home/gomi/ros2_study/build/yolox_ros_py': PYTHONPATH=/home/gomi/ros2_study/build/yolox_ros_py/prefix_override:/home/gomi/ros2_study/install/yolox_ros_py/lib/python3.10/site-packages:${PYTHONPATH} /usr/bin/python3 setup.py develop --editable --build-directory /home/gomi/ros2_study/build/yolox_ros_py/build --no-deps install_data
[0.955s] /usr/lib/python3/dist-packages/setuptools/dist.py:723: UserWarning: Usage of dash-separated 'script-dir' will not be supported in future versions. Please use the underscore name 'script_dir' instead
[0.955s]   warnings.warn(
[0.968s] running develop
[0.969s] /usr/lib/python3/dist-packages/setuptools/command/easy_install.py:158: EasyInstallDeprecationWarning: easy_install command is deprecated. Use build and pip and other standards-based tools.
[0.969s]   warnings.warn(
[0.969s] /usr/lib/python3/dist-packages/setuptools/command/install.py:34: SetuptoolsDeprecationWarning: setup.py install is deprecated. Use build and pip and other standards-based tools.
[0.970s]   warnings.warn(
[1.018s] /usr/lib/python3/dist-packages/pkg_resources/__init__.py:116: PkgResourcesDeprecationWarning: 1.16.0-unknown is an invalid version and will not be supported in a future release
[1.018s]   warnings.warn(
[1.018s] /usr/lib/python3/dist-packages/pkg_resources/__init__.py:116: PkgResourcesDeprecationWarning: 1.1build1 is an invalid version and will not be supported in a future release
[1.018s]   warnings.warn(
[1.018s] /usr/lib/python3/dist-packages/pkg_resources/__init__.py:116: PkgResourcesDeprecationWarning: 0.1.43ubuntu1 is an invalid version and will not be supported in a future release
[1.018s]   warnings.warn(
[1.118s] running egg_info
[1.118s] creating yolox_ros_py.egg-info
[1.118s] writing yolox_ros_py.egg-info/PKG-INFO
[1.118s] writing dependency_links to yolox_ros_py.egg-info/dependency_links.txt
[1.118s] writing entry points to yolox_ros_py.egg-info/entry_points.txt
[1.118s] writing requirements to yolox_ros_py.egg-info/requires.txt
[1.118s] writing top-level names to yolox_ros_py.egg-info/top_level.txt
[1.118s] writing manifest file 'yolox_ros_py.egg-info/SOURCES.txt'
[1.120s] reading manifest file 'yolox_ros_py.egg-info/SOURCES.txt'
[1.120s] writing manifest file 'yolox_ros_py.egg-info/SOURCES.txt'
[1.145s] running build_ext
[1.145s] Creating /home/gomi/ros2_study/install/yolox_ros_py/lib/python3.10/site-packages/yolox-ros-py.egg-link (link to .)
[1.146s] Installing yolox_onnx script to /home/gomi/ros2_study/install/yolox_ros_py/lib/yolox_ros_py
[1.146s] Installing yolox_openvino script to /home/gomi/ros2_study/install/yolox_ros_py/lib/yolox_ros_py
[1.146s] Installing yolox_ros script to /home/gomi/ros2_study/install/yolox_ros_py/lib/yolox_ros_py
[1.146s] Installing yolox_tflite script to /home/gomi/ros2_study/install/yolox_ros_py/lib/yolox_ros_py
[1.146s] 
[1.146s] Installed /home/gomi/ros2_study/build/yolox_ros_py
[1.146s] running install_data
[1.146s] creating /home/gomi/ros2_study/install/yolox_ros_py/share/ament_index
[1.146s] creating /home/gomi/ros2_study/install/yolox_ros_py/share/ament_index/resource_index
[1.147s] creating /home/gomi/ros2_study/install/yolox_ros_py/share/ament_index/resource_index/packages
[1.147s] copying resource/yolox_ros_py -> /home/gomi/ros2_study/install/yolox_ros_py/share/ament_index/resource_index/packages
[1.147s] copying package.xml -> /home/gomi/ros2_study/install/yolox_ros_py/share/yolox_ros_py
[1.147s] copying ./launch/yolox_nano_torch_cpu_camera.launch.py -> /home/gomi/ros2_study/install/yolox_ros_py/share/yolox_ros_py
[1.147s] copying ./launch/yolox_lite_tflite_camera.launch.py -> /home/gomi/ros2_study/install/yolox_ros_py/share/yolox_ros_py
[1.147s] copying ./launch/yolox_nano_onnx_gazebo.launch.py -> /home/gomi/ros2_study/install/yolox_ros_py/share/yolox_ros_py
[1.147s] copying ./launch/yolox_nano_torch_gpu_camera.launch.py -> /home/gomi/ros2_study/install/yolox_ros_py/share/yolox_ros_py
[1.147s] copying ./launch/yolox_nano_onnx_youtube.launch.py -> /home/gomi/ros2_study/install/yolox_ros_py/share/yolox_ros_py
[1.147s] copying ./launch/yolox_nano_onnx_picture.launch.py -> /home/gomi/ros2_study/install/yolox_ros_py/share/yolox_ros_py
[1.147s] copying ./launch/yolox_nano_openvino.launch.py -> /home/gomi/ros2_study/install/yolox_ros_py/share/yolox_ros_py
[1.147s] copying ./launch/yolox_nano_onnx_camera.launch.py -> /home/gomi/ros2_study/install/yolox_ros_py/share/yolox_ros_py
[1.147s] copying ../weights/yolox_nano.pth -> /home/gomi/ros2_study/install/yolox_ros_py/share/yolox_ros_py
[1.152s] copying ../weights/yolox_nano.onnx -> /home/gomi/ros2_study/install/yolox_ros_py/share/yolox_ros_py
[1.154s] copying ../weights/openvino/README.md -> /home/gomi/ros2_study/install/yolox_ros_py/share/yolox_ros_py
[1.154s] copying ../weights/openvino/install.bash -> /home/gomi/ros2_study/install/yolox_ros_py/share/yolox_ros_py
[1.154s] copying ../weights/openvino/download_openvino_s.bash -> /home/gomi/ros2_study/install/yolox_ros_py/share/yolox_ros_py
[1.154s] copying ../weights/onnx/download.bash -> /home/gomi/ros2_study/install/yolox_ros_py/share/yolox_ros_py
[1.155s] copying ../weights/tflite/download_model.bash -> /home/gomi/ros2_study/install/yolox_ros_py/share/yolox_ros_py
[1.155s] copying ../weights/tflite/model.onnx -> /home/gomi/ros2_study/install/yolox_ros_py/share/yolox_ros_py
[1.157s] copying ../weights/tflite/model.tflite -> /home/gomi/ros2_study/install/yolox_ros_py/share/yolox_ros_py
[1.158s] copying ../weights/tensorrt/convert.bash -> /home/gomi/ros2_study/install/yolox_ros_py/share/yolox_ros_py
[1.158s] copying ./exps/yolox_nano.py -> /home/gomi/ros2_study/install/yolox_ros_py/share/yolox_ros_py
[1.196s] Invoked command in '/home/gomi/ros2_study/build/yolox_ros_py' returned '0': PYTHONPATH=/home/gomi/ros2_study/build/yolox_ros_py/prefix_override:/home/gomi/ros2_study/install/yolox_ros_py/lib/python3.10/site-packages:${PYTHONPATH} /usr/bin/python3 setup.py develop --editable --build-directory /home/gomi/ros2_study/build/yolox_ros_py/build --no-deps install_data
