[0.573s] Invoking command in '/home/ksh/yolo_ws/src/yolo_pkg': PYTHONPATH=/home/ksh/yolo_ws/build/yolo_pkg/prefix_override:/home/ksh/yolo_ws/install/yolo_pkg/lib/python3.10/site-packages:${PYTHONPATH} /usr/bin/python3 setup.py egg_info --egg-base ../../build/yolo_pkg build --build-base /home/ksh/yolo_ws/build/yolo_pkg/build install --record /home/ksh/yolo_ws/build/yolo_pkg/install.log --single-version-externally-managed
[0.759s] running egg_info
[0.760s] writing ../../build/yolo_pkg/yolo_pkg.egg-info/PKG-INFO
[0.760s] writing dependency_links to ../../build/yolo_pkg/yolo_pkg.egg-info/dependency_links.txt
[0.760s] writing entry points to ../../build/yolo_pkg/yolo_pkg.egg-info/entry_points.txt
[0.760s] writing requirements to ../../build/yolo_pkg/yolo_pkg.egg-info/requires.txt
[0.760s] writing top-level names to ../../build/yolo_pkg/yolo_pkg.egg-info/top_level.txt
[0.762s] reading manifest file '../../build/yolo_pkg/yolo_pkg.egg-info/SOURCES.txt'
[0.762s] writing manifest file '../../build/yolo_pkg/yolo_pkg.egg-info/SOURCES.txt'
[0.762s] running build
[0.762s] running build_py
[0.763s] running install
[0.763s] /usr/lib/python3/dist-packages/setuptools/command/install.py:34: SetuptoolsDeprecationWarning: setup.py install is deprecated. Use build and pip and other standards-based tools.
[0.763s]   warnings.warn(
[0.763s] running install_lib
[0.764s] byte-compiling /home/ksh/yolo_ws/install/yolo_pkg/lib/python3.10/site-packages/yolo_pkg/object_detection_sub.py to object_detection_sub.cpython-310.pyc
[0.764s] running install_data
[0.764s]   File "/home/ksh/yolo_ws/install/yolo_pkg/lib/python3.10/site-packages/yolo_pkg/object_detection_sub.py", line 15
[0.764s]     	def __init__(self)
[0.764s]     	                  ^
[0.764s] SyntaxError: expected ':'
[0.764s] 
[0.764s] running install_egg_info
[0.765s] removing '/home/ksh/yolo_ws/install/yolo_pkg/lib/python3.10/site-packages/yolo_pkg-0.0.0-py3.10.egg-info' (and everything under it)
[0.765s] Copying ../../build/yolo_pkg/yolo_pkg.egg-info to /home/ksh/yolo_ws/install/yolo_pkg/lib/python3.10/site-packages/yolo_pkg-0.0.0-py3.10.egg-info
[0.766s] running install_scripts
[0.780s] Installing image_publisher script to /home/ksh/yolo_ws/install/yolo_pkg/lib/yolo_pkg
[0.780s] Installing object_detect_publisher script to /home/ksh/yolo_ws/install/yolo_pkg/lib/yolo_pkg
[0.780s] Installing object_detect_subscriber script to /home/ksh/yolo_ws/install/yolo_pkg/lib/yolo_pkg
[0.780s] writing list of installed files to '/home/ksh/yolo_ws/build/yolo_pkg/install.log'
[0.801s] Invoked command in '/home/ksh/yolo_ws/src/yolo_pkg' returned '0': PYTHONPATH=/home/ksh/yolo_ws/build/yolo_pkg/prefix_override:/home/ksh/yolo_ws/install/yolo_pkg/lib/python3.10/site-packages:${PYTHONPATH} /usr/bin/python3 setup.py egg_info --egg-base ../../build/yolo_pkg build --build-base /home/ksh/yolo_ws/build/yolo_pkg/build install --record /home/ksh/yolo_ws/build/yolo_pkg/install.log --single-version-externally-managed
