[0.574s] Invoking command in '/home/gomi/dev_ws/SRA/aruco_ros2/src/aruco_pkg': PYTHONPATH=/home/gomi/dev_ws/SRA/aruco_ros2/build/aruco_pkg/prefix_override:/home/gomi/dev_ws/SRA/aruco_ros2/install/aruco_pkg/lib/python3.10/site-packages:${PYTHONPATH} /usr/bin/python3 setup.py egg_info --egg-base ../../build/aruco_pkg build --build-base /home/gomi/dev_ws/SRA/aruco_ros2/build/aruco_pkg/build install --record /home/gomi/dev_ws/SRA/aruco_ros2/build/aruco_pkg/install.log --single-version-externally-managed
[0.748s] running egg_info
[0.748s] writing ../../build/aruco_pkg/aruco_pkg.egg-info/PKG-INFO
[0.756s] writing dependency_links to ../../build/aruco_pkg/aruco_pkg.egg-info/dependency_links.txt
[0.756s] writing entry points to ../../build/aruco_pkg/aruco_pkg.egg-info/entry_points.txt
[0.756s] writing requirements to ../../build/aruco_pkg/aruco_pkg.egg-info/requires.txt
[0.756s] writing top-level names to ../../build/aruco_pkg/aruco_pkg.egg-info/top_level.txt
[0.758s] reading manifest file '../../build/aruco_pkg/aruco_pkg.egg-info/SOURCES.txt'
[0.759s] writing manifest file '../../build/aruco_pkg/aruco_pkg.egg-info/SOURCES.txt'
[0.759s] running build
[0.759s] running build_py
[0.760s] running install
[0.760s] /usr/lib/python3/dist-packages/setuptools/command/install.py:34: SetuptoolsDeprecationWarning: setup.py install is deprecated. Use build and pip and other standards-based tools.
[0.760s]   warnings.warn(
[0.760s] running install_lib
[0.762s] running install_data
[0.763s] running install_egg_info
[0.764s] removing '/home/gomi/dev_ws/SRA/aruco_ros2/install/aruco_pkg/lib/python3.10/site-packages/aruco_pkg-0.0.0-py3.10.egg-info' (and everything under it)
[0.764s] Copying ../../build/aruco_pkg/aruco_pkg.egg-info to /home/gomi/dev_ws/SRA/aruco_ros2/install/aruco_pkg/lib/python3.10/site-packages/aruco_pkg-0.0.0-py3.10.egg-info
[0.764s] running install_scripts
[0.778s] Installing image_publisher script to /home/gomi/dev_ws/SRA/aruco_ros2/install/aruco_pkg/lib/aruco_pkg
[0.778s] Installing marker_4X4_recognition script to /home/gomi/dev_ws/SRA/aruco_ros2/install/aruco_pkg/lib/aruco_pkg
[0.778s] Installing marker_5X5_recognition script to /home/gomi/dev_ws/SRA/aruco_ros2/install/aruco_pkg/lib/aruco_pkg
[0.778s] Installing marker_6X6_recognition script to /home/gomi/dev_ws/SRA/aruco_ros2/install/aruco_pkg/lib/aruco_pkg
[0.779s] Installing marker_7X7_recognition script to /home/gomi/dev_ws/SRA/aruco_ros2/install/aruco_pkg/lib/aruco_pkg
[0.779s] writing list of installed files to '/home/gomi/dev_ws/SRA/aruco_ros2/build/aruco_pkg/install.log'
[0.798s] Invoked command in '/home/gomi/dev_ws/SRA/aruco_ros2/src/aruco_pkg' returned '0': PYTHONPATH=/home/gomi/dev_ws/SRA/aruco_ros2/build/aruco_pkg/prefix_override:/home/gomi/dev_ws/SRA/aruco_ros2/install/aruco_pkg/lib/python3.10/site-packages:${PYTHONPATH} /usr/bin/python3 setup.py egg_info --egg-base ../../build/aruco_pkg build --build-base /home/gomi/dev_ws/SRA/aruco_ros2/build/aruco_pkg/build install --record /home/gomi/dev_ws/SRA/aruco_ros2/build/aruco_pkg/install.log --single-version-externally-managed
