[0.178s] Invoking command in '/home/gomi/ros2_study/build/my_first_package_msgs': CMAKE_PREFIX_PATH=${CMAKE_PREFIX_PATH}:/home/gomi/ros2_study/install/my_first_package:/opt/ros/humble /usr/bin/cmake --build /home/gomi/ros2_study/build/my_first_package_msgs -- -j8 -l8
[0.203s] Invoked command in '/home/gomi/ros2_study/build/my_first_package_msgs' returned '0': CMAKE_PREFIX_PATH=${CMAKE_PREFIX_PATH}:/home/gomi/ros2_study/install/my_first_package:/opt/ros/humble /usr/bin/cmake --build /home/gomi/ros2_study/build/my_first_package_msgs -- -j8 -l8
[0.221s] Invoking command in '/home/gomi/ros2_study/build/my_first_package_msgs': CMAKE_PREFIX_PATH=${CMAKE_PREFIX_PATH}:/home/gomi/ros2_study/install/my_first_package:/opt/ros/humble /usr/bin/cmake --install /home/gomi/ros2_study/build/my_first_package_msgs
[0.226s] -- Install configuration: ""
[0.226s] -- Up-to-date: /home/gomi/ros2_study/install/my_first_package_msgs/share/ament_index/resource_index/package_run_dependencies/my_first_package_msgs
[0.226s] -- Up-to-date: /home/gomi/ros2_study/install/my_first_package_msgs/share/ament_index/resource_index/parent_prefix_path/my_first_package_msgs
[0.226s] -- Up-to-date: /home/gomi/ros2_study/install/my_first_package_msgs/share/my_first_package_msgs/environment/ament_prefix_path.sh
[0.226s] -- Up-to-date: /home/gomi/ros2_study/install/my_first_package_msgs/share/my_first_package_msgs/environment/ament_prefix_path.dsv
[0.226s] -- Up-to-date: /home/gomi/ros2_study/install/my_first_package_msgs/share/my_first_package_msgs/environment/path.sh
[0.226s] -- Up-to-date: /home/gomi/ros2_study/install/my_first_package_msgs/share/my_first_package_msgs/environment/path.dsv
[0.226s] -- Up-to-date: /home/gomi/ros2_study/install/my_first_package_msgs/share/my_first_package_msgs/local_setup.bash
[0.227s] -- Up-to-date: /home/gomi/ros2_study/install/my_first_package_msgs/share/my_first_package_msgs/local_setup.sh
[0.227s] -- Up-to-date: /home/gomi/ros2_study/install/my_first_package_msgs/share/my_first_package_msgs/local_setup.zsh
[0.227s] -- Up-to-date: /home/gomi/ros2_study/install/my_first_package_msgs/share/my_first_package_msgs/local_setup.dsv
[0.227s] -- Installing: /home/gomi/ros2_study/install/my_first_package_msgs/share/my_first_package_msgs/package.dsv
[0.227s] -- Up-to-date: /home/gomi/ros2_study/install/my_first_package_msgs/share/ament_index/resource_index/packages/my_first_package_msgs
[0.227s] -- Up-to-date: /home/gomi/ros2_study/install/my_first_package_msgs/share/my_first_package_msgs/cmake/my_first_package_msgsConfig.cmake
[0.227s] -- Up-to-date: /home/gomi/ros2_study/install/my_first_package_msgs/share/my_first_package_msgs/cmake/my_first_package_msgsConfig-version.cmake
[0.227s] -- Up-to-date: /home/gomi/ros2_study/install/my_first_package_msgs/share/my_first_package_msgs/package.xml
[0.228s] Invoked command in '/home/gomi/ros2_study/build/my_first_package_msgs' returned '0': CMAKE_PREFIX_PATH=${CMAKE_PREFIX_PATH}:/home/gomi/ros2_study/install/my_first_package:/opt/ros/humble /usr/bin/cmake --install /home/gomi/ros2_study/build/my_first_package_msgs
