[0.203s] Invoking command in '/home/gomi/dev_ws/ros_quiz/pkg_for_quiz/build/playing_turtle_package_msgs': CMAKE_PREFIX_PATH=/home/gomi/dev_ws/ros_quiz/pkg_for_quiz/install/playing_turtle_package:/opt/ros/humble /home/gomi/.local/bin/cmake /home/gomi/dev_ws/ros_quiz/pkg_for_quiz/src/playing_turtle_package_msgs -DCMAKE_INSTALL_PREFIX=/home/gomi/dev_ws/ros_quiz/pkg_for_quiz/install/playing_turtle_package_msgs
[0.311s] -- The C compiler identification is GNU 11.3.0
[0.377s] -- The CXX compiler identification is GNU 11.3.0
[0.386s] -- Detecting C compiler ABI info
[0.429s] -- Detecting C compiler ABI info - done
[0.438s] -- Check for working C compiler: /usr/bin/cc - skipped
[0.438s] -- Detecting C compile features
[0.439s] -- Detecting C compile features - done
[0.442s] -- Detecting CXX compiler ABI info
[0.496s] -- Detecting CXX compiler ABI info - done
[0.510s] -- Check for working CXX compiler: /usr/bin/c++ - skipped
[0.510s] -- Detecting CXX compile features
[0.511s] -- Detecting CXX compile features - done
[0.515s] -- Found ament_cmake: 1.3.4 (/opt/ros/humble/share/ament_cmake/cmake)
[0.794s] -- Found Python3: /usr/bin/python3.10 (found version "3.10.6") found components: Interpreter 
[0.872s] -- Configuring incomplete, errors occurred!
[0.872s] [31mCMake Error at CMakeLists.txt:14 (find_package):
[0.872s]   find_package called with invalid argument "REQIORED"
[0.872s] 
[0.872s] [0m
[0.872s] [31mCMake Error at CMakeLists.txt:16 (rosidl_generate_interfaces):
[0.873s]   Unknown CMake command "rosidl_generate_interfaces".
[0.873s] 
[0.873s] [0m
[0.881s] Invoked command in '/home/gomi/dev_ws/ros_quiz/pkg_for_quiz/build/playing_turtle_package_msgs' returned '1': CMAKE_PREFIX_PATH=/home/gomi/dev_ws/ros_quiz/pkg_for_quiz/install/playing_turtle_package:/opt/ros/humble /home/gomi/.local/bin/cmake /home/gomi/dev_ws/ros_quiz/pkg_for_quiz/src/playing_turtle_package_msgs -DCMAKE_INSTALL_PREFIX=/home/gomi/dev_ws/ros_quiz/pkg_for_quiz/install/playing_turtle_package_msgs
