[1.235s] Invoking command in '/home/ksh/dobot_ws/src/yolo_pkg': PYTHONPATH=/home/ksh/dobot_ws/build/yolo_pkg/prefix_override:/home/ksh/dobot_ws/install/yolo_pkg/lib/python3.10/site-packages:${PYTHONPATH} /usr/bin/python3 setup.py egg_info --egg-base ../../build/yolo_pkg build --build-base /home/ksh/dobot_ws/build/yolo_pkg/build install --record /home/ksh/dobot_ws/build/yolo_pkg/install.log --single-version-externally-managed
[1.666s] running egg_info
[1.667s] writing ../../build/yolo_pkg/yolo_pkg.egg-info/PKG-INFO
[1.667s] writing dependency_links to ../../build/yolo_pkg/yolo_pkg.egg-info/dependency_links.txt
[1.667s] writing entry points to ../../build/yolo_pkg/yolo_pkg.egg-info/entry_points.txt
[1.667s] writing requirements to ../../build/yolo_pkg/yolo_pkg.egg-info/requires.txt
[1.668s] writing top-level names to ../../build/yolo_pkg/yolo_pkg.egg-info/top_level.txt
[1.670s] reading manifest file '../../build/yolo_pkg/yolo_pkg.egg-info/SOURCES.txt'
[1.671s] writing manifest file '../../build/yolo_pkg/yolo_pkg.egg-info/SOURCES.txt'
[1.671s] running build
[1.672s] running build_py
[1.672s] copying yolo_pkg/dobot_executor.py -> /home/ksh/dobot_ws/build/yolo_pkg/build/lib/yolo_pkg
[1.672s] running install
[1.672s] /usr/lib/python3/dist-packages/setuptools/command/install.py:34: SetuptoolsDeprecationWarning: setup.py install is deprecated. Use build and pip and other standards-based tools.
[1.672s]   warnings.warn(
[1.673s] running install_lib
[1.674s] copying /home/ksh/dobot_ws/build/yolo_pkg/build/lib/yolo_pkg/dobot_executor.py -> /home/ksh/dobot_ws/install/yolo_pkg/lib/python3.10/site-packages/yolo_pkg
[1.674s] byte-compiling /home/ksh/dobot_ws/install/yolo_pkg/lib/python3.10/site-packages/yolo_pkg/dobot_executor.py to dobot_executor.cpython-310.pyc
[1.676s] running install_data
[1.676s] running install_egg_info
[1.678s] removing '/home/ksh/dobot_ws/install/yolo_pkg/lib/python3.10/site-packages/yolo_pkg-0.0.0-py3.10.egg-info' (and everything under it)
[1.678s] Copying ../../build/yolo_pkg/yolo_pkg.egg-info to /home/ksh/dobot_ws/install/yolo_pkg/lib/python3.10/site-packages/yolo_pkg-0.0.0-py3.10.egg-info
[1.679s] running install_scripts
[1.705s] Installing dobot_executor script to /home/ksh/dobot_ws/install/yolo_pkg/lib/yolo_pkg
[1.706s] Installing image_publisher script to /home/ksh/dobot_ws/install/yolo_pkg/lib/yolo_pkg
[1.706s] Installing object_detect_publisher script to /home/ksh/dobot_ws/install/yolo_pkg/lib/yolo_pkg
[1.706s] Installing object_detect_subscriber script to /home/ksh/dobot_ws/install/yolo_pkg/lib/yolo_pkg
[1.706s] writing list of installed files to '/home/ksh/dobot_ws/build/yolo_pkg/install.log'
[1.737s] Invoked command in '/home/ksh/dobot_ws/src/yolo_pkg' returned '0': PYTHONPATH=/home/ksh/dobot_ws/build/yolo_pkg/prefix_override:/home/ksh/dobot_ws/install/yolo_pkg/lib/python3.10/site-packages:${PYTHONPATH} /usr/bin/python3 setup.py egg_info --egg-base ../../build/yolo_pkg build --build-base /home/ksh/dobot_ws/build/yolo_pkg/build install --record /home/ksh/dobot_ws/build/yolo_pkg/install.log --single-version-externally-managed
