[0.031s] Invoking command in '/home/ksh/yolo_ws/build/yolo_inference': CMAKE_PREFIX_PATH=${CMAKE_PREFIX_PATH}:/home/ksh/yolo_ws/install/yolo_pkg:/opt/ros/humble /home/ksh/.local/bin/cmake --build /home/ksh/yolo_ws/build/yolo_inference -- -j8 -l8
[0.170s] [  2%] Built target yolo_inference__cpp
[0.170s] [ 12%] Built target yolo_inference__rosidl_generator_c
[0.177s] [ 12%] Built target ament_cmake_python_copy_yolo_inference
[0.200s] [ 23%] Built target yolo_inference__rosidl_typesupport_cpp
[0.203s] [ 33%] Built target yolo_inference__rosidl_typesupport_fastrtps_cpp
[0.207s] [ 43%] Built target yolo_inference__rosidl_typesupport_fastrtps_c
[0.211s] [ 53%] Built target yolo_inference__rosidl_typesupport_introspection_cpp
[0.222s] [ 64%] Built target yolo_inference__rosidl_typesupport_introspection_c
[0.227s] [ 74%] Built target yolo_inference__rosidl_typesupport_c
[0.243s] [ 74%] Built target yolo_inference
[0.258s] [ 76%] Built target yolo_inference__py
[0.280s] [ 84%] Built target yolo_inference__rosidl_generator_py
[0.309s] [ 89%] Built target yolo_inference__rosidl_typesupport_introspection_c__pyext
[0.315s] [ 94%] Built target yolo_inference__rosidl_typesupport_fastrtps_c__pyext
[0.321s] [100%] Built target yolo_inference__rosidl_typesupport_c__pyext
[0.607s] running egg_info
[0.610s] writing yolo_inference.egg-info/PKG-INFO
[0.610s] writing dependency_links to yolo_inference.egg-info/dependency_links.txt
[0.611s] writing top-level names to yolo_inference.egg-info/top_level.txt
[0.614s] reading manifest file 'yolo_inference.egg-info/SOURCES.txt'
[0.614s] writing manifest file 'yolo_inference.egg-info/SOURCES.txt'
[0.652s] [100%] Built target ament_cmake_python_build_yolo_inference_egg
[0.668s] Invoked command in '/home/ksh/yolo_ws/build/yolo_inference' returned '0': CMAKE_PREFIX_PATH=${CMAKE_PREFIX_PATH}:/home/ksh/yolo_ws/install/yolo_pkg:/opt/ros/humble /home/ksh/.local/bin/cmake --build /home/ksh/yolo_ws/build/yolo_inference -- -j8 -l8
[0.917s] Invoking command in '/home/ksh/yolo_ws/build/yolo_inference': CMAKE_PREFIX_PATH=${CMAKE_PREFIX_PATH}:/home/ksh/yolo_ws/install/yolo_pkg:/opt/ros/humble /home/ksh/.local/bin/cmake --install /home/ksh/yolo_ws/build/yolo_inference
[0.990s] -- Install configuration: ""
[0.990s] -- Up-to-date: /home/ksh/yolo_ws/install/yolo_inference/share/ament_index/resource_index/rosidl_interfaces/yolo_inference
[0.990s] -- Up-to-date: /home/ksh/yolo_ws/install/yolo_inference/include/yolo_inference/yolo_inference
[0.990s] -- Up-to-date: /home/ksh/yolo_ws/install/yolo_inference/include/yolo_inference/yolo_inference/msg
[0.991s] -- Up-to-date: /home/ksh/yolo_ws/install/yolo_inference/include/yolo_inference/yolo_inference/msg/inference_result.h
[0.991s] -- Up-to-date: /home/ksh/yolo_ws/install/yolo_inference/include/yolo_inference/yolo_inference/msg/yolov8_inference.h
[0.991s] -- Up-to-date: /home/ksh/yolo_ws/install/yolo_inference/include/yolo_inference/yolo_inference/msg/rosidl_generator_c__visibility_control.h
[0.991s] -- Up-to-date: /home/ksh/yolo_ws/install/yolo_inference/include/yolo_inference/yolo_inference/msg/detail
[0.991s] -- Up-to-date: /home/ksh/yolo_ws/install/yolo_inference/include/yolo_inference/yolo_inference/msg/detail/yolov8_inference__type_support.h
[0.991s] -- Up-to-date: /home/ksh/yolo_ws/install/yolo_inference/include/yolo_inference/yolo_inference/msg/detail/inference_result__functions.h
[0.991s] -- Up-to-date: /home/ksh/yolo_ws/install/yolo_inference/include/yolo_inference/yolo_inference/msg/detail/inference_result__struct.h
[0.991s] -- Up-to-date: /home/ksh/yolo_ws/install/yolo_inference/include/yolo_inference/yolo_inference/msg/detail/inference_result__functions.c
[0.991s] -- Up-to-date: /home/ksh/yolo_ws/install/yolo_inference/include/yolo_inference/yolo_inference/msg/detail/yolov8_inference__struct.h
[0.991s] -- Up-to-date: /home/ksh/yolo_ws/install/yolo_inference/include/yolo_inference/yolo_inference/msg/detail/inference_result__type_support.h
[0.992s] -- Up-to-date: /home/ksh/yolo_ws/install/yolo_inference/include/yolo_inference/yolo_inference/msg/detail/yolov8_inference__functions.h
[0.992s] -- Up-to-date: /home/ksh/yolo_ws/install/yolo_inference/include/yolo_inference/yolo_inference/msg/detail/yolov8_inference__functions.c
[0.992s] -- Up-to-date: /home/ksh/yolo_ws/install/yolo_inference/share/yolo_inference/environment/library_path.sh
[0.992s] -- Up-to-date: /home/ksh/yolo_ws/install/yolo_inference/share/yolo_inference/environment/library_path.dsv
[0.992s] -- Up-to-date: /home/ksh/yolo_ws/install/yolo_inference/lib/libyolo_inference__rosidl_generator_c.so
[0.992s] -- Up-to-date: /home/ksh/yolo_ws/install/yolo_inference/include/yolo_inference/yolo_inference
[0.992s] -- Up-to-date: /home/ksh/yolo_ws/install/yolo_inference/include/yolo_inference/yolo_inference/msg
[0.992s] -- Up-to-date: /home/ksh/yolo_ws/install/yolo_inference/include/yolo_inference/yolo_inference/msg/rosidl_typesupport_fastrtps_c__visibility_control.h
[0.993s] -- Up-to-date: /home/ksh/yolo_ws/install/yolo_inference/include/yolo_inference/yolo_inference/msg/detail
[0.993s] -- Up-to-date: /home/ksh/yolo_ws/install/yolo_inference/include/yolo_inference/yolo_inference/msg/detail/yolov8_inference__rosidl_typesupport_fastrtps_c.h
[0.993s] -- Up-to-date: /home/ksh/yolo_ws/install/yolo_inference/include/yolo_inference/yolo_inference/msg/detail/inference_result__rosidl_typesupport_fastrtps_c.h
[0.993s] -- Up-to-date: /home/ksh/yolo_ws/install/yolo_inference/lib/libyolo_inference__rosidl_typesupport_fastrtps_c.so
[0.993s] -- Up-to-date: /home/ksh/yolo_ws/install/yolo_inference/include/yolo_inference/yolo_inference
[0.993s] -- Up-to-date: /home/ksh/yolo_ws/install/yolo_inference/include/yolo_inference/yolo_inference/msg
[0.993s] -- Up-to-date: /home/ksh/yolo_ws/install/yolo_inference/include/yolo_inference/yolo_inference/msg/inference_result.hpp
[0.993s] -- Up-to-date: /home/ksh/yolo_ws/install/yolo_inference/include/yolo_inference/yolo_inference/msg/yolov8_inference.hpp
[0.993s] -- Up-to-date: /home/ksh/yolo_ws/install/yolo_inference/include/yolo_inference/yolo_inference/msg/detail
[0.993s] -- Up-to-date: /home/ksh/yolo_ws/install/yolo_inference/include/yolo_inference/yolo_inference/msg/detail/yolov8_inference__traits.hpp
[0.994s] -- Up-to-date: /home/ksh/yolo_ws/install/yolo_inference/include/yolo_inference/yolo_inference/msg/detail/inference_result__builder.hpp
[0.994s] -- Up-to-date: /home/ksh/yolo_ws/install/yolo_inference/include/yolo_inference/yolo_inference/msg/detail/yolov8_inference__struct.hpp
[0.994s] -- Up-to-date: /home/ksh/yolo_ws/install/yolo_inference/include/yolo_inference/yolo_inference/msg/detail/yolov8_inference__builder.hpp
[0.994s] -- Up-to-date: /home/ksh/yolo_ws/install/yolo_inference/include/yolo_inference/yolo_inference/msg/detail/inference_result__struct.hpp
[0.994s] -- Up-to-date: /home/ksh/yolo_ws/install/yolo_inference/include/yolo_inference/yolo_inference/msg/detail/inference_result__traits.hpp
[0.994s] -- Up-to-date: /home/ksh/yolo_ws/install/yolo_inference/include/yolo_inference/yolo_inference
[0.994s] -- Up-to-date: /home/ksh/yolo_ws/install/yolo_inference/include/yolo_inference/yolo_inference/msg
[0.994s] -- Up-to-date: /home/ksh/yolo_ws/install/yolo_inference/include/yolo_inference/yolo_inference/msg/rosidl_typesupport_fastrtps_cpp__visibility_control.h
[0.994s] -- Up-to-date: /home/ksh/yolo_ws/install/yolo_inference/include/yolo_inference/yolo_inference/msg/detail
[0.994s] -- Up-to-date: /home/ksh/yolo_ws/install/yolo_inference/include/yolo_inference/yolo_inference/msg/detail/dds_fastrtps
[0.994s] -- Up-to-date: /home/ksh/yolo_ws/install/yolo_inference/include/yolo_inference/yolo_inference/msg/detail/yolov8_inference__rosidl_typesupport_fastrtps_cpp.hpp
[0.995s] -- Up-to-date: /home/ksh/yolo_ws/install/yolo_inference/include/yolo_inference/yolo_inference/msg/detail/inference_result__rosidl_typesupport_fastrtps_cpp.hpp
[0.995s] -- Up-to-date: /home/ksh/yolo_ws/install/yolo_inference/lib/libyolo_inference__rosidl_typesupport_fastrtps_cpp.so
[0.995s] -- Up-to-date: /home/ksh/yolo_ws/install/yolo_inference/include/yolo_inference/yolo_inference
[0.995s] -- Up-to-date: /home/ksh/yolo_ws/install/yolo_inference/include/yolo_inference/yolo_inference/msg
[0.995s] -- Up-to-date: /home/ksh/yolo_ws/install/yolo_inference/include/yolo_inference/yolo_inference/msg/rosidl_typesupport_introspection_c__visibility_control.h
[0.995s] -- Up-to-date: /home/ksh/yolo_ws/install/yolo_inference/include/yolo_inference/yolo_inference/msg/detail
[0.995s] -- Up-to-date: /home/ksh/yolo_ws/install/yolo_inference/include/yolo_inference/yolo_inference/msg/detail/inference_result__rosidl_typesupport_introspection_c.h
[0.995s] -- Up-to-date: /home/ksh/yolo_ws/install/yolo_inference/include/yolo_inference/yolo_inference/msg/detail/yolov8_inference__rosidl_typesupport_introspection_c.h
[0.995s] -- Up-to-date: /home/ksh/yolo_ws/install/yolo_inference/include/yolo_inference/yolo_inference/msg/detail/yolov8_inference__type_support.c
[0.995s] -- Up-to-date: /home/ksh/yolo_ws/install/yolo_inference/include/yolo_inference/yolo_inference/msg/detail/inference_result__type_support.c
[0.995s] -- Up-to-date: /home/ksh/yolo_ws/install/yolo_inference/lib/libyolo_inference__rosidl_typesupport_introspection_c.so
[0.995s] -- Up-to-date: /home/ksh/yolo_ws/install/yolo_inference/lib/libyolo_inference__rosidl_typesupport_c.so
[0.996s] -- Up-to-date: /home/ksh/yolo_ws/install/yolo_inference/include/yolo_inference/yolo_inference
[0.996s] -- Up-to-date: /home/ksh/yolo_ws/install/yolo_inference/include/yolo_inference/yolo_inference/msg
[0.996s] -- Up-to-date: /home/ksh/yolo_ws/install/yolo_inference/include/yolo_inference/yolo_inference/msg/detail
[0.996s] -- Up-to-date: /home/ksh/yolo_ws/install/yolo_inference/include/yolo_inference/yolo_inference/msg/detail/yolov8_inference__rosidl_typesupport_introspection_cpp.hpp
[0.996s] -- Up-to-date: /home/ksh/yolo_ws/install/yolo_inference/include/yolo_inference/yolo_inference/msg/detail/inference_result__type_support.cpp
[0.996s] -- Up-to-date: /home/ksh/yolo_ws/install/yolo_inference/include/yolo_inference/yolo_inference/msg/detail/yolov8_inference__type_support.cpp
[0.996s] -- Up-to-date: /home/ksh/yolo_ws/install/yolo_inference/include/yolo_inference/yolo_inference/msg/detail/inference_result__rosidl_typesupport_introspection_cpp.hpp
[0.996s] -- Up-to-date: /home/ksh/yolo_ws/install/yolo_inference/lib/libyolo_inference__rosidl_typesupport_introspection_cpp.so
[0.996s] -- Up-to-date: /home/ksh/yolo_ws/install/yolo_inference/lib/libyolo_inference__rosidl_typesupport_cpp.so
[0.996s] -- Up-to-date: /home/ksh/yolo_ws/install/yolo_inference/share/yolo_inference/environment/pythonpath.sh
[0.996s] -- Up-to-date: /home/ksh/yolo_ws/install/yolo_inference/share/yolo_inference/environment/pythonpath.dsv
[0.997s] -- Up-to-date: /home/ksh/yolo_ws/install/yolo_inference/local/lib/python3.10/dist-packages/yolo_inference-0.0.0-py3.10.egg-info
[0.997s] -- Installing: /home/ksh/yolo_ws/install/yolo_inference/local/lib/python3.10/dist-packages/yolo_inference-0.0.0-py3.10.egg-info/PKG-INFO
[0.997s] -- Installing: /home/ksh/yolo_ws/install/yolo_inference/local/lib/python3.10/dist-packages/yolo_inference-0.0.0-py3.10.egg-info/top_level.txt
[0.997s] -- Installing: /home/ksh/yolo_ws/install/yolo_inference/local/lib/python3.10/dist-packages/yolo_inference-0.0.0-py3.10.egg-info/SOURCES.txt
[0.997s] -- Installing: /home/ksh/yolo_ws/install/yolo_inference/local/lib/python3.10/dist-packages/yolo_inference-0.0.0-py3.10.egg-info/dependency_links.txt
[0.997s] -- Up-to-date: /home/ksh/yolo_ws/install/yolo_inference/local/lib/python3.10/dist-packages/yolo_inference
[0.997s] -- Up-to-date: /home/ksh/yolo_ws/install/yolo_inference/local/lib/python3.10/dist-packages/yolo_inference/_yolo_inference_s.ep.rosidl_typesupport_fastrtps_c.c
[0.997s] -- Up-to-date: /home/ksh/yolo_ws/install/yolo_inference/local/lib/python3.10/dist-packages/yolo_inference/__init__.py
[0.997s] -- Up-to-date: /home/ksh/yolo_ws/install/yolo_inference/local/lib/python3.10/dist-packages/yolo_inference/_yolo_inference_s.ep.rosidl_typesupport_introspection_c.c
[1.003s] -- Up-to-date: /home/ksh/yolo_ws/install/yolo_inference/local/lib/python3.10/dist-packages/yolo_inference/yolo_inference_s__rosidl_typesupport_c.cpython-310-x86_64-linux-gnu.so
[1.003s] -- Up-to-date: /home/ksh/yolo_ws/install/yolo_inference/local/lib/python3.10/dist-packages/yolo_inference/libyolo_inference__rosidl_generator_py.so
[1.003s] -- Up-to-date: /home/ksh/yolo_ws/install/yolo_inference/local/lib/python3.10/dist-packages/yolo_inference/msg
[1.003s] -- Up-to-date: /home/ksh/yolo_ws/install/yolo_inference/local/lib/python3.10/dist-packages/yolo_inference/msg/__init__.py
[1.003s] -- Up-to-date: /home/ksh/yolo_ws/install/yolo_inference/local/lib/python3.10/dist-packages/yolo_inference/msg/_yolov8_inference.py
[1.004s] -- Up-to-date: /home/ksh/yolo_ws/install/yolo_inference/local/lib/python3.10/dist-packages/yolo_inference/msg/_inference_result_s.c
[1.004s] -- Up-to-date: /home/ksh/yolo_ws/install/yolo_inference/local/lib/python3.10/dist-packages/yolo_inference/msg/_yolov8_inference_s.c
[1.004s] -- Up-to-date: /home/ksh/yolo_ws/install/yolo_inference/local/lib/python3.10/dist-packages/yolo_inference/msg/_inference_result.py
[1.004s] -- Up-to-date: /home/ksh/yolo_ws/install/yolo_inference/local/lib/python3.10/dist-packages/yolo_inference/_yolo_inference_s.ep.rosidl_typesupport_c.c
[1.004s] -- Up-to-date: /home/ksh/yolo_ws/install/yolo_inference/local/lib/python3.10/dist-packages/yolo_inference/yolo_inference_s__rosidl_typesupport_fastrtps_c.cpython-310-x86_64-linux-gnu.so
[1.004s] -- Up-to-date: /home/ksh/yolo_ws/install/yolo_inference/local/lib/python3.10/dist-packages/yolo_inference/yolo_inference_s__rosidl_typesupport_introspection_c.cpython-310-x86_64-linux-gnu.so
[1.031s] Listing '/home/ksh/yolo_ws/install/yolo_inference/local/lib/python3.10/dist-packages/yolo_inference'...
[1.031s] Listing '/home/ksh/yolo_ws/install/yolo_inference/local/lib/python3.10/dist-packages/yolo_inference/msg'...
[1.036s] -- Up-to-date: /home/ksh/yolo_ws/install/yolo_inference/local/lib/python3.10/dist-packages/yolo_inference/yolo_inference_s__rosidl_typesupport_fastrtps_c.cpython-310-x86_64-linux-gnu.so
[1.036s] -- Up-to-date: /home/ksh/yolo_ws/install/yolo_inference/local/lib/python3.10/dist-packages/yolo_inference/yolo_inference_s__rosidl_typesupport_introspection_c.cpython-310-x86_64-linux-gnu.so
[1.036s] -- Up-to-date: /home/ksh/yolo_ws/install/yolo_inference/local/lib/python3.10/dist-packages/yolo_inference/yolo_inference_s__rosidl_typesupport_c.cpython-310-x86_64-linux-gnu.so
[1.036s] -- Up-to-date: /home/ksh/yolo_ws/install/yolo_inference/lib/libyolo_inference__rosidl_generator_py.so
[1.037s] -- Up-to-date: /home/ksh/yolo_ws/install/yolo_inference/share/yolo_inference/msg/InferenceResult.idl
[1.037s] -- Up-to-date: /home/ksh/yolo_ws/install/yolo_inference/share/yolo_inference/msg/Yolov8Inference.idl
[1.037s] -- Up-to-date: /home/ksh/yolo_ws/install/yolo_inference/share/yolo_inference/msg/InferenceResult.msg
[1.037s] -- Up-to-date: /home/ksh/yolo_ws/install/yolo_inference/share/yolo_inference/msg/Yolov8Inference.msg
[1.037s] -- Up-to-date: /home/ksh/yolo_ws/install/yolo_inference/share/ament_index/resource_index/package_run_dependencies/yolo_inference
[1.037s] -- Up-to-date: /home/ksh/yolo_ws/install/yolo_inference/share/ament_index/resource_index/parent_prefix_path/yolo_inference
[1.037s] -- Up-to-date: /home/ksh/yolo_ws/install/yolo_inference/share/yolo_inference/environment/ament_prefix_path.sh
[1.037s] -- Up-to-date: /home/ksh/yolo_ws/install/yolo_inference/share/yolo_inference/environment/ament_prefix_path.dsv
[1.037s] -- Up-to-date: /home/ksh/yolo_ws/install/yolo_inference/share/yolo_inference/environment/path.sh
[1.037s] -- Up-to-date: /home/ksh/yolo_ws/install/yolo_inference/share/yolo_inference/environment/path.dsv
[1.037s] -- Up-to-date: /home/ksh/yolo_ws/install/yolo_inference/share/yolo_inference/local_setup.bash
[1.038s] -- Up-to-date: /home/ksh/yolo_ws/install/yolo_inference/share/yolo_inference/local_setup.sh
[1.038s] -- Up-to-date: /home/ksh/yolo_ws/install/yolo_inference/share/yolo_inference/local_setup.zsh
[1.038s] -- Up-to-date: /home/ksh/yolo_ws/install/yolo_inference/share/yolo_inference/local_setup.dsv
[1.038s] -- Installing: /home/ksh/yolo_ws/install/yolo_inference/share/yolo_inference/package.dsv
[1.038s] -- Up-to-date: /home/ksh/yolo_ws/install/yolo_inference/share/ament_index/resource_index/packages/yolo_inference
[1.038s] -- Up-to-date: /home/ksh/yolo_ws/install/yolo_inference/share/yolo_inference/cmake/export_yolo_inference__rosidl_generator_cExport.cmake
[1.038s] -- Up-to-date: /home/ksh/yolo_ws/install/yolo_inference/share/yolo_inference/cmake/export_yolo_inference__rosidl_generator_cExport-noconfig.cmake
[1.038s] -- Up-to-date: /home/ksh/yolo_ws/install/yolo_inference/share/yolo_inference/cmake/export_yolo_inference__rosidl_typesupport_fastrtps_cExport.cmake
[1.038s] -- Up-to-date: /home/ksh/yolo_ws/install/yolo_inference/share/yolo_inference/cmake/export_yolo_inference__rosidl_typesupport_fastrtps_cExport-noconfig.cmake
[1.039s] -- Up-to-date: /home/ksh/yolo_ws/install/yolo_inference/share/yolo_inference/cmake/export_yolo_inference__rosidl_generator_cppExport.cmake
[1.039s] -- Up-to-date: /home/ksh/yolo_ws/install/yolo_inference/share/yolo_inference/cmake/export_yolo_inference__rosidl_typesupport_fastrtps_cppExport.cmake
[1.039s] -- Up-to-date: /home/ksh/yolo_ws/install/yolo_inference/share/yolo_inference/cmake/export_yolo_inference__rosidl_typesupport_fastrtps_cppExport-noconfig.cmake
[1.039s] -- Up-to-date: /home/ksh/yolo_ws/install/yolo_inference/share/yolo_inference/cmake/yolo_inference__rosidl_typesupport_introspection_cExport.cmake
[1.039s] -- Up-to-date: /home/ksh/yolo_ws/install/yolo_inference/share/yolo_inference/cmake/yolo_inference__rosidl_typesupport_introspection_cExport-noconfig.cmake
[1.039s] -- Up-to-date: /home/ksh/yolo_ws/install/yolo_inference/share/yolo_inference/cmake/yolo_inference__rosidl_typesupport_cExport.cmake
[1.039s] -- Up-to-date: /home/ksh/yolo_ws/install/yolo_inference/share/yolo_inference/cmake/yolo_inference__rosidl_typesupport_cExport-noconfig.cmake
[1.039s] -- Up-to-date: /home/ksh/yolo_ws/install/yolo_inference/share/yolo_inference/cmake/yolo_inference__rosidl_typesupport_introspection_cppExport.cmake
[1.039s] -- Up-to-date: /home/ksh/yolo_ws/install/yolo_inference/share/yolo_inference/cmake/yolo_inference__rosidl_typesupport_introspection_cppExport-noconfig.cmake
[1.040s] -- Up-to-date: /home/ksh/yolo_ws/install/yolo_inference/share/yolo_inference/cmake/yolo_inference__rosidl_typesupport_cppExport.cmake
[1.040s] -- Up-to-date: /home/ksh/yolo_ws/install/yolo_inference/share/yolo_inference/cmake/yolo_inference__rosidl_typesupport_cppExport-noconfig.cmake
[1.040s] -- Up-to-date: /home/ksh/yolo_ws/install/yolo_inference/share/yolo_inference/cmake/export_yolo_inference__rosidl_generator_pyExport.cmake
[1.040s] -- Up-to-date: /home/ksh/yolo_ws/install/yolo_inference/share/yolo_inference/cmake/export_yolo_inference__rosidl_generator_pyExport-noconfig.cmake
[1.040s] -- Up-to-date: /home/ksh/yolo_ws/install/yolo_inference/share/yolo_inference/cmake/rosidl_cmake-extras.cmake
[1.040s] -- Up-to-date: /home/ksh/yolo_ws/install/yolo_inference/share/yolo_inference/cmake/ament_cmake_export_dependencies-extras.cmake
[1.040s] -- Up-to-date: /home/ksh/yolo_ws/install/yolo_inference/share/yolo_inference/cmake/ament_cmake_export_include_directories-extras.cmake
[1.040s] -- Up-to-date: /home/ksh/yolo_ws/install/yolo_inference/share/yolo_inference/cmake/ament_cmake_export_libraries-extras.cmake
[1.040s] -- Up-to-date: /home/ksh/yolo_ws/install/yolo_inference/share/yolo_inference/cmake/ament_cmake_export_targets-extras.cmake
[1.040s] -- Up-to-date: /home/ksh/yolo_ws/install/yolo_inference/share/yolo_inference/cmake/rosidl_cmake_export_typesupport_targets-extras.cmake
[1.041s] -- Up-to-date: /home/ksh/yolo_ws/install/yolo_inference/share/yolo_inference/cmake/rosidl_cmake_export_typesupport_libraries-extras.cmake
[1.041s] -- Up-to-date: /home/ksh/yolo_ws/install/yolo_inference/share/yolo_inference/cmake/yolo_inferenceConfig.cmake
[1.041s] -- Up-to-date: /home/ksh/yolo_ws/install/yolo_inference/share/yolo_inference/cmake/yolo_inferenceConfig-version.cmake
[1.041s] -- Up-to-date: /home/ksh/yolo_ws/install/yolo_inference/share/yolo_inference/package.xml
[1.061s] Invoked command in '/home/ksh/yolo_ws/build/yolo_inference' returned '0': CMAKE_PREFIX_PATH=${CMAKE_PREFIX_PATH}:/home/ksh/yolo_ws/install/yolo_pkg:/opt/ros/humble /home/ksh/.local/bin/cmake --install /home/ksh/yolo_ws/build/yolo_inference
