running egg_info
writing ../../build/aruco_pkg/aruco_pkg.egg-info/PKG-INFO
writing dependency_links to ../../build/aruco_pkg/aruco_pkg.egg-info/dependency_links.txt
writing entry points to ../../build/aruco_pkg/aruco_pkg.egg-info/entry_points.txt
writing requirements to ../../build/aruco_pkg/aruco_pkg.egg-info/requires.txt
writing top-level names to ../../build/aruco_pkg/aruco_pkg.egg-info/top_level.txt
reading manifest file '../../build/aruco_pkg/aruco_pkg.egg-info/SOURCES.txt'
writing manifest file '../../build/aruco_pkg/aruco_pkg.egg-info/SOURCES.txt'
running build
running build_py
copying aruco_pkg/aruco_7_recognition.py -> /home/gomi/aruco_ros2/build/aruco_pkg/build/lib/aruco_pkg
copying aruco_pkg/aruco_6_recognition.py -> /home/gomi/aruco_ros2/build/aruco_pkg/build/lib/aruco_pkg
copying aruco_pkg/aruco_4_recognition.py -> /home/gomi/aruco_ros2/build/aruco_pkg/build/lib/aruco_pkg
running install
running install_lib
copying /home/gomi/aruco_ros2/build/aruco_pkg/build/lib/aruco_pkg/aruco_7_recognition.py -> /home/gomi/aruco_ros2/install/aruco_pkg/lib/python3.10/site-packages/aruco_pkg
copying /home/gomi/aruco_ros2/build/aruco_pkg/build/lib/aruco_pkg/aruco_6_recognition.py -> /home/gomi/aruco_ros2/install/aruco_pkg/lib/python3.10/site-packages/aruco_pkg
copying /home/gomi/aruco_ros2/build/aruco_pkg/build/lib/aruco_pkg/aruco_4_recognition.py -> /home/gomi/aruco_ros2/install/aruco_pkg/lib/python3.10/site-packages/aruco_pkg
byte-compiling /home/gomi/aruco_ros2/install/aruco_pkg/lib/python3.10/site-packages/aruco_pkg/aruco_7_recognition.py to aruco_7_recognition.cpython-310.pyc
byte-compiling /home/gomi/aruco_ros2/install/aruco_pkg/lib/python3.10/site-packages/aruco_pkg/aruco_6_recognition.py to aruco_6_recognition.cpython-310.pyc
byte-compiling /home/gomi/aruco_ros2/install/aruco_pkg/lib/python3.10/site-packages/aruco_pkg/aruco_4_recognition.py to aruco_4_recognition.cpython-310.pyc
running install_data
running install_egg_info
removing '/home/gomi/aruco_ros2/install/aruco_pkg/lib/python3.10/site-packages/aruco_pkg-0.0.0-py3.10.egg-info' (and everything under it)
Copying ../../build/aruco_pkg/aruco_pkg.egg-info to /home/gomi/aruco_ros2/install/aruco_pkg/lib/python3.10/site-packages/aruco_pkg-0.0.0-py3.10.egg-info
running install_scripts
Installing image_publisher script to /home/gomi/aruco_ros2/install/aruco_pkg/lib/aruco_pkg
Installing marker_4x4_recognition script to /home/gomi/aruco_ros2/install/aruco_pkg/lib/aruco_pkg
Installing marker_5x5_recognition script to /home/gomi/aruco_ros2/install/aruco_pkg/lib/aruco_pkg
Installing marker_6x6_recognition script to /home/gomi/aruco_ros2/install/aruco_pkg/lib/aruco_pkg
Installing marker_7x7_recognition script to /home/gomi/aruco_ros2/install/aruco_pkg/lib/aruco_pkg
writing list of installed files to '/home/gomi/aruco_ros2/build/aruco_pkg/install.log'
