[0.505s] Invoking command in '/home/gomi/aruco_ros2/src/aruco_pkg': PYTHONPATH=/home/gomi/aruco_ros2/build/aruco_pkg/prefix_override:/home/gomi/aruco_ros2/install/aruco_pkg/lib/python3.10/site-packages:${PYTHONPATH} /usr/bin/python3 setup.py egg_info --egg-base ../../build/aruco_pkg build --build-base /home/gomi/aruco_ros2/build/aruco_pkg/build install --record /home/gomi/aruco_ros2/build/aruco_pkg/install.log --single-version-externally-managed
[0.676s] running egg_info
[0.676s] writing ../../build/aruco_pkg/aruco_pkg.egg-info/PKG-INFO
[0.676s] writing dependency_links to ../../build/aruco_pkg/aruco_pkg.egg-info/dependency_links.txt
[0.677s] writing entry points to ../../build/aruco_pkg/aruco_pkg.egg-info/entry_points.txt
[0.677s] writing requirements to ../../build/aruco_pkg/aruco_pkg.egg-info/requires.txt
[0.677s] writing top-level names to ../../build/aruco_pkg/aruco_pkg.egg-info/top_level.txt
[0.678s] reading manifest file '../../build/aruco_pkg/aruco_pkg.egg-info/SOURCES.txt'
[0.679s] writing manifest file '../../build/aruco_pkg/aruco_pkg.egg-info/SOURCES.txt'
[0.679s] running build
[0.679s] running build_py
[0.679s] copying aruco_pkg/aruco_7_recognition.py -> /home/gomi/aruco_ros2/build/aruco_pkg/build/lib/aruco_pkg
[0.679s] copying aruco_pkg/aruco_6_recognition.py -> /home/gomi/aruco_ros2/build/aruco_pkg/build/lib/aruco_pkg
[0.679s] copying aruco_pkg/aruco_4_recognition.py -> /home/gomi/aruco_ros2/build/aruco_pkg/build/lib/aruco_pkg
[0.679s] running install
[0.679s] /usr/lib/python3/dist-packages/setuptools/command/install.py:34: SetuptoolsDeprecationWarning: setup.py install is deprecated. Use build and pip and other standards-based tools.
[0.679s]   warnings.warn(
[0.679s] running install_lib
[0.680s] copying /home/gomi/aruco_ros2/build/aruco_pkg/build/lib/aruco_pkg/aruco_7_recognition.py -> /home/gomi/aruco_ros2/install/aruco_pkg/lib/python3.10/site-packages/aruco_pkg
[0.680s] copying /home/gomi/aruco_ros2/build/aruco_pkg/build/lib/aruco_pkg/aruco_6_recognition.py -> /home/gomi/aruco_ros2/install/aruco_pkg/lib/python3.10/site-packages/aruco_pkg
[0.680s] copying /home/gomi/aruco_ros2/build/aruco_pkg/build/lib/aruco_pkg/aruco_4_recognition.py -> /home/gomi/aruco_ros2/install/aruco_pkg/lib/python3.10/site-packages/aruco_pkg
[0.680s] byte-compiling /home/gomi/aruco_ros2/install/aruco_pkg/lib/python3.10/site-packages/aruco_pkg/aruco_7_recognition.py to aruco_7_recognition.cpython-310.pyc
[0.682s] byte-compiling /home/gomi/aruco_ros2/install/aruco_pkg/lib/python3.10/site-packages/aruco_pkg/aruco_6_recognition.py to aruco_6_recognition.cpython-310.pyc
[0.683s] byte-compiling /home/gomi/aruco_ros2/install/aruco_pkg/lib/python3.10/site-packages/aruco_pkg/aruco_4_recognition.py to aruco_4_recognition.cpython-310.pyc
[0.684s] running install_data
[0.684s] running install_egg_info
[0.685s] removing '/home/gomi/aruco_ros2/install/aruco_pkg/lib/python3.10/site-packages/aruco_pkg-0.0.0-py3.10.egg-info' (and everything under it)
[0.685s] Copying ../../build/aruco_pkg/aruco_pkg.egg-info to /home/gomi/aruco_ros2/install/aruco_pkg/lib/python3.10/site-packages/aruco_pkg-0.0.0-py3.10.egg-info
[0.686s] running install_scripts
[0.699s] Installing image_publisher script to /home/gomi/aruco_ros2/install/aruco_pkg/lib/aruco_pkg
[0.699s] Installing marker_4x4_recognition script to /home/gomi/aruco_ros2/install/aruco_pkg/lib/aruco_pkg
[0.700s] Installing marker_5x5_recognition script to /home/gomi/aruco_ros2/install/aruco_pkg/lib/aruco_pkg
[0.700s] Installing marker_6x6_recognition script to /home/gomi/aruco_ros2/install/aruco_pkg/lib/aruco_pkg
[0.700s] Installing marker_7x7_recognition script to /home/gomi/aruco_ros2/install/aruco_pkg/lib/aruco_pkg
[0.700s] writing list of installed files to '/home/gomi/aruco_ros2/build/aruco_pkg/install.log'
[0.718s] Invoked command in '/home/gomi/aruco_ros2/src/aruco_pkg' returned '0': PYTHONPATH=/home/gomi/aruco_ros2/build/aruco_pkg/prefix_override:/home/gomi/aruco_ros2/install/aruco_pkg/lib/python3.10/site-packages:${PYTHONPATH} /usr/bin/python3 setup.py egg_info --egg-base ../../build/aruco_pkg build --build-base /home/gomi/aruco_ros2/build/aruco_pkg/build install --record /home/gomi/aruco_ros2/build/aruco_pkg/install.log --single-version-externally-managed
