[0.262s] DEBUG:colcon:Command line arguments: ['/usr/bin/colcon', 'build']
[0.262s] DEBUG:colcon:Parsed command line arguments: Namespace(log_base=None, log_level=None, verb_name='build', build_base='build', install_base='install', merge_install=False, symlink_install=False, test_result_base=None, continue_on_error=False, executor='parallel', parallel_workers=8, event_handlers=None, ignore_user_meta=False, metas=['./colcon.meta'], base_paths=['.'], packages_ignore=None, packages_ignore_regex=None, paths=None, packages_up_to=None, packages_up_to_regex=None, packages_above=None, packages_above_and_dependencies=None, packages_above_depth=None, packages_select_by_dep=None, packages_skip_by_dep=None, packages_skip_up_to=None, packages_select_build_failed=False, packages_skip_build_finished=False, packages_select_test_failures=False, packages_skip_test_passed=False, packages_select=None, packages_skip=None, packages_select_regex=None, packages_skip_regex=None, packages_start=None, packages_end=None, allow_overriding=[], cmake_args=None, cmake_target=None, cmake_target_skip_unavailable=False, cmake_clean_cache=False, cmake_clean_first=False, cmake_force_configure=False, ament_cmake_args=None, catkin_cmake_args=None, catkin_skip_building_tests=False, verb_parser=<colcon_defaults.argument_parser.defaults.DefaultArgumentsDecorator object at 0x7f97812f2f20>, verb_extension=<colcon_core.verb.build.BuildVerb object at 0x7f978149bc70>, main=<bound method BuildVerb.main of <colcon_core.verb.build.BuildVerb object at 0x7f978149bc70>>)
[0.281s] Level 1:colcon.colcon_core.package_discovery:discover_packages(colcon_meta) check parameters
[0.281s] Level 1:colcon.colcon_core.package_discovery:discover_packages(recursive) check parameters
[0.281s] Level 1:colcon.colcon_core.package_discovery:discover_packages(ignore) check parameters
[0.281s] Level 1:colcon.colcon_core.package_discovery:discover_packages(path) check parameters
[0.281s] Level 1:colcon.colcon_core.package_discovery:discover_packages(colcon_meta) discover
[0.281s] Level 1:colcon.colcon_core.package_discovery:discover_packages(recursive) discover
[0.281s] INFO:colcon.colcon_core.package_discovery:Crawling recursively for packages in '/home/gomi/dev_ws/ros_quiz/pkg_for_quiz'
[0.281s] Level 1:colcon.colcon_core.package_identification:_identify(.) by extensions ['ignore', 'ignore_ament_install']
[0.281s] Level 1:colcon.colcon_core.package_identification:_identify(.) by extension 'ignore'
[0.281s] Level 1:colcon.colcon_core.package_identification:_identify(.) by extension 'ignore_ament_install'
[0.281s] Level 1:colcon.colcon_core.package_identification:_identify(.) by extensions ['colcon_pkg']
[0.281s] Level 1:colcon.colcon_core.package_identification:_identify(.) by extension 'colcon_pkg'
[0.281s] Level 1:colcon.colcon_core.package_identification:_identify(.) by extensions ['colcon_meta']
[0.281s] Level 1:colcon.colcon_core.package_identification:_identify(.) by extension 'colcon_meta'
[0.281s] Level 1:colcon.colcon_core.package_identification:_identify(.) by extensions ['ros']
[0.281s] Level 1:colcon.colcon_core.package_identification:_identify(.) by extension 'ros'
[0.289s] Level 1:colcon.colcon_core.package_identification:_identify(.) by extensions ['cmake', 'python']
[0.289s] Level 1:colcon.colcon_core.package_identification:_identify(.) by extension 'cmake'
[0.289s] Level 1:colcon.colcon_core.package_identification:_identify(.) by extension 'python'
[0.289s] Level 1:colcon.colcon_core.package_identification:_identify(.) by extensions ['python_setup_py']
[0.289s] Level 1:colcon.colcon_core.package_identification:_identify(.) by extension 'python_setup_py'
[0.289s] Level 1:colcon.colcon_core.package_identification:_identify(build) by extensions ['ignore', 'ignore_ament_install']
[0.289s] Level 1:colcon.colcon_core.package_identification:_identify(build) by extension 'ignore'
[0.289s] Level 1:colcon.colcon_core.package_identification:_identify(build) ignored
[0.289s] Level 1:colcon.colcon_core.package_identification:_identify(install) by extensions ['ignore', 'ignore_ament_install']
[0.289s] Level 1:colcon.colcon_core.package_identification:_identify(install) by extension 'ignore'
[0.289s] Level 1:colcon.colcon_core.package_identification:_identify(install) ignored
[0.289s] Level 1:colcon.colcon_core.package_identification:_identify(log) by extensions ['ignore', 'ignore_ament_install']
[0.289s] Level 1:colcon.colcon_core.package_identification:_identify(log) by extension 'ignore'
[0.289s] Level 1:colcon.colcon_core.package_identification:_identify(log) ignored
[0.290s] Level 1:colcon.colcon_core.package_identification:_identify(playing_turtle_package) by extensions ['ignore', 'ignore_ament_install']
[0.290s] Level 1:colcon.colcon_core.package_identification:_identify(playing_turtle_package) by extension 'ignore'
[0.290s] Level 1:colcon.colcon_core.package_identification:_identify(playing_turtle_package) by extension 'ignore_ament_install'
[0.290s] Level 1:colcon.colcon_core.package_identification:_identify(playing_turtle_package) by extensions ['colcon_pkg']
[0.290s] Level 1:colcon.colcon_core.package_identification:_identify(playing_turtle_package) by extension 'colcon_pkg'
[0.290s] Level 1:colcon.colcon_core.package_identification:_identify(playing_turtle_package) by extensions ['colcon_meta']
[0.290s] Level 1:colcon.colcon_core.package_identification:_identify(playing_turtle_package) by extension 'colcon_meta'
[0.290s] Level 1:colcon.colcon_core.package_identification:_identify(playing_turtle_package) by extensions ['ros']
[0.290s] Level 1:colcon.colcon_core.package_identification:_identify(playing_turtle_package) by extension 'ros'
[0.291s] DEBUG:colcon.colcon_core.package_identification:Package 'playing_turtle_package' with type 'ros.ament_python' and name 'playing_turtle_package'
[0.291s] Level 1:colcon.colcon_core.package_identification:_identify(src) by extensions ['ignore', 'ignore_ament_install']
[0.291s] Level 1:colcon.colcon_core.package_identification:_identify(src) by extension 'ignore'
[0.291s] Level 1:colcon.colcon_core.package_identification:_identify(src) by extension 'ignore_ament_install'
[0.292s] Level 1:colcon.colcon_core.package_identification:_identify(src) by extensions ['colcon_pkg']
[0.292s] Level 1:colcon.colcon_core.package_identification:_identify(src) by extension 'colcon_pkg'
[0.292s] Level 1:colcon.colcon_core.package_identification:_identify(src) by extensions ['colcon_meta']
[0.292s] Level 1:colcon.colcon_core.package_identification:_identify(src) by extension 'colcon_meta'
[0.292s] Level 1:colcon.colcon_core.package_identification:_identify(src) by extensions ['ros']
[0.292s] Level 1:colcon.colcon_core.package_identification:_identify(src) by extension 'ros'
[0.292s] Level 1:colcon.colcon_core.package_identification:_identify(src) by extensions ['cmake', 'python']
[0.292s] Level 1:colcon.colcon_core.package_identification:_identify(src) by extension 'cmake'
[0.292s] Level 1:colcon.colcon_core.package_identification:_identify(src) by extension 'python'
[0.292s] Level 1:colcon.colcon_core.package_identification:_identify(src) by extensions ['python_setup_py']
[0.292s] Level 1:colcon.colcon_core.package_identification:_identify(src) by extension 'python_setup_py'
[0.292s] Level 1:colcon.colcon_core.package_identification:_identify(src/playing_turtle_package_msgs) by extensions ['ignore', 'ignore_ament_install']
[0.292s] Level 1:colcon.colcon_core.package_identification:_identify(src/playing_turtle_package_msgs) by extension 'ignore'
[0.292s] Level 1:colcon.colcon_core.package_identification:_identify(src/playing_turtle_package_msgs) by extension 'ignore_ament_install'
[0.292s] Level 1:colcon.colcon_core.package_identification:_identify(src/playing_turtle_package_msgs) by extensions ['colcon_pkg']
[0.292s] Level 1:colcon.colcon_core.package_identification:_identify(src/playing_turtle_package_msgs) by extension 'colcon_pkg'
[0.292s] Level 1:colcon.colcon_core.package_identification:_identify(src/playing_turtle_package_msgs) by extensions ['colcon_meta']
[0.292s] Level 1:colcon.colcon_core.package_identification:_identify(src/playing_turtle_package_msgs) by extension 'colcon_meta'
[0.292s] Level 1:colcon.colcon_core.package_identification:_identify(src/playing_turtle_package_msgs) by extensions ['ros']
[0.292s] Level 1:colcon.colcon_core.package_identification:_identify(src/playing_turtle_package_msgs) by extension 'ros'
[0.292s] DEBUG:colcon.colcon_core.package_identification:Package 'src/playing_turtle_package_msgs' with type 'ros.ament_cmake' and name 'playing_turtle_package_msgs'
[0.292s] Level 1:colcon.colcon_core.package_discovery:discover_packages(recursive) using defaults
[0.292s] Level 1:colcon.colcon_core.package_discovery:discover_packages(ignore) discover
[0.292s] Level 1:colcon.colcon_core.package_discovery:discover_packages(ignore) using defaults
[0.292s] Level 1:colcon.colcon_core.package_discovery:discover_packages(path) discover
[0.292s] Level 1:colcon.colcon_core.package_discovery:discover_packages(path) using defaults
[0.309s] Level 1:colcon.colcon_core.package_discovery:discover_packages(prefix_path) check parameters
[0.309s] Level 1:colcon.colcon_core.package_discovery:discover_packages(prefix_path) discover
[0.311s] DEBUG:colcon.colcon_installed_package_information.package_discovery:Found 2 installed packages in /home/gomi/dev_ws/ros_quiz/pkg_for_quiz/install
[0.312s] DEBUG:colcon.colcon_installed_package_information.package_discovery:Found 294 installed packages in /opt/ros/humble
[0.314s] Level 1:colcon.colcon_core.package_discovery:discover_packages(prefix_path) using defaults
[0.354s] Level 5:colcon.colcon_core.verb:set package 'playing_turtle_package' build argument 'cmake_args' from command line to 'None'
[0.354s] Level 5:colcon.colcon_core.verb:set package 'playing_turtle_package' build argument 'cmake_target' from command line to 'None'
[0.354s] Level 5:colcon.colcon_core.verb:set package 'playing_turtle_package' build argument 'cmake_target_skip_unavailable' from command line to 'False'
[0.354s] Level 5:colcon.colcon_core.verb:set package 'playing_turtle_package' build argument 'cmake_clean_cache' from command line to 'False'
[0.354s] Level 5:colcon.colcon_core.verb:set package 'playing_turtle_package' build argument 'cmake_clean_first' from command line to 'False'
[0.354s] Level 5:colcon.colcon_core.verb:set package 'playing_turtle_package' build argument 'cmake_force_configure' from command line to 'False'
[0.354s] Level 5:colcon.colcon_core.verb:set package 'playing_turtle_package' build argument 'ament_cmake_args' from command line to 'None'
[0.354s] Level 5:colcon.colcon_core.verb:set package 'playing_turtle_package' build argument 'catkin_cmake_args' from command line to 'None'
[0.354s] Level 5:colcon.colcon_core.verb:set package 'playing_turtle_package' build argument 'catkin_skip_building_tests' from command line to 'False'
[0.354s] DEBUG:colcon.colcon_core.verb:Building package 'playing_turtle_package' with the following arguments: {'ament_cmake_args': None, 'build_base': '/home/gomi/dev_ws/ros_quiz/pkg_for_quiz/build/playing_turtle_package', 'catkin_cmake_args': None, 'catkin_skip_building_tests': False, 'cmake_args': None, 'cmake_clean_cache': False, 'cmake_clean_first': False, 'cmake_force_configure': False, 'cmake_target': None, 'cmake_target_skip_unavailable': False, 'install_base': '/home/gomi/dev_ws/ros_quiz/pkg_for_quiz/install/playing_turtle_package', 'merge_install': False, 'path': '/home/gomi/dev_ws/ros_quiz/pkg_for_quiz/playing_turtle_package', 'symlink_install': False, 'test_result_base': None}
[0.355s] Level 5:colcon.colcon_core.verb:set package 'playing_turtle_package_msgs' build argument 'cmake_args' from command line to 'None'
[0.355s] Level 5:colcon.colcon_core.verb:set package 'playing_turtle_package_msgs' build argument 'cmake_target' from command line to 'None'
[0.355s] Level 5:colcon.colcon_core.verb:set package 'playing_turtle_package_msgs' build argument 'cmake_target_skip_unavailable' from command line to 'False'
[0.355s] Level 5:colcon.colcon_core.verb:set package 'playing_turtle_package_msgs' build argument 'cmake_clean_cache' from command line to 'False'
[0.355s] Level 5:colcon.colcon_core.verb:set package 'playing_turtle_package_msgs' build argument 'cmake_clean_first' from command line to 'False'
[0.355s] Level 5:colcon.colcon_core.verb:set package 'playing_turtle_package_msgs' build argument 'cmake_force_configure' from command line to 'False'
[0.355s] Level 5:colcon.colcon_core.verb:set package 'playing_turtle_package_msgs' build argument 'ament_cmake_args' from command line to 'None'
[0.355s] Level 5:colcon.colcon_core.verb:set package 'playing_turtle_package_msgs' build argument 'catkin_cmake_args' from command line to 'None'
[0.355s] Level 5:colcon.colcon_core.verb:set package 'playing_turtle_package_msgs' build argument 'catkin_skip_building_tests' from command line to 'False'
[0.355s] DEBUG:colcon.colcon_core.verb:Building package 'playing_turtle_package_msgs' with the following arguments: {'ament_cmake_args': None, 'build_base': '/home/gomi/dev_ws/ros_quiz/pkg_for_quiz/build/playing_turtle_package_msgs', 'catkin_cmake_args': None, 'catkin_skip_building_tests': False, 'cmake_args': None, 'cmake_clean_cache': False, 'cmake_clean_first': False, 'cmake_force_configure': False, 'cmake_target': None, 'cmake_target_skip_unavailable': False, 'install_base': '/home/gomi/dev_ws/ros_quiz/pkg_for_quiz/install/playing_turtle_package_msgs', 'merge_install': False, 'path': '/home/gomi/dev_ws/ros_quiz/pkg_for_quiz/src/playing_turtle_package_msgs', 'symlink_install': False, 'test_result_base': None}
[0.355s] INFO:colcon.colcon_core.executor:Executing jobs using 'parallel' executor
[0.358s] DEBUG:colcon.colcon_parallel_executor.executor.parallel:run_until_complete
[0.358s] INFO:colcon.colcon_ros.task.ament_python.build:Building ROS package in '/home/gomi/dev_ws/ros_quiz/pkg_for_quiz/playing_turtle_package' with build type 'ament_python'
[0.358s] Level 1:colcon.colcon_core.shell:create_environment_hook('playing_turtle_package', 'ament_prefix_path')
[0.362s] INFO:colcon.colcon_core.plugin_system:Skipping extension 'colcon_core.shell.bat': Not used on non-Windows systems
[0.362s] INFO:colcon.colcon_core.shell:Creating environment hook '/home/gomi/dev_ws/ros_quiz/pkg_for_quiz/install/playing_turtle_package/share/playing_turtle_package/hook/ament_prefix_path.ps1'
[0.363s] INFO:colcon.colcon_core.shell:Creating environment descriptor '/home/gomi/dev_ws/ros_quiz/pkg_for_quiz/install/playing_turtle_package/share/playing_turtle_package/hook/ament_prefix_path.dsv'
[0.363s] INFO:colcon.colcon_core.shell:Creating environment hook '/home/gomi/dev_ws/ros_quiz/pkg_for_quiz/install/playing_turtle_package/share/playing_turtle_package/hook/ament_prefix_path.sh'
[0.364s] INFO:colcon.colcon_core.shell:Skip shell extension 'powershell' for command environment: Not usable outside of PowerShell
[0.364s] DEBUG:colcon.colcon_core.shell:Skip shell extension 'dsv' for command environment
[0.368s] INFO:colcon.colcon_ros.task.ament_cmake.build:Building ROS package in '/home/gomi/dev_ws/ros_quiz/pkg_for_quiz/src/playing_turtle_package_msgs' with build type 'ament_cmake'
[0.368s] INFO:colcon.colcon_cmake.task.cmake.build:Building CMake package in '/home/gomi/dev_ws/ros_quiz/pkg_for_quiz/src/playing_turtle_package_msgs'
[0.369s] INFO:colcon.colcon_core.shell:Skip shell extension 'powershell' for command environment: Not usable outside of PowerShell
[0.369s] DEBUG:colcon.colcon_core.shell:Skip shell extension 'dsv' for command environment
[0.561s] INFO:colcon.colcon_core.task.python.build:Building Python package in '/home/gomi/dev_ws/ros_quiz/pkg_for_quiz/playing_turtle_package'
[0.563s] INFO:colcon.colcon_core.shell:Skip shell extension 'powershell' for command environment: Not usable outside of PowerShell
[0.563s] DEBUG:colcon.colcon_core.shell:Skip shell extension 'dsv' for command environment
[0.570s] DEBUG:colcon.colcon_core.event_handler.log_command:Invoking command in '/home/gomi/dev_ws/ros_quiz/pkg_for_quiz/build/playing_turtle_package_msgs': CMAKE_PREFIX_PATH=${CMAKE_PREFIX_PATH}:/home/gomi/dev_ws/ros_quiz/pkg_for_quiz/install/playing_turtle_package:/opt/ros/humble /home/gomi/.local/bin/cmake --build /home/gomi/dev_ws/ros_quiz/pkg_for_quiz/build/playing_turtle_package_msgs -- -j8 -l8
[0.849s] DEBUG:colcon.colcon_core.event_handler.log_command:Invoking command in '/home/gomi/dev_ws/ros_quiz/pkg_for_quiz/playing_turtle_package': PYTHONPATH=/home/gomi/dev_ws/ros_quiz/pkg_for_quiz/build/playing_turtle_package/prefix_override:/home/gomi/dev_ws/ros_quiz/pkg_for_quiz/install/playing_turtle_package/lib/python3.10/site-packages:${PYTHONPATH} /usr/bin/python3 setup.py egg_info --egg-base ../build/playing_turtle_package build --build-base /home/gomi/dev_ws/ros_quiz/pkg_for_quiz/build/playing_turtle_package/build install --record /home/gomi/dev_ws/ros_quiz/pkg_for_quiz/build/playing_turtle_package/install.log --single-version-externally-managed
[1.081s] DEBUG:colcon.colcon_core.event_handler.log_command:Invoked command in '/home/gomi/dev_ws/ros_quiz/pkg_for_quiz/playing_turtle_package' returned '0': PYTHONPATH=/home/gomi/dev_ws/ros_quiz/pkg_for_quiz/build/playing_turtle_package/prefix_override:/home/gomi/dev_ws/ros_quiz/pkg_for_quiz/install/playing_turtle_package/lib/python3.10/site-packages:${PYTHONPATH} /usr/bin/python3 setup.py egg_info --egg-base ../build/playing_turtle_package build --build-base /home/gomi/dev_ws/ros_quiz/pkg_for_quiz/build/playing_turtle_package/build install --record /home/gomi/dev_ws/ros_quiz/pkg_for_quiz/build/playing_turtle_package/install.log --single-version-externally-managed
[1.087s] Level 1:colcon.colcon_core.environment:checking '/home/gomi/dev_ws/ros_quiz/pkg_for_quiz/install/playing_turtle_package' for CMake module files
[1.087s] Level 1:colcon.colcon_core.environment:checking '/home/gomi/dev_ws/ros_quiz/pkg_for_quiz/install/playing_turtle_package' for CMake config files
[1.088s] Level 1:colcon.colcon_core.environment:checking '/home/gomi/dev_ws/ros_quiz/pkg_for_quiz/install/playing_turtle_package/lib'
[1.088s] Level 1:colcon.colcon_core.environment:checking '/home/gomi/dev_ws/ros_quiz/pkg_for_quiz/install/playing_turtle_package/bin'
[1.088s] Level 1:colcon.colcon_core.environment:checking '/home/gomi/dev_ws/ros_quiz/pkg_for_quiz/install/playing_turtle_package/lib/pkgconfig/playing_turtle_package.pc'
[1.088s] Level 1:colcon.colcon_core.environment:checking '/home/gomi/dev_ws/ros_quiz/pkg_for_quiz/install/playing_turtle_package/lib/python3.10/site-packages'
[1.088s] Level 1:colcon.colcon_core.shell:create_environment_hook('playing_turtle_package', 'pythonpath')
[1.090s] INFO:colcon.colcon_core.shell:Creating environment hook '/home/gomi/dev_ws/ros_quiz/pkg_for_quiz/install/playing_turtle_package/share/playing_turtle_package/hook/pythonpath.ps1'
[1.091s] INFO:colcon.colcon_core.shell:Creating environment descriptor '/home/gomi/dev_ws/ros_quiz/pkg_for_quiz/install/playing_turtle_package/share/playing_turtle_package/hook/pythonpath.dsv'
[1.091s] INFO:colcon.colcon_core.shell:Creating environment hook '/home/gomi/dev_ws/ros_quiz/pkg_for_quiz/install/playing_turtle_package/share/playing_turtle_package/hook/pythonpath.sh'
[1.091s] Level 1:colcon.colcon_core.environment:checking '/home/gomi/dev_ws/ros_quiz/pkg_for_quiz/install/playing_turtle_package/bin'
[1.092s] Level 1:colcon.colcon_core.environment:create_environment_scripts_only(playing_turtle_package)
[1.093s] INFO:colcon.colcon_core.shell:Creating package script '/home/gomi/dev_ws/ros_quiz/pkg_for_quiz/install/playing_turtle_package/share/playing_turtle_package/package.ps1'
[1.094s] INFO:colcon.colcon_core.shell:Creating package descriptor '/home/gomi/dev_ws/ros_quiz/pkg_for_quiz/install/playing_turtle_package/share/playing_turtle_package/package.dsv'
[1.095s] INFO:colcon.colcon_core.shell:Creating package script '/home/gomi/dev_ws/ros_quiz/pkg_for_quiz/install/playing_turtle_package/share/playing_turtle_package/package.sh'
[1.096s] INFO:colcon.colcon_core.shell:Creating package script '/home/gomi/dev_ws/ros_quiz/pkg_for_quiz/install/playing_turtle_package/share/playing_turtle_package/package.bash'
[1.097s] INFO:colcon.colcon_core.shell:Creating package script '/home/gomi/dev_ws/ros_quiz/pkg_for_quiz/install/playing_turtle_package/share/playing_turtle_package/package.zsh'
[1.097s] Level 1:colcon.colcon_core.environment:create_file_with_runtime_dependencies(/home/gomi/dev_ws/ros_quiz/pkg_for_quiz/install/playing_turtle_package/share/colcon-core/packages/playing_turtle_package)
[1.410s] DEBUG:colcon.colcon_core.event_handler.log_command:Invoked command in '/home/gomi/dev_ws/ros_quiz/pkg_for_quiz/build/playing_turtle_package_msgs' returned '0': CMAKE_PREFIX_PATH=${CMAKE_PREFIX_PATH}:/home/gomi/dev_ws/ros_quiz/pkg_for_quiz/install/playing_turtle_package:/opt/ros/humble /home/gomi/.local/bin/cmake --build /home/gomi/dev_ws/ros_quiz/pkg_for_quiz/build/playing_turtle_package_msgs -- -j8 -l8
[1.539s] DEBUG:colcon.colcon_core.event_handler.log_command:Invoking command in '/home/gomi/dev_ws/ros_quiz/pkg_for_quiz/build/playing_turtle_package_msgs': CMAKE_PREFIX_PATH=${CMAKE_PREFIX_PATH}:/home/gomi/dev_ws/ros_quiz/pkg_for_quiz/install/playing_turtle_package:/opt/ros/humble /home/gomi/.local/bin/cmake --install /home/gomi/dev_ws/ros_quiz/pkg_for_quiz/build/playing_turtle_package_msgs
[1.621s] Level 1:colcon.colcon_core.environment:create_environment_scripts_only(playing_turtle_package_msgs)
[1.621s] DEBUG:colcon.colcon_core.event_handler.log_command:Invoked command in '/home/gomi/dev_ws/ros_quiz/pkg_for_quiz/build/playing_turtle_package_msgs' returned '0': CMAKE_PREFIX_PATH=${CMAKE_PREFIX_PATH}:/home/gomi/dev_ws/ros_quiz/pkg_for_quiz/install/playing_turtle_package:/opt/ros/humble /home/gomi/.local/bin/cmake --install /home/gomi/dev_ws/ros_quiz/pkg_for_quiz/build/playing_turtle_package_msgs
[1.622s] Level 1:colcon.colcon_core.environment:checking '/home/gomi/dev_ws/ros_quiz/pkg_for_quiz/install/playing_turtle_package_msgs' for CMake module files
[1.623s] Level 1:colcon.colcon_core.environment:checking '/home/gomi/dev_ws/ros_quiz/pkg_for_quiz/install/playing_turtle_package_msgs' for CMake config files
[1.623s] Level 1:colcon.colcon_core.shell:create_environment_hook('playing_turtle_package_msgs', 'cmake_prefix_path')
[1.624s] INFO:colcon.colcon_core.shell:Creating environment hook '/home/gomi/dev_ws/ros_quiz/pkg_for_quiz/install/playing_turtle_package_msgs/share/playing_turtle_package_msgs/hook/cmake_prefix_path.ps1'
[1.624s] INFO:colcon.colcon_core.shell:Creating environment descriptor '/home/gomi/dev_ws/ros_quiz/pkg_for_quiz/install/playing_turtle_package_msgs/share/playing_turtle_package_msgs/hook/cmake_prefix_path.dsv'
[1.625s] INFO:colcon.colcon_core.shell:Creating environment hook '/home/gomi/dev_ws/ros_quiz/pkg_for_quiz/install/playing_turtle_package_msgs/share/playing_turtle_package_msgs/hook/cmake_prefix_path.sh'
[1.625s] Level 1:colcon.colcon_core.environment:checking '/home/gomi/dev_ws/ros_quiz/pkg_for_quiz/install/playing_turtle_package_msgs/lib'
[1.625s] Level 1:colcon.colcon_core.shell:create_environment_hook('playing_turtle_package_msgs', 'ld_library_path_lib')
[1.626s] INFO:colcon.colcon_core.shell:Creating environment hook '/home/gomi/dev_ws/ros_quiz/pkg_for_quiz/install/playing_turtle_package_msgs/share/playing_turtle_package_msgs/hook/ld_library_path_lib.ps1'
[1.626s] INFO:colcon.colcon_core.shell:Creating environment descriptor '/home/gomi/dev_ws/ros_quiz/pkg_for_quiz/install/playing_turtle_package_msgs/share/playing_turtle_package_msgs/hook/ld_library_path_lib.dsv'
[1.626s] INFO:colcon.colcon_core.shell:Creating environment hook '/home/gomi/dev_ws/ros_quiz/pkg_for_quiz/install/playing_turtle_package_msgs/share/playing_turtle_package_msgs/hook/ld_library_path_lib.sh'
[1.627s] Level 1:colcon.colcon_core.environment:checking '/home/gomi/dev_ws/ros_quiz/pkg_for_quiz/install/playing_turtle_package_msgs/bin'
[1.627s] Level 1:colcon.colcon_core.environment:checking '/home/gomi/dev_ws/ros_quiz/pkg_for_quiz/install/playing_turtle_package_msgs/lib/pkgconfig/playing_turtle_package_msgs.pc'
[1.627s] Level 1:colcon.colcon_core.environment:checking '/home/gomi/dev_ws/ros_quiz/pkg_for_quiz/install/playing_turtle_package_msgs/lib/python3.10/site-packages'
[1.627s] Level 1:colcon.colcon_core.environment:checking '/home/gomi/dev_ws/ros_quiz/pkg_for_quiz/install/playing_turtle_package_msgs/bin'
[1.628s] INFO:colcon.colcon_core.shell:Creating package script '/home/gomi/dev_ws/ros_quiz/pkg_for_quiz/install/playing_turtle_package_msgs/share/playing_turtle_package_msgs/package.ps1'
[1.628s] INFO:colcon.colcon_core.shell:Creating package descriptor '/home/gomi/dev_ws/ros_quiz/pkg_for_quiz/install/playing_turtle_package_msgs/share/playing_turtle_package_msgs/package.dsv'
[1.628s] INFO:colcon.colcon_core.shell:Creating package script '/home/gomi/dev_ws/ros_quiz/pkg_for_quiz/install/playing_turtle_package_msgs/share/playing_turtle_package_msgs/package.sh'
[1.629s] INFO:colcon.colcon_core.shell:Creating package script '/home/gomi/dev_ws/ros_quiz/pkg_for_quiz/install/playing_turtle_package_msgs/share/playing_turtle_package_msgs/package.bash'
[1.629s] INFO:colcon.colcon_core.shell:Creating package script '/home/gomi/dev_ws/ros_quiz/pkg_for_quiz/install/playing_turtle_package_msgs/share/playing_turtle_package_msgs/package.zsh'
[1.629s] Level 1:colcon.colcon_core.environment:create_file_with_runtime_dependencies(/home/gomi/dev_ws/ros_quiz/pkg_for_quiz/install/playing_turtle_package_msgs/share/colcon-core/packages/playing_turtle_package_msgs)
[1.701s] Level 1:colcon.colcon_core.environment:create_environment_scripts_only(playing_turtle_package_msgs)
[1.703s] Level 1:colcon.colcon_core.environment:checking '/home/gomi/dev_ws/ros_quiz/pkg_for_quiz/install/playing_turtle_package_msgs' for CMake module files
[1.703s] Level 1:colcon.colcon_core.environment:checking '/home/gomi/dev_ws/ros_quiz/pkg_for_quiz/install/playing_turtle_package_msgs' for CMake config files
[1.704s] Level 1:colcon.colcon_core.shell:create_environment_hook('playing_turtle_package_msgs', 'cmake_prefix_path')
[1.705s] INFO:colcon.colcon_core.shell:Creating environment hook '/home/gomi/dev_ws/ros_quiz/pkg_for_quiz/install/playing_turtle_package_msgs/share/playing_turtle_package_msgs/hook/cmake_prefix_path.ps1'
[1.705s] INFO:colcon.colcon_core.shell:Creating environment descriptor '/home/gomi/dev_ws/ros_quiz/pkg_for_quiz/install/playing_turtle_package_msgs/share/playing_turtle_package_msgs/hook/cmake_prefix_path.dsv'
[1.705s] INFO:colcon.colcon_core.shell:Creating environment hook '/home/gomi/dev_ws/ros_quiz/pkg_for_quiz/install/playing_turtle_package_msgs/share/playing_turtle_package_msgs/hook/cmake_prefix_path.sh'
[1.706s] Level 1:colcon.colcon_core.environment:checking '/home/gomi/dev_ws/ros_quiz/pkg_for_quiz/install/playing_turtle_package_msgs/lib'
[1.706s] Level 1:colcon.colcon_core.shell:create_environment_hook('playing_turtle_package_msgs', 'ld_library_path_lib')
[1.707s] INFO:colcon.colcon_core.shell:Creating environment hook '/home/gomi/dev_ws/ros_quiz/pkg_for_quiz/install/playing_turtle_package_msgs/share/playing_turtle_package_msgs/hook/ld_library_path_lib.ps1'
[1.707s] INFO:colcon.colcon_core.shell:Creating environment descriptor '/home/gomi/dev_ws/ros_quiz/pkg_for_quiz/install/playing_turtle_package_msgs/share/playing_turtle_package_msgs/hook/ld_library_path_lib.dsv'
[1.707s] INFO:colcon.colcon_core.shell:Creating environment hook '/home/gomi/dev_ws/ros_quiz/pkg_for_quiz/install/playing_turtle_package_msgs/share/playing_turtle_package_msgs/hook/ld_library_path_lib.sh'
[1.707s] Level 1:colcon.colcon_core.environment:checking '/home/gomi/dev_ws/ros_quiz/pkg_for_quiz/install/playing_turtle_package_msgs/bin'
[1.707s] Level 1:colcon.colcon_core.environment:checking '/home/gomi/dev_ws/ros_quiz/pkg_for_quiz/install/playing_turtle_package_msgs/lib/pkgconfig/playing_turtle_package_msgs.pc'
[1.708s] Level 1:colcon.colcon_core.environment:checking '/home/gomi/dev_ws/ros_quiz/pkg_for_quiz/install/playing_turtle_package_msgs/lib/python3.10/site-packages'
[1.708s] Level 1:colcon.colcon_core.environment:checking '/home/gomi/dev_ws/ros_quiz/pkg_for_quiz/install/playing_turtle_package_msgs/bin'
[1.709s] INFO:colcon.colcon_core.shell:Creating package script '/home/gomi/dev_ws/ros_quiz/pkg_for_quiz/install/playing_turtle_package_msgs/share/playing_turtle_package_msgs/package.ps1'
[1.709s] INFO:colcon.colcon_core.shell:Creating package descriptor '/home/gomi/dev_ws/ros_quiz/pkg_for_quiz/install/playing_turtle_package_msgs/share/playing_turtle_package_msgs/package.dsv'
[1.709s] INFO:colcon.colcon_core.shell:Creating package script '/home/gomi/dev_ws/ros_quiz/pkg_for_quiz/install/playing_turtle_package_msgs/share/playing_turtle_package_msgs/package.sh'
[1.709s] INFO:colcon.colcon_core.shell:Creating package script '/home/gomi/dev_ws/ros_quiz/pkg_for_quiz/install/playing_turtle_package_msgs/share/playing_turtle_package_msgs/package.bash'
[1.710s] INFO:colcon.colcon_core.shell:Creating package script '/home/gomi/dev_ws/ros_quiz/pkg_for_quiz/install/playing_turtle_package_msgs/share/playing_turtle_package_msgs/package.zsh'
[1.710s] Level 1:colcon.colcon_core.environment:create_file_with_runtime_dependencies(/home/gomi/dev_ws/ros_quiz/pkg_for_quiz/install/playing_turtle_package_msgs/share/colcon-core/packages/playing_turtle_package_msgs)
[1.710s] DEBUG:colcon.colcon_parallel_executor.executor.parallel:closing loop
[1.710s] DEBUG:colcon.colcon_parallel_executor.executor.parallel:loop closed
[1.711s] DEBUG:colcon.colcon_parallel_executor.executor.parallel:run_until_complete finished with '0'
[1.711s] DEBUG:colcon.colcon_core.event_reactor:joining thread
[1.715s] INFO:colcon.colcon_core.plugin_system:Skipping extension 'colcon_notification.desktop_notification.terminal_notifier': Not used on non-Darwin systems
[1.715s] INFO:colcon.colcon_core.plugin_system:Skipping extension 'colcon_notification.desktop_notification.win32': Not used on non-Windows systems
[1.715s] INFO:colcon.colcon_notification.desktop_notification:Sending desktop notification using 'notify2'
[1.723s] DEBUG:colcon.colcon_core.event_reactor:joined thread
[1.725s] INFO:colcon.colcon_core.shell:Creating prefix script '/home/gomi/dev_ws/ros_quiz/pkg_for_quiz/install/local_setup.ps1'
[1.727s] INFO:colcon.colcon_core.shell:Creating prefix util module '/home/gomi/dev_ws/ros_quiz/pkg_for_quiz/install/_local_setup_util_ps1.py'
[1.728s] INFO:colcon.colcon_core.shell:Creating prefix chain script '/home/gomi/dev_ws/ros_quiz/pkg_for_quiz/install/setup.ps1'
[1.729s] INFO:colcon.colcon_core.shell:Creating prefix script '/home/gomi/dev_ws/ros_quiz/pkg_for_quiz/install/local_setup.sh'
[1.730s] INFO:colcon.colcon_core.shell:Creating prefix util module '/home/gomi/dev_ws/ros_quiz/pkg_for_quiz/install/_local_setup_util_sh.py'
[1.730s] INFO:colcon.colcon_core.shell:Creating prefix chain script '/home/gomi/dev_ws/ros_quiz/pkg_for_quiz/install/setup.sh'
[1.731s] INFO:colcon.colcon_core.shell:Creating prefix script '/home/gomi/dev_ws/ros_quiz/pkg_for_quiz/install/local_setup.bash'
[1.731s] INFO:colcon.colcon_core.shell:Creating prefix chain script '/home/gomi/dev_ws/ros_quiz/pkg_for_quiz/install/setup.bash'
[1.732s] INFO:colcon.colcon_core.shell:Creating prefix script '/home/gomi/dev_ws/ros_quiz/pkg_for_quiz/install/local_setup.zsh'
[1.732s] INFO:colcon.colcon_core.shell:Creating prefix chain script '/home/gomi/dev_ws/ros_quiz/pkg_for_quiz/install/setup.zsh'
