-- Found ament_cmake: 1.3.4 (/opt/ros/humble/share/ament_cmake/cmake)
-- Found rosidl_default_generators: 1.2.0 (/opt/ros/humble/share/rosidl_default_generators/cmake)
-- Using all available rosidl_typesupport_c: rosidl_typesupport_fastrtps_c;rosidl_typesupport_introspection_c
-- Found rosidl_adapter: 3.1.4 (/opt/ros/humble/share/rosidl_adapter/cmake)
-- Using all available rosidl_typesupport_cpp: rosidl_typesupport_fastrtps_cpp;rosidl_typesupport_introspection_cpp
-- Found ament_cmake_ros: 0.10.0 (/opt/ros/humble/share/ament_cmake_ros/cmake)
-- Using all available rosidl_typesupport_c: rosidl_typesupport_fastrtps_c;rosidl_typesupport_introspection_c
-- Using all available rosidl_typesupport_cpp: rosidl_typesupport_fastrtps_cpp;rosidl_typesupport_introspection_cpp
-- Found PythonInterp: /usr/bin/python3 (found suitable version "3.10.6", minimum required is "3.6") 
-- Found python_cmake_module: 0.10.0 (/opt/ros/humble/share/python_cmake_module/cmake)
-- Found PythonLibs: /usr/lib/x86_64-linux-gnu/libpython3.10.so (found suitable version "3.10.6", minimum required is "3.5") 
-- Using PYTHON_EXECUTABLE: /usr/bin/python3
-- Using PYTHON_INCLUDE_DIRS: /usr/include/python3.10
-- Using PYTHON_LIBRARIES: /usr/lib/x86_64-linux-gnu/libpython3.10.so
-- Found PythonExtra: .so  
-- Found ament_lint_auto: 0.12.6 (/opt/ros/humble/share/ament_lint_auto/cmake)
-- Added test 'lint_cmake' to check CMake code style
-- Added test 'xmllint' to check XML markup files
-- Configuring done (0.6s)
-- Generating done (0.0s)
-- Build files have been written to: /home/gomi/dev_ws/ros_quiz/pkg_for_quiz/build/playing_turtle_package_msgs
[  3%] [34m[1mGenerating C code for ROS interfaces[0m
[  6%] [34m[1mGenerating C++ code for ROS interfaces[0m
[  6%] Built target ament_cmake_python_copy_playing_turtle_package_msgs
[  9%] [32mBuilding C object CMakeFiles/playing_turtle_package_msgs__rosidl_generator_c.dir/rosidl_generator_c/playing_turtle_package_msgs/srv/detail/tree_spawn__functions.c.o[0m
[  9%] Built target playing_turtle_package_msgs__cpp
running egg_info
creating playing_turtle_package_msgs.egg-info
writing playing_turtle_package_msgs.egg-info/PKG-INFO
[ 12%] [34m[1mGenerating C++ type support dispatch for ROS interfaces[0m
[ 16%] [34m[1mGenerating C++ type support for eProsima Fast-RTPS[0m
[ 19%] [34m[1mGenerating C++ introspection for ROS interfaces[0m
writing dependency_links to playing_turtle_package_msgs.egg-info/dependency_links.txt
writing top-level names to playing_turtle_package_msgs.egg-info/top_level.txt
writing manifest file 'playing_turtle_package_msgs.egg-info/SOURCES.txt'
reading manifest file 'playing_turtle_package_msgs.egg-info/SOURCES.txt'
writing manifest file 'playing_turtle_package_msgs.egg-info/SOURCES.txt'
[ 19%] Built target ament_cmake_python_build_playing_turtle_package_msgs_egg
[ 22%] [32m[1mLinking C shared library libplaying_turtle_package_msgs__rosidl_generator_c.so[0m
[ 22%] Built target playing_turtle_package_msgs__rosidl_generator_c
[ 29%] [34m[1mGenerating C type support dispatch for ROS interfaces[0m
[ 29%] [34m[1mGenerating C type support for eProsima Fast-RTPS[0m
[ 32%] [34m[1mGenerating C introspection for ROS interfaces[0m
[ 35%] [32mBuilding CXX object CMakeFiles/playing_turtle_package_msgs__rosidl_typesupport_fastrtps_cpp.dir/rosidl_typesupport_fastrtps_cpp/playing_turtle_package_msgs/srv/detail/dds_fastrtps/tree_spawn__type_support.cpp.o[0m
[ 38%] [32mBuilding CXX object CMakeFiles/playing_turtle_package_msgs__rosidl_typesupport_c.dir/rosidl_typesupport_c/playing_turtle_package_msgs/srv/tree_spawn__type_support.cpp.o[0m
[ 41%] [32mBuilding CXX object CMakeFiles/playing_turtle_package_msgs__rosidl_typesupport_cpp.dir/rosidl_typesupport_cpp/playing_turtle_package_msgs/srv/tree_spawn__type_support.cpp.o[0m
[ 45%] [32m[1mLinking CXX shared library libplaying_turtle_package_msgs__rosidl_typesupport_c.so[0m
[ 48%] [32mBuilding CXX object CMakeFiles/playing_turtle_package_msgs__rosidl_typesupport_introspection_cpp.dir/rosidl_typesupport_introspection_cpp/playing_turtle_package_msgs/srv/detail/tree_spawn__type_support.cpp.o[0m
[ 48%] Built target playing_turtle_package_msgs__rosidl_typesupport_c
[ 51%] [32mBuilding CXX object CMakeFiles/playing_turtle_package_msgs__rosidl_typesupport_fastrtps_c.dir/rosidl_typesupport_fastrtps_c/playing_turtle_package_msgs/srv/detail/tree_spawn__type_support_c.cpp.o[0m
[ 54%] [32mBuilding C object CMakeFiles/playing_turtle_package_msgs__rosidl_typesupport_introspection_c.dir/rosidl_typesupport_introspection_c/playing_turtle_package_msgs/srv/detail/tree_spawn__type_support.c.o[0m
[ 58%] [32m[1mLinking C shared library libplaying_turtle_package_msgs__rosidl_typesupport_introspection_c.so[0m
[ 58%] Built target playing_turtle_package_msgs__rosidl_typesupport_introspection_c
[ 61%] [32m[1mLinking CXX shared library libplaying_turtle_package_msgs__rosidl_typesupport_cpp.so[0m
[ 61%] Built target playing_turtle_package_msgs__rosidl_typesupport_cpp
[ 64%] [32m[1mLinking CXX shared library libplaying_turtle_package_msgs__rosidl_typesupport_fastrtps_cpp.so[0m
[ 67%] [32m[1mLinking CXX shared library libplaying_turtle_package_msgs__rosidl_typesupport_introspection_cpp.so[0m
[ 70%] [32m[1mLinking CXX shared library libplaying_turtle_package_msgs__rosidl_typesupport_fastrtps_c.so[0m
[ 70%] Built target playing_turtle_package_msgs__rosidl_typesupport_fastrtps_cpp
[ 70%] Built target playing_turtle_package_msgs__rosidl_typesupport_introspection_cpp
[ 70%] Built target playing_turtle_package_msgs__rosidl_typesupport_fastrtps_c
[ 70%] Built target playing_turtle_package_msgs
[ 74%] [34m[1mGenerating Python code for ROS interfaces[0m
[ 74%] Built target playing_turtle_package_msgs__py
[ 77%] [32mBuilding C object CMakeFiles/playing_turtle_package_msgs__rosidl_generator_py.dir/rosidl_generator_py/playing_turtle_package_msgs/srv/_tree_spawn_s.c.o[0m
[ 80%] [32m[1mLinking C shared library rosidl_generator_py/playing_turtle_package_msgs/libplaying_turtle_package_msgs__rosidl_generator_py.so[0m
[ 80%] Built target playing_turtle_package_msgs__rosidl_generator_py
[ 83%] [32mBuilding C object CMakeFiles/playing_turtle_package_msgs__rosidl_typesupport_fastrtps_c__pyext.dir/rosidl_generator_py/playing_turtle_package_msgs/_playing_turtle_package_msgs_s.ep.rosidl_typesupport_fastrtps_c.c.o[0m
[ 90%] [32mBuilding C object CMakeFiles/playing_turtle_package_msgs__rosidl_typesupport_introspection_c__pyext.dir/rosidl_generator_py/playing_turtle_package_msgs/_playing_turtle_package_msgs_s.ep.rosidl_typesupport_introspection_c.c.o[0m
[ 90%] [32mBuilding C object CMakeFiles/playing_turtle_package_msgs__rosidl_typesupport_c__pyext.dir/rosidl_generator_py/playing_turtle_package_msgs/_playing_turtle_package_msgs_s.ep.rosidl_typesupport_c.c.o[0m
[ 93%] [32m[1mLinking C shared library rosidl_generator_py/playing_turtle_package_msgs/playing_turtle_package_msgs_s__rosidl_typesupport_fastrtps_c.cpython-310-x86_64-linux-gnu.so[0m
[ 93%] Built target playing_turtle_package_msgs__rosidl_typesupport_fastrtps_c__pyext
[ 96%] [32m[1mLinking C shared library rosidl_generator_py/playing_turtle_package_msgs/playing_turtle_package_msgs_s__rosidl_typesupport_c.cpython-310-x86_64-linux-gnu.so[0m
[100%] [32m[1mLinking C shared library rosidl_generator_py/playing_turtle_package_msgs/playing_turtle_package_msgs_s__rosidl_typesupport_introspection_c.cpython-310-x86_64-linux-gnu.so[0m
[100%] Built target playing_turtle_package_msgs__rosidl_typesupport_c__pyext
[100%] Built target playing_turtle_package_msgs__rosidl_typesupport_introspection_c__pyext
-- Install configuration: ""
-- Installing: /home/gomi/dev_ws/ros_quiz/pkg_for_quiz/install/playing_turtle_package_msgs/share/ament_index/resource_index/rosidl_interfaces/playing_turtle_package_msgs
-- Installing: /home/gomi/dev_ws/ros_quiz/pkg_for_quiz/install/playing_turtle_package_msgs/include/playing_turtle_package_msgs/playing_turtle_package_msgs
-- Installing: /home/gomi/dev_ws/ros_quiz/pkg_for_quiz/install/playing_turtle_package_msgs/include/playing_turtle_package_msgs/playing_turtle_package_msgs/msg
-- Installing: /home/gomi/dev_ws/ros_quiz/pkg_for_quiz/install/playing_turtle_package_msgs/include/playing_turtle_package_msgs/playing_turtle_package_msgs/msg/rosidl_generator_c__visibility_control.h
-- Installing: /home/gomi/dev_ws/ros_quiz/pkg_for_quiz/install/playing_turtle_package_msgs/include/playing_turtle_package_msgs/playing_turtle_package_msgs/srv
-- Installing: /home/gomi/dev_ws/ros_quiz/pkg_for_quiz/install/playing_turtle_package_msgs/include/playing_turtle_package_msgs/playing_turtle_package_msgs/srv/tree_spawn.h
-- Installing: /home/gomi/dev_ws/ros_quiz/pkg_for_quiz/install/playing_turtle_package_msgs/include/playing_turtle_package_msgs/playing_turtle_package_msgs/srv/detail
-- Installing: /home/gomi/dev_ws/ros_quiz/pkg_for_quiz/install/playing_turtle_package_msgs/include/playing_turtle_package_msgs/playing_turtle_package_msgs/srv/detail/tree_spawn__type_support.h
-- Installing: /home/gomi/dev_ws/ros_quiz/pkg_for_quiz/install/playing_turtle_package_msgs/include/playing_turtle_package_msgs/playing_turtle_package_msgs/srv/detail/tree_spawn__functions.c
-- Installing: /home/gomi/dev_ws/ros_quiz/pkg_for_quiz/install/playing_turtle_package_msgs/include/playing_turtle_package_msgs/playing_turtle_package_msgs/srv/detail/tree_spawn__struct.h
-- Installing: /home/gomi/dev_ws/ros_quiz/pkg_for_quiz/install/playing_turtle_package_msgs/include/playing_turtle_package_msgs/playing_turtle_package_msgs/srv/detail/tree_spawn__functions.h
-- Installing: /home/gomi/dev_ws/ros_quiz/pkg_for_quiz/install/playing_turtle_package_msgs/share/playing_turtle_package_msgs/environment/library_path.sh
-- Installing: /home/gomi/dev_ws/ros_quiz/pkg_for_quiz/install/playing_turtle_package_msgs/share/playing_turtle_package_msgs/environment/library_path.dsv
-- Installing: /home/gomi/dev_ws/ros_quiz/pkg_for_quiz/install/playing_turtle_package_msgs/lib/libplaying_turtle_package_msgs__rosidl_generator_c.so
-- Set runtime path of "/home/gomi/dev_ws/ros_quiz/pkg_for_quiz/install/playing_turtle_package_msgs/lib/libplaying_turtle_package_msgs__rosidl_generator_c.so" to ""
-- Up-to-date: /home/gomi/dev_ws/ros_quiz/pkg_for_quiz/install/playing_turtle_package_msgs/include/playing_turtle_package_msgs/playing_turtle_package_msgs
-- Up-to-date: /home/gomi/dev_ws/ros_quiz/pkg_for_quiz/install/playing_turtle_package_msgs/include/playing_turtle_package_msgs/playing_turtle_package_msgs/msg
-- Installing: /home/gomi/dev_ws/ros_quiz/pkg_for_quiz/install/playing_turtle_package_msgs/include/playing_turtle_package_msgs/playing_turtle_package_msgs/msg/rosidl_typesupport_fastrtps_c__visibility_control.h
-- Up-to-date: /home/gomi/dev_ws/ros_quiz/pkg_for_quiz/install/playing_turtle_package_msgs/include/playing_turtle_package_msgs/playing_turtle_package_msgs/srv
-- Up-to-date: /home/gomi/dev_ws/ros_quiz/pkg_for_quiz/install/playing_turtle_package_msgs/include/playing_turtle_package_msgs/playing_turtle_package_msgs/srv/detail
-- Installing: /home/gomi/dev_ws/ros_quiz/pkg_for_quiz/install/playing_turtle_package_msgs/include/playing_turtle_package_msgs/playing_turtle_package_msgs/srv/detail/tree_spawn__rosidl_typesupport_fastrtps_c.h
-- Installing: /home/gomi/dev_ws/ros_quiz/pkg_for_quiz/install/playing_turtle_package_msgs/lib/libplaying_turtle_package_msgs__rosidl_typesupport_fastrtps_c.so
-- Set runtime path of "/home/gomi/dev_ws/ros_quiz/pkg_for_quiz/install/playing_turtle_package_msgs/lib/libplaying_turtle_package_msgs__rosidl_typesupport_fastrtps_c.so" to ""
-- Up-to-date: /home/gomi/dev_ws/ros_quiz/pkg_for_quiz/install/playing_turtle_package_msgs/include/playing_turtle_package_msgs/playing_turtle_package_msgs
-- Up-to-date: /home/gomi/dev_ws/ros_quiz/pkg_for_quiz/install/playing_turtle_package_msgs/include/playing_turtle_package_msgs/playing_turtle_package_msgs/msg
-- Installing: /home/gomi/dev_ws/ros_quiz/pkg_for_quiz/install/playing_turtle_package_msgs/include/playing_turtle_package_msgs/playing_turtle_package_msgs/msg/rosidl_typesupport_introspection_c__visibility_control.h
-- Up-to-date: /home/gomi/dev_ws/ros_quiz/pkg_for_quiz/install/playing_turtle_package_msgs/include/playing_turtle_package_msgs/playing_turtle_package_msgs/srv
-- Up-to-date: /home/gomi/dev_ws/ros_quiz/pkg_for_quiz/install/playing_turtle_package_msgs/include/playing_turtle_package_msgs/playing_turtle_package_msgs/srv/detail
-- Installing: /home/gomi/dev_ws/ros_quiz/pkg_for_quiz/install/playing_turtle_package_msgs/include/playing_turtle_package_msgs/playing_turtle_package_msgs/srv/detail/tree_spawn__type_support.c
-- Installing: /home/gomi/dev_ws/ros_quiz/pkg_for_quiz/install/playing_turtle_package_msgs/include/playing_turtle_package_msgs/playing_turtle_package_msgs/srv/detail/tree_spawn__rosidl_typesupport_introspection_c.h
-- Installing: /home/gomi/dev_ws/ros_quiz/pkg_for_quiz/install/playing_turtle_package_msgs/lib/libplaying_turtle_package_msgs__rosidl_typesupport_introspection_c.so
-- Set runtime path of "/home/gomi/dev_ws/ros_quiz/pkg_for_quiz/install/playing_turtle_package_msgs/lib/libplaying_turtle_package_msgs__rosidl_typesupport_introspection_c.so" to ""
-- Installing: /home/gomi/dev_ws/ros_quiz/pkg_for_quiz/install/playing_turtle_package_msgs/lib/libplaying_turtle_package_msgs__rosidl_typesupport_c.so
-- Set runtime path of "/home/gomi/dev_ws/ros_quiz/pkg_for_quiz/install/playing_turtle_package_msgs/lib/libplaying_turtle_package_msgs__rosidl_typesupport_c.so" to ""
-- Up-to-date: /home/gomi/dev_ws/ros_quiz/pkg_for_quiz/install/playing_turtle_package_msgs/include/playing_turtle_package_msgs/playing_turtle_package_msgs
-- Up-to-date: /home/gomi/dev_ws/ros_quiz/pkg_for_quiz/install/playing_turtle_package_msgs/include/playing_turtle_package_msgs/playing_turtle_package_msgs/srv
-- Installing: /home/gomi/dev_ws/ros_quiz/pkg_for_quiz/install/playing_turtle_package_msgs/include/playing_turtle_package_msgs/playing_turtle_package_msgs/srv/tree_spawn.hpp
-- Up-to-date: /home/gomi/dev_ws/ros_quiz/pkg_for_quiz/install/playing_turtle_package_msgs/include/playing_turtle_package_msgs/playing_turtle_package_msgs/srv/detail
-- Installing: /home/gomi/dev_ws/ros_quiz/pkg_for_quiz/install/playing_turtle_package_msgs/include/playing_turtle_package_msgs/playing_turtle_package_msgs/srv/detail/tree_spawn__struct.hpp
-- Installing: /home/gomi/dev_ws/ros_quiz/pkg_for_quiz/install/playing_turtle_package_msgs/include/playing_turtle_package_msgs/playing_turtle_package_msgs/srv/detail/tree_spawn__builder.hpp
-- Installing: /home/gomi/dev_ws/ros_quiz/pkg_for_quiz/install/playing_turtle_package_msgs/include/playing_turtle_package_msgs/playing_turtle_package_msgs/srv/detail/tree_spawn__traits.hpp
-- Up-to-date: /home/gomi/dev_ws/ros_quiz/pkg_for_quiz/install/playing_turtle_package_msgs/include/playing_turtle_package_msgs/playing_turtle_package_msgs
-- Up-to-date: /home/gomi/dev_ws/ros_quiz/pkg_for_quiz/install/playing_turtle_package_msgs/include/playing_turtle_package_msgs/playing_turtle_package_msgs/msg
-- Installing: /home/gomi/dev_ws/ros_quiz/pkg_for_quiz/install/playing_turtle_package_msgs/include/playing_turtle_package_msgs/playing_turtle_package_msgs/msg/rosidl_typesupport_fastrtps_cpp__visibility_control.h
-- Up-to-date: /home/gomi/dev_ws/ros_quiz/pkg_for_quiz/install/playing_turtle_package_msgs/include/playing_turtle_package_msgs/playing_turtle_package_msgs/srv
-- Up-to-date: /home/gomi/dev_ws/ros_quiz/pkg_for_quiz/install/playing_turtle_package_msgs/include/playing_turtle_package_msgs/playing_turtle_package_msgs/srv/detail
-- Installing: /home/gomi/dev_ws/ros_quiz/pkg_for_quiz/install/playing_turtle_package_msgs/include/playing_turtle_package_msgs/playing_turtle_package_msgs/srv/detail/tree_spawn__rosidl_typesupport_fastrtps_cpp.hpp
-- Installing: /home/gomi/dev_ws/ros_quiz/pkg_for_quiz/install/playing_turtle_package_msgs/include/playing_turtle_package_msgs/playing_turtle_package_msgs/srv/detail/dds_fastrtps
-- Installing: /home/gomi/dev_ws/ros_quiz/pkg_for_quiz/install/playing_turtle_package_msgs/lib/libplaying_turtle_package_msgs__rosidl_typesupport_fastrtps_cpp.so
-- Set runtime path of "/home/gomi/dev_ws/ros_quiz/pkg_for_quiz/install/playing_turtle_package_msgs/lib/libplaying_turtle_package_msgs__rosidl_typesupport_fastrtps_cpp.so" to ""
-- Up-to-date: /home/gomi/dev_ws/ros_quiz/pkg_for_quiz/install/playing_turtle_package_msgs/include/playing_turtle_package_msgs/playing_turtle_package_msgs
-- Up-to-date: /home/gomi/dev_ws/ros_quiz/pkg_for_quiz/install/playing_turtle_package_msgs/include/playing_turtle_package_msgs/playing_turtle_package_msgs/srv
-- Up-to-date: /home/gomi/dev_ws/ros_quiz/pkg_for_quiz/install/playing_turtle_package_msgs/include/playing_turtle_package_msgs/playing_turtle_package_msgs/srv/detail
-- Installing: /home/gomi/dev_ws/ros_quiz/pkg_for_quiz/install/playing_turtle_package_msgs/include/playing_turtle_package_msgs/playing_turtle_package_msgs/srv/detail/tree_spawn__rosidl_typesupport_introspection_cpp.hpp
-- Installing: /home/gomi/dev_ws/ros_quiz/pkg_for_quiz/install/playing_turtle_package_msgs/include/playing_turtle_package_msgs/playing_turtle_package_msgs/srv/detail/tree_spawn__type_support.cpp
-- Installing: /home/gomi/dev_ws/ros_quiz/pkg_for_quiz/install/playing_turtle_package_msgs/lib/libplaying_turtle_package_msgs__rosidl_typesupport_introspection_cpp.so
-- Set runtime path of "/home/gomi/dev_ws/ros_quiz/pkg_for_quiz/install/playing_turtle_package_msgs/lib/libplaying_turtle_package_msgs__rosidl_typesupport_introspection_cpp.so" to ""
-- Installing: /home/gomi/dev_ws/ros_quiz/pkg_for_quiz/install/playing_turtle_package_msgs/lib/libplaying_turtle_package_msgs__rosidl_typesupport_cpp.so
-- Set runtime path of "/home/gomi/dev_ws/ros_quiz/pkg_for_quiz/install/playing_turtle_package_msgs/lib/libplaying_turtle_package_msgs__rosidl_typesupport_cpp.so" to ""
-- Installing: /home/gomi/dev_ws/ros_quiz/pkg_for_quiz/install/playing_turtle_package_msgs/share/playing_turtle_package_msgs/environment/pythonpath.sh
-- Installing: /home/gomi/dev_ws/ros_quiz/pkg_for_quiz/install/playing_turtle_package_msgs/share/playing_turtle_package_msgs/environment/pythonpath.dsv
-- Installing: /home/gomi/dev_ws/ros_quiz/pkg_for_quiz/install/playing_turtle_package_msgs/local/lib/python3.10/dist-packages/playing_turtle_package_msgs-0.0.0-py3.10.egg-info
-- Installing: /home/gomi/dev_ws/ros_quiz/pkg_for_quiz/install/playing_turtle_package_msgs/local/lib/python3.10/dist-packages/playing_turtle_package_msgs-0.0.0-py3.10.egg-info/PKG-INFO
-- Installing: /home/gomi/dev_ws/ros_quiz/pkg_for_quiz/install/playing_turtle_package_msgs/local/lib/python3.10/dist-packages/playing_turtle_package_msgs-0.0.0-py3.10.egg-info/top_level.txt
-- Installing: /home/gomi/dev_ws/ros_quiz/pkg_for_quiz/install/playing_turtle_package_msgs/local/lib/python3.10/dist-packages/playing_turtle_package_msgs-0.0.0-py3.10.egg-info/SOURCES.txt
-- Installing: /home/gomi/dev_ws/ros_quiz/pkg_for_quiz/install/playing_turtle_package_msgs/local/lib/python3.10/dist-packages/playing_turtle_package_msgs-0.0.0-py3.10.egg-info/dependency_links.txt
-- Installing: /home/gomi/dev_ws/ros_quiz/pkg_for_quiz/install/playing_turtle_package_msgs/local/lib/python3.10/dist-packages/playing_turtle_package_msgs
-- Installing: /home/gomi/dev_ws/ros_quiz/pkg_for_quiz/install/playing_turtle_package_msgs/local/lib/python3.10/dist-packages/playing_turtle_package_msgs/_playing_turtle_package_msgs_s.ep.rosidl_typesupport_fastrtps_c.c
-- Installing: /home/gomi/dev_ws/ros_quiz/pkg_for_quiz/install/playing_turtle_package_msgs/local/lib/python3.10/dist-packages/playing_turtle_package_msgs/_playing_turtle_package_msgs_s.ep.rosidl_typesupport_c.c
-- Installing: /home/gomi/dev_ws/ros_quiz/pkg_for_quiz/install/playing_turtle_package_msgs/local/lib/python3.10/dist-packages/playing_turtle_package_msgs/libplaying_turtle_package_msgs__rosidl_generator_py.so
-- Installing: /home/gomi/dev_ws/ros_quiz/pkg_for_quiz/install/playing_turtle_package_msgs/local/lib/python3.10/dist-packages/playing_turtle_package_msgs/playing_turtle_package_msgs_s__rosidl_typesupport_c.cpython-310-x86_64-linux-gnu.so
-- Installing: /home/gomi/dev_ws/ros_quiz/pkg_for_quiz/install/playing_turtle_package_msgs/local/lib/python3.10/dist-packages/playing_turtle_package_msgs/_playing_turtle_package_msgs_s.ep.rosidl_typesupport_introspection_c.c
-- Installing: /home/gomi/dev_ws/ros_quiz/pkg_for_quiz/install/playing_turtle_package_msgs/local/lib/python3.10/dist-packages/playing_turtle_package_msgs/srv
-- Installing: /home/gomi/dev_ws/ros_quiz/pkg_for_quiz/install/playing_turtle_package_msgs/local/lib/python3.10/dist-packages/playing_turtle_package_msgs/srv/__init__.py
-- Installing: /home/gomi/dev_ws/ros_quiz/pkg_for_quiz/install/playing_turtle_package_msgs/local/lib/python3.10/dist-packages/playing_turtle_package_msgs/srv/_tree_spawn.py
-- Installing: /home/gomi/dev_ws/ros_quiz/pkg_for_quiz/install/playing_turtle_package_msgs/local/lib/python3.10/dist-packages/playing_turtle_package_msgs/srv/_tree_spawn_s.c
-- Installing: /home/gomi/dev_ws/ros_quiz/pkg_for_quiz/install/playing_turtle_package_msgs/local/lib/python3.10/dist-packages/playing_turtle_package_msgs/playing_turtle_package_msgs_s__rosidl_typesupport_fastrtps_c.cpython-310-x86_64-linux-gnu.so
-- Installing: /home/gomi/dev_ws/ros_quiz/pkg_for_quiz/install/playing_turtle_package_msgs/local/lib/python3.10/dist-packages/playing_turtle_package_msgs/__init__.py
-- Installing: /home/gomi/dev_ws/ros_quiz/pkg_for_quiz/install/playing_turtle_package_msgs/local/lib/python3.10/dist-packages/playing_turtle_package_msgs/playing_turtle_package_msgs_s__rosidl_typesupport_introspection_c.cpython-310-x86_64-linux-gnu.so
Listing '/home/gomi/dev_ws/ros_quiz/pkg_for_quiz/install/playing_turtle_package_msgs/local/lib/python3.10/dist-packages/playing_turtle_package_msgs'...
Compiling '/home/gomi/dev_ws/ros_quiz/pkg_for_quiz/install/playing_turtle_package_msgs/local/lib/python3.10/dist-packages/playing_turtle_package_msgs/__init__.py'...
Listing '/home/gomi/dev_ws/ros_quiz/pkg_for_quiz/install/playing_turtle_package_msgs/local/lib/python3.10/dist-packages/playing_turtle_package_msgs/srv'...
Compiling '/home/gomi/dev_ws/ros_quiz/pkg_for_quiz/install/playing_turtle_package_msgs/local/lib/python3.10/dist-packages/playing_turtle_package_msgs/srv/__init__.py'...
Compiling '/home/gomi/dev_ws/ros_quiz/pkg_for_quiz/install/playing_turtle_package_msgs/local/lib/python3.10/dist-packages/playing_turtle_package_msgs/srv/_tree_spawn.py'...
-- Installing: /home/gomi/dev_ws/ros_quiz/pkg_for_quiz/install/playing_turtle_package_msgs/local/lib/python3.10/dist-packages/playing_turtle_package_msgs/playing_turtle_package_msgs_s__rosidl_typesupport_fastrtps_c.cpython-310-x86_64-linux-gnu.so
-- Set runtime path of "/home/gomi/dev_ws/ros_quiz/pkg_for_quiz/install/playing_turtle_package_msgs/local/lib/python3.10/dist-packages/playing_turtle_package_msgs/playing_turtle_package_msgs_s__rosidl_typesupport_fastrtps_c.cpython-310-x86_64-linux-gnu.so" to ""
-- Installing: /home/gomi/dev_ws/ros_quiz/pkg_for_quiz/install/playing_turtle_package_msgs/local/lib/python3.10/dist-packages/playing_turtle_package_msgs/playing_turtle_package_msgs_s__rosidl_typesupport_introspection_c.cpython-310-x86_64-linux-gnu.so
-- Set runtime path of "/home/gomi/dev_ws/ros_quiz/pkg_for_quiz/install/playing_turtle_package_msgs/local/lib/python3.10/dist-packages/playing_turtle_package_msgs/playing_turtle_package_msgs_s__rosidl_typesupport_introspection_c.cpython-310-x86_64-linux-gnu.so" to ""
-- Installing: /home/gomi/dev_ws/ros_quiz/pkg_for_quiz/install/playing_turtle_package_msgs/local/lib/python3.10/dist-packages/playing_turtle_package_msgs/playing_turtle_package_msgs_s__rosidl_typesupport_c.cpython-310-x86_64-linux-gnu.so
-- Set runtime path of "/home/gomi/dev_ws/ros_quiz/pkg_for_quiz/install/playing_turtle_package_msgs/local/lib/python3.10/dist-packages/playing_turtle_package_msgs/playing_turtle_package_msgs_s__rosidl_typesupport_c.cpython-310-x86_64-linux-gnu.so" to ""
-- Installing: /home/gomi/dev_ws/ros_quiz/pkg_for_quiz/install/playing_turtle_package_msgs/lib/libplaying_turtle_package_msgs__rosidl_generator_py.so
-- Set runtime path of "/home/gomi/dev_ws/ros_quiz/pkg_for_quiz/install/playing_turtle_package_msgs/lib/libplaying_turtle_package_msgs__rosidl_generator_py.so" to ""
-- Installing: /home/gomi/dev_ws/ros_quiz/pkg_for_quiz/install/playing_turtle_package_msgs/share/playing_turtle_package_msgs/srv/TreeSpawn.idl
-- Installing: /home/gomi/dev_ws/ros_quiz/pkg_for_quiz/install/playing_turtle_package_msgs/share/playing_turtle_package_msgs/srv/TreeSpawn.srv
-- Installing: /home/gomi/dev_ws/ros_quiz/pkg_for_quiz/install/playing_turtle_package_msgs/share/playing_turtle_package_msgs/srv/TreeSpawn_Request.msg
-- Installing: /home/gomi/dev_ws/ros_quiz/pkg_for_quiz/install/playing_turtle_package_msgs/share/playing_turtle_package_msgs/srv/TreeSpawn_Response.msg
-- Installing: /home/gomi/dev_ws/ros_quiz/pkg_for_quiz/install/playing_turtle_package_msgs/share/ament_index/resource_index/package_run_dependencies/playing_turtle_package_msgs
-- Installing: /home/gomi/dev_ws/ros_quiz/pkg_for_quiz/install/playing_turtle_package_msgs/share/ament_index/resource_index/parent_prefix_path/playing_turtle_package_msgs
-- Installing: /home/gomi/dev_ws/ros_quiz/pkg_for_quiz/install/playing_turtle_package_msgs/share/playing_turtle_package_msgs/environment/ament_prefix_path.sh
-- Installing: /home/gomi/dev_ws/ros_quiz/pkg_for_quiz/install/playing_turtle_package_msgs/share/playing_turtle_package_msgs/environment/ament_prefix_path.dsv
-- Installing: /home/gomi/dev_ws/ros_quiz/pkg_for_quiz/install/playing_turtle_package_msgs/share/playing_turtle_package_msgs/environment/path.sh
-- Installing: /home/gomi/dev_ws/ros_quiz/pkg_for_quiz/install/playing_turtle_package_msgs/share/playing_turtle_package_msgs/environment/path.dsv
-- Installing: /home/gomi/dev_ws/ros_quiz/pkg_for_quiz/install/playing_turtle_package_msgs/share/playing_turtle_package_msgs/local_setup.bash
-- Installing: /home/gomi/dev_ws/ros_quiz/pkg_for_quiz/install/playing_turtle_package_msgs/share/playing_turtle_package_msgs/local_setup.sh
-- Installing: /home/gomi/dev_ws/ros_quiz/pkg_for_quiz/install/playing_turtle_package_msgs/share/playing_turtle_package_msgs/local_setup.zsh
-- Installing: /home/gomi/dev_ws/ros_quiz/pkg_for_quiz/install/playing_turtle_package_msgs/share/playing_turtle_package_msgs/local_setup.dsv
-- Installing: /home/gomi/dev_ws/ros_quiz/pkg_for_quiz/install/playing_turtle_package_msgs/share/playing_turtle_package_msgs/package.dsv
-- Installing: /home/gomi/dev_ws/ros_quiz/pkg_for_quiz/install/playing_turtle_package_msgs/share/ament_index/resource_index/packages/playing_turtle_package_msgs
-- Installing: /home/gomi/dev_ws/ros_quiz/pkg_for_quiz/install/playing_turtle_package_msgs/share/playing_turtle_package_msgs/cmake/export_playing_turtle_package_msgs__rosidl_generator_cExport.cmake
-- Installing: /home/gomi/dev_ws/ros_quiz/pkg_for_quiz/install/playing_turtle_package_msgs/share/playing_turtle_package_msgs/cmake/export_playing_turtle_package_msgs__rosidl_generator_cExport-noconfig.cmake
-- Installing: /home/gomi/dev_ws/ros_quiz/pkg_for_quiz/install/playing_turtle_package_msgs/share/playing_turtle_package_msgs/cmake/export_playing_turtle_package_msgs__rosidl_typesupport_fastrtps_cExport.cmake
-- Installing: /home/gomi/dev_ws/ros_quiz/pkg_for_quiz/install/playing_turtle_package_msgs/share/playing_turtle_package_msgs/cmake/export_playing_turtle_package_msgs__rosidl_typesupport_fastrtps_cExport-noconfig.cmake
-- Installing: /home/gomi/dev_ws/ros_quiz/pkg_for_quiz/install/playing_turtle_package_msgs/share/playing_turtle_package_msgs/cmake/playing_turtle_package_msgs__rosidl_typesupport_introspection_cExport.cmake
-- Installing: /home/gomi/dev_ws/ros_quiz/pkg_for_quiz/install/playing_turtle_package_msgs/share/playing_turtle_package_msgs/cmake/playing_turtle_package_msgs__rosidl_typesupport_introspection_cExport-noconfig.cmake
-- Installing: /home/gomi/dev_ws/ros_quiz/pkg_for_quiz/install/playing_turtle_package_msgs/share/playing_turtle_package_msgs/cmake/playing_turtle_package_msgs__rosidl_typesupport_cExport.cmake
-- Installing: /home/gomi/dev_ws/ros_quiz/pkg_for_quiz/install/playing_turtle_package_msgs/share/playing_turtle_package_msgs/cmake/playing_turtle_package_msgs__rosidl_typesupport_cExport-noconfig.cmake
-- Installing: /home/gomi/dev_ws/ros_quiz/pkg_for_quiz/install/playing_turtle_package_msgs/share/playing_turtle_package_msgs/cmake/export_playing_turtle_package_msgs__rosidl_generator_cppExport.cmake
-- Installing: /home/gomi/dev_ws/ros_quiz/pkg_for_quiz/install/playing_turtle_package_msgs/share/playing_turtle_package_msgs/cmake/export_playing_turtle_package_msgs__rosidl_typesupport_fastrtps_cppExport.cmake
-- Installing: /home/gomi/dev_ws/ros_quiz/pkg_for_quiz/install/playing_turtle_package_msgs/share/playing_turtle_package_msgs/cmake/export_playing_turtle_package_msgs__rosidl_typesupport_fastrtps_cppExport-noconfig.cmake
-- Installing: /home/gomi/dev_ws/ros_quiz/pkg_for_quiz/install/playing_turtle_package_msgs/share/playing_turtle_package_msgs/cmake/playing_turtle_package_msgs__rosidl_typesupport_introspection_cppExport.cmake
-- Installing: /home/gomi/dev_ws/ros_quiz/pkg_for_quiz/install/playing_turtle_package_msgs/share/playing_turtle_package_msgs/cmake/playing_turtle_package_msgs__rosidl_typesupport_introspection_cppExport-noconfig.cmake
-- Installing: /home/gomi/dev_ws/ros_quiz/pkg_for_quiz/install/playing_turtle_package_msgs/share/playing_turtle_package_msgs/cmake/playing_turtle_package_msgs__rosidl_typesupport_cppExport.cmake
-- Installing: /home/gomi/dev_ws/ros_quiz/pkg_for_quiz/install/playing_turtle_package_msgs/share/playing_turtle_package_msgs/cmake/playing_turtle_package_msgs__rosidl_typesupport_cppExport-noconfig.cmake
-- Installing: /home/gomi/dev_ws/ros_quiz/pkg_for_quiz/install/playing_turtle_package_msgs/share/playing_turtle_package_msgs/cmake/export_playing_turtle_package_msgs__rosidl_generator_pyExport.cmake
-- Installing: /home/gomi/dev_ws/ros_quiz/pkg_for_quiz/install/playing_turtle_package_msgs/share/playing_turtle_package_msgs/cmake/export_playing_turtle_package_msgs__rosidl_generator_pyExport-noconfig.cmake
-- Installing: /home/gomi/dev_ws/ros_quiz/pkg_for_quiz/install/playing_turtle_package_msgs/share/playing_turtle_package_msgs/cmake/rosidl_cmake-extras.cmake
-- Installing: /home/gomi/dev_ws/ros_quiz/pkg_for_quiz/install/playing_turtle_package_msgs/share/playing_turtle_package_msgs/cmake/ament_cmake_export_include_directories-extras.cmake
-- Installing: /home/gomi/dev_ws/ros_quiz/pkg_for_quiz/install/playing_turtle_package_msgs/share/playing_turtle_package_msgs/cmake/ament_cmake_export_libraries-extras.cmake
-- Installing: /home/gomi/dev_ws/ros_quiz/pkg_for_quiz/install/playing_turtle_package_msgs/share/playing_turtle_package_msgs/cmake/ament_cmake_export_targets-extras.cmake
-- Installing: /home/gomi/dev_ws/ros_quiz/pkg_for_quiz/install/playing_turtle_package_msgs/share/playing_turtle_package_msgs/cmake/rosidl_cmake_export_typesupport_targets-extras.cmake
-- Installing: /home/gomi/dev_ws/ros_quiz/pkg_for_quiz/install/playing_turtle_package_msgs/share/playing_turtle_package_msgs/cmake/ament_cmake_export_dependencies-extras.cmake
-- Installing: /home/gomi/dev_ws/ros_quiz/pkg_for_quiz/install/playing_turtle_package_msgs/share/playing_turtle_package_msgs/cmake/rosidl_cmake_export_typesupport_libraries-extras.cmake
-- Installing: /home/gomi/dev_ws/ros_quiz/pkg_for_quiz/install/playing_turtle_package_msgs/share/playing_turtle_package_msgs/cmake/playing_turtle_package_msgsConfig.cmake
-- Installing: /home/gomi/dev_ws/ros_quiz/pkg_for_quiz/install/playing_turtle_package_msgs/share/playing_turtle_package_msgs/cmake/playing_turtle_package_msgsConfig-version.cmake
-- Installing: /home/gomi/dev_ws/ros_quiz/pkg_for_quiz/install/playing_turtle_package_msgs/share/playing_turtle_package_msgs/package.xml
