[0.199s] Invoking command in '/home/gomi/dev_ws/ros_quiz/pkg_for_quiz/build/playing_turtle_package_msgs': CMAKE_PREFIX_PATH=/home/gomi/dev_ws/ros_quiz/pkg_for_quiz/install/playing_turtle_package:/opt/ros/humble /home/gomi/.local/bin/cmake /home/gomi/dev_ws/ros_quiz/pkg_for_quiz/src/playing_turtle_package_msgs -DCMAKE_INSTALL_PREFIX=/home/gomi/dev_ws/ros_quiz/pkg_for_quiz/install/playing_turtle_package_msgs
[0.241s] -- Found ament_cmake: 1.3.4 (/opt/ros/humble/share/ament_cmake/cmake)
[0.325s] -- Found rosidl_default_generators: 1.2.0 (/opt/ros/humble/share/rosidl_default_generators/cmake)
[0.329s] -- Using all available rosidl_typesupport_c: rosidl_typesupport_fastrtps_c;rosidl_typesupport_introspection_c
[0.337s] -- Found rosidl_adapter: 3.1.4 (/opt/ros/humble/share/rosidl_adapter/cmake)
[0.383s] -- Using all available rosidl_typesupport_cpp: rosidl_typesupport_fastrtps_cpp;rosidl_typesupport_introspection_cpp
[0.563s] -- Found ament_cmake_ros: 0.10.0 (/opt/ros/humble/share/ament_cmake_ros/cmake)
[0.636s] -- Using all available rosidl_typesupport_c: rosidl_typesupport_fastrtps_c;rosidl_typesupport_introspection_c
[0.728s] -- Using all available rosidl_typesupport_cpp: rosidl_typesupport_fastrtps_cpp;rosidl_typesupport_introspection_cpp
[0.746s] -- Found PythonInterp: /usr/bin/python3 (found suitable version "3.10.6", minimum required is "3.6") 
[0.747s] -- Found python_cmake_module: 0.10.0 (/opt/ros/humble/share/python_cmake_module/cmake)
[0.770s] -- Found PythonLibs: /usr/lib/x86_64-linux-gnu/libpython3.10.so (found suitable version "3.10.6", minimum required is "3.5") 
[0.770s] -- Using PYTHON_EXECUTABLE: /usr/bin/python3
[0.770s] -- Using PYTHON_INCLUDE_DIRS: /usr/include/python3.10
[0.770s] -- Using PYTHON_LIBRARIES: /usr/lib/x86_64-linux-gnu/libpython3.10.so
[0.786s] -- Found PythonExtra: .so  
[0.813s] -- Found ament_lint_auto: 0.12.6 (/opt/ros/humble/share/ament_lint_auto/cmake)
[0.836s] -- Added test 'lint_cmake' to check CMake code style
[0.837s] -- Added test 'xmllint' to check XML markup files
[0.840s] -- Configuring done (0.6s)
[0.863s] -- Generating done (0.0s)
[0.865s] -- Build files have been written to: /home/gomi/dev_ws/ros_quiz/pkg_for_quiz/build/playing_turtle_package_msgs
[0.877s] Invoked command in '/home/gomi/dev_ws/ros_quiz/pkg_for_quiz/build/playing_turtle_package_msgs' returned '0': CMAKE_PREFIX_PATH=/home/gomi/dev_ws/ros_quiz/pkg_for_quiz/install/playing_turtle_package:/opt/ros/humble /home/gomi/.local/bin/cmake /home/gomi/dev_ws/ros_quiz/pkg_for_quiz/src/playing_turtle_package_msgs -DCMAKE_INSTALL_PREFIX=/home/gomi/dev_ws/ros_quiz/pkg_for_quiz/install/playing_turtle_package_msgs
[0.877s] Invoking command in '/home/gomi/dev_ws/ros_quiz/pkg_for_quiz/build/playing_turtle_package_msgs': CMAKE_PREFIX_PATH=/home/gomi/dev_ws/ros_quiz/pkg_for_quiz/install/playing_turtle_package:/opt/ros/humble /home/gomi/.local/bin/cmake --build /home/gomi/dev_ws/ros_quiz/pkg_for_quiz/build/playing_turtle_package_msgs -- -j8 -l8
[0.926s] [  3%] [34m[1mGenerating C code for ROS interfaces[0m
[0.928s] [  6%] [34m[1mGenerating C++ code for ROS interfaces[0m
[0.930s] [  6%] Built target ament_cmake_python_copy_playing_turtle_package_msgs
[1.179s] [  9%] [32mBuilding C object CMakeFiles/playing_turtle_package_msgs__rosidl_generator_c.dir/rosidl_generator_c/playing_turtle_package_msgs/srv/detail/tree_spawn__functions.c.o[0m
[1.181s] [  9%] Built target playing_turtle_package_msgs__cpp
[1.182s] running egg_info
[1.183s] creating playing_turtle_package_msgs.egg-info
[1.184s] writing playing_turtle_package_msgs.egg-info/PKG-INFO
[1.184s] [ 12%] [34m[1mGenerating C++ type support dispatch for ROS interfaces[0m
[1.185s] [ 16%] [34m[1mGenerating C++ type support for eProsima Fast-RTPS[0m
[1.185s] [ 19%] [34m[1mGenerating C++ introspection for ROS interfaces[0m
[1.185s] writing dependency_links to playing_turtle_package_msgs.egg-info/dependency_links.txt
[1.186s] writing top-level names to playing_turtle_package_msgs.egg-info/top_level.txt
[1.187s] writing manifest file 'playing_turtle_package_msgs.egg-info/SOURCES.txt'
[1.190s] reading manifest file 'playing_turtle_package_msgs.egg-info/SOURCES.txt'
[1.190s] writing manifest file 'playing_turtle_package_msgs.egg-info/SOURCES.txt'
[1.230s] [ 19%] Built target ament_cmake_python_build_playing_turtle_package_msgs_egg
[1.262s] [ 22%] [32m[1mLinking C shared library libplaying_turtle_package_msgs__rosidl_generator_c.so[0m
[1.283s] [ 22%] Built target playing_turtle_package_msgs__rosidl_generator_c
[1.289s] [ 29%] [34m[1mGenerating C type support dispatch for ROS interfaces[0m
[1.289s] [ 29%] [34m[1mGenerating C type support for eProsima Fast-RTPS[0m
[1.289s] [ 32%] [34m[1mGenerating C introspection for ROS interfaces[0m
[1.458s] [ 35%] [32mBuilding CXX object CMakeFiles/playing_turtle_package_msgs__rosidl_typesupport_fastrtps_cpp.dir/rosidl_typesupport_fastrtps_cpp/playing_turtle_package_msgs/srv/detail/dds_fastrtps/tree_spawn__type_support.cpp.o[0m
[1.506s] [ 38%] [32mBuilding CXX object CMakeFiles/playing_turtle_package_msgs__rosidl_typesupport_c.dir/rosidl_typesupport_c/playing_turtle_package_msgs/srv/tree_spawn__type_support.cpp.o[0m
[1.526s] [ 41%] [32mBuilding CXX object CMakeFiles/playing_turtle_package_msgs__rosidl_typesupport_cpp.dir/rosidl_typesupport_cpp/playing_turtle_package_msgs/srv/tree_spawn__type_support.cpp.o[0m
[1.531s] [ 45%] [32m[1mLinking CXX shared library libplaying_turtle_package_msgs__rosidl_typesupport_c.so[0m
[1.535s] [ 48%] [32mBuilding CXX object CMakeFiles/playing_turtle_package_msgs__rosidl_typesupport_introspection_cpp.dir/rosidl_typesupport_introspection_cpp/playing_turtle_package_msgs/srv/detail/tree_spawn__type_support.cpp.o[0m
[1.555s] [ 48%] Built target playing_turtle_package_msgs__rosidl_typesupport_c
[1.641s] [ 51%] [32mBuilding CXX object CMakeFiles/playing_turtle_package_msgs__rosidl_typesupport_fastrtps_c.dir/rosidl_typesupport_fastrtps_c/playing_turtle_package_msgs/srv/detail/tree_spawn__type_support_c.cpp.o[0m
[1.658s] [ 54%] [32mBuilding C object CMakeFiles/playing_turtle_package_msgs__rosidl_typesupport_introspection_c.dir/rosidl_typesupport_introspection_c/playing_turtle_package_msgs/srv/detail/tree_spawn__type_support.c.o[0m
[1.703s] [ 58%] [32m[1mLinking C shared library libplaying_turtle_package_msgs__rosidl_typesupport_introspection_c.so[0m
[1.726s] [ 58%] Built target playing_turtle_package_msgs__rosidl_typesupport_introspection_c
[1.776s] [ 61%] [32m[1mLinking CXX shared library libplaying_turtle_package_msgs__rosidl_typesupport_cpp.so[0m
[1.797s] [ 61%] Built target playing_turtle_package_msgs__rosidl_typesupport_cpp
[1.889s] [ 64%] [32m[1mLinking CXX shared library libplaying_turtle_package_msgs__rosidl_typesupport_fastrtps_cpp.so[0m
[1.904s] [ 67%] [32m[1mLinking CXX shared library libplaying_turtle_package_msgs__rosidl_typesupport_introspection_cpp.so[0m
[1.908s] [ 70%] [32m[1mLinking CXX shared library libplaying_turtle_package_msgs__rosidl_typesupport_fastrtps_c.so[0m
[1.975s] [ 70%] Built target playing_turtle_package_msgs__rosidl_typesupport_fastrtps_cpp
[1.988s] [ 70%] Built target playing_turtle_package_msgs__rosidl_typesupport_introspection_cpp
[1.992s] [ 70%] Built target playing_turtle_package_msgs__rosidl_typesupport_fastrtps_c
[1.998s] [ 70%] Built target playing_turtle_package_msgs
[2.004s] [ 74%] [34m[1mGenerating Python code for ROS interfaces[0m
[2.275s] [ 74%] Built target playing_turtle_package_msgs__py
[2.281s] [ 77%] [32mBuilding C object CMakeFiles/playing_turtle_package_msgs__rosidl_generator_py.dir/rosidl_generator_py/playing_turtle_package_msgs/srv/_tree_spawn_s.c.o[0m
[2.387s] [ 80%] [32m[1mLinking C shared library rosidl_generator_py/playing_turtle_package_msgs/libplaying_turtle_package_msgs__rosidl_generator_py.so[0m
[2.416s] [ 80%] Built target playing_turtle_package_msgs__rosidl_generator_py
[2.425s] [ 83%] [32mBuilding C object CMakeFiles/playing_turtle_package_msgs__rosidl_typesupport_fastrtps_c__pyext.dir/rosidl_generator_py/playing_turtle_package_msgs/_playing_turtle_package_msgs_s.ep.rosidl_typesupport_fastrtps_c.c.o[0m
[2.425s] [ 90%] [32mBuilding C object CMakeFiles/playing_turtle_package_msgs__rosidl_typesupport_introspection_c__pyext.dir/rosidl_generator_py/playing_turtle_package_msgs/_playing_turtle_package_msgs_s.ep.rosidl_typesupport_introspection_c.c.o[0m
[2.425s] [ 90%] [32mBuilding C object CMakeFiles/playing_turtle_package_msgs__rosidl_typesupport_c__pyext.dir/rosidl_generator_py/playing_turtle_package_msgs/_playing_turtle_package_msgs_s.ep.rosidl_typesupport_c.c.o[0m
[2.511s] [ 93%] [32m[1mLinking C shared library rosidl_generator_py/playing_turtle_package_msgs/playing_turtle_package_msgs_s__rosidl_typesupport_fastrtps_c.cpython-310-x86_64-linux-gnu.so[0m
[2.529s] [ 93%] Built target playing_turtle_package_msgs__rosidl_typesupport_fastrtps_c__pyext
[2.532s] [ 96%] [32m[1mLinking C shared library rosidl_generator_py/playing_turtle_package_msgs/playing_turtle_package_msgs_s__rosidl_typesupport_c.cpython-310-x86_64-linux-gnu.so[0m
[2.535s] [100%] [32m[1mLinking C shared library rosidl_generator_py/playing_turtle_package_msgs/playing_turtle_package_msgs_s__rosidl_typesupport_introspection_c.cpython-310-x86_64-linux-gnu.so[0m
[2.547s] [100%] Built target playing_turtle_package_msgs__rosidl_typesupport_c__pyext
[2.549s] [100%] Built target playing_turtle_package_msgs__rosidl_typesupport_introspection_c__pyext
[2.559s] Invoked command in '/home/gomi/dev_ws/ros_quiz/pkg_for_quiz/build/playing_turtle_package_msgs' returned '0': CMAKE_PREFIX_PATH=/home/gomi/dev_ws/ros_quiz/pkg_for_quiz/install/playing_turtle_package:/opt/ros/humble /home/gomi/.local/bin/cmake --build /home/gomi/dev_ws/ros_quiz/pkg_for_quiz/build/playing_turtle_package_msgs -- -j8 -l8
[2.672s] Invoking command in '/home/gomi/dev_ws/ros_quiz/pkg_for_quiz/build/playing_turtle_package_msgs': CMAKE_PREFIX_PATH=/home/gomi/dev_ws/ros_quiz/pkg_for_quiz/install/playing_turtle_package:/opt/ros/humble /home/gomi/.local/bin/cmake --install /home/gomi/dev_ws/ros_quiz/pkg_for_quiz/build/playing_turtle_package_msgs
[2.709s] -- Install configuration: ""
[2.709s] -- Installing: /home/gomi/dev_ws/ros_quiz/pkg_for_quiz/install/playing_turtle_package_msgs/share/ament_index/resource_index/rosidl_interfaces/playing_turtle_package_msgs
[2.709s] -- Installing: /home/gomi/dev_ws/ros_quiz/pkg_for_quiz/install/playing_turtle_package_msgs/include/playing_turtle_package_msgs/playing_turtle_package_msgs
[2.709s] -- Installing: /home/gomi/dev_ws/ros_quiz/pkg_for_quiz/install/playing_turtle_package_msgs/include/playing_turtle_package_msgs/playing_turtle_package_msgs/msg
[2.709s] -- Installing: /home/gomi/dev_ws/ros_quiz/pkg_for_quiz/install/playing_turtle_package_msgs/include/playing_turtle_package_msgs/playing_turtle_package_msgs/msg/rosidl_generator_c__visibility_control.h
[2.709s] -- Installing: /home/gomi/dev_ws/ros_quiz/pkg_for_quiz/install/playing_turtle_package_msgs/include/playing_turtle_package_msgs/playing_turtle_package_msgs/srv
[2.710s] -- Installing: /home/gomi/dev_ws/ros_quiz/pkg_for_quiz/install/playing_turtle_package_msgs/include/playing_turtle_package_msgs/playing_turtle_package_msgs/srv/tree_spawn.h
[2.710s] -- Installing: /home/gomi/dev_ws/ros_quiz/pkg_for_quiz/install/playing_turtle_package_msgs/include/playing_turtle_package_msgs/playing_turtle_package_msgs/srv/detail
[2.710s] -- Installing: /home/gomi/dev_ws/ros_quiz/pkg_for_quiz/install/playing_turtle_package_msgs/include/playing_turtle_package_msgs/playing_turtle_package_msgs/srv/detail/tree_spawn__type_support.h
[2.710s] -- Installing: /home/gomi/dev_ws/ros_quiz/pkg_for_quiz/install/playing_turtle_package_msgs/include/playing_turtle_package_msgs/playing_turtle_package_msgs/srv/detail/tree_spawn__functions.c
[2.710s] -- Installing: /home/gomi/dev_ws/ros_quiz/pkg_for_quiz/install/playing_turtle_package_msgs/include/playing_turtle_package_msgs/playing_turtle_package_msgs/srv/detail/tree_spawn__struct.h
[2.710s] -- Installing: /home/gomi/dev_ws/ros_quiz/pkg_for_quiz/install/playing_turtle_package_msgs/include/playing_turtle_package_msgs/playing_turtle_package_msgs/srv/detail/tree_spawn__functions.h
[2.710s] -- Installing: /home/gomi/dev_ws/ros_quiz/pkg_for_quiz/install/playing_turtle_package_msgs/share/playing_turtle_package_msgs/environment/library_path.sh
[2.710s] -- Installing: /home/gomi/dev_ws/ros_quiz/pkg_for_quiz/install/playing_turtle_package_msgs/share/playing_turtle_package_msgs/environment/library_path.dsv
[2.710s] -- Installing: /home/gomi/dev_ws/ros_quiz/pkg_for_quiz/install/playing_turtle_package_msgs/lib/libplaying_turtle_package_msgs__rosidl_generator_c.so
[2.710s] -- Set runtime path of "/home/gomi/dev_ws/ros_quiz/pkg_for_quiz/install/playing_turtle_package_msgs/lib/libplaying_turtle_package_msgs__rosidl_generator_c.so" to ""
[2.710s] -- Up-to-date: /home/gomi/dev_ws/ros_quiz/pkg_for_quiz/install/playing_turtle_package_msgs/include/playing_turtle_package_msgs/playing_turtle_package_msgs
[2.710s] -- Up-to-date: /home/gomi/dev_ws/ros_quiz/pkg_for_quiz/install/playing_turtle_package_msgs/include/playing_turtle_package_msgs/playing_turtle_package_msgs/msg
[2.710s] -- Installing: /home/gomi/dev_ws/ros_quiz/pkg_for_quiz/install/playing_turtle_package_msgs/include/playing_turtle_package_msgs/playing_turtle_package_msgs/msg/rosidl_typesupport_fastrtps_c__visibility_control.h
[2.710s] -- Up-to-date: /home/gomi/dev_ws/ros_quiz/pkg_for_quiz/install/playing_turtle_package_msgs/include/playing_turtle_package_msgs/playing_turtle_package_msgs/srv
[2.711s] -- Up-to-date: /home/gomi/dev_ws/ros_quiz/pkg_for_quiz/install/playing_turtle_package_msgs/include/playing_turtle_package_msgs/playing_turtle_package_msgs/srv/detail
[2.711s] -- Installing: /home/gomi/dev_ws/ros_quiz/pkg_for_quiz/install/playing_turtle_package_msgs/include/playing_turtle_package_msgs/playing_turtle_package_msgs/srv/detail/tree_spawn__rosidl_typesupport_fastrtps_c.h
[2.711s] -- Installing: /home/gomi/dev_ws/ros_quiz/pkg_for_quiz/install/playing_turtle_package_msgs/lib/libplaying_turtle_package_msgs__rosidl_typesupport_fastrtps_c.so
[2.711s] -- Set runtime path of "/home/gomi/dev_ws/ros_quiz/pkg_for_quiz/install/playing_turtle_package_msgs/lib/libplaying_turtle_package_msgs__rosidl_typesupport_fastrtps_c.so" to ""
[2.711s] -- Up-to-date: /home/gomi/dev_ws/ros_quiz/pkg_for_quiz/install/playing_turtle_package_msgs/include/playing_turtle_package_msgs/playing_turtle_package_msgs
[2.711s] -- Up-to-date: /home/gomi/dev_ws/ros_quiz/pkg_for_quiz/install/playing_turtle_package_msgs/include/playing_turtle_package_msgs/playing_turtle_package_msgs/msg
[2.711s] -- Installing: /home/gomi/dev_ws/ros_quiz/pkg_for_quiz/install/playing_turtle_package_msgs/include/playing_turtle_package_msgs/playing_turtle_package_msgs/msg/rosidl_typesupport_introspection_c__visibility_control.h
[2.711s] -- Up-to-date: /home/gomi/dev_ws/ros_quiz/pkg_for_quiz/install/playing_turtle_package_msgs/include/playing_turtle_package_msgs/playing_turtle_package_msgs/srv
[2.711s] -- Up-to-date: /home/gomi/dev_ws/ros_quiz/pkg_for_quiz/install/playing_turtle_package_msgs/include/playing_turtle_package_msgs/playing_turtle_package_msgs/srv/detail
[2.711s] -- Installing: /home/gomi/dev_ws/ros_quiz/pkg_for_quiz/install/playing_turtle_package_msgs/include/playing_turtle_package_msgs/playing_turtle_package_msgs/srv/detail/tree_spawn__type_support.c
[2.711s] -- Installing: /home/gomi/dev_ws/ros_quiz/pkg_for_quiz/install/playing_turtle_package_msgs/include/playing_turtle_package_msgs/playing_turtle_package_msgs/srv/detail/tree_spawn__rosidl_typesupport_introspection_c.h
[2.711s] -- Installing: /home/gomi/dev_ws/ros_quiz/pkg_for_quiz/install/playing_turtle_package_msgs/lib/libplaying_turtle_package_msgs__rosidl_typesupport_introspection_c.so
[2.711s] -- Set runtime path of "/home/gomi/dev_ws/ros_quiz/pkg_for_quiz/install/playing_turtle_package_msgs/lib/libplaying_turtle_package_msgs__rosidl_typesupport_introspection_c.so" to ""
[2.711s] -- Installing: /home/gomi/dev_ws/ros_quiz/pkg_for_quiz/install/playing_turtle_package_msgs/lib/libplaying_turtle_package_msgs__rosidl_typesupport_c.so
[2.712s] -- Set runtime path of "/home/gomi/dev_ws/ros_quiz/pkg_for_quiz/install/playing_turtle_package_msgs/lib/libplaying_turtle_package_msgs__rosidl_typesupport_c.so" to ""
[2.712s] -- Up-to-date: /home/gomi/dev_ws/ros_quiz/pkg_for_quiz/install/playing_turtle_package_msgs/include/playing_turtle_package_msgs/playing_turtle_package_msgs
[2.712s] -- Up-to-date: /home/gomi/dev_ws/ros_quiz/pkg_for_quiz/install/playing_turtle_package_msgs/include/playing_turtle_package_msgs/playing_turtle_package_msgs/srv
[2.712s] -- Installing: /home/gomi/dev_ws/ros_quiz/pkg_for_quiz/install/playing_turtle_package_msgs/include/playing_turtle_package_msgs/playing_turtle_package_msgs/srv/tree_spawn.hpp
[2.712s] -- Up-to-date: /home/gomi/dev_ws/ros_quiz/pkg_for_quiz/install/playing_turtle_package_msgs/include/playing_turtle_package_msgs/playing_turtle_package_msgs/srv/detail
[2.712s] -- Installing: /home/gomi/dev_ws/ros_quiz/pkg_for_quiz/install/playing_turtle_package_msgs/include/playing_turtle_package_msgs/playing_turtle_package_msgs/srv/detail/tree_spawn__struct.hpp
[2.712s] -- Installing: /home/gomi/dev_ws/ros_quiz/pkg_for_quiz/install/playing_turtle_package_msgs/include/playing_turtle_package_msgs/playing_turtle_package_msgs/srv/detail/tree_spawn__builder.hpp
[2.712s] -- Installing: /home/gomi/dev_ws/ros_quiz/pkg_for_quiz/install/playing_turtle_package_msgs/include/playing_turtle_package_msgs/playing_turtle_package_msgs/srv/detail/tree_spawn__traits.hpp
[2.712s] -- Up-to-date: /home/gomi/dev_ws/ros_quiz/pkg_for_quiz/install/playing_turtle_package_msgs/include/playing_turtle_package_msgs/playing_turtle_package_msgs
[2.712s] -- Up-to-date: /home/gomi/dev_ws/ros_quiz/pkg_for_quiz/install/playing_turtle_package_msgs/include/playing_turtle_package_msgs/playing_turtle_package_msgs/msg
[2.712s] -- Installing: /home/gomi/dev_ws/ros_quiz/pkg_for_quiz/install/playing_turtle_package_msgs/include/playing_turtle_package_msgs/playing_turtle_package_msgs/msg/rosidl_typesupport_fastrtps_cpp__visibility_control.h
[2.712s] -- Up-to-date: /home/gomi/dev_ws/ros_quiz/pkg_for_quiz/install/playing_turtle_package_msgs/include/playing_turtle_package_msgs/playing_turtle_package_msgs/srv
[2.712s] -- Up-to-date: /home/gomi/dev_ws/ros_quiz/pkg_for_quiz/install/playing_turtle_package_msgs/include/playing_turtle_package_msgs/playing_turtle_package_msgs/srv/detail
[2.712s] -- Installing: /home/gomi/dev_ws/ros_quiz/pkg_for_quiz/install/playing_turtle_package_msgs/include/playing_turtle_package_msgs/playing_turtle_package_msgs/srv/detail/tree_spawn__rosidl_typesupport_fastrtps_cpp.hpp
[2.712s] -- Installing: /home/gomi/dev_ws/ros_quiz/pkg_for_quiz/install/playing_turtle_package_msgs/include/playing_turtle_package_msgs/playing_turtle_package_msgs/srv/detail/dds_fastrtps
[2.712s] -- Installing: /home/gomi/dev_ws/ros_quiz/pkg_for_quiz/install/playing_turtle_package_msgs/lib/libplaying_turtle_package_msgs__rosidl_typesupport_fastrtps_cpp.so
[2.713s] -- Set runtime path of "/home/gomi/dev_ws/ros_quiz/pkg_for_quiz/install/playing_turtle_package_msgs/lib/libplaying_turtle_package_msgs__rosidl_typesupport_fastrtps_cpp.so" to ""
[2.713s] -- Up-to-date: /home/gomi/dev_ws/ros_quiz/pkg_for_quiz/install/playing_turtle_package_msgs/include/playing_turtle_package_msgs/playing_turtle_package_msgs
[2.713s] -- Up-to-date: /home/gomi/dev_ws/ros_quiz/pkg_for_quiz/install/playing_turtle_package_msgs/include/playing_turtle_package_msgs/playing_turtle_package_msgs/srv
[2.713s] -- Up-to-date: /home/gomi/dev_ws/ros_quiz/pkg_for_quiz/install/playing_turtle_package_msgs/include/playing_turtle_package_msgs/playing_turtle_package_msgs/srv/detail
[2.713s] -- Installing: /home/gomi/dev_ws/ros_quiz/pkg_for_quiz/install/playing_turtle_package_msgs/include/playing_turtle_package_msgs/playing_turtle_package_msgs/srv/detail/tree_spawn__rosidl_typesupport_introspection_cpp.hpp
[2.713s] -- Installing: /home/gomi/dev_ws/ros_quiz/pkg_for_quiz/install/playing_turtle_package_msgs/include/playing_turtle_package_msgs/playing_turtle_package_msgs/srv/detail/tree_spawn__type_support.cpp
[2.713s] -- Installing: /home/gomi/dev_ws/ros_quiz/pkg_for_quiz/install/playing_turtle_package_msgs/lib/libplaying_turtle_package_msgs__rosidl_typesupport_introspection_cpp.so
[2.713s] -- Set runtime path of "/home/gomi/dev_ws/ros_quiz/pkg_for_quiz/install/playing_turtle_package_msgs/lib/libplaying_turtle_package_msgs__rosidl_typesupport_introspection_cpp.so" to ""
[2.713s] -- Installing: /home/gomi/dev_ws/ros_quiz/pkg_for_quiz/install/playing_turtle_package_msgs/lib/libplaying_turtle_package_msgs__rosidl_typesupport_cpp.so
[2.713s] -- Set runtime path of "/home/gomi/dev_ws/ros_quiz/pkg_for_quiz/install/playing_turtle_package_msgs/lib/libplaying_turtle_package_msgs__rosidl_typesupport_cpp.so" to ""
[2.713s] -- Installing: /home/gomi/dev_ws/ros_quiz/pkg_for_quiz/install/playing_turtle_package_msgs/share/playing_turtle_package_msgs/environment/pythonpath.sh
[2.713s] -- Installing: /home/gomi/dev_ws/ros_quiz/pkg_for_quiz/install/playing_turtle_package_msgs/share/playing_turtle_package_msgs/environment/pythonpath.dsv
[2.714s] -- Installing: /home/gomi/dev_ws/ros_quiz/pkg_for_quiz/install/playing_turtle_package_msgs/local/lib/python3.10/dist-packages/playing_turtle_package_msgs-0.0.0-py3.10.egg-info
[2.714s] -- Installing: /home/gomi/dev_ws/ros_quiz/pkg_for_quiz/install/playing_turtle_package_msgs/local/lib/python3.10/dist-packages/playing_turtle_package_msgs-0.0.0-py3.10.egg-info/PKG-INFO
[2.714s] -- Installing: /home/gomi/dev_ws/ros_quiz/pkg_for_quiz/install/playing_turtle_package_msgs/local/lib/python3.10/dist-packages/playing_turtle_package_msgs-0.0.0-py3.10.egg-info/top_level.txt
[2.714s] -- Installing: /home/gomi/dev_ws/ros_quiz/pkg_for_quiz/install/playing_turtle_package_msgs/local/lib/python3.10/dist-packages/playing_turtle_package_msgs-0.0.0-py3.10.egg-info/SOURCES.txt
[2.714s] -- Installing: /home/gomi/dev_ws/ros_quiz/pkg_for_quiz/install/playing_turtle_package_msgs/local/lib/python3.10/dist-packages/playing_turtle_package_msgs-0.0.0-py3.10.egg-info/dependency_links.txt
[2.714s] -- Installing: /home/gomi/dev_ws/ros_quiz/pkg_for_quiz/install/playing_turtle_package_msgs/local/lib/python3.10/dist-packages/playing_turtle_package_msgs
[2.714s] -- Installing: /home/gomi/dev_ws/ros_quiz/pkg_for_quiz/install/playing_turtle_package_msgs/local/lib/python3.10/dist-packages/playing_turtle_package_msgs/_playing_turtle_package_msgs_s.ep.rosidl_typesupport_fastrtps_c.c
[2.714s] -- Installing: /home/gomi/dev_ws/ros_quiz/pkg_for_quiz/install/playing_turtle_package_msgs/local/lib/python3.10/dist-packages/playing_turtle_package_msgs/_playing_turtle_package_msgs_s.ep.rosidl_typesupport_c.c
[2.714s] -- Installing: /home/gomi/dev_ws/ros_quiz/pkg_for_quiz/install/playing_turtle_package_msgs/local/lib/python3.10/dist-packages/playing_turtle_package_msgs/libplaying_turtle_package_msgs__rosidl_generator_py.so
[2.714s] -- Installing: /home/gomi/dev_ws/ros_quiz/pkg_for_quiz/install/playing_turtle_package_msgs/local/lib/python3.10/dist-packages/playing_turtle_package_msgs/playing_turtle_package_msgs_s__rosidl_typesupport_c.cpython-310-x86_64-linux-gnu.so
[2.714s] -- Installing: /home/gomi/dev_ws/ros_quiz/pkg_for_quiz/install/playing_turtle_package_msgs/local/lib/python3.10/dist-packages/playing_turtle_package_msgs/_playing_turtle_package_msgs_s.ep.rosidl_typesupport_introspection_c.c
[2.714s] -- Installing: /home/gomi/dev_ws/ros_quiz/pkg_for_quiz/install/playing_turtle_package_msgs/local/lib/python3.10/dist-packages/playing_turtle_package_msgs/srv
[2.714s] -- Installing: /home/gomi/dev_ws/ros_quiz/pkg_for_quiz/install/playing_turtle_package_msgs/local/lib/python3.10/dist-packages/playing_turtle_package_msgs/srv/__init__.py
[2.714s] -- Installing: /home/gomi/dev_ws/ros_quiz/pkg_for_quiz/install/playing_turtle_package_msgs/local/lib/python3.10/dist-packages/playing_turtle_package_msgs/srv/_tree_spawn.py
[2.715s] -- Installing: /home/gomi/dev_ws/ros_quiz/pkg_for_quiz/install/playing_turtle_package_msgs/local/lib/python3.10/dist-packages/playing_turtle_package_msgs/srv/_tree_spawn_s.c
[2.715s] -- Installing: /home/gomi/dev_ws/ros_quiz/pkg_for_quiz/install/playing_turtle_package_msgs/local/lib/python3.10/dist-packages/playing_turtle_package_msgs/playing_turtle_package_msgs_s__rosidl_typesupport_fastrtps_c.cpython-310-x86_64-linux-gnu.so
[2.715s] -- Installing: /home/gomi/dev_ws/ros_quiz/pkg_for_quiz/install/playing_turtle_package_msgs/local/lib/python3.10/dist-packages/playing_turtle_package_msgs/__init__.py
[2.715s] -- Installing: /home/gomi/dev_ws/ros_quiz/pkg_for_quiz/install/playing_turtle_package_msgs/local/lib/python3.10/dist-packages/playing_turtle_package_msgs/playing_turtle_package_msgs_s__rosidl_typesupport_introspection_c.cpython-310-x86_64-linux-gnu.so
[2.749s] Listing '/home/gomi/dev_ws/ros_quiz/pkg_for_quiz/install/playing_turtle_package_msgs/local/lib/python3.10/dist-packages/playing_turtle_package_msgs'...
[2.749s] Compiling '/home/gomi/dev_ws/ros_quiz/pkg_for_quiz/install/playing_turtle_package_msgs/local/lib/python3.10/dist-packages/playing_turtle_package_msgs/__init__.py'...
[2.749s] Listing '/home/gomi/dev_ws/ros_quiz/pkg_for_quiz/install/playing_turtle_package_msgs/local/lib/python3.10/dist-packages/playing_turtle_package_msgs/srv'...
[2.749s] Compiling '/home/gomi/dev_ws/ros_quiz/pkg_for_quiz/install/playing_turtle_package_msgs/local/lib/python3.10/dist-packages/playing_turtle_package_msgs/srv/__init__.py'...
[2.749s] Compiling '/home/gomi/dev_ws/ros_quiz/pkg_for_quiz/install/playing_turtle_package_msgs/local/lib/python3.10/dist-packages/playing_turtle_package_msgs/srv/_tree_spawn.py'...
[2.752s] -- Installing: /home/gomi/dev_ws/ros_quiz/pkg_for_quiz/install/playing_turtle_package_msgs/local/lib/python3.10/dist-packages/playing_turtle_package_msgs/playing_turtle_package_msgs_s__rosidl_typesupport_fastrtps_c.cpython-310-x86_64-linux-gnu.so
[2.752s] -- Set runtime path of "/home/gomi/dev_ws/ros_quiz/pkg_for_quiz/install/playing_turtle_package_msgs/local/lib/python3.10/dist-packages/playing_turtle_package_msgs/playing_turtle_package_msgs_s__rosidl_typesupport_fastrtps_c.cpython-310-x86_64-linux-gnu.so" to ""
[2.752s] -- Installing: /home/gomi/dev_ws/ros_quiz/pkg_for_quiz/install/playing_turtle_package_msgs/local/lib/python3.10/dist-packages/playing_turtle_package_msgs/playing_turtle_package_msgs_s__rosidl_typesupport_introspection_c.cpython-310-x86_64-linux-gnu.so
[2.753s] -- Set runtime path of "/home/gomi/dev_ws/ros_quiz/pkg_for_quiz/install/playing_turtle_package_msgs/local/lib/python3.10/dist-packages/playing_turtle_package_msgs/playing_turtle_package_msgs_s__rosidl_typesupport_introspection_c.cpython-310-x86_64-linux-gnu.so" to ""
[2.753s] -- Installing: /home/gomi/dev_ws/ros_quiz/pkg_for_quiz/install/playing_turtle_package_msgs/local/lib/python3.10/dist-packages/playing_turtle_package_msgs/playing_turtle_package_msgs_s__rosidl_typesupport_c.cpython-310-x86_64-linux-gnu.so
[2.753s] -- Set runtime path of "/home/gomi/dev_ws/ros_quiz/pkg_for_quiz/install/playing_turtle_package_msgs/local/lib/python3.10/dist-packages/playing_turtle_package_msgs/playing_turtle_package_msgs_s__rosidl_typesupport_c.cpython-310-x86_64-linux-gnu.so" to ""
[2.753s] -- Installing: /home/gomi/dev_ws/ros_quiz/pkg_for_quiz/install/playing_turtle_package_msgs/lib/libplaying_turtle_package_msgs__rosidl_generator_py.so
[2.753s] -- Set runtime path of "/home/gomi/dev_ws/ros_quiz/pkg_for_quiz/install/playing_turtle_package_msgs/lib/libplaying_turtle_package_msgs__rosidl_generator_py.so" to ""
[2.753s] -- Installing: /home/gomi/dev_ws/ros_quiz/pkg_for_quiz/install/playing_turtle_package_msgs/share/playing_turtle_package_msgs/srv/TreeSpawn.idl
[2.753s] -- Installing: /home/gomi/dev_ws/ros_quiz/pkg_for_quiz/install/playing_turtle_package_msgs/share/playing_turtle_package_msgs/srv/TreeSpawn.srv
[2.753s] -- Installing: /home/gomi/dev_ws/ros_quiz/pkg_for_quiz/install/playing_turtle_package_msgs/share/playing_turtle_package_msgs/srv/TreeSpawn_Request.msg
[2.754s] -- Installing: /home/gomi/dev_ws/ros_quiz/pkg_for_quiz/install/playing_turtle_package_msgs/share/playing_turtle_package_msgs/srv/TreeSpawn_Response.msg
[2.754s] -- Installing: /home/gomi/dev_ws/ros_quiz/pkg_for_quiz/install/playing_turtle_package_msgs/share/ament_index/resource_index/package_run_dependencies/playing_turtle_package_msgs
[2.754s] -- Installing: /home/gomi/dev_ws/ros_quiz/pkg_for_quiz/install/playing_turtle_package_msgs/share/ament_index/resource_index/parent_prefix_path/playing_turtle_package_msgs
[2.754s] -- Installing: /home/gomi/dev_ws/ros_quiz/pkg_for_quiz/install/playing_turtle_package_msgs/share/playing_turtle_package_msgs/environment/ament_prefix_path.sh
[2.754s] -- Installing: /home/gomi/dev_ws/ros_quiz/pkg_for_quiz/install/playing_turtle_package_msgs/share/playing_turtle_package_msgs/environment/ament_prefix_path.dsv
[2.754s] -- Installing: /home/gomi/dev_ws/ros_quiz/pkg_for_quiz/install/playing_turtle_package_msgs/share/playing_turtle_package_msgs/environment/path.sh
[2.754s] -- Installing: /home/gomi/dev_ws/ros_quiz/pkg_for_quiz/install/playing_turtle_package_msgs/share/playing_turtle_package_msgs/environment/path.dsv
[2.754s] -- Installing: /home/gomi/dev_ws/ros_quiz/pkg_for_quiz/install/playing_turtle_package_msgs/share/playing_turtle_package_msgs/local_setup.bash
[2.754s] -- Installing: /home/gomi/dev_ws/ros_quiz/pkg_for_quiz/install/playing_turtle_package_msgs/share/playing_turtle_package_msgs/local_setup.sh
[2.754s] -- Installing: /home/gomi/dev_ws/ros_quiz/pkg_for_quiz/install/playing_turtle_package_msgs/share/playing_turtle_package_msgs/local_setup.zsh
[2.755s] -- Installing: /home/gomi/dev_ws/ros_quiz/pkg_for_quiz/install/playing_turtle_package_msgs/share/playing_turtle_package_msgs/local_setup.dsv
[2.755s] -- Installing: /home/gomi/dev_ws/ros_quiz/pkg_for_quiz/install/playing_turtle_package_msgs/share/playing_turtle_package_msgs/package.dsv
[2.755s] -- Installing: /home/gomi/dev_ws/ros_quiz/pkg_for_quiz/install/playing_turtle_package_msgs/share/ament_index/resource_index/packages/playing_turtle_package_msgs
[2.755s] -- Installing: /home/gomi/dev_ws/ros_quiz/pkg_for_quiz/install/playing_turtle_package_msgs/share/playing_turtle_package_msgs/cmake/export_playing_turtle_package_msgs__rosidl_generator_cExport.cmake
[2.755s] -- Installing: /home/gomi/dev_ws/ros_quiz/pkg_for_quiz/install/playing_turtle_package_msgs/share/playing_turtle_package_msgs/cmake/export_playing_turtle_package_msgs__rosidl_generator_cExport-noconfig.cmake
[2.755s] -- Installing: /home/gomi/dev_ws/ros_quiz/pkg_for_quiz/install/playing_turtle_package_msgs/share/playing_turtle_package_msgs/cmake/export_playing_turtle_package_msgs__rosidl_typesupport_fastrtps_cExport.cmake
[2.755s] -- Installing: /home/gomi/dev_ws/ros_quiz/pkg_for_quiz/install/playing_turtle_package_msgs/share/playing_turtle_package_msgs/cmake/export_playing_turtle_package_msgs__rosidl_typesupport_fastrtps_cExport-noconfig.cmake
[2.755s] -- Installing: /home/gomi/dev_ws/ros_quiz/pkg_for_quiz/install/playing_turtle_package_msgs/share/playing_turtle_package_msgs/cmake/playing_turtle_package_msgs__rosidl_typesupport_introspection_cExport.cmake
[2.755s] -- Installing: /home/gomi/dev_ws/ros_quiz/pkg_for_quiz/install/playing_turtle_package_msgs/share/playing_turtle_package_msgs/cmake/playing_turtle_package_msgs__rosidl_typesupport_introspection_cExport-noconfig.cmake
[2.755s] -- Installing: /home/gomi/dev_ws/ros_quiz/pkg_for_quiz/install/playing_turtle_package_msgs/share/playing_turtle_package_msgs/cmake/playing_turtle_package_msgs__rosidl_typesupport_cExport.cmake
[2.756s] -- Installing: /home/gomi/dev_ws/ros_quiz/pkg_for_quiz/install/playing_turtle_package_msgs/share/playing_turtle_package_msgs/cmake/playing_turtle_package_msgs__rosidl_typesupport_cExport-noconfig.cmake
[2.756s] -- Installing: /home/gomi/dev_ws/ros_quiz/pkg_for_quiz/install/playing_turtle_package_msgs/share/playing_turtle_package_msgs/cmake/export_playing_turtle_package_msgs__rosidl_generator_cppExport.cmake
[2.756s] -- Installing: /home/gomi/dev_ws/ros_quiz/pkg_for_quiz/install/playing_turtle_package_msgs/share/playing_turtle_package_msgs/cmake/export_playing_turtle_package_msgs__rosidl_typesupport_fastrtps_cppExport.cmake
[2.756s] -- Installing: /home/gomi/dev_ws/ros_quiz/pkg_for_quiz/install/playing_turtle_package_msgs/share/playing_turtle_package_msgs/cmake/export_playing_turtle_package_msgs__rosidl_typesupport_fastrtps_cppExport-noconfig.cmake
[2.756s] -- Installing: /home/gomi/dev_ws/ros_quiz/pkg_for_quiz/install/playing_turtle_package_msgs/share/playing_turtle_package_msgs/cmake/playing_turtle_package_msgs__rosidl_typesupport_introspection_cppExport.cmake
[2.756s] -- Installing: /home/gomi/dev_ws/ros_quiz/pkg_for_quiz/install/playing_turtle_package_msgs/share/playing_turtle_package_msgs/cmake/playing_turtle_package_msgs__rosidl_typesupport_introspection_cppExport-noconfig.cmake
[2.756s] -- Installing: /home/gomi/dev_ws/ros_quiz/pkg_for_quiz/install/playing_turtle_package_msgs/share/playing_turtle_package_msgs/cmake/playing_turtle_package_msgs__rosidl_typesupport_cppExport.cmake
[2.756s] -- Installing: /home/gomi/dev_ws/ros_quiz/pkg_for_quiz/install/playing_turtle_package_msgs/share/playing_turtle_package_msgs/cmake/playing_turtle_package_msgs__rosidl_typesupport_cppExport-noconfig.cmake
[2.756s] -- Installing: /home/gomi/dev_ws/ros_quiz/pkg_for_quiz/install/playing_turtle_package_msgs/share/playing_turtle_package_msgs/cmake/export_playing_turtle_package_msgs__rosidl_generator_pyExport.cmake
[2.756s] -- Installing: /home/gomi/dev_ws/ros_quiz/pkg_for_quiz/install/playing_turtle_package_msgs/share/playing_turtle_package_msgs/cmake/export_playing_turtle_package_msgs__rosidl_generator_pyExport-noconfig.cmake
[2.756s] -- Installing: /home/gomi/dev_ws/ros_quiz/pkg_for_quiz/install/playing_turtle_package_msgs/share/playing_turtle_package_msgs/cmake/rosidl_cmake-extras.cmake
[2.757s] -- Installing: /home/gomi/dev_ws/ros_quiz/pkg_for_quiz/install/playing_turtle_package_msgs/share/playing_turtle_package_msgs/cmake/ament_cmake_export_include_directories-extras.cmake
[2.757s] -- Installing: /home/gomi/dev_ws/ros_quiz/pkg_for_quiz/install/playing_turtle_package_msgs/share/playing_turtle_package_msgs/cmake/ament_cmake_export_libraries-extras.cmake
[2.757s] -- Installing: /home/gomi/dev_ws/ros_quiz/pkg_for_quiz/install/playing_turtle_package_msgs/share/playing_turtle_package_msgs/cmake/ament_cmake_export_targets-extras.cmake
[2.757s] -- Installing: /home/gomi/dev_ws/ros_quiz/pkg_for_quiz/install/playing_turtle_package_msgs/share/playing_turtle_package_msgs/cmake/rosidl_cmake_export_typesupport_targets-extras.cmake
[2.757s] -- Installing: /home/gomi/dev_ws/ros_quiz/pkg_for_quiz/install/playing_turtle_package_msgs/share/playing_turtle_package_msgs/cmake/ament_cmake_export_dependencies-extras.cmake
[2.757s] -- Installing: /home/gomi/dev_ws/ros_quiz/pkg_for_quiz/install/playing_turtle_package_msgs/share/playing_turtle_package_msgs/cmake/rosidl_cmake_export_typesupport_libraries-extras.cmake
[2.757s] -- Installing: /home/gomi/dev_ws/ros_quiz/pkg_for_quiz/install/playing_turtle_package_msgs/share/playing_turtle_package_msgs/cmake/playing_turtle_package_msgsConfig.cmake
[2.757s] -- Installing: /home/gomi/dev_ws/ros_quiz/pkg_for_quiz/install/playing_turtle_package_msgs/share/playing_turtle_package_msgs/cmake/playing_turtle_package_msgsConfig-version.cmake
[2.757s] -- Installing: /home/gomi/dev_ws/ros_quiz/pkg_for_quiz/install/playing_turtle_package_msgs/share/playing_turtle_package_msgs/package.xml
[2.766s] Invoked command in '/home/gomi/dev_ws/ros_quiz/pkg_for_quiz/build/playing_turtle_package_msgs' returned '0': CMAKE_PREFIX_PATH=/home/gomi/dev_ws/ros_quiz/pkg_for_quiz/install/playing_turtle_package:/opt/ros/humble /home/gomi/.local/bin/cmake --install /home/gomi/dev_ws/ros_quiz/pkg_for_quiz/build/playing_turtle_package_msgs
