running egg_info
creating ../../build/yolo_pkg/yolo_pkg.egg-info
writing ../../build/yolo_pkg/yolo_pkg.egg-info/PKG-INFO
writing dependency_links to ../../build/yolo_pkg/yolo_pkg.egg-info/dependency_links.txt
writing entry points to ../../build/yolo_pkg/yolo_pkg.egg-info/entry_points.txt
writing requirements to ../../build/yolo_pkg/yolo_pkg.egg-info/requires.txt
writing top-level names to ../../build/yolo_pkg/yolo_pkg.egg-info/top_level.txt
writing manifest file '../../build/yolo_pkg/yolo_pkg.egg-info/SOURCES.txt'
reading manifest file '../../build/yolo_pkg/yolo_pkg.egg-info/SOURCES.txt'
writing manifest file '../../build/yolo_pkg/yolo_pkg.egg-info/SOURCES.txt'
running build
running build_py
creating /home/gomi/dev_ws/SRA/yolo_ws/build/yolo_pkg/build
creating /home/gomi/dev_ws/SRA/yolo_ws/build/yolo_pkg/build/lib
creating /home/gomi/dev_ws/SRA/yolo_ws/build/yolo_pkg/build/lib/yolo_pkg
copying yolo_pkg/__init__.py -> /home/gomi/dev_ws/SRA/yolo_ws/build/yolo_pkg/build/lib/yolo_pkg
running install
/usr/lib/python3/dist-packages/setuptools/command/install.py:34: SetuptoolsDeprecationWarning: setup.py install is deprecated. Use build and pip and other standards-based tools.
  warnings.warn(
running install_lib
creating /home/gomi/dev_ws/SRA/yolo_ws/install/yolo_pkg/lib/python3.10/site-packages/yolo_pkg
copying /home/gomi/dev_ws/SRA/yolo_ws/build/yolo_pkg/build/lib/yolo_pkg/__init__.py -> /home/gomi/dev_ws/SRA/yolo_ws/install/yolo_pkg/lib/python3.10/site-packages/yolo_pkg
byte-compiling /home/gomi/dev_ws/SRA/yolo_ws/install/yolo_pkg/lib/python3.10/site-packages/yolo_pkg/__init__.py to __init__.cpython-310.pyc
running install_data
creating /home/gomi/dev_ws/SRA/yolo_ws/install/yolo_pkg/share/ament_index
creating /home/gomi/dev_ws/SRA/yolo_ws/install/yolo_pkg/share/ament_index/resource_index
creating /home/gomi/dev_ws/SRA/yolo_ws/install/yolo_pkg/share/ament_index/resource_index/packages
copying resource/yolo_pkg -> /home/gomi/dev_ws/SRA/yolo_ws/install/yolo_pkg/share/ament_index/resource_index/packages
copying package.xml -> /home/gomi/dev_ws/SRA/yolo_ws/install/yolo_pkg/share/yolo_pkg
running install_egg_info
Copying ../../build/yolo_pkg/yolo_pkg.egg-info to /home/gomi/dev_ws/SRA/yolo_ws/install/yolo_pkg/lib/python3.10/site-packages/yolo_pkg-0.0.0-py3.10.egg-info
running install_scripts
writing list of installed files to '/home/gomi/dev_ws/SRA/yolo_ws/build/yolo_pkg/install.log'
