[0.695s] Invoking command in '/home/gomi/dev_ws/SRA/yolo_ws/src/yolo_pkg': PYTHONPATH=/home/gomi/dev_ws/SRA/yolo_ws/build/yolo_pkg/prefix_override:/home/gomi/dev_ws/SRA/yolo_ws/install/yolo_pkg/lib/python3.10/site-packages:${PYTHONPATH} /usr/bin/python3 setup.py egg_info --egg-base ../../build/yolo_pkg build --build-base /home/gomi/dev_ws/SRA/yolo_ws/build/yolo_pkg/build install --record /home/gomi/dev_ws/SRA/yolo_ws/build/yolo_pkg/install.log --single-version-externally-managed
[0.895s] running egg_info
[0.895s] creating ../../build/yolo_pkg/yolo_pkg.egg-info
[0.895s] writing ../../build/yolo_pkg/yolo_pkg.egg-info/PKG-INFO
[0.895s] writing dependency_links to ../../build/yolo_pkg/yolo_pkg.egg-info/dependency_links.txt
[0.895s] writing entry points to ../../build/yolo_pkg/yolo_pkg.egg-info/entry_points.txt
[0.895s] writing requirements to ../../build/yolo_pkg/yolo_pkg.egg-info/requires.txt
[0.896s] writing top-level names to ../../build/yolo_pkg/yolo_pkg.egg-info/top_level.txt
[0.896s] writing manifest file '../../build/yolo_pkg/yolo_pkg.egg-info/SOURCES.txt'
[0.897s] reading manifest file '../../build/yolo_pkg/yolo_pkg.egg-info/SOURCES.txt'
[0.897s] writing manifest file '../../build/yolo_pkg/yolo_pkg.egg-info/SOURCES.txt'
[0.898s] running build
[0.898s] running build_py
[0.898s] creating /home/gomi/dev_ws/SRA/yolo_ws/build/yolo_pkg/build
[0.898s] creating /home/gomi/dev_ws/SRA/yolo_ws/build/yolo_pkg/build/lib
[0.898s] creating /home/gomi/dev_ws/SRA/yolo_ws/build/yolo_pkg/build/lib/yolo_pkg
[0.898s] copying yolo_pkg/__init__.py -> /home/gomi/dev_ws/SRA/yolo_ws/build/yolo_pkg/build/lib/yolo_pkg
[0.898s] running install
[0.902s] /usr/lib/python3/dist-packages/setuptools/command/install.py:34: SetuptoolsDeprecationWarning: setup.py install is deprecated. Use build and pip and other standards-based tools.
[0.902s]   warnings.warn(
[0.902s] running install_lib
[0.903s] creating /home/gomi/dev_ws/SRA/yolo_ws/install/yolo_pkg/lib/python3.10/site-packages/yolo_pkg
[0.903s] copying /home/gomi/dev_ws/SRA/yolo_ws/build/yolo_pkg/build/lib/yolo_pkg/__init__.py -> /home/gomi/dev_ws/SRA/yolo_ws/install/yolo_pkg/lib/python3.10/site-packages/yolo_pkg
[0.903s] byte-compiling /home/gomi/dev_ws/SRA/yolo_ws/install/yolo_pkg/lib/python3.10/site-packages/yolo_pkg/__init__.py to __init__.cpython-310.pyc
[0.903s] running install_data
[0.904s] creating /home/gomi/dev_ws/SRA/yolo_ws/install/yolo_pkg/share/ament_index
[0.904s] creating /home/gomi/dev_ws/SRA/yolo_ws/install/yolo_pkg/share/ament_index/resource_index
[0.904s] creating /home/gomi/dev_ws/SRA/yolo_ws/install/yolo_pkg/share/ament_index/resource_index/packages
[0.904s] copying resource/yolo_pkg -> /home/gomi/dev_ws/SRA/yolo_ws/install/yolo_pkg/share/ament_index/resource_index/packages
[0.904s] copying package.xml -> /home/gomi/dev_ws/SRA/yolo_ws/install/yolo_pkg/share/yolo_pkg
[0.904s] running install_egg_info
[0.905s] Copying ../../build/yolo_pkg/yolo_pkg.egg-info to /home/gomi/dev_ws/SRA/yolo_ws/install/yolo_pkg/lib/python3.10/site-packages/yolo_pkg-0.0.0-py3.10.egg-info
[0.906s] running install_scripts
[0.921s] writing list of installed files to '/home/gomi/dev_ws/SRA/yolo_ws/build/yolo_pkg/install.log'
[0.943s] Invoked command in '/home/gomi/dev_ws/SRA/yolo_ws/src/yolo_pkg' returned '0': PYTHONPATH=/home/gomi/dev_ws/SRA/yolo_ws/build/yolo_pkg/prefix_override:/home/gomi/dev_ws/SRA/yolo_ws/install/yolo_pkg/lib/python3.10/site-packages:${PYTHONPATH} /usr/bin/python3 setup.py egg_info --egg-base ../../build/yolo_pkg build --build-base /home/gomi/dev_ws/SRA/yolo_ws/build/yolo_pkg/build install --record /home/gomi/dev_ws/SRA/yolo_ws/build/yolo_pkg/install.log --single-version-externally-managed
