[0.342s] DEBUG:colcon:Command line arguments: ['/usr/bin/colcon', 'build']
[0.342s] DEBUG:colcon:Parsed command line arguments: Namespace(log_base=None, log_level=None, verb_name='build', build_base='build', install_base='install', merge_install=False, symlink_install=False, test_result_base=None, continue_on_error=False, executor='parallel', parallel_workers=8, event_handlers=None, ignore_user_meta=False, metas=['./colcon.meta'], base_paths=['.'], packages_ignore=None, packages_ignore_regex=None, paths=None, packages_up_to=None, packages_up_to_regex=None, packages_above=None, packages_above_and_dependencies=None, packages_above_depth=None, packages_select_by_dep=None, packages_skip_by_dep=None, packages_skip_up_to=None, packages_select_build_failed=False, packages_skip_build_finished=False, packages_select_test_failures=False, packages_skip_test_passed=False, packages_select=None, packages_skip=None, packages_select_regex=None, packages_skip_regex=None, packages_start=None, packages_end=None, allow_overriding=[], cmake_args=None, cmake_target=None, cmake_target_skip_unavailable=False, cmake_clean_cache=False, cmake_clean_first=False, cmake_force_configure=False, ament_cmake_args=None, catkin_cmake_args=None, catkin_skip_building_tests=False, verb_parser=<colcon_defaults.argument_parser.defaults.DefaultArgumentsDecorator object at 0x7ff17f409f00>, verb_extension=<colcon_core.verb.build.BuildVerb object at 0x7ff17fdf6cb0>, main=<bound method BuildVerb.main of <colcon_core.verb.build.BuildVerb object at 0x7ff17fdf6cb0>>)
[0.366s] Level 1:colcon.colcon_core.package_discovery:discover_packages(colcon_meta) check parameters
[0.367s] Level 1:colcon.colcon_core.package_discovery:discover_packages(recursive) check parameters
[0.367s] Level 1:colcon.colcon_core.package_discovery:discover_packages(ignore) check parameters
[0.367s] Level 1:colcon.colcon_core.package_discovery:discover_packages(path) check parameters
[0.367s] Level 1:colcon.colcon_core.package_discovery:discover_packages(colcon_meta) discover
[0.367s] Level 1:colcon.colcon_core.package_discovery:discover_packages(recursive) discover
[0.367s] INFO:colcon.colcon_core.package_discovery:Crawling recursively for packages in '/home/ksh/dobot_ws'
[0.367s] Level 1:colcon.colcon_core.package_identification:_identify(.) by extensions ['ignore', 'ignore_ament_install']
[0.367s] Level 1:colcon.colcon_core.package_identification:_identify(.) by extension 'ignore'
[0.367s] Level 1:colcon.colcon_core.package_identification:_identify(.) by extension 'ignore_ament_install'
[0.367s] Level 1:colcon.colcon_core.package_identification:_identify(.) by extensions ['colcon_pkg']
[0.367s] Level 1:colcon.colcon_core.package_identification:_identify(.) by extension 'colcon_pkg'
[0.367s] Level 1:colcon.colcon_core.package_identification:_identify(.) by extensions ['colcon_meta']
[0.367s] Level 1:colcon.colcon_core.package_identification:_identify(.) by extension 'colcon_meta'
[0.367s] Level 1:colcon.colcon_core.package_identification:_identify(.) by extensions ['ros']
[0.367s] Level 1:colcon.colcon_core.package_identification:_identify(.) by extension 'ros'
[0.378s] Level 1:colcon.colcon_core.package_identification:_identify(.) by extensions ['cmake', 'python']
[0.378s] Level 1:colcon.colcon_core.package_identification:_identify(.) by extension 'cmake'
[0.378s] Level 1:colcon.colcon_core.package_identification:_identify(.) by extension 'python'
[0.378s] Level 1:colcon.colcon_core.package_identification:_identify(.) by extensions ['python_setup_py']
[0.378s] Level 1:colcon.colcon_core.package_identification:_identify(.) by extension 'python_setup_py'
[0.378s] Level 1:colcon.colcon_core.package_identification:_identify(__pycache__) by extensions ['ignore', 'ignore_ament_install']
[0.378s] Level 1:colcon.colcon_core.package_identification:_identify(__pycache__) by extension 'ignore'
[0.378s] Level 1:colcon.colcon_core.package_identification:_identify(__pycache__) by extension 'ignore_ament_install'
[0.378s] Level 1:colcon.colcon_core.package_identification:_identify(__pycache__) by extensions ['colcon_pkg']
[0.378s] Level 1:colcon.colcon_core.package_identification:_identify(__pycache__) by extension 'colcon_pkg'
[0.378s] Level 1:colcon.colcon_core.package_identification:_identify(__pycache__) by extensions ['colcon_meta']
[0.379s] Level 1:colcon.colcon_core.package_identification:_identify(__pycache__) by extension 'colcon_meta'
[0.379s] Level 1:colcon.colcon_core.package_identification:_identify(__pycache__) by extensions ['ros']
[0.379s] Level 1:colcon.colcon_core.package_identification:_identify(__pycache__) by extension 'ros'
[0.379s] Level 1:colcon.colcon_core.package_identification:_identify(__pycache__) by extensions ['cmake', 'python']
[0.379s] Level 1:colcon.colcon_core.package_identification:_identify(__pycache__) by extension 'cmake'
[0.379s] Level 1:colcon.colcon_core.package_identification:_identify(__pycache__) by extension 'python'
[0.379s] Level 1:colcon.colcon_core.package_identification:_identify(__pycache__) by extensions ['python_setup_py']
[0.379s] Level 1:colcon.colcon_core.package_identification:_identify(__pycache__) by extension 'python_setup_py'
[0.379s] Level 1:colcon.colcon_core.package_identification:_identify(build) by extensions ['ignore', 'ignore_ament_install']
[0.379s] Level 1:colcon.colcon_core.package_identification:_identify(build) by extension 'ignore'
[0.379s] Level 1:colcon.colcon_core.package_identification:_identify(build) ignored
[0.379s] Level 1:colcon.colcon_core.package_identification:_identify(install) by extensions ['ignore', 'ignore_ament_install']
[0.379s] Level 1:colcon.colcon_core.package_identification:_identify(install) by extension 'ignore'
[0.379s] Level 1:colcon.colcon_core.package_identification:_identify(install) ignored
[0.379s] Level 1:colcon.colcon_core.package_identification:_identify(log) by extensions ['ignore', 'ignore_ament_install']
[0.379s] Level 1:colcon.colcon_core.package_identification:_identify(log) by extension 'ignore'
[0.379s] Level 1:colcon.colcon_core.package_identification:_identify(log) ignored
[0.379s] Level 1:colcon.colcon_core.package_identification:_identify(src) by extensions ['ignore', 'ignore_ament_install']
[0.380s] Level 1:colcon.colcon_core.package_identification:_identify(src) by extension 'ignore'
[0.380s] Level 1:colcon.colcon_core.package_identification:_identify(src) by extension 'ignore_ament_install'
[0.380s] Level 1:colcon.colcon_core.package_identification:_identify(src) by extensions ['colcon_pkg']
[0.380s] Level 1:colcon.colcon_core.package_identification:_identify(src) by extension 'colcon_pkg'
[0.380s] Level 1:colcon.colcon_core.package_identification:_identify(src) by extensions ['colcon_meta']
[0.380s] Level 1:colcon.colcon_core.package_identification:_identify(src) by extension 'colcon_meta'
[0.380s] Level 1:colcon.colcon_core.package_identification:_identify(src) by extensions ['ros']
[0.380s] Level 1:colcon.colcon_core.package_identification:_identify(src) by extension 'ros'
[0.380s] Level 1:colcon.colcon_core.package_identification:_identify(src) by extensions ['cmake', 'python']
[0.380s] Level 1:colcon.colcon_core.package_identification:_identify(src) by extension 'cmake'
[0.380s] Level 1:colcon.colcon_core.package_identification:_identify(src) by extension 'python'
[0.380s] Level 1:colcon.colcon_core.package_identification:_identify(src) by extensions ['python_setup_py']
[0.380s] Level 1:colcon.colcon_core.package_identification:_identify(src) by extension 'python_setup_py'
[0.380s] Level 1:colcon.colcon_core.package_identification:_identify(src/yolo_inference) by extensions ['ignore', 'ignore_ament_install']
[0.380s] Level 1:colcon.colcon_core.package_identification:_identify(src/yolo_inference) by extension 'ignore'
[0.380s] Level 1:colcon.colcon_core.package_identification:_identify(src/yolo_inference) by extension 'ignore_ament_install'
[0.380s] Level 1:colcon.colcon_core.package_identification:_identify(src/yolo_inference) by extensions ['colcon_pkg']
[0.380s] Level 1:colcon.colcon_core.package_identification:_identify(src/yolo_inference) by extension 'colcon_pkg'
[0.380s] Level 1:colcon.colcon_core.package_identification:_identify(src/yolo_inference) by extensions ['colcon_meta']
[0.380s] Level 1:colcon.colcon_core.package_identification:_identify(src/yolo_inference) by extension 'colcon_meta'
[0.380s] Level 1:colcon.colcon_core.package_identification:_identify(src/yolo_inference) by extensions ['ros']
[0.380s] Level 1:colcon.colcon_core.package_identification:_identify(src/yolo_inference) by extension 'ros'
[0.382s] DEBUG:colcon.colcon_core.package_identification:Package 'src/yolo_inference' with type 'ros.ament_cmake' and name 'yolo_inference'
[0.382s] Level 1:colcon.colcon_core.package_identification:_identify(src/yolo_pkg) by extensions ['ignore', 'ignore_ament_install']
[0.382s] Level 1:colcon.colcon_core.package_identification:_identify(src/yolo_pkg) by extension 'ignore'
[0.382s] Level 1:colcon.colcon_core.package_identification:_identify(src/yolo_pkg) by extension 'ignore_ament_install'
[0.382s] Level 1:colcon.colcon_core.package_identification:_identify(src/yolo_pkg) by extensions ['colcon_pkg']
[0.382s] Level 1:colcon.colcon_core.package_identification:_identify(src/yolo_pkg) by extension 'colcon_pkg'
[0.382s] Level 1:colcon.colcon_core.package_identification:_identify(src/yolo_pkg) by extensions ['colcon_meta']
[0.382s] Level 1:colcon.colcon_core.package_identification:_identify(src/yolo_pkg) by extension 'colcon_meta'
[0.382s] Level 1:colcon.colcon_core.package_identification:_identify(src/yolo_pkg) by extensions ['ros']
[0.383s] Level 1:colcon.colcon_core.package_identification:_identify(src/yolo_pkg) by extension 'ros'
[0.383s] DEBUG:colcon.colcon_core.package_identification:Package 'src/yolo_pkg' with type 'ros.ament_python' and name 'yolo_pkg'
[0.383s] Level 1:colcon.colcon_core.package_discovery:discover_packages(recursive) using defaults
[0.383s] Level 1:colcon.colcon_core.package_discovery:discover_packages(ignore) discover
[0.383s] Level 1:colcon.colcon_core.package_discovery:discover_packages(ignore) using defaults
[0.383s] Level 1:colcon.colcon_core.package_discovery:discover_packages(path) discover
[0.383s] Level 1:colcon.colcon_core.package_discovery:discover_packages(path) using defaults
[0.407s] Level 1:colcon.colcon_core.package_discovery:discover_packages(prefix_path) check parameters
[0.407s] Level 1:colcon.colcon_core.package_discovery:discover_packages(prefix_path) discover
[0.410s] DEBUG:colcon.colcon_installed_package_information.package_discovery:Found 2 installed packages in /home/ksh/dobot_ws/install
[0.411s] DEBUG:colcon.colcon_installed_package_information.package_discovery:Found 385 installed packages in /opt/ros/humble
[0.413s] Level 1:colcon.colcon_core.package_discovery:discover_packages(prefix_path) using defaults
[0.483s] Level 5:colcon.colcon_core.verb:set package 'yolo_inference' build argument 'cmake_args' from command line to 'None'
[0.483s] Level 5:colcon.colcon_core.verb:set package 'yolo_inference' build argument 'cmake_target' from command line to 'None'
[0.483s] Level 5:colcon.colcon_core.verb:set package 'yolo_inference' build argument 'cmake_target_skip_unavailable' from command line to 'False'
[0.484s] Level 5:colcon.colcon_core.verb:set package 'yolo_inference' build argument 'cmake_clean_cache' from command line to 'False'
[0.484s] Level 5:colcon.colcon_core.verb:set package 'yolo_inference' build argument 'cmake_clean_first' from command line to 'False'
[0.484s] Level 5:colcon.colcon_core.verb:set package 'yolo_inference' build argument 'cmake_force_configure' from command line to 'False'
[0.484s] Level 5:colcon.colcon_core.verb:set package 'yolo_inference' build argument 'ament_cmake_args' from command line to 'None'
[0.484s] Level 5:colcon.colcon_core.verb:set package 'yolo_inference' build argument 'catkin_cmake_args' from command line to 'None'
[0.484s] Level 5:colcon.colcon_core.verb:set package 'yolo_inference' build argument 'catkin_skip_building_tests' from command line to 'False'
[0.484s] DEBUG:colcon.colcon_core.verb:Building package 'yolo_inference' with the following arguments: {'ament_cmake_args': None, 'build_base': '/home/ksh/dobot_ws/build/yolo_inference', 'catkin_cmake_args': None, 'catkin_skip_building_tests': False, 'cmake_args': None, 'cmake_clean_cache': False, 'cmake_clean_first': False, 'cmake_force_configure': False, 'cmake_target': None, 'cmake_target_skip_unavailable': False, 'install_base': '/home/ksh/dobot_ws/install/yolo_inference', 'merge_install': False, 'path': '/home/ksh/dobot_ws/src/yolo_inference', 'symlink_install': False, 'test_result_base': None}
[0.485s] Level 5:colcon.colcon_core.verb:set package 'yolo_pkg' build argument 'cmake_args' from command line to 'None'
[0.485s] Level 5:colcon.colcon_core.verb:set package 'yolo_pkg' build argument 'cmake_target' from command line to 'None'
[0.485s] Level 5:colcon.colcon_core.verb:set package 'yolo_pkg' build argument 'cmake_target_skip_unavailable' from command line to 'False'
[0.485s] Level 5:colcon.colcon_core.verb:set package 'yolo_pkg' build argument 'cmake_clean_cache' from command line to 'False'
[0.486s] Level 5:colcon.colcon_core.verb:set package 'yolo_pkg' build argument 'cmake_clean_first' from command line to 'False'
[0.486s] Level 5:colcon.colcon_core.verb:set package 'yolo_pkg' build argument 'cmake_force_configure' from command line to 'False'
[0.486s] Level 5:colcon.colcon_core.verb:set package 'yolo_pkg' build argument 'ament_cmake_args' from command line to 'None'
[0.486s] Level 5:colcon.colcon_core.verb:set package 'yolo_pkg' build argument 'catkin_cmake_args' from command line to 'None'
[0.486s] Level 5:colcon.colcon_core.verb:set package 'yolo_pkg' build argument 'catkin_skip_building_tests' from command line to 'False'
[0.486s] DEBUG:colcon.colcon_core.verb:Building package 'yolo_pkg' with the following arguments: {'ament_cmake_args': None, 'build_base': '/home/ksh/dobot_ws/build/yolo_pkg', 'catkin_cmake_args': None, 'catkin_skip_building_tests': False, 'cmake_args': None, 'cmake_clean_cache': False, 'cmake_clean_first': False, 'cmake_force_configure': False, 'cmake_target': None, 'cmake_target_skip_unavailable': False, 'install_base': '/home/ksh/dobot_ws/install/yolo_pkg', 'merge_install': False, 'path': '/home/ksh/dobot_ws/src/yolo_pkg', 'symlink_install': False, 'test_result_base': None}
[0.487s] INFO:colcon.colcon_core.executor:Executing jobs using 'parallel' executor
[0.491s] DEBUG:colcon.colcon_parallel_executor.executor.parallel:run_until_complete
[0.491s] INFO:colcon.colcon_ros.task.ament_cmake.build:Building ROS package in '/home/ksh/dobot_ws/src/yolo_inference' with build type 'ament_cmake'
[0.492s] INFO:colcon.colcon_cmake.task.cmake.build:Building CMake package in '/home/ksh/dobot_ws/src/yolo_inference'
[0.497s] INFO:colcon.colcon_core.plugin_system:Skipping extension 'colcon_core.shell.bat': Not used on non-Windows systems
[0.497s] INFO:colcon.colcon_core.shell:Skip shell extension 'powershell' for command environment: Not usable outside of PowerShell
[0.497s] DEBUG:colcon.colcon_core.shell:Skip shell extension 'dsv' for command environment
[0.504s] INFO:colcon.colcon_ros.task.ament_python.build:Building ROS package in '/home/ksh/dobot_ws/src/yolo_pkg' with build type 'ament_python'
[0.504s] Level 1:colcon.colcon_core.shell:create_environment_hook('yolo_pkg', 'ament_prefix_path')
[0.506s] INFO:colcon.colcon_core.shell:Creating environment hook '/home/ksh/dobot_ws/install/yolo_pkg/share/yolo_pkg/hook/ament_prefix_path.ps1'
[0.507s] INFO:colcon.colcon_core.shell:Creating environment descriptor '/home/ksh/dobot_ws/install/yolo_pkg/share/yolo_pkg/hook/ament_prefix_path.dsv'
[0.508s] INFO:colcon.colcon_core.shell:Creating environment hook '/home/ksh/dobot_ws/install/yolo_pkg/share/yolo_pkg/hook/ament_prefix_path.sh'
[0.510s] INFO:colcon.colcon_core.shell:Skip shell extension 'powershell' for command environment: Not usable outside of PowerShell
[0.510s] DEBUG:colcon.colcon_core.shell:Skip shell extension 'dsv' for command environment
[0.518s] DEBUG:colcon.colcon_core.event_handler.log_command:Invoking command in '/home/ksh/dobot_ws/build/yolo_inference': CMAKE_PREFIX_PATH=${CMAKE_PREFIX_PATH}:/home/ksh/dobot_ws/install/yolo_pkg:/opt/ros/humble /home/ksh/.local/bin/cmake --build /home/ksh/dobot_ws/build/yolo_inference -- -j8 -l8
[0.852s] INFO:colcon.colcon_core.task.python.build:Building Python package in '/home/ksh/dobot_ws/src/yolo_pkg'
[0.854s] INFO:colcon.colcon_core.shell:Skip shell extension 'powershell' for command environment: Not usable outside of PowerShell
[0.854s] DEBUG:colcon.colcon_core.shell:Skip shell extension 'dsv' for command environment
[0.938s] DEBUG:colcon.colcon_core.event_handler.log_command:Invoked command in '/home/ksh/dobot_ws/build/yolo_inference' returned '0': CMAKE_PREFIX_PATH=${CMAKE_PREFIX_PATH}:/home/ksh/dobot_ws/install/yolo_pkg:/opt/ros/humble /home/ksh/.local/bin/cmake --build /home/ksh/dobot_ws/build/yolo_inference -- -j8 -l8
[1.289s] DEBUG:colcon.colcon_core.event_handler.log_command:Invoking command in '/home/ksh/dobot_ws/build/yolo_inference': CMAKE_PREFIX_PATH=${CMAKE_PREFIX_PATH}:/home/ksh/dobot_ws/install/yolo_pkg:/opt/ros/humble /home/ksh/.local/bin/cmake --install /home/ksh/dobot_ws/build/yolo_inference
[1.475s] Level 1:colcon.colcon_core.environment:create_environment_scripts_only(yolo_inference)
[1.484s] Level 1:colcon.colcon_core.environment:checking '/home/ksh/dobot_ws/install/yolo_inference' for CMake module files
[1.485s] Level 1:colcon.colcon_core.environment:checking '/home/ksh/dobot_ws/install/yolo_inference' for CMake config files
[1.486s] Level 1:colcon.colcon_core.shell:create_environment_hook('yolo_inference', 'cmake_prefix_path')
[1.488s] INFO:colcon.colcon_core.shell:Creating environment hook '/home/ksh/dobot_ws/install/yolo_inference/share/yolo_inference/hook/cmake_prefix_path.ps1'
[1.489s] INFO:colcon.colcon_core.shell:Creating environment descriptor '/home/ksh/dobot_ws/install/yolo_inference/share/yolo_inference/hook/cmake_prefix_path.dsv'
[1.490s] DEBUG:colcon.colcon_core.event_handler.log_command:Invoked command in '/home/ksh/dobot_ws/build/yolo_inference' returned '0': CMAKE_PREFIX_PATH=${CMAKE_PREFIX_PATH}:/home/ksh/dobot_ws/install/yolo_pkg:/opt/ros/humble /home/ksh/.local/bin/cmake --install /home/ksh/dobot_ws/build/yolo_inference
[1.490s] INFO:colcon.colcon_core.shell:Creating environment hook '/home/ksh/dobot_ws/install/yolo_inference/share/yolo_inference/hook/cmake_prefix_path.sh'
[1.492s] Level 1:colcon.colcon_core.environment:checking '/home/ksh/dobot_ws/install/yolo_inference/lib'
[1.493s] Level 1:colcon.colcon_core.shell:create_environment_hook('yolo_inference', 'ld_library_path_lib')
[1.495s] INFO:colcon.colcon_core.shell:Creating environment hook '/home/ksh/dobot_ws/install/yolo_inference/share/yolo_inference/hook/ld_library_path_lib.ps1'
[1.496s] INFO:colcon.colcon_core.shell:Creating environment descriptor '/home/ksh/dobot_ws/install/yolo_inference/share/yolo_inference/hook/ld_library_path_lib.dsv'
[1.497s] INFO:colcon.colcon_core.shell:Creating environment hook '/home/ksh/dobot_ws/install/yolo_inference/share/yolo_inference/hook/ld_library_path_lib.sh'
[1.497s] Level 1:colcon.colcon_core.environment:checking '/home/ksh/dobot_ws/install/yolo_inference/bin'
[1.498s] Level 1:colcon.colcon_core.environment:checking '/home/ksh/dobot_ws/install/yolo_inference/lib/pkgconfig/yolo_inference.pc'
[1.498s] Level 1:colcon.colcon_core.environment:checking '/home/ksh/dobot_ws/install/yolo_inference/lib/python3.10/site-packages'
[1.498s] Level 1:colcon.colcon_core.environment:checking '/home/ksh/dobot_ws/install/yolo_inference/bin'
[1.501s] INFO:colcon.colcon_core.shell:Creating package script '/home/ksh/dobot_ws/install/yolo_inference/share/yolo_inference/package.ps1'
[1.503s] INFO:colcon.colcon_core.shell:Creating package descriptor '/home/ksh/dobot_ws/install/yolo_inference/share/yolo_inference/package.dsv'
[1.504s] INFO:colcon.colcon_core.shell:Creating package script '/home/ksh/dobot_ws/install/yolo_inference/share/yolo_inference/package.sh'
[1.505s] INFO:colcon.colcon_core.shell:Creating package script '/home/ksh/dobot_ws/install/yolo_inference/share/yolo_inference/package.bash'
[1.507s] INFO:colcon.colcon_core.shell:Creating package script '/home/ksh/dobot_ws/install/yolo_inference/share/yolo_inference/package.zsh'
[1.508s] Level 1:colcon.colcon_core.environment:create_file_with_runtime_dependencies(/home/ksh/dobot_ws/install/yolo_inference/share/colcon-core/packages/yolo_inference)
[1.567s] DEBUG:colcon.colcon_core.event_handler.log_command:Invoking command in '/home/ksh/dobot_ws/src/yolo_pkg': PYTHONPATH=/home/ksh/dobot_ws/build/yolo_pkg/prefix_override:/home/ksh/dobot_ws/install/yolo_pkg/lib/python3.10/site-packages:${PYTHONPATH} /usr/bin/python3 setup.py egg_info --egg-base ../../build/yolo_pkg build --build-base /home/ksh/dobot_ws/build/yolo_pkg/build install --record /home/ksh/dobot_ws/build/yolo_pkg/install.log --single-version-externally-managed
[1.918s] Level 1:colcon.colcon_core.environment:create_environment_scripts_only(yolo_inference)
[1.921s] Level 1:colcon.colcon_core.environment:checking '/home/ksh/dobot_ws/install/yolo_inference' for CMake module files
[1.922s] Level 1:colcon.colcon_core.environment:checking '/home/ksh/dobot_ws/install/yolo_inference' for CMake config files
[1.923s] Level 1:colcon.colcon_core.shell:create_environment_hook('yolo_inference', 'cmake_prefix_path')
[1.925s] INFO:colcon.colcon_core.shell:Creating environment hook '/home/ksh/dobot_ws/install/yolo_inference/share/yolo_inference/hook/cmake_prefix_path.ps1'
[1.926s] INFO:colcon.colcon_core.shell:Creating environment descriptor '/home/ksh/dobot_ws/install/yolo_inference/share/yolo_inference/hook/cmake_prefix_path.dsv'
[1.927s] INFO:colcon.colcon_core.shell:Creating environment hook '/home/ksh/dobot_ws/install/yolo_inference/share/yolo_inference/hook/cmake_prefix_path.sh'
[1.928s] Level 1:colcon.colcon_core.environment:checking '/home/ksh/dobot_ws/install/yolo_inference/lib'
[1.928s] Level 1:colcon.colcon_core.shell:create_environment_hook('yolo_inference', 'ld_library_path_lib')
[1.930s] INFO:colcon.colcon_core.shell:Creating environment hook '/home/ksh/dobot_ws/install/yolo_inference/share/yolo_inference/hook/ld_library_path_lib.ps1'
[1.931s] INFO:colcon.colcon_core.shell:Creating environment descriptor '/home/ksh/dobot_ws/install/yolo_inference/share/yolo_inference/hook/ld_library_path_lib.dsv'
[1.931s] INFO:colcon.colcon_core.shell:Creating environment hook '/home/ksh/dobot_ws/install/yolo_inference/share/yolo_inference/hook/ld_library_path_lib.sh'
[1.932s] Level 1:colcon.colcon_core.environment:checking '/home/ksh/dobot_ws/install/yolo_inference/bin'
[1.932s] Level 1:colcon.colcon_core.environment:checking '/home/ksh/dobot_ws/install/yolo_inference/lib/pkgconfig/yolo_inference.pc'
[1.932s] Level 1:colcon.colcon_core.environment:checking '/home/ksh/dobot_ws/install/yolo_inference/lib/python3.10/site-packages'
[1.932s] Level 1:colcon.colcon_core.environment:checking '/home/ksh/dobot_ws/install/yolo_inference/bin'
[1.934s] INFO:colcon.colcon_core.shell:Creating package script '/home/ksh/dobot_ws/install/yolo_inference/share/yolo_inference/package.ps1'
[1.935s] INFO:colcon.colcon_core.shell:Creating package descriptor '/home/ksh/dobot_ws/install/yolo_inference/share/yolo_inference/package.dsv'
[1.936s] INFO:colcon.colcon_core.shell:Creating package script '/home/ksh/dobot_ws/install/yolo_inference/share/yolo_inference/package.sh'
[1.936s] INFO:colcon.colcon_core.shell:Creating package script '/home/ksh/dobot_ws/install/yolo_inference/share/yolo_inference/package.bash'
[1.937s] INFO:colcon.colcon_core.shell:Creating package script '/home/ksh/dobot_ws/install/yolo_inference/share/yolo_inference/package.zsh'
[1.937s] Level 1:colcon.colcon_core.environment:create_file_with_runtime_dependencies(/home/ksh/dobot_ws/install/yolo_inference/share/colcon-core/packages/yolo_inference)
[2.099s] Level 1:colcon.colcon_core.environment:checking '/home/ksh/dobot_ws/install/yolo_pkg' for CMake module files
[2.099s] DEBUG:colcon.colcon_core.event_handler.log_command:Invoked command in '/home/ksh/dobot_ws/src/yolo_pkg' returned '0': PYTHONPATH=/home/ksh/dobot_ws/build/yolo_pkg/prefix_override:/home/ksh/dobot_ws/install/yolo_pkg/lib/python3.10/site-packages:${PYTHONPATH} /usr/bin/python3 setup.py egg_info --egg-base ../../build/yolo_pkg build --build-base /home/ksh/dobot_ws/build/yolo_pkg/build install --record /home/ksh/dobot_ws/build/yolo_pkg/install.log --single-version-externally-managed
[2.100s] Level 1:colcon.colcon_core.environment:checking '/home/ksh/dobot_ws/install/yolo_pkg' for CMake config files
[2.100s] Level 1:colcon.colcon_core.environment:checking '/home/ksh/dobot_ws/install/yolo_pkg/lib'
[2.100s] Level 1:colcon.colcon_core.environment:checking '/home/ksh/dobot_ws/install/yolo_pkg/bin'
[2.100s] Level 1:colcon.colcon_core.environment:checking '/home/ksh/dobot_ws/install/yolo_pkg/lib/pkgconfig/yolo_pkg.pc'
[2.101s] Level 1:colcon.colcon_core.environment:checking '/home/ksh/dobot_ws/install/yolo_pkg/lib/python3.10/site-packages'
[2.101s] Level 1:colcon.colcon_core.shell:create_environment_hook('yolo_pkg', 'pythonpath')
[2.102s] INFO:colcon.colcon_core.shell:Creating environment hook '/home/ksh/dobot_ws/install/yolo_pkg/share/yolo_pkg/hook/pythonpath.ps1'
[2.103s] INFO:colcon.colcon_core.shell:Creating environment descriptor '/home/ksh/dobot_ws/install/yolo_pkg/share/yolo_pkg/hook/pythonpath.dsv'
[2.103s] INFO:colcon.colcon_core.shell:Creating environment hook '/home/ksh/dobot_ws/install/yolo_pkg/share/yolo_pkg/hook/pythonpath.sh'
[2.104s] Level 1:colcon.colcon_core.environment:checking '/home/ksh/dobot_ws/install/yolo_pkg/bin'
[2.104s] Level 1:colcon.colcon_core.environment:create_environment_scripts_only(yolo_pkg)
[2.105s] INFO:colcon.colcon_core.shell:Creating package script '/home/ksh/dobot_ws/install/yolo_pkg/share/yolo_pkg/package.ps1'
[2.106s] INFO:colcon.colcon_core.shell:Creating package descriptor '/home/ksh/dobot_ws/install/yolo_pkg/share/yolo_pkg/package.dsv'
[2.106s] INFO:colcon.colcon_core.shell:Creating package script '/home/ksh/dobot_ws/install/yolo_pkg/share/yolo_pkg/package.sh'
[2.107s] INFO:colcon.colcon_core.shell:Creating package script '/home/ksh/dobot_ws/install/yolo_pkg/share/yolo_pkg/package.bash'
[2.107s] INFO:colcon.colcon_core.shell:Creating package script '/home/ksh/dobot_ws/install/yolo_pkg/share/yolo_pkg/package.zsh'
[2.107s] Level 1:colcon.colcon_core.environment:create_file_with_runtime_dependencies(/home/ksh/dobot_ws/install/yolo_pkg/share/colcon-core/packages/yolo_pkg)
[2.107s] DEBUG:colcon.colcon_parallel_executor.executor.parallel:closing loop
[2.108s] DEBUG:colcon.colcon_parallel_executor.executor.parallel:loop closed
[2.108s] DEBUG:colcon.colcon_parallel_executor.executor.parallel:run_until_complete finished with '0'
[2.108s] DEBUG:colcon.colcon_core.event_reactor:joining thread
[2.113s] INFO:colcon.colcon_core.plugin_system:Skipping extension 'colcon_notification.desktop_notification.terminal_notifier': Not used on non-Darwin systems
[2.114s] INFO:colcon.colcon_core.plugin_system:Skipping extension 'colcon_notification.desktop_notification.win32': Not used on non-Windows systems
[2.114s] INFO:colcon.colcon_notification.desktop_notification:Sending desktop notification using 'notify2'
[2.128s] DEBUG:colcon.colcon_core.event_reactor:joined thread
[2.130s] INFO:colcon.colcon_core.shell:Creating prefix script '/home/ksh/dobot_ws/install/local_setup.ps1'
[2.131s] INFO:colcon.colcon_core.shell:Creating prefix util module '/home/ksh/dobot_ws/install/_local_setup_util_ps1.py'
[2.134s] INFO:colcon.colcon_core.shell:Creating prefix chain script '/home/ksh/dobot_ws/install/setup.ps1'
[2.136s] INFO:colcon.colcon_core.shell:Creating prefix script '/home/ksh/dobot_ws/install/local_setup.sh'
[2.137s] INFO:colcon.colcon_core.shell:Creating prefix util module '/home/ksh/dobot_ws/install/_local_setup_util_sh.py'
[2.137s] INFO:colcon.colcon_core.shell:Creating prefix chain script '/home/ksh/dobot_ws/install/setup.sh'
[2.139s] INFO:colcon.colcon_core.shell:Creating prefix script '/home/ksh/dobot_ws/install/local_setup.bash'
[2.139s] INFO:colcon.colcon_core.shell:Creating prefix chain script '/home/ksh/dobot_ws/install/setup.bash'
[2.141s] INFO:colcon.colcon_core.shell:Creating prefix script '/home/ksh/dobot_ws/install/local_setup.zsh'
[2.141s] INFO:colcon.colcon_core.shell:Creating prefix chain script '/home/ksh/dobot_ws/install/setup.zsh'
