[0.311s] DEBUG:colcon:Command line arguments: ['/usr/bin/colcon', 'build']
[0.312s] DEBUG:colcon:Parsed command line arguments: Namespace(log_base=None, log_level=None, verb_name='build', build_base='build', install_base='install', merge_install=False, symlink_install=False, test_result_base=None, continue_on_error=False, executor='parallel', parallel_workers=8, event_handlers=None, ignore_user_meta=False, metas=['./colcon.meta'], base_paths=['.'], packages_ignore=None, packages_ignore_regex=None, paths=None, packages_up_to=None, packages_up_to_regex=None, packages_above=None, packages_above_and_dependencies=None, packages_above_depth=None, packages_select_by_dep=None, packages_skip_by_dep=None, packages_skip_up_to=None, packages_select_build_failed=False, packages_skip_build_finished=False, packages_select_test_failures=False, packages_skip_test_passed=False, packages_select=None, packages_skip=None, packages_select_regex=None, packages_skip_regex=None, packages_start=None, packages_end=None, allow_overriding=[], cmake_args=None, cmake_target=None, cmake_target_skip_unavailable=False, cmake_clean_cache=False, cmake_clean_first=False, cmake_force_configure=False, ament_cmake_args=None, catkin_cmake_args=None, catkin_skip_building_tests=False, verb_parser=<colcon_defaults.argument_parser.defaults.DefaultArgumentsDecorator object at 0x7fa353445f00>, verb_extension=<colcon_core.verb.build.BuildVerb object at 0x7fa353e46cb0>, main=<bound method BuildVerb.main of <colcon_core.verb.build.BuildVerb object at 0x7fa353e46cb0>>)
[0.331s] Level 1:colcon.colcon_core.package_discovery:discover_packages(colcon_meta) check parameters
[0.331s] Level 1:colcon.colcon_core.package_discovery:discover_packages(recursive) check parameters
[0.331s] Level 1:colcon.colcon_core.package_discovery:discover_packages(ignore) check parameters
[0.331s] Level 1:colcon.colcon_core.package_discovery:discover_packages(path) check parameters
[0.331s] Level 1:colcon.colcon_core.package_discovery:discover_packages(colcon_meta) discover
[0.331s] Level 1:colcon.colcon_core.package_discovery:discover_packages(recursive) discover
[0.331s] INFO:colcon.colcon_core.package_discovery:Crawling recursively for packages in '/home/ksh/dobot_ws'
[0.331s] Level 1:colcon.colcon_core.package_identification:_identify(.) by extensions ['ignore', 'ignore_ament_install']
[0.332s] Level 1:colcon.colcon_core.package_identification:_identify(.) by extension 'ignore'
[0.332s] Level 1:colcon.colcon_core.package_identification:_identify(.) by extension 'ignore_ament_install'
[0.332s] Level 1:colcon.colcon_core.package_identification:_identify(.) by extensions ['colcon_pkg']
[0.332s] Level 1:colcon.colcon_core.package_identification:_identify(.) by extension 'colcon_pkg'
[0.332s] Level 1:colcon.colcon_core.package_identification:_identify(.) by extensions ['colcon_meta']
[0.332s] Level 1:colcon.colcon_core.package_identification:_identify(.) by extension 'colcon_meta'
[0.332s] Level 1:colcon.colcon_core.package_identification:_identify(.) by extensions ['ros']
[0.332s] Level 1:colcon.colcon_core.package_identification:_identify(.) by extension 'ros'
[0.341s] Level 1:colcon.colcon_core.package_identification:_identify(.) by extensions ['cmake', 'python']
[0.341s] Level 1:colcon.colcon_core.package_identification:_identify(.) by extension 'cmake'
[0.341s] Level 1:colcon.colcon_core.package_identification:_identify(.) by extension 'python'
[0.341s] Level 1:colcon.colcon_core.package_identification:_identify(.) by extensions ['python_setup_py']
[0.341s] Level 1:colcon.colcon_core.package_identification:_identify(.) by extension 'python_setup_py'
[0.341s] Level 1:colcon.colcon_core.package_identification:_identify(__pycache__) by extensions ['ignore', 'ignore_ament_install']
[0.341s] Level 1:colcon.colcon_core.package_identification:_identify(__pycache__) by extension 'ignore'
[0.341s] Level 1:colcon.colcon_core.package_identification:_identify(__pycache__) by extension 'ignore_ament_install'
[0.342s] Level 1:colcon.colcon_core.package_identification:_identify(__pycache__) by extensions ['colcon_pkg']
[0.342s] Level 1:colcon.colcon_core.package_identification:_identify(__pycache__) by extension 'colcon_pkg'
[0.342s] Level 1:colcon.colcon_core.package_identification:_identify(__pycache__) by extensions ['colcon_meta']
[0.342s] Level 1:colcon.colcon_core.package_identification:_identify(__pycache__) by extension 'colcon_meta'
[0.342s] Level 1:colcon.colcon_core.package_identification:_identify(__pycache__) by extensions ['ros']
[0.342s] Level 1:colcon.colcon_core.package_identification:_identify(__pycache__) by extension 'ros'
[0.342s] Level 1:colcon.colcon_core.package_identification:_identify(__pycache__) by extensions ['cmake', 'python']
[0.342s] Level 1:colcon.colcon_core.package_identification:_identify(__pycache__) by extension 'cmake'
[0.342s] Level 1:colcon.colcon_core.package_identification:_identify(__pycache__) by extension 'python'
[0.342s] Level 1:colcon.colcon_core.package_identification:_identify(__pycache__) by extensions ['python_setup_py']
[0.342s] Level 1:colcon.colcon_core.package_identification:_identify(__pycache__) by extension 'python_setup_py'
[0.342s] Level 1:colcon.colcon_core.package_identification:_identify(build) by extensions ['ignore', 'ignore_ament_install']
[0.342s] Level 1:colcon.colcon_core.package_identification:_identify(build) by extension 'ignore'
[0.342s] Level 1:colcon.colcon_core.package_identification:_identify(build) ignored
[0.342s] Level 1:colcon.colcon_core.package_identification:_identify(install) by extensions ['ignore', 'ignore_ament_install']
[0.342s] Level 1:colcon.colcon_core.package_identification:_identify(install) by extension 'ignore'
[0.342s] Level 1:colcon.colcon_core.package_identification:_identify(install) ignored
[0.343s] Level 1:colcon.colcon_core.package_identification:_identify(log) by extensions ['ignore', 'ignore_ament_install']
[0.343s] Level 1:colcon.colcon_core.package_identification:_identify(log) by extension 'ignore'
[0.343s] Level 1:colcon.colcon_core.package_identification:_identify(log) ignored
[0.343s] Level 1:colcon.colcon_core.package_identification:_identify(src) by extensions ['ignore', 'ignore_ament_install']
[0.343s] Level 1:colcon.colcon_core.package_identification:_identify(src) by extension 'ignore'
[0.343s] Level 1:colcon.colcon_core.package_identification:_identify(src) by extension 'ignore_ament_install'
[0.343s] Level 1:colcon.colcon_core.package_identification:_identify(src) by extensions ['colcon_pkg']
[0.343s] Level 1:colcon.colcon_core.package_identification:_identify(src) by extension 'colcon_pkg'
[0.343s] Level 1:colcon.colcon_core.package_identification:_identify(src) by extensions ['colcon_meta']
[0.343s] Level 1:colcon.colcon_core.package_identification:_identify(src) by extension 'colcon_meta'
[0.343s] Level 1:colcon.colcon_core.package_identification:_identify(src) by extensions ['ros']
[0.343s] Level 1:colcon.colcon_core.package_identification:_identify(src) by extension 'ros'
[0.343s] Level 1:colcon.colcon_core.package_identification:_identify(src) by extensions ['cmake', 'python']
[0.343s] Level 1:colcon.colcon_core.package_identification:_identify(src) by extension 'cmake'
[0.343s] Level 1:colcon.colcon_core.package_identification:_identify(src) by extension 'python'
[0.343s] Level 1:colcon.colcon_core.package_identification:_identify(src) by extensions ['python_setup_py']
[0.343s] Level 1:colcon.colcon_core.package_identification:_identify(src) by extension 'python_setup_py'
[0.343s] Level 1:colcon.colcon_core.package_identification:_identify(src/yolo_inference) by extensions ['ignore', 'ignore_ament_install']
[0.343s] Level 1:colcon.colcon_core.package_identification:_identify(src/yolo_inference) by extension 'ignore'
[0.343s] Level 1:colcon.colcon_core.package_identification:_identify(src/yolo_inference) by extension 'ignore_ament_install'
[0.343s] Level 1:colcon.colcon_core.package_identification:_identify(src/yolo_inference) by extensions ['colcon_pkg']
[0.343s] Level 1:colcon.colcon_core.package_identification:_identify(src/yolo_inference) by extension 'colcon_pkg'
[0.343s] Level 1:colcon.colcon_core.package_identification:_identify(src/yolo_inference) by extensions ['colcon_meta']
[0.343s] Level 1:colcon.colcon_core.package_identification:_identify(src/yolo_inference) by extension 'colcon_meta'
[0.343s] Level 1:colcon.colcon_core.package_identification:_identify(src/yolo_inference) by extensions ['ros']
[0.343s] Level 1:colcon.colcon_core.package_identification:_identify(src/yolo_inference) by extension 'ros'
[0.345s] DEBUG:colcon.colcon_core.package_identification:Package 'src/yolo_inference' with type 'ros.ament_cmake' and name 'yolo_inference'
[0.345s] Level 1:colcon.colcon_core.package_identification:_identify(src/yolo_pkg) by extensions ['ignore', 'ignore_ament_install']
[0.345s] Level 1:colcon.colcon_core.package_identification:_identify(src/yolo_pkg) by extension 'ignore'
[0.346s] Level 1:colcon.colcon_core.package_identification:_identify(src/yolo_pkg) by extension 'ignore_ament_install'
[0.346s] Level 1:colcon.colcon_core.package_identification:_identify(src/yolo_pkg) by extensions ['colcon_pkg']
[0.346s] Level 1:colcon.colcon_core.package_identification:_identify(src/yolo_pkg) by extension 'colcon_pkg'
[0.346s] Level 1:colcon.colcon_core.package_identification:_identify(src/yolo_pkg) by extensions ['colcon_meta']
[0.346s] Level 1:colcon.colcon_core.package_identification:_identify(src/yolo_pkg) by extension 'colcon_meta'
[0.346s] Level 1:colcon.colcon_core.package_identification:_identify(src/yolo_pkg) by extensions ['ros']
[0.346s] Level 1:colcon.colcon_core.package_identification:_identify(src/yolo_pkg) by extension 'ros'
[0.346s] DEBUG:colcon.colcon_core.package_identification:Package 'src/yolo_pkg' with type 'ros.ament_python' and name 'yolo_pkg'
[0.346s] Level 1:colcon.colcon_core.package_discovery:discover_packages(recursive) using defaults
[0.346s] Level 1:colcon.colcon_core.package_discovery:discover_packages(ignore) discover
[0.346s] Level 1:colcon.colcon_core.package_discovery:discover_packages(ignore) using defaults
[0.346s] Level 1:colcon.colcon_core.package_discovery:discover_packages(path) discover
[0.346s] Level 1:colcon.colcon_core.package_discovery:discover_packages(path) using defaults
[0.367s] Level 1:colcon.colcon_core.package_discovery:discover_packages(prefix_path) check parameters
[0.367s] Level 1:colcon.colcon_core.package_discovery:discover_packages(prefix_path) discover
[0.369s] DEBUG:colcon.colcon_installed_package_information.package_discovery:Found 2 installed packages in /home/ksh/dobot_ws/install
[0.370s] DEBUG:colcon.colcon_installed_package_information.package_discovery:Found 385 installed packages in /opt/ros/humble
[0.372s] Level 1:colcon.colcon_core.package_discovery:discover_packages(prefix_path) using defaults
[0.429s] Level 5:colcon.colcon_core.verb:set package 'yolo_inference' build argument 'cmake_args' from command line to 'None'
[0.429s] Level 5:colcon.colcon_core.verb:set package 'yolo_inference' build argument 'cmake_target' from command line to 'None'
[0.429s] Level 5:colcon.colcon_core.verb:set package 'yolo_inference' build argument 'cmake_target_skip_unavailable' from command line to 'False'
[0.430s] Level 5:colcon.colcon_core.verb:set package 'yolo_inference' build argument 'cmake_clean_cache' from command line to 'False'
[0.430s] Level 5:colcon.colcon_core.verb:set package 'yolo_inference' build argument 'cmake_clean_first' from command line to 'False'
[0.430s] Level 5:colcon.colcon_core.verb:set package 'yolo_inference' build argument 'cmake_force_configure' from command line to 'False'
[0.430s] Level 5:colcon.colcon_core.verb:set package 'yolo_inference' build argument 'ament_cmake_args' from command line to 'None'
[0.430s] Level 5:colcon.colcon_core.verb:set package 'yolo_inference' build argument 'catkin_cmake_args' from command line to 'None'
[0.430s] Level 5:colcon.colcon_core.verb:set package 'yolo_inference' build argument 'catkin_skip_building_tests' from command line to 'False'
[0.430s] DEBUG:colcon.colcon_core.verb:Building package 'yolo_inference' with the following arguments: {'ament_cmake_args': None, 'build_base': '/home/ksh/dobot_ws/build/yolo_inference', 'catkin_cmake_args': None, 'catkin_skip_building_tests': False, 'cmake_args': None, 'cmake_clean_cache': False, 'cmake_clean_first': False, 'cmake_force_configure': False, 'cmake_target': None, 'cmake_target_skip_unavailable': False, 'install_base': '/home/ksh/dobot_ws/install/yolo_inference', 'merge_install': False, 'path': '/home/ksh/dobot_ws/src/yolo_inference', 'symlink_install': False, 'test_result_base': None}
[0.431s] Level 5:colcon.colcon_core.verb:set package 'yolo_pkg' build argument 'cmake_args' from command line to 'None'
[0.431s] Level 5:colcon.colcon_core.verb:set package 'yolo_pkg' build argument 'cmake_target' from command line to 'None'
[0.431s] Level 5:colcon.colcon_core.verb:set package 'yolo_pkg' build argument 'cmake_target_skip_unavailable' from command line to 'False'
[0.431s] Level 5:colcon.colcon_core.verb:set package 'yolo_pkg' build argument 'cmake_clean_cache' from command line to 'False'
[0.431s] Level 5:colcon.colcon_core.verb:set package 'yolo_pkg' build argument 'cmake_clean_first' from command line to 'False'
[0.431s] Level 5:colcon.colcon_core.verb:set package 'yolo_pkg' build argument 'cmake_force_configure' from command line to 'False'
[0.431s] Level 5:colcon.colcon_core.verb:set package 'yolo_pkg' build argument 'ament_cmake_args' from command line to 'None'
[0.431s] Level 5:colcon.colcon_core.verb:set package 'yolo_pkg' build argument 'catkin_cmake_args' from command line to 'None'
[0.431s] Level 5:colcon.colcon_core.verb:set package 'yolo_pkg' build argument 'catkin_skip_building_tests' from command line to 'False'
[0.431s] DEBUG:colcon.colcon_core.verb:Building package 'yolo_pkg' with the following arguments: {'ament_cmake_args': None, 'build_base': '/home/ksh/dobot_ws/build/yolo_pkg', 'catkin_cmake_args': None, 'catkin_skip_building_tests': False, 'cmake_args': None, 'cmake_clean_cache': False, 'cmake_clean_first': False, 'cmake_force_configure': False, 'cmake_target': None, 'cmake_target_skip_unavailable': False, 'install_base': '/home/ksh/dobot_ws/install/yolo_pkg', 'merge_install': False, 'path': '/home/ksh/dobot_ws/src/yolo_pkg', 'symlink_install': False, 'test_result_base': None}
[0.431s] INFO:colcon.colcon_core.executor:Executing jobs using 'parallel' executor
[0.434s] DEBUG:colcon.colcon_parallel_executor.executor.parallel:run_until_complete
[0.434s] INFO:colcon.colcon_ros.task.ament_cmake.build:Building ROS package in '/home/ksh/dobot_ws/src/yolo_inference' with build type 'ament_cmake'
[0.435s] INFO:colcon.colcon_cmake.task.cmake.build:Building CMake package in '/home/ksh/dobot_ws/src/yolo_inference'
[0.438s] INFO:colcon.colcon_core.plugin_system:Skipping extension 'colcon_core.shell.bat': Not used on non-Windows systems
[0.438s] INFO:colcon.colcon_core.shell:Skip shell extension 'powershell' for command environment: Not usable outside of PowerShell
[0.438s] DEBUG:colcon.colcon_core.shell:Skip shell extension 'dsv' for command environment
[0.442s] INFO:colcon.colcon_ros.task.ament_python.build:Building ROS package in '/home/ksh/dobot_ws/src/yolo_pkg' with build type 'ament_python'
[0.442s] Level 1:colcon.colcon_core.shell:create_environment_hook('yolo_pkg', 'ament_prefix_path')
[0.443s] INFO:colcon.colcon_core.shell:Creating environment hook '/home/ksh/dobot_ws/install/yolo_pkg/share/yolo_pkg/hook/ament_prefix_path.ps1'
[0.444s] INFO:colcon.colcon_core.shell:Creating environment descriptor '/home/ksh/dobot_ws/install/yolo_pkg/share/yolo_pkg/hook/ament_prefix_path.dsv'
[0.444s] INFO:colcon.colcon_core.shell:Creating environment hook '/home/ksh/dobot_ws/install/yolo_pkg/share/yolo_pkg/hook/ament_prefix_path.sh'
[0.446s] INFO:colcon.colcon_core.shell:Skip shell extension 'powershell' for command environment: Not usable outside of PowerShell
[0.446s] DEBUG:colcon.colcon_core.shell:Skip shell extension 'dsv' for command environment
[0.453s] DEBUG:colcon.colcon_core.event_handler.log_command:Invoking command in '/home/ksh/dobot_ws/build/yolo_inference': CMAKE_PREFIX_PATH=${CMAKE_PREFIX_PATH}:/home/ksh/dobot_ws/install/yolo_pkg:/opt/ros/humble /home/ksh/.local/bin/cmake --build /home/ksh/dobot_ws/build/yolo_inference -- -j8 -l8
[0.791s] INFO:colcon.colcon_core.task.python.build:Building Python package in '/home/ksh/dobot_ws/src/yolo_pkg'
[0.793s] INFO:colcon.colcon_core.shell:Skip shell extension 'powershell' for command environment: Not usable outside of PowerShell
[0.793s] DEBUG:colcon.colcon_core.shell:Skip shell extension 'dsv' for command environment
[0.885s] DEBUG:colcon.colcon_core.event_handler.log_command:Invoked command in '/home/ksh/dobot_ws/build/yolo_inference' returned '0': CMAKE_PREFIX_PATH=${CMAKE_PREFIX_PATH}:/home/ksh/dobot_ws/install/yolo_pkg:/opt/ros/humble /home/ksh/.local/bin/cmake --build /home/ksh/dobot_ws/build/yolo_inference -- -j8 -l8
[1.059s] DEBUG:colcon.colcon_core.event_handler.log_command:Invoking command in '/home/ksh/dobot_ws/build/yolo_inference': CMAKE_PREFIX_PATH=${CMAKE_PREFIX_PATH}:/home/ksh/dobot_ws/install/yolo_pkg:/opt/ros/humble /home/ksh/.local/bin/cmake --install /home/ksh/dobot_ws/build/yolo_inference
[1.155s] Level 1:colcon.colcon_core.environment:create_environment_scripts_only(yolo_inference)
[1.156s] DEBUG:colcon.colcon_core.event_handler.log_command:Invoked command in '/home/ksh/dobot_ws/build/yolo_inference' returned '0': CMAKE_PREFIX_PATH=${CMAKE_PREFIX_PATH}:/home/ksh/dobot_ws/install/yolo_pkg:/opt/ros/humble /home/ksh/.local/bin/cmake --install /home/ksh/dobot_ws/build/yolo_inference
[1.159s] Level 1:colcon.colcon_core.environment:checking '/home/ksh/dobot_ws/install/yolo_inference' for CMake module files
[1.160s] Level 1:colcon.colcon_core.environment:checking '/home/ksh/dobot_ws/install/yolo_inference' for CMake config files
[1.160s] Level 1:colcon.colcon_core.shell:create_environment_hook('yolo_inference', 'cmake_prefix_path')
[1.161s] INFO:colcon.colcon_core.shell:Creating environment hook '/home/ksh/dobot_ws/install/yolo_inference/share/yolo_inference/hook/cmake_prefix_path.ps1'
[1.162s] INFO:colcon.colcon_core.shell:Creating environment descriptor '/home/ksh/dobot_ws/install/yolo_inference/share/yolo_inference/hook/cmake_prefix_path.dsv'
[1.162s] INFO:colcon.colcon_core.shell:Creating environment hook '/home/ksh/dobot_ws/install/yolo_inference/share/yolo_inference/hook/cmake_prefix_path.sh'
[1.163s] Level 1:colcon.colcon_core.environment:checking '/home/ksh/dobot_ws/install/yolo_inference/lib'
[1.163s] Level 1:colcon.colcon_core.shell:create_environment_hook('yolo_inference', 'ld_library_path_lib')
[1.164s] INFO:colcon.colcon_core.shell:Creating environment hook '/home/ksh/dobot_ws/install/yolo_inference/share/yolo_inference/hook/ld_library_path_lib.ps1'
[1.164s] INFO:colcon.colcon_core.shell:Creating environment descriptor '/home/ksh/dobot_ws/install/yolo_inference/share/yolo_inference/hook/ld_library_path_lib.dsv'
[1.165s] INFO:colcon.colcon_core.shell:Creating environment hook '/home/ksh/dobot_ws/install/yolo_inference/share/yolo_inference/hook/ld_library_path_lib.sh'
[1.165s] Level 1:colcon.colcon_core.environment:checking '/home/ksh/dobot_ws/install/yolo_inference/bin'
[1.165s] Level 1:colcon.colcon_core.environment:checking '/home/ksh/dobot_ws/install/yolo_inference/lib/pkgconfig/yolo_inference.pc'
[1.165s] Level 1:colcon.colcon_core.environment:checking '/home/ksh/dobot_ws/install/yolo_inference/lib/python3.10/site-packages'
[1.165s] Level 1:colcon.colcon_core.environment:checking '/home/ksh/dobot_ws/install/yolo_inference/bin'
[1.166s] INFO:colcon.colcon_core.shell:Creating package script '/home/ksh/dobot_ws/install/yolo_inference/share/yolo_inference/package.ps1'
[1.167s] INFO:colcon.colcon_core.shell:Creating package descriptor '/home/ksh/dobot_ws/install/yolo_inference/share/yolo_inference/package.dsv'
[1.168s] INFO:colcon.colcon_core.shell:Creating package script '/home/ksh/dobot_ws/install/yolo_inference/share/yolo_inference/package.sh'
[1.168s] INFO:colcon.colcon_core.shell:Creating package script '/home/ksh/dobot_ws/install/yolo_inference/share/yolo_inference/package.bash'
[1.169s] INFO:colcon.colcon_core.shell:Creating package script '/home/ksh/dobot_ws/install/yolo_inference/share/yolo_inference/package.zsh'
[1.169s] Level 1:colcon.colcon_core.environment:create_file_with_runtime_dependencies(/home/ksh/dobot_ws/install/yolo_inference/share/colcon-core/packages/yolo_inference)
[1.216s] DEBUG:colcon.colcon_core.event_handler.log_command:Invoking command in '/home/ksh/dobot_ws/src/yolo_pkg': PYTHONPATH=/home/ksh/dobot_ws/build/yolo_pkg/prefix_override:/home/ksh/dobot_ws/install/yolo_pkg/lib/python3.10/site-packages:${PYTHONPATH} /usr/bin/python3 setup.py egg_info --egg-base ../../build/yolo_pkg build --build-base /home/ksh/dobot_ws/build/yolo_pkg/build install --record /home/ksh/dobot_ws/build/yolo_pkg/install.log --single-version-externally-managed
[1.281s] Level 1:colcon.colcon_core.environment:create_environment_scripts_only(yolo_inference)
[1.283s] Level 1:colcon.colcon_core.environment:checking '/home/ksh/dobot_ws/install/yolo_inference' for CMake module files
[1.284s] Level 1:colcon.colcon_core.environment:checking '/home/ksh/dobot_ws/install/yolo_inference' for CMake config files
[1.284s] Level 1:colcon.colcon_core.shell:create_environment_hook('yolo_inference', 'cmake_prefix_path')
[1.285s] INFO:colcon.colcon_core.shell:Creating environment hook '/home/ksh/dobot_ws/install/yolo_inference/share/yolo_inference/hook/cmake_prefix_path.ps1'
[1.285s] INFO:colcon.colcon_core.shell:Creating environment descriptor '/home/ksh/dobot_ws/install/yolo_inference/share/yolo_inference/hook/cmake_prefix_path.dsv'
[1.286s] INFO:colcon.colcon_core.shell:Creating environment hook '/home/ksh/dobot_ws/install/yolo_inference/share/yolo_inference/hook/cmake_prefix_path.sh'
[1.286s] Level 1:colcon.colcon_core.environment:checking '/home/ksh/dobot_ws/install/yolo_inference/lib'
[1.286s] Level 1:colcon.colcon_core.shell:create_environment_hook('yolo_inference', 'ld_library_path_lib')
[1.287s] INFO:colcon.colcon_core.shell:Creating environment hook '/home/ksh/dobot_ws/install/yolo_inference/share/yolo_inference/hook/ld_library_path_lib.ps1'
[1.288s] INFO:colcon.colcon_core.shell:Creating environment descriptor '/home/ksh/dobot_ws/install/yolo_inference/share/yolo_inference/hook/ld_library_path_lib.dsv'
[1.288s] INFO:colcon.colcon_core.shell:Creating environment hook '/home/ksh/dobot_ws/install/yolo_inference/share/yolo_inference/hook/ld_library_path_lib.sh'
[1.288s] Level 1:colcon.colcon_core.environment:checking '/home/ksh/dobot_ws/install/yolo_inference/bin'
[1.288s] Level 1:colcon.colcon_core.environment:checking '/home/ksh/dobot_ws/install/yolo_inference/lib/pkgconfig/yolo_inference.pc'
[1.288s] Level 1:colcon.colcon_core.environment:checking '/home/ksh/dobot_ws/install/yolo_inference/lib/python3.10/site-packages'
[1.288s] Level 1:colcon.colcon_core.environment:checking '/home/ksh/dobot_ws/install/yolo_inference/bin'
[1.290s] INFO:colcon.colcon_core.shell:Creating package script '/home/ksh/dobot_ws/install/yolo_inference/share/yolo_inference/package.ps1'
[1.290s] INFO:colcon.colcon_core.shell:Creating package descriptor '/home/ksh/dobot_ws/install/yolo_inference/share/yolo_inference/package.dsv'
[1.291s] INFO:colcon.colcon_core.shell:Creating package script '/home/ksh/dobot_ws/install/yolo_inference/share/yolo_inference/package.sh'
[1.291s] INFO:colcon.colcon_core.shell:Creating package script '/home/ksh/dobot_ws/install/yolo_inference/share/yolo_inference/package.bash'
[1.291s] INFO:colcon.colcon_core.shell:Creating package script '/home/ksh/dobot_ws/install/yolo_inference/share/yolo_inference/package.zsh'
[1.292s] Level 1:colcon.colcon_core.environment:create_file_with_runtime_dependencies(/home/ksh/dobot_ws/install/yolo_inference/share/colcon-core/packages/yolo_inference)
[1.577s] Level 1:colcon.colcon_core.environment:checking '/home/ksh/dobot_ws/install/yolo_pkg' for CMake module files
[1.577s] DEBUG:colcon.colcon_core.event_handler.log_command:Invoked command in '/home/ksh/dobot_ws/src/yolo_pkg' returned '0': PYTHONPATH=/home/ksh/dobot_ws/build/yolo_pkg/prefix_override:/home/ksh/dobot_ws/install/yolo_pkg/lib/python3.10/site-packages:${PYTHONPATH} /usr/bin/python3 setup.py egg_info --egg-base ../../build/yolo_pkg build --build-base /home/ksh/dobot_ws/build/yolo_pkg/build install --record /home/ksh/dobot_ws/build/yolo_pkg/install.log --single-version-externally-managed
[1.578s] Level 1:colcon.colcon_core.environment:checking '/home/ksh/dobot_ws/install/yolo_pkg' for CMake config files
[1.578s] Level 1:colcon.colcon_core.environment:checking '/home/ksh/dobot_ws/install/yolo_pkg/lib'
[1.578s] Level 1:colcon.colcon_core.environment:checking '/home/ksh/dobot_ws/install/yolo_pkg/bin'
[1.578s] Level 1:colcon.colcon_core.environment:checking '/home/ksh/dobot_ws/install/yolo_pkg/lib/pkgconfig/yolo_pkg.pc'
[1.578s] Level 1:colcon.colcon_core.environment:checking '/home/ksh/dobot_ws/install/yolo_pkg/lib/python3.10/site-packages'
[1.578s] Level 1:colcon.colcon_core.shell:create_environment_hook('yolo_pkg', 'pythonpath')
[1.580s] INFO:colcon.colcon_core.shell:Creating environment hook '/home/ksh/dobot_ws/install/yolo_pkg/share/yolo_pkg/hook/pythonpath.ps1'
[1.580s] INFO:colcon.colcon_core.shell:Creating environment descriptor '/home/ksh/dobot_ws/install/yolo_pkg/share/yolo_pkg/hook/pythonpath.dsv'
[1.580s] INFO:colcon.colcon_core.shell:Creating environment hook '/home/ksh/dobot_ws/install/yolo_pkg/share/yolo_pkg/hook/pythonpath.sh'
[1.581s] Level 1:colcon.colcon_core.environment:checking '/home/ksh/dobot_ws/install/yolo_pkg/bin'
[1.581s] Level 1:colcon.colcon_core.environment:create_environment_scripts_only(yolo_pkg)
[1.582s] INFO:colcon.colcon_core.shell:Creating package script '/home/ksh/dobot_ws/install/yolo_pkg/share/yolo_pkg/package.ps1'
[1.582s] INFO:colcon.colcon_core.shell:Creating package descriptor '/home/ksh/dobot_ws/install/yolo_pkg/share/yolo_pkg/package.dsv'
[1.582s] INFO:colcon.colcon_core.shell:Creating package script '/home/ksh/dobot_ws/install/yolo_pkg/share/yolo_pkg/package.sh'
[1.583s] INFO:colcon.colcon_core.shell:Creating package script '/home/ksh/dobot_ws/install/yolo_pkg/share/yolo_pkg/package.bash'
[1.583s] INFO:colcon.colcon_core.shell:Creating package script '/home/ksh/dobot_ws/install/yolo_pkg/share/yolo_pkg/package.zsh'
[1.583s] Level 1:colcon.colcon_core.environment:create_file_with_runtime_dependencies(/home/ksh/dobot_ws/install/yolo_pkg/share/colcon-core/packages/yolo_pkg)
[1.583s] DEBUG:colcon.colcon_parallel_executor.executor.parallel:closing loop
[1.584s] DEBUG:colcon.colcon_parallel_executor.executor.parallel:loop closed
[1.584s] DEBUG:colcon.colcon_parallel_executor.executor.parallel:run_until_complete finished with '0'
[1.584s] DEBUG:colcon.colcon_core.event_reactor:joining thread
[1.588s] INFO:colcon.colcon_core.plugin_system:Skipping extension 'colcon_notification.desktop_notification.terminal_notifier': Not used on non-Darwin systems
[1.588s] INFO:colcon.colcon_core.plugin_system:Skipping extension 'colcon_notification.desktop_notification.win32': Not used on non-Windows systems
[1.588s] INFO:colcon.colcon_notification.desktop_notification:Sending desktop notification using 'notify2'
[1.596s] DEBUG:colcon.colcon_core.event_reactor:joined thread
[1.599s] INFO:colcon.colcon_core.shell:Creating prefix script '/home/ksh/dobot_ws/install/local_setup.ps1'
[1.600s] INFO:colcon.colcon_core.shell:Creating prefix util module '/home/ksh/dobot_ws/install/_local_setup_util_ps1.py'
[1.602s] INFO:colcon.colcon_core.shell:Creating prefix chain script '/home/ksh/dobot_ws/install/setup.ps1'
[1.604s] INFO:colcon.colcon_core.shell:Creating prefix script '/home/ksh/dobot_ws/install/local_setup.sh'
[1.604s] INFO:colcon.colcon_core.shell:Creating prefix util module '/home/ksh/dobot_ws/install/_local_setup_util_sh.py'
[1.605s] INFO:colcon.colcon_core.shell:Creating prefix chain script '/home/ksh/dobot_ws/install/setup.sh'
[1.607s] INFO:colcon.colcon_core.shell:Creating prefix script '/home/ksh/dobot_ws/install/local_setup.bash'
[1.607s] INFO:colcon.colcon_core.shell:Creating prefix chain script '/home/ksh/dobot_ws/install/setup.bash'
[1.609s] INFO:colcon.colcon_core.shell:Creating prefix script '/home/ksh/dobot_ws/install/local_setup.zsh'
[1.610s] INFO:colcon.colcon_core.shell:Creating prefix chain script '/home/ksh/dobot_ws/install/setup.zsh'
