[0.471s] Invoking command in '/home/gomi/aruco_ros2/src/aruco_pkg': PYTHONPATH=/home/gomi/aruco_ros2/build/aruco_pkg/prefix_override:/home/gomi/aruco_ros2/install/aruco_pkg/lib/python3.10/site-packages:${PYTHONPATH} /usr/bin/python3 setup.py egg_info --egg-base ../../build/aruco_pkg build --build-base /home/gomi/aruco_ros2/build/aruco_pkg/build install --record /home/gomi/aruco_ros2/build/aruco_pkg/install.log --single-version-externally-managed
[0.642s] running egg_info
[0.643s] writing ../../build/aruco_pkg/aruco_pkg.egg-info/PKG-INFO
[0.643s] writing dependency_links to ../../build/aruco_pkg/aruco_pkg.egg-info/dependency_links.txt
[0.643s] writing entry points to ../../build/aruco_pkg/aruco_pkg.egg-info/entry_points.txt
[0.643s] writing requirements to ../../build/aruco_pkg/aruco_pkg.egg-info/requires.txt
[0.643s] writing top-level names to ../../build/aruco_pkg/aruco_pkg.egg-info/top_level.txt
[0.645s] reading manifest file '../../build/aruco_pkg/aruco_pkg.egg-info/SOURCES.txt'
[0.646s] writing manifest file '../../build/aruco_pkg/aruco_pkg.egg-info/SOURCES.txt'
[0.646s] running build
[0.646s] running build_py
[0.646s] running install
[0.646s] /usr/lib/python3/dist-packages/setuptools/command/install.py:34: SetuptoolsDeprecationWarning: setup.py install is deprecated. Use build and pip and other standards-based tools.
[0.646s]   warnings.warn(
[0.646s] running install_lib
[0.647s] running install_data
[0.648s] creating /home/gomi/aruco_ros2/install/aruco_pkg/share/aruco_pkg/launch
[0.648s] copying launch/aruco_recognition.launch.py -> /home/gomi/aruco_ros2/install/aruco_pkg/share/aruco_pkg/launch
[0.648s] running install_egg_info
[0.649s] removing '/home/gomi/aruco_ros2/install/aruco_pkg/lib/python3.10/site-packages/aruco_pkg-0.0.0-py3.10.egg-info' (and everything under it)
[0.649s] Copying ../../build/aruco_pkg/aruco_pkg.egg-info to /home/gomi/aruco_ros2/install/aruco_pkg/lib/python3.10/site-packages/aruco_pkg-0.0.0-py3.10.egg-info
[0.649s] running install_scripts
[0.663s] Installing image_publisher script to /home/gomi/aruco_ros2/install/aruco_pkg/lib/aruco_pkg
[0.663s] Installing marker_4x4_recognition script to /home/gomi/aruco_ros2/install/aruco_pkg/lib/aruco_pkg
[0.663s] Installing marker_5x5_recognition script to /home/gomi/aruco_ros2/install/aruco_pkg/lib/aruco_pkg
[0.663s] Installing marker_6x6_recognition script to /home/gomi/aruco_ros2/install/aruco_pkg/lib/aruco_pkg
[0.663s] Installing marker_7x7_recognition script to /home/gomi/aruco_ros2/install/aruco_pkg/lib/aruco_pkg
[0.663s] writing list of installed files to '/home/gomi/aruco_ros2/build/aruco_pkg/install.log'
[0.682s] Invoked command in '/home/gomi/aruco_ros2/src/aruco_pkg' returned '0': PYTHONPATH=/home/gomi/aruco_ros2/build/aruco_pkg/prefix_override:/home/gomi/aruco_ros2/install/aruco_pkg/lib/python3.10/site-packages:${PYTHONPATH} /usr/bin/python3 setup.py egg_info --egg-base ../../build/aruco_pkg build --build-base /home/gomi/aruco_ros2/build/aruco_pkg/build install --record /home/gomi/aruco_ros2/build/aruco_pkg/install.log --single-version-externally-managed
