[0.014s] Invoking command in '/home/ksh/yolo_ws/build/yolo_inference': CMAKE_PREFIX_PATH=/opt/ros/humble /home/ksh/.local/bin/cmake /home/ksh/yolo_ws/src/yolo_inference -DCMAKE_INSTALL_PREFIX=/home/ksh/yolo_ws/install/yolo_inference
[0.054s] -- Found ament_cmake: 1.3.5 (/opt/ros/humble/share/ament_cmake/cmake)
[0.132s] -- Found std_msgs: 4.2.3 (/opt/ros/humble/share/std_msgs/cmake)
[0.152s] -- Found rosidl_generator_c: 3.1.5 (/opt/ros/humble/share/rosidl_generator_c/cmake)
[0.154s] -- Found rosidl_adapter: 3.1.5 (/opt/ros/humble/share/rosidl_adapter/cmake)
[0.158s] -- Found rosidl_generator_cpp: 3.1.5 (/opt/ros/humble/share/rosidl_generator_cpp/cmake)
[0.167s] -- Using all available rosidl_typesupport_c: rosidl_typesupport_fastrtps_c;rosidl_typesupport_introspection_c
[0.180s] -- Using all available rosidl_typesupport_cpp: rosidl_typesupport_fastrtps_cpp;rosidl_typesupport_introspection_cpp
[0.223s] -- Found rosidl_default_generators: 1.2.0 (/opt/ros/humble/share/rosidl_default_generators/cmake)
[0.382s] -- Found ament_cmake_ros: 0.10.0 (/opt/ros/humble/share/ament_cmake_ros/cmake)
[0.551s] -- Using all available rosidl_typesupport_c: rosidl_typesupport_fastrtps_c;rosidl_typesupport_introspection_c
[0.614s] -- Using all available rosidl_typesupport_cpp: rosidl_typesupport_fastrtps_cpp;rosidl_typesupport_introspection_cpp
[0.631s] -- Found PythonInterp: /usr/bin/python3 (found suitable version "3.10.6", minimum required is "3.6") 
[0.633s] -- Found python_cmake_module: 0.10.0 (/opt/ros/humble/share/python_cmake_module/cmake)
[0.658s] -- Found PythonLibs: /usr/lib/x86_64-linux-gnu/libpython3.10.so (found suitable version "3.10.6", minimum required is "3.5") 
[0.658s] -- Using PYTHON_EXECUTABLE: /usr/bin/python3
[0.658s] -- Using PYTHON_INCLUDE_DIRS: /usr/include/python3.10
[0.658s] -- Using PYTHON_LIBRARIES: /usr/lib/x86_64-linux-gnu/libpython3.10.so
[0.673s] -- Found PythonExtra: .so  
[0.725s] -- Found ament_lint_auto: 0.12.7 (/opt/ros/humble/share/ament_lint_auto/cmake)
[0.743s] -- Added test 'lint_cmake' to check CMake code style
[0.744s] -- Added test 'xmllint' to check XML markup files
[0.747s] -- Configuring done (0.7s)
[0.779s] -- Generating done (0.0s)
[0.781s] -- Build files have been written to: /home/ksh/yolo_ws/build/yolo_inference
[0.793s] Invoked command in '/home/ksh/yolo_ws/build/yolo_inference' returned '0': CMAKE_PREFIX_PATH=/opt/ros/humble /home/ksh/.local/bin/cmake /home/ksh/yolo_ws/src/yolo_inference -DCMAKE_INSTALL_PREFIX=/home/ksh/yolo_ws/install/yolo_inference
[0.794s] Invoking command in '/home/ksh/yolo_ws/build/yolo_inference': CMAKE_PREFIX_PATH=/opt/ros/humble /home/ksh/.local/bin/cmake --build /home/ksh/yolo_ws/build/yolo_inference -- -j8 -l8
[0.842s] [  2%] [34m[1mGenerating C code for ROS interfaces[0m
[0.845s] [  5%] [34m[1mGenerating C++ code for ROS interfaces[0m
[0.846s] [  5%] Built target ament_cmake_python_copy_yolo_inference
[1.051s] [  5%] Built target yolo_inference__cpp
[1.054s] [ 10%] [34m[1mGenerating C++ type support for eProsima Fast-RTPS[0m
[1.054s] [ 10%] [34m[1mGenerating C++ type support dispatch for ROS interfaces[0m
[1.055s] running egg_info
[1.055s] [ 12%] [34m[1mGenerating C++ introspection for ROS interfaces[0m
[1.056s] creating yolo_inference.egg-info
[1.056s] writing yolo_inference.egg-info/PKG-INFO
[1.056s] writing dependency_links to yolo_inference.egg-info/dependency_links.txt
[1.056s] writing top-level names to yolo_inference.egg-info/top_level.txt
[1.056s] writing manifest file 'yolo_inference.egg-info/SOURCES.txt'
[1.059s] reading manifest file 'yolo_inference.egg-info/SOURCES.txt'
[1.060s] writing manifest file 'yolo_inference.egg-info/SOURCES.txt'
[1.070s] [ 17%] [32mBuilding C object CMakeFiles/yolo_inference__rosidl_generator_c.dir/rosidl_generator_c/yolo_inference/msg/detail/inference_result__functions.c.o[0m
[1.070s] [ 17%] [32mBuilding C object CMakeFiles/yolo_inference__rosidl_generator_c.dir/rosidl_generator_c/yolo_inference/msg/detail/yolov8_inference__functions.c.o[0m
[1.085s] [ 17%] Built target ament_cmake_python_build_yolo_inference_egg
[1.128s] [ 20%] [32m[1mLinking C shared library libyolo_inference__rosidl_generator_c.so[0m
[1.147s] [ 20%] Built target yolo_inference__rosidl_generator_c
[1.151s] [ 23%] [34m[1mGenerating C type support dispatch for ROS interfaces[0m
[1.151s] [ 28%] [34m[1mGenerating C introspection for ROS interfaces[0m
[1.152s] [ 28%] [34m[1mGenerating C type support for eProsima Fast-RTPS[0m
[1.265s] [ 33%] [32mBuilding CXX object CMakeFiles/yolo_inference__rosidl_typesupport_cpp.dir/rosidl_typesupport_cpp/yolo_inference/msg/yolov8_inference__type_support.cpp.o[0m
[1.265s] [ 33%] [32mBuilding CXX object CMakeFiles/yolo_inference__rosidl_typesupport_cpp.dir/rosidl_typesupport_cpp/yolo_inference/msg/inference_result__type_support.cpp.o[0m
[1.278s] [ 38%] [32mBuilding CXX object CMakeFiles/yolo_inference__rosidl_typesupport_fastrtps_cpp.dir/rosidl_typesupport_fastrtps_cpp/yolo_inference/msg/detail/dds_fastrtps/inference_result__type_support.cpp.o[0m
[1.278s] [ 38%] [32mBuilding CXX object CMakeFiles/yolo_inference__rosidl_typesupport_fastrtps_cpp.dir/rosidl_typesupport_fastrtps_cpp/yolo_inference/msg/detail/dds_fastrtps/yolov8_inference__type_support.cpp.o[0m
[1.396s] [ 41%] [32mBuilding CXX object CMakeFiles/yolo_inference__rosidl_typesupport_introspection_cpp.dir/rosidl_typesupport_introspection_cpp/yolo_inference/msg/detail/inference_result__type_support.cpp.o[0m
[1.463s] [ 43%] [32mBuilding CXX object CMakeFiles/yolo_inference__rosidl_typesupport_c.dir/rosidl_typesupport_c/yolo_inference/msg/inference_result__type_support.cpp.o[0m
[1.496s] [ 46%] [32mBuilding CXX object CMakeFiles/yolo_inference__rosidl_typesupport_c.dir/rosidl_typesupport_c/yolo_inference/msg/yolov8_inference__type_support.cpp.o[0m
[1.512s] [ 48%] [32mBuilding CXX object CMakeFiles/yolo_inference__rosidl_typesupport_fastrtps_c.dir/rosidl_typesupport_fastrtps_c/yolo_inference/msg/detail/inference_result__type_support_c.cpp.o[0m
[1.523s] [ 51%] [32mBuilding C object CMakeFiles/yolo_inference__rosidl_typesupport_introspection_c.dir/rosidl_typesupport_introspection_c/yolo_inference/msg/detail/inference_result__type_support.c.o[0m
[1.523s] [ 53%] [32m[1mLinking CXX shared library libyolo_inference__rosidl_typesupport_c.so[0m
[1.564s] [ 53%] Built target yolo_inference__rosidl_typesupport_c
[1.568s] [ 56%] [32mBuilding C object CMakeFiles/yolo_inference__rosidl_typesupport_introspection_c.dir/rosidl_typesupport_introspection_c/yolo_inference/msg/detail/yolov8_inference__type_support.c.o[0m
[1.575s] [ 58%] [32mBuilding CXX object CMakeFiles/yolo_inference__rosidl_typesupport_fastrtps_c.dir/rosidl_typesupport_fastrtps_c/yolo_inference/msg/detail/yolov8_inference__type_support_c.cpp.o[0m
[1.594s] [ 61%] [32mBuilding CXX object CMakeFiles/yolo_inference__rosidl_typesupport_introspection_cpp.dir/rosidl_typesupport_introspection_cpp/yolo_inference/msg/detail/yolov8_inference__type_support.cpp.o[0m
[1.600s] [ 64%] [32m[1mLinking CXX shared library libyolo_inference__rosidl_typesupport_cpp.so[0m
[1.614s] [ 66%] [32m[1mLinking C shared library libyolo_inference__rosidl_typesupport_introspection_c.so[0m
[1.634s] [ 66%] Built target yolo_inference__rosidl_typesupport_cpp
[1.635s] [ 66%] Built target yolo_inference__rosidl_typesupport_introspection_c
[1.766s] [ 69%] [32m[1mLinking CXX shared library libyolo_inference__rosidl_typesupport_fastrtps_cpp.so[0m
[1.826s] [ 69%] Built target yolo_inference__rosidl_typesupport_fastrtps_cpp
[1.908s] [ 71%] [32m[1mLinking CXX shared library libyolo_inference__rosidl_typesupport_fastrtps_c.so[0m
[1.961s] [ 71%] Built target yolo_inference__rosidl_typesupport_fastrtps_c
[1.962s] [ 74%] [32m[1mLinking CXX shared library libyolo_inference__rosidl_typesupport_introspection_cpp.so[0m
[2.006s] [ 74%] Built target yolo_inference__rosidl_typesupport_introspection_cpp
[2.012s] [ 74%] Built target yolo_inference
[2.018s] [ 76%] [34m[1mGenerating Python code for ROS interfaces[0m
[2.268s] [ 76%] Built target yolo_inference__py
[2.274s] [ 79%] [32mBuilding C object CMakeFiles/yolo_inference__rosidl_generator_py.dir/rosidl_generator_py/yolo_inference/msg/_inference_result_s.c.o[0m
[2.274s] [ 82%] [32mBuilding C object CMakeFiles/yolo_inference__rosidl_generator_py.dir/rosidl_generator_py/yolo_inference/msg/_yolov8_inference_s.c.o[0m
[2.365s] [ 84%] [32m[1mLinking C shared library rosidl_generator_py/yolo_inference/libyolo_inference__rosidl_generator_py.so[0m
[2.385s] [ 84%] Built target yolo_inference__rosidl_generator_py
[2.391s] [ 87%] [32mBuilding C object CMakeFiles/yolo_inference__rosidl_typesupport_fastrtps_c__pyext.dir/rosidl_generator_py/yolo_inference/_yolo_inference_s.ep.rosidl_typesupport_fastrtps_c.c.o[0m
[2.391s] [ 89%] [32mBuilding C object CMakeFiles/yolo_inference__rosidl_typesupport_introspection_c__pyext.dir/rosidl_generator_py/yolo_inference/_yolo_inference_s.ep.rosidl_typesupport_introspection_c.c.o[0m
[2.391s] [ 92%] [32mBuilding C object CMakeFiles/yolo_inference__rosidl_typesupport_c__pyext.dir/rosidl_generator_py/yolo_inference/_yolo_inference_s.ep.rosidl_typesupport_c.c.o[0m
[2.457s] [100%] [32m[1mLinking C shared library rosidl_generator_py/yolo_inference/yolo_inference_s__rosidl_typesupport_c.cpython-310-x86_64-linux-gnu.so[0m
[2.457s] [100%] [32m[1mLinking C shared library rosidl_generator_py/yolo_inference/yolo_inference_s__rosidl_typesupport_introspection_c.cpython-310-x86_64-linux-gnu.so[0m
[2.457s] [100%] [32m[1mLinking C shared library rosidl_generator_py/yolo_inference/yolo_inference_s__rosidl_typesupport_fastrtps_c.cpython-310-x86_64-linux-gnu.so[0m
[2.475s] [100%] Built target yolo_inference__rosidl_typesupport_c__pyext
[2.475s] [100%] Built target yolo_inference__rosidl_typesupport_fastrtps_c__pyext
[2.475s] [100%] Built target yolo_inference__rosidl_typesupport_introspection_c__pyext
[2.486s] Invoked command in '/home/ksh/yolo_ws/build/yolo_inference' returned '0': CMAKE_PREFIX_PATH=/opt/ros/humble /home/ksh/.local/bin/cmake --build /home/ksh/yolo_ws/build/yolo_inference -- -j8 -l8
[2.616s] Invoking command in '/home/ksh/yolo_ws/build/yolo_inference': CMAKE_PREFIX_PATH=/opt/ros/humble /home/ksh/.local/bin/cmake --install /home/ksh/yolo_ws/build/yolo_inference
[2.652s] -- Install configuration: ""
[2.652s] -- Installing: /home/ksh/yolo_ws/install/yolo_inference/share/ament_index/resource_index/rosidl_interfaces/yolo_inference
[2.653s] -- Installing: /home/ksh/yolo_ws/install/yolo_inference/include/yolo_inference/yolo_inference
[2.653s] -- Installing: /home/ksh/yolo_ws/install/yolo_inference/include/yolo_inference/yolo_inference/msg
[2.653s] -- Installing: /home/ksh/yolo_ws/install/yolo_inference/include/yolo_inference/yolo_inference/msg/inference_result.h
[2.653s] -- Installing: /home/ksh/yolo_ws/install/yolo_inference/include/yolo_inference/yolo_inference/msg/yolov8_inference.h
[2.653s] -- Installing: /home/ksh/yolo_ws/install/yolo_inference/include/yolo_inference/yolo_inference/msg/rosidl_generator_c__visibility_control.h
[2.653s] -- Installing: /home/ksh/yolo_ws/install/yolo_inference/include/yolo_inference/yolo_inference/msg/detail
[2.653s] -- Installing: /home/ksh/yolo_ws/install/yolo_inference/include/yolo_inference/yolo_inference/msg/detail/yolov8_inference__type_support.h
[2.653s] -- Installing: /home/ksh/yolo_ws/install/yolo_inference/include/yolo_inference/yolo_inference/msg/detail/inference_result__functions.h
[2.653s] -- Installing: /home/ksh/yolo_ws/install/yolo_inference/include/yolo_inference/yolo_inference/msg/detail/inference_result__struct.h
[2.653s] -- Installing: /home/ksh/yolo_ws/install/yolo_inference/include/yolo_inference/yolo_inference/msg/detail/inference_result__functions.c
[2.653s] -- Installing: /home/ksh/yolo_ws/install/yolo_inference/include/yolo_inference/yolo_inference/msg/detail/yolov8_inference__struct.h
[2.653s] -- Installing: /home/ksh/yolo_ws/install/yolo_inference/include/yolo_inference/yolo_inference/msg/detail/inference_result__type_support.h
[2.653s] -- Installing: /home/ksh/yolo_ws/install/yolo_inference/include/yolo_inference/yolo_inference/msg/detail/yolov8_inference__functions.h
[2.653s] -- Installing: /home/ksh/yolo_ws/install/yolo_inference/include/yolo_inference/yolo_inference/msg/detail/yolov8_inference__functions.c
[2.653s] -- Installing: /home/ksh/yolo_ws/install/yolo_inference/share/yolo_inference/environment/library_path.sh
[2.653s] -- Installing: /home/ksh/yolo_ws/install/yolo_inference/share/yolo_inference/environment/library_path.dsv
[2.653s] -- Installing: /home/ksh/yolo_ws/install/yolo_inference/lib/libyolo_inference__rosidl_generator_c.so
[2.653s] -- Set runtime path of "/home/ksh/yolo_ws/install/yolo_inference/lib/libyolo_inference__rosidl_generator_c.so" to ""
[2.654s] -- Up-to-date: /home/ksh/yolo_ws/install/yolo_inference/include/yolo_inference/yolo_inference
[2.654s] -- Up-to-date: /home/ksh/yolo_ws/install/yolo_inference/include/yolo_inference/yolo_inference/msg
[2.654s] -- Installing: /home/ksh/yolo_ws/install/yolo_inference/include/yolo_inference/yolo_inference/msg/rosidl_typesupport_fastrtps_c__visibility_control.h
[2.654s] -- Up-to-date: /home/ksh/yolo_ws/install/yolo_inference/include/yolo_inference/yolo_inference/msg/detail
[2.654s] -- Installing: /home/ksh/yolo_ws/install/yolo_inference/include/yolo_inference/yolo_inference/msg/detail/yolov8_inference__rosidl_typesupport_fastrtps_c.h
[2.654s] -- Installing: /home/ksh/yolo_ws/install/yolo_inference/include/yolo_inference/yolo_inference/msg/detail/inference_result__rosidl_typesupport_fastrtps_c.h
[2.654s] -- Installing: /home/ksh/yolo_ws/install/yolo_inference/lib/libyolo_inference__rosidl_typesupport_fastrtps_c.so
[2.654s] -- Set runtime path of "/home/ksh/yolo_ws/install/yolo_inference/lib/libyolo_inference__rosidl_typesupport_fastrtps_c.so" to ""
[2.654s] -- Up-to-date: /home/ksh/yolo_ws/install/yolo_inference/include/yolo_inference/yolo_inference
[2.654s] -- Up-to-date: /home/ksh/yolo_ws/install/yolo_inference/include/yolo_inference/yolo_inference/msg
[2.654s] -- Installing: /home/ksh/yolo_ws/install/yolo_inference/include/yolo_inference/yolo_inference/msg/inference_result.hpp
[2.654s] -- Installing: /home/ksh/yolo_ws/install/yolo_inference/include/yolo_inference/yolo_inference/msg/yolov8_inference.hpp
[2.654s] -- Up-to-date: /home/ksh/yolo_ws/install/yolo_inference/include/yolo_inference/yolo_inference/msg/detail
[2.654s] -- Installing: /home/ksh/yolo_ws/install/yolo_inference/include/yolo_inference/yolo_inference/msg/detail/yolov8_inference__traits.hpp
[2.654s] -- Installing: /home/ksh/yolo_ws/install/yolo_inference/include/yolo_inference/yolo_inference/msg/detail/inference_result__builder.hpp
[2.654s] -- Installing: /home/ksh/yolo_ws/install/yolo_inference/include/yolo_inference/yolo_inference/msg/detail/yolov8_inference__struct.hpp
[2.654s] -- Installing: /home/ksh/yolo_ws/install/yolo_inference/include/yolo_inference/yolo_inference/msg/detail/yolov8_inference__builder.hpp
[2.654s] -- Installing: /home/ksh/yolo_ws/install/yolo_inference/include/yolo_inference/yolo_inference/msg/detail/inference_result__struct.hpp
[2.654s] -- Installing: /home/ksh/yolo_ws/install/yolo_inference/include/yolo_inference/yolo_inference/msg/detail/inference_result__traits.hpp
[2.654s] -- Up-to-date: /home/ksh/yolo_ws/install/yolo_inference/include/yolo_inference/yolo_inference
[2.654s] -- Up-to-date: /home/ksh/yolo_ws/install/yolo_inference/include/yolo_inference/yolo_inference/msg
[2.655s] -- Installing: /home/ksh/yolo_ws/install/yolo_inference/include/yolo_inference/yolo_inference/msg/rosidl_typesupport_fastrtps_cpp__visibility_control.h
[2.655s] -- Up-to-date: /home/ksh/yolo_ws/install/yolo_inference/include/yolo_inference/yolo_inference/msg/detail
[2.655s] -- Installing: /home/ksh/yolo_ws/install/yolo_inference/include/yolo_inference/yolo_inference/msg/detail/dds_fastrtps
[2.655s] -- Installing: /home/ksh/yolo_ws/install/yolo_inference/include/yolo_inference/yolo_inference/msg/detail/yolov8_inference__rosidl_typesupport_fastrtps_cpp.hpp
[2.655s] -- Installing: /home/ksh/yolo_ws/install/yolo_inference/include/yolo_inference/yolo_inference/msg/detail/inference_result__rosidl_typesupport_fastrtps_cpp.hpp
[2.655s] -- Installing: /home/ksh/yolo_ws/install/yolo_inference/lib/libyolo_inference__rosidl_typesupport_fastrtps_cpp.so
[2.655s] -- Set runtime path of "/home/ksh/yolo_ws/install/yolo_inference/lib/libyolo_inference__rosidl_typesupport_fastrtps_cpp.so" to ""
[2.655s] -- Up-to-date: /home/ksh/yolo_ws/install/yolo_inference/include/yolo_inference/yolo_inference
[2.655s] -- Up-to-date: /home/ksh/yolo_ws/install/yolo_inference/include/yolo_inference/yolo_inference/msg
[2.655s] -- Installing: /home/ksh/yolo_ws/install/yolo_inference/include/yolo_inference/yolo_inference/msg/rosidl_typesupport_introspection_c__visibility_control.h
[2.655s] -- Up-to-date: /home/ksh/yolo_ws/install/yolo_inference/include/yolo_inference/yolo_inference/msg/detail
[2.655s] -- Installing: /home/ksh/yolo_ws/install/yolo_inference/include/yolo_inference/yolo_inference/msg/detail/inference_result__rosidl_typesupport_introspection_c.h
[2.655s] -- Installing: /home/ksh/yolo_ws/install/yolo_inference/include/yolo_inference/yolo_inference/msg/detail/yolov8_inference__rosidl_typesupport_introspection_c.h
[2.655s] -- Installing: /home/ksh/yolo_ws/install/yolo_inference/include/yolo_inference/yolo_inference/msg/detail/yolov8_inference__type_support.c
[2.655s] -- Installing: /home/ksh/yolo_ws/install/yolo_inference/include/yolo_inference/yolo_inference/msg/detail/inference_result__type_support.c
[2.655s] -- Installing: /home/ksh/yolo_ws/install/yolo_inference/lib/libyolo_inference__rosidl_typesupport_introspection_c.so
[2.655s] -- Set runtime path of "/home/ksh/yolo_ws/install/yolo_inference/lib/libyolo_inference__rosidl_typesupport_introspection_c.so" to ""
[2.655s] -- Installing: /home/ksh/yolo_ws/install/yolo_inference/lib/libyolo_inference__rosidl_typesupport_c.so
[2.655s] -- Set runtime path of "/home/ksh/yolo_ws/install/yolo_inference/lib/libyolo_inference__rosidl_typesupport_c.so" to ""
[2.655s] -- Up-to-date: /home/ksh/yolo_ws/install/yolo_inference/include/yolo_inference/yolo_inference
[2.656s] -- Up-to-date: /home/ksh/yolo_ws/install/yolo_inference/include/yolo_inference/yolo_inference/msg
[2.656s] -- Up-to-date: /home/ksh/yolo_ws/install/yolo_inference/include/yolo_inference/yolo_inference/msg/detail
[2.656s] -- Installing: /home/ksh/yolo_ws/install/yolo_inference/include/yolo_inference/yolo_inference/msg/detail/yolov8_inference__rosidl_typesupport_introspection_cpp.hpp
[2.656s] -- Installing: /home/ksh/yolo_ws/install/yolo_inference/include/yolo_inference/yolo_inference/msg/detail/inference_result__type_support.cpp
[2.656s] -- Installing: /home/ksh/yolo_ws/install/yolo_inference/include/yolo_inference/yolo_inference/msg/detail/yolov8_inference__type_support.cpp
[2.656s] -- Installing: /home/ksh/yolo_ws/install/yolo_inference/include/yolo_inference/yolo_inference/msg/detail/inference_result__rosidl_typesupport_introspection_cpp.hpp
[2.656s] -- Installing: /home/ksh/yolo_ws/install/yolo_inference/lib/libyolo_inference__rosidl_typesupport_introspection_cpp.so
[2.656s] -- Set runtime path of "/home/ksh/yolo_ws/install/yolo_inference/lib/libyolo_inference__rosidl_typesupport_introspection_cpp.so" to ""
[2.656s] -- Installing: /home/ksh/yolo_ws/install/yolo_inference/lib/libyolo_inference__rosidl_typesupport_cpp.so
[2.656s] -- Set runtime path of "/home/ksh/yolo_ws/install/yolo_inference/lib/libyolo_inference__rosidl_typesupport_cpp.so" to ""
[2.656s] -- Installing: /home/ksh/yolo_ws/install/yolo_inference/share/yolo_inference/environment/pythonpath.sh
[2.656s] -- Installing: /home/ksh/yolo_ws/install/yolo_inference/share/yolo_inference/environment/pythonpath.dsv
[2.656s] -- Installing: /home/ksh/yolo_ws/install/yolo_inference/local/lib/python3.10/dist-packages/yolo_inference-0.0.0-py3.10.egg-info
[2.656s] -- Installing: /home/ksh/yolo_ws/install/yolo_inference/local/lib/python3.10/dist-packages/yolo_inference-0.0.0-py3.10.egg-info/PKG-INFO
[2.656s] -- Installing: /home/ksh/yolo_ws/install/yolo_inference/local/lib/python3.10/dist-packages/yolo_inference-0.0.0-py3.10.egg-info/top_level.txt
[2.656s] -- Installing: /home/ksh/yolo_ws/install/yolo_inference/local/lib/python3.10/dist-packages/yolo_inference-0.0.0-py3.10.egg-info/SOURCES.txt
[2.656s] -- Installing: /home/ksh/yolo_ws/install/yolo_inference/local/lib/python3.10/dist-packages/yolo_inference-0.0.0-py3.10.egg-info/dependency_links.txt
[2.657s] -- Installing: /home/ksh/yolo_ws/install/yolo_inference/local/lib/python3.10/dist-packages/yolo_inference
[2.657s] -- Installing: /home/ksh/yolo_ws/install/yolo_inference/local/lib/python3.10/dist-packages/yolo_inference/_yolo_inference_s.ep.rosidl_typesupport_fastrtps_c.c
[2.657s] -- Installing: /home/ksh/yolo_ws/install/yolo_inference/local/lib/python3.10/dist-packages/yolo_inference/__init__.py
[2.657s] -- Installing: /home/ksh/yolo_ws/install/yolo_inference/local/lib/python3.10/dist-packages/yolo_inference/_yolo_inference_s.ep.rosidl_typesupport_introspection_c.c
[2.657s] -- Installing: /home/ksh/yolo_ws/install/yolo_inference/local/lib/python3.10/dist-packages/yolo_inference/yolo_inference_s__rosidl_typesupport_c.cpython-310-x86_64-linux-gnu.so
[2.657s] -- Installing: /home/ksh/yolo_ws/install/yolo_inference/local/lib/python3.10/dist-packages/yolo_inference/libyolo_inference__rosidl_generator_py.so
[2.657s] -- Installing: /home/ksh/yolo_ws/install/yolo_inference/local/lib/python3.10/dist-packages/yolo_inference/msg
[2.657s] -- Installing: /home/ksh/yolo_ws/install/yolo_inference/local/lib/python3.10/dist-packages/yolo_inference/msg/__init__.py
[2.657s] -- Installing: /home/ksh/yolo_ws/install/yolo_inference/local/lib/python3.10/dist-packages/yolo_inference/msg/_yolov8_inference.py
[2.657s] -- Installing: /home/ksh/yolo_ws/install/yolo_inference/local/lib/python3.10/dist-packages/yolo_inference/msg/_inference_result_s.c
[2.657s] -- Installing: /home/ksh/yolo_ws/install/yolo_inference/local/lib/python3.10/dist-packages/yolo_inference/msg/_yolov8_inference_s.c
[2.657s] -- Installing: /home/ksh/yolo_ws/install/yolo_inference/local/lib/python3.10/dist-packages/yolo_inference/msg/_inference_result.py
[2.657s] -- Installing: /home/ksh/yolo_ws/install/yolo_inference/local/lib/python3.10/dist-packages/yolo_inference/_yolo_inference_s.ep.rosidl_typesupport_c.c
[2.657s] -- Installing: /home/ksh/yolo_ws/install/yolo_inference/local/lib/python3.10/dist-packages/yolo_inference/yolo_inference_s__rosidl_typesupport_fastrtps_c.cpython-310-x86_64-linux-gnu.so
[2.657s] -- Installing: /home/ksh/yolo_ws/install/yolo_inference/local/lib/python3.10/dist-packages/yolo_inference/yolo_inference_s__rosidl_typesupport_introspection_c.cpython-310-x86_64-linux-gnu.so
[2.681s] Listing '/home/ksh/yolo_ws/install/yolo_inference/local/lib/python3.10/dist-packages/yolo_inference'...
[2.681s] Compiling '/home/ksh/yolo_ws/install/yolo_inference/local/lib/python3.10/dist-packages/yolo_inference/__init__.py'...
[2.681s] Listing '/home/ksh/yolo_ws/install/yolo_inference/local/lib/python3.10/dist-packages/yolo_inference/msg'...
[2.681s] Compiling '/home/ksh/yolo_ws/install/yolo_inference/local/lib/python3.10/dist-packages/yolo_inference/msg/__init__.py'...
[2.681s] Compiling '/home/ksh/yolo_ws/install/yolo_inference/local/lib/python3.10/dist-packages/yolo_inference/msg/_inference_result.py'...
[2.681s] Compiling '/home/ksh/yolo_ws/install/yolo_inference/local/lib/python3.10/dist-packages/yolo_inference/msg/_yolov8_inference.py'...
[2.684s] -- Installing: /home/ksh/yolo_ws/install/yolo_inference/local/lib/python3.10/dist-packages/yolo_inference/yolo_inference_s__rosidl_typesupport_fastrtps_c.cpython-310-x86_64-linux-gnu.so
[2.684s] -- Set runtime path of "/home/ksh/yolo_ws/install/yolo_inference/local/lib/python3.10/dist-packages/yolo_inference/yolo_inference_s__rosidl_typesupport_fastrtps_c.cpython-310-x86_64-linux-gnu.so" to ""
[2.684s] -- Installing: /home/ksh/yolo_ws/install/yolo_inference/local/lib/python3.10/dist-packages/yolo_inference/yolo_inference_s__rosidl_typesupport_introspection_c.cpython-310-x86_64-linux-gnu.so
[2.684s] -- Set runtime path of "/home/ksh/yolo_ws/install/yolo_inference/local/lib/python3.10/dist-packages/yolo_inference/yolo_inference_s__rosidl_typesupport_introspection_c.cpython-310-x86_64-linux-gnu.so" to ""
[2.685s] -- Installing: /home/ksh/yolo_ws/install/yolo_inference/local/lib/python3.10/dist-packages/yolo_inference/yolo_inference_s__rosidl_typesupport_c.cpython-310-x86_64-linux-gnu.so
[2.685s] -- Set runtime path of "/home/ksh/yolo_ws/install/yolo_inference/local/lib/python3.10/dist-packages/yolo_inference/yolo_inference_s__rosidl_typesupport_c.cpython-310-x86_64-linux-gnu.so" to ""
[2.685s] -- Installing: /home/ksh/yolo_ws/install/yolo_inference/lib/libyolo_inference__rosidl_generator_py.so
[2.685s] -- Set runtime path of "/home/ksh/yolo_ws/install/yolo_inference/lib/libyolo_inference__rosidl_generator_py.so" to ""
[2.685s] -- Installing: /home/ksh/yolo_ws/install/yolo_inference/share/yolo_inference/msg/InferenceResult.idl
[2.685s] -- Installing: /home/ksh/yolo_ws/install/yolo_inference/share/yolo_inference/msg/Yolov8Inference.idl
[2.685s] -- Installing: /home/ksh/yolo_ws/install/yolo_inference/share/yolo_inference/msg/InferenceResult.msg
[2.685s] -- Installing: /home/ksh/yolo_ws/install/yolo_inference/share/yolo_inference/msg/Yolov8Inference.msg
[2.685s] -- Installing: /home/ksh/yolo_ws/install/yolo_inference/share/ament_index/resource_index/package_run_dependencies/yolo_inference
[2.685s] -- Installing: /home/ksh/yolo_ws/install/yolo_inference/share/ament_index/resource_index/parent_prefix_path/yolo_inference
[2.685s] -- Installing: /home/ksh/yolo_ws/install/yolo_inference/share/yolo_inference/environment/ament_prefix_path.sh
[2.685s] -- Installing: /home/ksh/yolo_ws/install/yolo_inference/share/yolo_inference/environment/ament_prefix_path.dsv
[2.685s] -- Installing: /home/ksh/yolo_ws/install/yolo_inference/share/yolo_inference/environment/path.sh
[2.686s] -- Installing: /home/ksh/yolo_ws/install/yolo_inference/share/yolo_inference/environment/path.dsv
[2.686s] -- Installing: /home/ksh/yolo_ws/install/yolo_inference/share/yolo_inference/local_setup.bash
[2.686s] -- Installing: /home/ksh/yolo_ws/install/yolo_inference/share/yolo_inference/local_setup.sh
[2.686s] -- Installing: /home/ksh/yolo_ws/install/yolo_inference/share/yolo_inference/local_setup.zsh
[2.686s] -- Installing: /home/ksh/yolo_ws/install/yolo_inference/share/yolo_inference/local_setup.dsv
[2.686s] -- Installing: /home/ksh/yolo_ws/install/yolo_inference/share/yolo_inference/package.dsv
[2.686s] -- Installing: /home/ksh/yolo_ws/install/yolo_inference/share/ament_index/resource_index/packages/yolo_inference
[2.686s] -- Installing: /home/ksh/yolo_ws/install/yolo_inference/share/yolo_inference/cmake/export_yolo_inference__rosidl_generator_cExport.cmake
[2.686s] -- Installing: /home/ksh/yolo_ws/install/yolo_inference/share/yolo_inference/cmake/export_yolo_inference__rosidl_generator_cExport-noconfig.cmake
[2.686s] -- Installing: /home/ksh/yolo_ws/install/yolo_inference/share/yolo_inference/cmake/export_yolo_inference__rosidl_typesupport_fastrtps_cExport.cmake
[2.686s] -- Installing: /home/ksh/yolo_ws/install/yolo_inference/share/yolo_inference/cmake/export_yolo_inference__rosidl_typesupport_fastrtps_cExport-noconfig.cmake
[2.686s] -- Installing: /home/ksh/yolo_ws/install/yolo_inference/share/yolo_inference/cmake/export_yolo_inference__rosidl_generator_cppExport.cmake
[2.686s] -- Installing: /home/ksh/yolo_ws/install/yolo_inference/share/yolo_inference/cmake/export_yolo_inference__rosidl_typesupport_fastrtps_cppExport.cmake
[2.686s] -- Installing: /home/ksh/yolo_ws/install/yolo_inference/share/yolo_inference/cmake/export_yolo_inference__rosidl_typesupport_fastrtps_cppExport-noconfig.cmake
[2.686s] -- Installing: /home/ksh/yolo_ws/install/yolo_inference/share/yolo_inference/cmake/yolo_inference__rosidl_typesupport_introspection_cExport.cmake
[2.687s] -- Installing: /home/ksh/yolo_ws/install/yolo_inference/share/yolo_inference/cmake/yolo_inference__rosidl_typesupport_introspection_cExport-noconfig.cmake
[2.687s] -- Installing: /home/ksh/yolo_ws/install/yolo_inference/share/yolo_inference/cmake/yolo_inference__rosidl_typesupport_cExport.cmake
[2.687s] -- Installing: /home/ksh/yolo_ws/install/yolo_inference/share/yolo_inference/cmake/yolo_inference__rosidl_typesupport_cExport-noconfig.cmake
[2.687s] -- Installing: /home/ksh/yolo_ws/install/yolo_inference/share/yolo_inference/cmake/yolo_inference__rosidl_typesupport_introspection_cppExport.cmake
[2.687s] -- Installing: /home/ksh/yolo_ws/install/yolo_inference/share/yolo_inference/cmake/yolo_inference__rosidl_typesupport_introspection_cppExport-noconfig.cmake
[2.687s] -- Installing: /home/ksh/yolo_ws/install/yolo_inference/share/yolo_inference/cmake/yolo_inference__rosidl_typesupport_cppExport.cmake
[2.687s] -- Installing: /home/ksh/yolo_ws/install/yolo_inference/share/yolo_inference/cmake/yolo_inference__rosidl_typesupport_cppExport-noconfig.cmake
[2.687s] -- Installing: /home/ksh/yolo_ws/install/yolo_inference/share/yolo_inference/cmake/export_yolo_inference__rosidl_generator_pyExport.cmake
[2.687s] -- Installing: /home/ksh/yolo_ws/install/yolo_inference/share/yolo_inference/cmake/export_yolo_inference__rosidl_generator_pyExport-noconfig.cmake
[2.687s] -- Installing: /home/ksh/yolo_ws/install/yolo_inference/share/yolo_inference/cmake/rosidl_cmake-extras.cmake
[2.687s] -- Installing: /home/ksh/yolo_ws/install/yolo_inference/share/yolo_inference/cmake/ament_cmake_export_dependencies-extras.cmake
[2.687s] -- Installing: /home/ksh/yolo_ws/install/yolo_inference/share/yolo_inference/cmake/ament_cmake_export_include_directories-extras.cmake
[2.687s] -- Installing: /home/ksh/yolo_ws/install/yolo_inference/share/yolo_inference/cmake/ament_cmake_export_libraries-extras.cmake
[2.687s] -- Installing: /home/ksh/yolo_ws/install/yolo_inference/share/yolo_inference/cmake/ament_cmake_export_targets-extras.cmake
[2.687s] -- Installing: /home/ksh/yolo_ws/install/yolo_inference/share/yolo_inference/cmake/rosidl_cmake_export_typesupport_targets-extras.cmake
[2.688s] -- Installing: /home/ksh/yolo_ws/install/yolo_inference/share/yolo_inference/cmake/rosidl_cmake_export_typesupport_libraries-extras.cmake
[2.688s] -- Installing: /home/ksh/yolo_ws/install/yolo_inference/share/yolo_inference/cmake/yolo_inferenceConfig.cmake
[2.688s] -- Installing: /home/ksh/yolo_ws/install/yolo_inference/share/yolo_inference/cmake/yolo_inferenceConfig-version.cmake
[2.688s] -- Installing: /home/ksh/yolo_ws/install/yolo_inference/share/yolo_inference/package.xml
[2.697s] Invoked command in '/home/ksh/yolo_ws/build/yolo_inference' returned '0': CMAKE_PREFIX_PATH=/opt/ros/humble /home/ksh/.local/bin/cmake --install /home/ksh/yolo_ws/build/yolo_inference
