[0.510s] Invoking command in '/home/gomi/aruco_ros2/src/aruco_pkg': PYTHONPATH=/home/gomi/aruco_ros2/build/aruco_pkg/prefix_override:/home/gomi/aruco_ros2/install/aruco_pkg/lib/python3.10/site-packages:${PYTHONPATH} /usr/bin/python3 setup.py egg_info --egg-base ../../build/aruco_pkg build --build-base /home/gomi/aruco_ros2/build/aruco_pkg/build install --record /home/gomi/aruco_ros2/build/aruco_pkg/install.log --single-version-externally-managed
[0.696s] running egg_info
[0.696s] writing ../../build/aruco_pkg/aruco_pkg.egg-info/PKG-INFO
[0.696s] writing dependency_links to ../../build/aruco_pkg/aruco_pkg.egg-info/dependency_links.txt
[0.697s] writing entry points to ../../build/aruco_pkg/aruco_pkg.egg-info/entry_points.txt
[0.697s] writing requirements to ../../build/aruco_pkg/aruco_pkg.egg-info/requires.txt
[0.697s] writing top-level names to ../../build/aruco_pkg/aruco_pkg.egg-info/top_level.txt
[0.698s] reading manifest file '../../build/aruco_pkg/aruco_pkg.egg-info/SOURCES.txt'
[0.705s] writing manifest file '../../build/aruco_pkg/aruco_pkg.egg-info/SOURCES.txt'
[0.705s] running build
[0.705s] running build_py
[0.705s] copying aruco_pkg/calibration.py -> /home/gomi/aruco_ros2/build/aruco_pkg/build/lib/aruco_pkg
[0.705s] copying aruco_pkg/aruco_5_recognition_node.py -> /home/gomi/aruco_ros2/build/aruco_pkg/build/lib/aruco_pkg
[0.705s] copying aruco_pkg/camera_capture.py -> /home/gomi/aruco_ros2/build/aruco_pkg/build/lib/aruco_pkg
[0.705s] running install
[0.705s] /usr/lib/python3/dist-packages/setuptools/command/install.py:34: SetuptoolsDeprecationWarning: setup.py install is deprecated. Use build and pip and other standards-based tools.
[0.706s]   warnings.warn(
[0.706s] running install_lib
[0.707s] copying /home/gomi/aruco_ros2/build/aruco_pkg/build/lib/aruco_pkg/calibration.py -> /home/gomi/aruco_ros2/install/aruco_pkg/lib/python3.10/site-packages/aruco_pkg
[0.707s] copying /home/gomi/aruco_ros2/build/aruco_pkg/build/lib/aruco_pkg/aruco_5_recognition_node.py -> /home/gomi/aruco_ros2/install/aruco_pkg/lib/python3.10/site-packages/aruco_pkg
[0.707s] copying /home/gomi/aruco_ros2/build/aruco_pkg/build/lib/aruco_pkg/camera_capture.py -> /home/gomi/aruco_ros2/install/aruco_pkg/lib/python3.10/site-packages/aruco_pkg
[0.707s] byte-compiling /home/gomi/aruco_ros2/install/aruco_pkg/lib/python3.10/site-packages/aruco_pkg/calibration.py to calibration.cpython-310.pyc
[0.708s] byte-compiling /home/gomi/aruco_ros2/install/aruco_pkg/lib/python3.10/site-packages/aruco_pkg/aruco_5_recognition_node.py to aruco_5_recognition_node.cpython-310.pyc
[0.709s] byte-compiling /home/gomi/aruco_ros2/install/aruco_pkg/lib/python3.10/site-packages/aruco_pkg/camera_capture.py to camera_capture.cpython-310.pyc
[0.709s] running install_data
[0.710s] creating /home/gomi/aruco_ros2/install/aruco_pkg/share/aruco_pkg/params
[0.710s] copying params/camera_calibration.npz -> /home/gomi/aruco_ros2/install/aruco_pkg/share/aruco_pkg/params
[0.710s] copying params/aruco_config.yaml -> /home/gomi/aruco_ros2/install/aruco_pkg/share/aruco_pkg/params
[0.710s] running install_egg_info
[0.712s] removing '/home/gomi/aruco_ros2/install/aruco_pkg/lib/python3.10/site-packages/aruco_pkg-0.0.0-py3.10.egg-info' (and everything under it)
[0.712s] Copying ../../build/aruco_pkg/aruco_pkg.egg-info to /home/gomi/aruco_ros2/install/aruco_pkg/lib/python3.10/site-packages/aruco_pkg-0.0.0-py3.10.egg-info
[0.712s] running install_scripts
[0.728s] Installing image_publisher script to /home/gomi/aruco_ros2/install/aruco_pkg/lib/aruco_pkg
[0.728s] Installing marker_5x5_recognition script to /home/gomi/aruco_ros2/install/aruco_pkg/lib/aruco_pkg
[0.728s] writing list of installed files to '/home/gomi/aruco_ros2/build/aruco_pkg/install.log'
[0.753s] Invoked command in '/home/gomi/aruco_ros2/src/aruco_pkg' returned '0': PYTHONPATH=/home/gomi/aruco_ros2/build/aruco_pkg/prefix_override:/home/gomi/aruco_ros2/install/aruco_pkg/lib/python3.10/site-packages:${PYTHONPATH} /usr/bin/python3 setup.py egg_info --egg-base ../../build/aruco_pkg build --build-base /home/gomi/aruco_ros2/build/aruco_pkg/build install --record /home/gomi/aruco_ros2/build/aruco_pkg/install.log --single-version-externally-managed
