[0.498s] Invoking command in '/home/gomi/dev_ws/ros_quiz/pkg_for_quiz/playing_turtle_package': PYTHONPATH=/home/gomi/dev_ws/ros_quiz/pkg_for_quiz/build/playing_turtle_package/prefix_override:/home/gomi/dev_ws/ros_quiz/pkg_for_quiz/install/playing_turtle_package/lib/python3.10/site-packages:${PYTHONPATH} /usr/bin/python3 setup.py egg_info --egg-base ../build/playing_turtle_package build --build-base /home/gomi/dev_ws/ros_quiz/pkg_for_quiz/build/playing_turtle_package/build install --record /home/gomi/dev_ws/ros_quiz/pkg_for_quiz/build/playing_turtle_package/install.log --single-version-externally-managed
[0.699s] running egg_info
[0.700s] writing ../build/playing_turtle_package/playing_turtle_package.egg-info/PKG-INFO
[0.700s] writing dependency_links to ../build/playing_turtle_package/playing_turtle_package.egg-info/dependency_links.txt
[0.700s] writing entry points to ../build/playing_turtle_package/playing_turtle_package.egg-info/entry_points.txt
[0.700s] writing requirements to ../build/playing_turtle_package/playing_turtle_package.egg-info/requires.txt
[0.700s] writing top-level names to ../build/playing_turtle_package/playing_turtle_package.egg-info/top_level.txt
[0.702s] reading manifest file '../build/playing_turtle_package/playing_turtle_package.egg-info/SOURCES.txt'
[0.702s] writing manifest file '../build/playing_turtle_package/playing_turtle_package.egg-info/SOURCES.txt'
[0.703s] running build
[0.703s] running build_py
[0.703s] running install
[0.703s] /usr/lib/python3/dist-packages/setuptools/command/install.py:34: SetuptoolsDeprecationWarning: setup.py install is deprecated. Use build and pip and other standards-based tools.
[0.703s]   warnings.warn(
[0.703s] running install_lib
[0.704s] running install_data
[0.705s] running install_egg_info
[0.706s] removing '/home/gomi/dev_ws/ros_quiz/pkg_for_quiz/install/playing_turtle_package/lib/python3.10/site-packages/playing_turtle_package-0.0.0-py3.10.egg-info' (and everything under it)
[0.706s] Copying ../build/playing_turtle_package/playing_turtle_package.egg-info to /home/gomi/dev_ws/ros_quiz/pkg_for_quiz/install/playing_turtle_package/lib/python3.10/site-packages/playing_turtle_package-0.0.0-py3.10.egg-info
[0.707s] running install_scripts
[0.723s] Installing total_subscriber script to /home/gomi/dev_ws/ros_quiz/pkg_for_quiz/install/playing_turtle_package/lib/playing_turtle_package
[0.723s] writing list of installed files to '/home/gomi/dev_ws/ros_quiz/pkg_for_quiz/build/playing_turtle_package/install.log'
[0.748s] Invoked command in '/home/gomi/dev_ws/ros_quiz/pkg_for_quiz/playing_turtle_package' returned '0': PYTHONPATH=/home/gomi/dev_ws/ros_quiz/pkg_for_quiz/build/playing_turtle_package/prefix_override:/home/gomi/dev_ws/ros_quiz/pkg_for_quiz/install/playing_turtle_package/lib/python3.10/site-packages:${PYTHONPATH} /usr/bin/python3 setup.py egg_info --egg-base ../build/playing_turtle_package build --build-base /home/gomi/dev_ws/ros_quiz/pkg_for_quiz/build/playing_turtle_package/build install --record /home/gomi/dev_ws/ros_quiz/pkg_for_quiz/build/playing_turtle_package/install.log --single-version-externally-managed
