[0.496s] Invoking command in '/home/gomi/dev_ws/ros_quiz/pkg_for_quiz/playing_turtle_package': PYTHONPATH=/home/gomi/dev_ws/ros_quiz/pkg_for_quiz/build/playing_turtle_package/prefix_override:/home/gomi/dev_ws/ros_quiz/pkg_for_quiz/install/playing_turtle_package/lib/python3.10/site-packages:${PYTHONPATH} /usr/bin/python3 setup.py egg_info --egg-base ../build/playing_turtle_package build --build-base /home/gomi/dev_ws/ros_quiz/pkg_for_quiz/build/playing_turtle_package/build install --record /home/gomi/dev_ws/ros_quiz/pkg_for_quiz/build/playing_turtle_package/install.log --single-version-externally-managed
[0.663s] running egg_info
[0.663s] creating ../build/playing_turtle_package/playing_turtle_package.egg-info
[0.664s] writing ../build/playing_turtle_package/playing_turtle_package.egg-info/PKG-INFO
[0.664s] writing dependency_links to ../build/playing_turtle_package/playing_turtle_package.egg-info/dependency_links.txt
[0.664s] writing entry points to ../build/playing_turtle_package/playing_turtle_package.egg-info/entry_points.txt
[0.664s] writing requirements to ../build/playing_turtle_package/playing_turtle_package.egg-info/requires.txt
[0.664s] writing top-level names to ../build/playing_turtle_package/playing_turtle_package.egg-info/top_level.txt
[0.664s] writing manifest file '../build/playing_turtle_package/playing_turtle_package.egg-info/SOURCES.txt'
[0.665s] reading manifest file '../build/playing_turtle_package/playing_turtle_package.egg-info/SOURCES.txt'
[0.666s] writing manifest file '../build/playing_turtle_package/playing_turtle_package.egg-info/SOURCES.txt'
[0.666s] running build
[0.666s] running build_py
[0.666s] creating /home/gomi/dev_ws/ros_quiz/pkg_for_quiz/build/playing_turtle_package/build
[0.667s] creating /home/gomi/dev_ws/ros_quiz/pkg_for_quiz/build/playing_turtle_package/build/lib
[0.667s] creating /home/gomi/dev_ws/ros_quiz/pkg_for_quiz/build/playing_turtle_package/build/lib/playing_turtle_package
[0.667s] copying playing_turtle_package/__init__.py -> /home/gomi/dev_ws/ros_quiz/pkg_for_quiz/build/playing_turtle_package/build/lib/playing_turtle_package
[0.667s] copying playing_turtle_package/turtlesim_subscriber.py -> /home/gomi/dev_ws/ros_quiz/pkg_for_quiz/build/playing_turtle_package/build/lib/playing_turtle_package
[0.667s] running install
[0.674s] /usr/lib/python3/dist-packages/setuptools/command/install.py:34: SetuptoolsDeprecationWarning: setup.py install is deprecated. Use build and pip and other standards-based tools.
[0.674s]   warnings.warn(
[0.674s] running install_lib
[0.675s] creating /home/gomi/dev_ws/ros_quiz/pkg_for_quiz/install/playing_turtle_package/lib/python3.10/site-packages/playing_turtle_package
[0.675s] copying /home/gomi/dev_ws/ros_quiz/pkg_for_quiz/build/playing_turtle_package/build/lib/playing_turtle_package/__init__.py -> /home/gomi/dev_ws/ros_quiz/pkg_for_quiz/install/playing_turtle_package/lib/python3.10/site-packages/playing_turtle_package
[0.675s] copying /home/gomi/dev_ws/ros_quiz/pkg_for_quiz/build/playing_turtle_package/build/lib/playing_turtle_package/turtlesim_subscriber.py -> /home/gomi/dev_ws/ros_quiz/pkg_for_quiz/install/playing_turtle_package/lib/python3.10/site-packages/playing_turtle_package
[0.675s] byte-compiling /home/gomi/dev_ws/ros_quiz/pkg_for_quiz/install/playing_turtle_package/lib/python3.10/site-packages/playing_turtle_package/__init__.py to __init__.cpython-310.pyc
[0.675s] byte-compiling /home/gomi/dev_ws/ros_quiz/pkg_for_quiz/install/playing_turtle_package/lib/python3.10/site-packages/playing_turtle_package/turtlesim_subscriber.py to turtlesim_subscriber.cpython-310.pyc
[0.676s] running install_data
[0.676s] creating /home/gomi/dev_ws/ros_quiz/pkg_for_quiz/install/playing_turtle_package/share/ament_index
[0.676s] creating /home/gomi/dev_ws/ros_quiz/pkg_for_quiz/install/playing_turtle_package/share/ament_index/resource_index
[0.676s] creating /home/gomi/dev_ws/ros_quiz/pkg_for_quiz/install/playing_turtle_package/share/ament_index/resource_index/packages
[0.676s] copying resource/playing_turtle_package -> /home/gomi/dev_ws/ros_quiz/pkg_for_quiz/install/playing_turtle_package/share/ament_index/resource_index/packages
[0.676s] copying package.xml -> /home/gomi/dev_ws/ros_quiz/pkg_for_quiz/install/playing_turtle_package/share/playing_turtle_package
[0.676s] running install_egg_info
[0.677s] Copying ../build/playing_turtle_package/playing_turtle_package.egg-info to /home/gomi/dev_ws/ros_quiz/pkg_for_quiz/install/playing_turtle_package/lib/python3.10/site-packages/playing_turtle_package-0.0.0-py3.10.egg-info
[0.678s] running install_scripts
[0.692s] Installing turtlesim_subscriber script to /home/gomi/dev_ws/ros_quiz/pkg_for_quiz/install/playing_turtle_package/lib/playing_turtle_package
[0.692s] writing list of installed files to '/home/gomi/dev_ws/ros_quiz/pkg_for_quiz/build/playing_turtle_package/install.log'
[0.711s] Invoked command in '/home/gomi/dev_ws/ros_quiz/pkg_for_quiz/playing_turtle_package' returned '0': PYTHONPATH=/home/gomi/dev_ws/ros_quiz/pkg_for_quiz/build/playing_turtle_package/prefix_override:/home/gomi/dev_ws/ros_quiz/pkg_for_quiz/install/playing_turtle_package/lib/python3.10/site-packages:${PYTHONPATH} /usr/bin/python3 setup.py egg_info --egg-base ../build/playing_turtle_package build --build-base /home/gomi/dev_ws/ros_quiz/pkg_for_quiz/build/playing_turtle_package/build install --record /home/gomi/dev_ws/ros_quiz/pkg_for_quiz/build/playing_turtle_package/install.log --single-version-externally-managed
