[0.018s] Invoking command in '/home/ksh/yolo_ws/build/yolo_inference': CMAKE_PREFIX_PATH=/home/ksh/aruco_ros2/install/aruco_pkg:/opt/ros/humble /home/ksh/.local/bin/cmake --build /home/ksh/yolo_ws/build/yolo_inference -- -j8 -l8
[0.117s] [  2%] Built target yolo_inference__cpp
[0.122s] [  2%] Built target ament_cmake_python_copy_yolo_inference
[0.125s] [ 12%] Built target yolo_inference__rosidl_generator_c
[0.135s] [ 23%] Built target yolo_inference__rosidl_typesupport_cpp
[0.135s] [ 43%] Built target yolo_inference__rosidl_typesupport_introspection_cpp
[0.135s] [ 43%] Built target yolo_inference__rosidl_typesupport_fastrtps_cpp
[0.137s] [ 53%] Built target yolo_inference__rosidl_typesupport_introspection_c
[0.137s] [ 64%] Built target yolo_inference__rosidl_typesupport_c
[0.138s] [ 74%] Built target yolo_inference__rosidl_typesupport_fastrtps_c
[0.145s] [ 74%] Built target yolo_inference
[0.152s] [ 76%] Built target yolo_inference__py
[0.166s] [ 84%] Built target yolo_inference__rosidl_generator_py
[0.175s] [ 89%] Built target yolo_inference__rosidl_typesupport_introspection_c__pyext
[0.175s] [ 94%] Built target yolo_inference__rosidl_typesupport_fastrtps_c__pyext
[0.176s] [100%] Built target yolo_inference__rosidl_typesupport_c__pyext
[0.328s] running egg_info
[0.329s] writing yolo_inference.egg-info/PKG-INFO
[0.329s] writing dependency_links to yolo_inference.egg-info/dependency_links.txt
[0.329s] writing top-level names to yolo_inference.egg-info/top_level.txt
[0.331s] reading manifest file 'yolo_inference.egg-info/SOURCES.txt'
[0.332s] writing manifest file 'yolo_inference.egg-info/SOURCES.txt'
[0.350s] [100%] Built target ament_cmake_python_build_yolo_inference_egg
[0.360s] Invoked command in '/home/ksh/yolo_ws/build/yolo_inference' returned '0': CMAKE_PREFIX_PATH=/home/ksh/aruco_ros2/install/aruco_pkg:/opt/ros/humble /home/ksh/.local/bin/cmake --build /home/ksh/yolo_ws/build/yolo_inference -- -j8 -l8
[0.488s] Invoking command in '/home/ksh/yolo_ws/build/yolo_inference': CMAKE_PREFIX_PATH=/home/ksh/aruco_ros2/install/aruco_pkg:/opt/ros/humble /home/ksh/.local/bin/cmake --install /home/ksh/yolo_ws/build/yolo_inference
[0.526s] -- Install configuration: ""
[0.527s] -- Up-to-date: /home/ksh/yolo_ws/install/yolo_inference/share/ament_index/resource_index/rosidl_interfaces/yolo_inference
[0.527s] -- Up-to-date: /home/ksh/yolo_ws/install/yolo_inference/include/yolo_inference/yolo_inference
[0.527s] -- Up-to-date: /home/ksh/yolo_ws/install/yolo_inference/include/yolo_inference/yolo_inference/msg
[0.527s] -- Up-to-date: /home/ksh/yolo_ws/install/yolo_inference/include/yolo_inference/yolo_inference/msg/inference_result.h
[0.527s] -- Up-to-date: /home/ksh/yolo_ws/install/yolo_inference/include/yolo_inference/yolo_inference/msg/yolov8_inference.h
[0.527s] -- Up-to-date: /home/ksh/yolo_ws/install/yolo_inference/include/yolo_inference/yolo_inference/msg/rosidl_generator_c__visibility_control.h
[0.527s] -- Up-to-date: /home/ksh/yolo_ws/install/yolo_inference/include/yolo_inference/yolo_inference/msg/detail
[0.527s] -- Up-to-date: /home/ksh/yolo_ws/install/yolo_inference/include/yolo_inference/yolo_inference/msg/detail/yolov8_inference__type_support.h
[0.527s] -- Up-to-date: /home/ksh/yolo_ws/install/yolo_inference/include/yolo_inference/yolo_inference/msg/detail/inference_result__functions.h
[0.527s] -- Up-to-date: /home/ksh/yolo_ws/install/yolo_inference/include/yolo_inference/yolo_inference/msg/detail/inference_result__struct.h
[0.527s] -- Up-to-date: /home/ksh/yolo_ws/install/yolo_inference/include/yolo_inference/yolo_inference/msg/detail/inference_result__functions.c
[0.527s] -- Up-to-date: /home/ksh/yolo_ws/install/yolo_inference/include/yolo_inference/yolo_inference/msg/detail/yolov8_inference__struct.h
[0.527s] -- Up-to-date: /home/ksh/yolo_ws/install/yolo_inference/include/yolo_inference/yolo_inference/msg/detail/inference_result__type_support.h
[0.527s] -- Up-to-date: /home/ksh/yolo_ws/install/yolo_inference/include/yolo_inference/yolo_inference/msg/detail/yolov8_inference__functions.h
[0.527s] -- Up-to-date: /home/ksh/yolo_ws/install/yolo_inference/include/yolo_inference/yolo_inference/msg/detail/yolov8_inference__functions.c
[0.528s] -- Up-to-date: /home/ksh/yolo_ws/install/yolo_inference/share/yolo_inference/environment/library_path.sh
[0.528s] -- Up-to-date: /home/ksh/yolo_ws/install/yolo_inference/share/yolo_inference/environment/library_path.dsv
[0.528s] -- Up-to-date: /home/ksh/yolo_ws/install/yolo_inference/lib/libyolo_inference__rosidl_generator_c.so
[0.528s] -- Up-to-date: /home/ksh/yolo_ws/install/yolo_inference/include/yolo_inference/yolo_inference
[0.528s] -- Up-to-date: /home/ksh/yolo_ws/install/yolo_inference/include/yolo_inference/yolo_inference/msg
[0.528s] -- Up-to-date: /home/ksh/yolo_ws/install/yolo_inference/include/yolo_inference/yolo_inference/msg/rosidl_typesupport_fastrtps_c__visibility_control.h
[0.528s] -- Up-to-date: /home/ksh/yolo_ws/install/yolo_inference/include/yolo_inference/yolo_inference/msg/detail
[0.528s] -- Up-to-date: /home/ksh/yolo_ws/install/yolo_inference/include/yolo_inference/yolo_inference/msg/detail/yolov8_inference__rosidl_typesupport_fastrtps_c.h
[0.528s] -- Up-to-date: /home/ksh/yolo_ws/install/yolo_inference/include/yolo_inference/yolo_inference/msg/detail/inference_result__rosidl_typesupport_fastrtps_c.h
[0.528s] -- Up-to-date: /home/ksh/yolo_ws/install/yolo_inference/lib/libyolo_inference__rosidl_typesupport_fastrtps_c.so
[0.529s] -- Up-to-date: /home/ksh/yolo_ws/install/yolo_inference/include/yolo_inference/yolo_inference
[0.529s] -- Up-to-date: /home/ksh/yolo_ws/install/yolo_inference/include/yolo_inference/yolo_inference/msg
[0.529s] -- Up-to-date: /home/ksh/yolo_ws/install/yolo_inference/include/yolo_inference/yolo_inference/msg/inference_result.hpp
[0.529s] -- Up-to-date: /home/ksh/yolo_ws/install/yolo_inference/include/yolo_inference/yolo_inference/msg/yolov8_inference.hpp
[0.529s] -- Up-to-date: /home/ksh/yolo_ws/install/yolo_inference/include/yolo_inference/yolo_inference/msg/detail
[0.529s] -- Up-to-date: /home/ksh/yolo_ws/install/yolo_inference/include/yolo_inference/yolo_inference/msg/detail/yolov8_inference__traits.hpp
[0.529s] -- Up-to-date: /home/ksh/yolo_ws/install/yolo_inference/include/yolo_inference/yolo_inference/msg/detail/inference_result__builder.hpp
[0.529s] -- Up-to-date: /home/ksh/yolo_ws/install/yolo_inference/include/yolo_inference/yolo_inference/msg/detail/yolov8_inference__struct.hpp
[0.529s] -- Up-to-date: /home/ksh/yolo_ws/install/yolo_inference/include/yolo_inference/yolo_inference/msg/detail/yolov8_inference__builder.hpp
[0.529s] -- Up-to-date: /home/ksh/yolo_ws/install/yolo_inference/include/yolo_inference/yolo_inference/msg/detail/inference_result__struct.hpp
[0.529s] -- Up-to-date: /home/ksh/yolo_ws/install/yolo_inference/include/yolo_inference/yolo_inference/msg/detail/inference_result__traits.hpp
[0.529s] -- Up-to-date: /home/ksh/yolo_ws/install/yolo_inference/include/yolo_inference/yolo_inference
[0.529s] -- Up-to-date: /home/ksh/yolo_ws/install/yolo_inference/include/yolo_inference/yolo_inference/msg
[0.529s] -- Up-to-date: /home/ksh/yolo_ws/install/yolo_inference/include/yolo_inference/yolo_inference/msg/rosidl_typesupport_fastrtps_cpp__visibility_control.h
[0.529s] -- Up-to-date: /home/ksh/yolo_ws/install/yolo_inference/include/yolo_inference/yolo_inference/msg/detail
[0.529s] -- Up-to-date: /home/ksh/yolo_ws/install/yolo_inference/include/yolo_inference/yolo_inference/msg/detail/dds_fastrtps
[0.529s] -- Up-to-date: /home/ksh/yolo_ws/install/yolo_inference/include/yolo_inference/yolo_inference/msg/detail/yolov8_inference__rosidl_typesupport_fastrtps_cpp.hpp
[0.529s] -- Up-to-date: /home/ksh/yolo_ws/install/yolo_inference/include/yolo_inference/yolo_inference/msg/detail/inference_result__rosidl_typesupport_fastrtps_cpp.hpp
[0.530s] -- Up-to-date: /home/ksh/yolo_ws/install/yolo_inference/lib/libyolo_inference__rosidl_typesupport_fastrtps_cpp.so
[0.530s] -- Up-to-date: /home/ksh/yolo_ws/install/yolo_inference/include/yolo_inference/yolo_inference
[0.530s] -- Up-to-date: /home/ksh/yolo_ws/install/yolo_inference/include/yolo_inference/yolo_inference/msg
[0.530s] -- Up-to-date: /home/ksh/yolo_ws/install/yolo_inference/include/yolo_inference/yolo_inference/msg/rosidl_typesupport_introspection_c__visibility_control.h
[0.530s] -- Up-to-date: /home/ksh/yolo_ws/install/yolo_inference/include/yolo_inference/yolo_inference/msg/detail
[0.530s] -- Up-to-date: /home/ksh/yolo_ws/install/yolo_inference/include/yolo_inference/yolo_inference/msg/detail/inference_result__rosidl_typesupport_introspection_c.h
[0.530s] -- Up-to-date: /home/ksh/yolo_ws/install/yolo_inference/include/yolo_inference/yolo_inference/msg/detail/yolov8_inference__rosidl_typesupport_introspection_c.h
[0.530s] -- Up-to-date: /home/ksh/yolo_ws/install/yolo_inference/include/yolo_inference/yolo_inference/msg/detail/yolov8_inference__type_support.c
[0.530s] -- Up-to-date: /home/ksh/yolo_ws/install/yolo_inference/include/yolo_inference/yolo_inference/msg/detail/inference_result__type_support.c
[0.530s] -- Up-to-date: /home/ksh/yolo_ws/install/yolo_inference/lib/libyolo_inference__rosidl_typesupport_introspection_c.so
[0.530s] -- Up-to-date: /home/ksh/yolo_ws/install/yolo_inference/lib/libyolo_inference__rosidl_typesupport_c.so
[0.530s] -- Up-to-date: /home/ksh/yolo_ws/install/yolo_inference/include/yolo_inference/yolo_inference
[0.530s] -- Up-to-date: /home/ksh/yolo_ws/install/yolo_inference/include/yolo_inference/yolo_inference/msg
[0.530s] -- Up-to-date: /home/ksh/yolo_ws/install/yolo_inference/include/yolo_inference/yolo_inference/msg/detail
[0.530s] -- Up-to-date: /home/ksh/yolo_ws/install/yolo_inference/include/yolo_inference/yolo_inference/msg/detail/yolov8_inference__rosidl_typesupport_introspection_cpp.hpp
[0.530s] -- Up-to-date: /home/ksh/yolo_ws/install/yolo_inference/include/yolo_inference/yolo_inference/msg/detail/inference_result__type_support.cpp
[0.530s] -- Up-to-date: /home/ksh/yolo_ws/install/yolo_inference/include/yolo_inference/yolo_inference/msg/detail/yolov8_inference__type_support.cpp
[0.531s] -- Up-to-date: /home/ksh/yolo_ws/install/yolo_inference/include/yolo_inference/yolo_inference/msg/detail/inference_result__rosidl_typesupport_introspection_cpp.hpp
[0.531s] -- Up-to-date: /home/ksh/yolo_ws/install/yolo_inference/lib/libyolo_inference__rosidl_typesupport_introspection_cpp.so
[0.531s] -- Up-to-date: /home/ksh/yolo_ws/install/yolo_inference/lib/libyolo_inference__rosidl_typesupport_cpp.so
[0.531s] -- Up-to-date: /home/ksh/yolo_ws/install/yolo_inference/share/yolo_inference/environment/pythonpath.sh
[0.531s] -- Up-to-date: /home/ksh/yolo_ws/install/yolo_inference/share/yolo_inference/environment/pythonpath.dsv
[0.531s] -- Up-to-date: /home/ksh/yolo_ws/install/yolo_inference/local/lib/python3.10/dist-packages/yolo_inference-0.0.0-py3.10.egg-info
[0.532s] -- Installing: /home/ksh/yolo_ws/install/yolo_inference/local/lib/python3.10/dist-packages/yolo_inference-0.0.0-py3.10.egg-info/PKG-INFO
[0.532s] -- Installing: /home/ksh/yolo_ws/install/yolo_inference/local/lib/python3.10/dist-packages/yolo_inference-0.0.0-py3.10.egg-info/top_level.txt
[0.532s] -- Installing: /home/ksh/yolo_ws/install/yolo_inference/local/lib/python3.10/dist-packages/yolo_inference-0.0.0-py3.10.egg-info/SOURCES.txt
[0.532s] -- Installing: /home/ksh/yolo_ws/install/yolo_inference/local/lib/python3.10/dist-packages/yolo_inference-0.0.0-py3.10.egg-info/dependency_links.txt
[0.532s] -- Up-to-date: /home/ksh/yolo_ws/install/yolo_inference/local/lib/python3.10/dist-packages/yolo_inference
[0.532s] -- Up-to-date: /home/ksh/yolo_ws/install/yolo_inference/local/lib/python3.10/dist-packages/yolo_inference/_yolo_inference_s.ep.rosidl_typesupport_fastrtps_c.c
[0.532s] -- Up-to-date: /home/ksh/yolo_ws/install/yolo_inference/local/lib/python3.10/dist-packages/yolo_inference/__init__.py
[0.532s] -- Up-to-date: /home/ksh/yolo_ws/install/yolo_inference/local/lib/python3.10/dist-packages/yolo_inference/_yolo_inference_s.ep.rosidl_typesupport_introspection_c.c
[0.532s] -- Up-to-date: /home/ksh/yolo_ws/install/yolo_inference/local/lib/python3.10/dist-packages/yolo_inference/yolo_inference_s__rosidl_typesupport_c.cpython-310-x86_64-linux-gnu.so
[0.532s] -- Up-to-date: /home/ksh/yolo_ws/install/yolo_inference/local/lib/python3.10/dist-packages/yolo_inference/libyolo_inference__rosidl_generator_py.so
[0.532s] -- Up-to-date: /home/ksh/yolo_ws/install/yolo_inference/local/lib/python3.10/dist-packages/yolo_inference/msg
[0.532s] -- Up-to-date: /home/ksh/yolo_ws/install/yolo_inference/local/lib/python3.10/dist-packages/yolo_inference/msg/__init__.py
[0.532s] -- Up-to-date: /home/ksh/yolo_ws/install/yolo_inference/local/lib/python3.10/dist-packages/yolo_inference/msg/_yolov8_inference.py
[0.532s] -- Up-to-date: /home/ksh/yolo_ws/install/yolo_inference/local/lib/python3.10/dist-packages/yolo_inference/msg/_inference_result_s.c
[0.532s] -- Up-to-date: /home/ksh/yolo_ws/install/yolo_inference/local/lib/python3.10/dist-packages/yolo_inference/msg/_yolov8_inference_s.c
[0.532s] -- Up-to-date: /home/ksh/yolo_ws/install/yolo_inference/local/lib/python3.10/dist-packages/yolo_inference/msg/_inference_result.py
[0.532s] -- Up-to-date: /home/ksh/yolo_ws/install/yolo_inference/local/lib/python3.10/dist-packages/yolo_inference/_yolo_inference_s.ep.rosidl_typesupport_c.c
[0.533s] -- Up-to-date: /home/ksh/yolo_ws/install/yolo_inference/local/lib/python3.10/dist-packages/yolo_inference/yolo_inference_s__rosidl_typesupport_fastrtps_c.cpython-310-x86_64-linux-gnu.so
[0.533s] -- Up-to-date: /home/ksh/yolo_ws/install/yolo_inference/local/lib/python3.10/dist-packages/yolo_inference/yolo_inference_s__rosidl_typesupport_introspection_c.cpython-310-x86_64-linux-gnu.so
[0.555s] Listing '/home/ksh/yolo_ws/install/yolo_inference/local/lib/python3.10/dist-packages/yolo_inference'...
[0.556s] Listing '/home/ksh/yolo_ws/install/yolo_inference/local/lib/python3.10/dist-packages/yolo_inference/msg'...
[0.560s] -- Up-to-date: /home/ksh/yolo_ws/install/yolo_inference/local/lib/python3.10/dist-packages/yolo_inference/yolo_inference_s__rosidl_typesupport_fastrtps_c.cpython-310-x86_64-linux-gnu.so
[0.560s] -- Up-to-date: /home/ksh/yolo_ws/install/yolo_inference/local/lib/python3.10/dist-packages/yolo_inference/yolo_inference_s__rosidl_typesupport_introspection_c.cpython-310-x86_64-linux-gnu.so
[0.560s] -- Up-to-date: /home/ksh/yolo_ws/install/yolo_inference/local/lib/python3.10/dist-packages/yolo_inference/yolo_inference_s__rosidl_typesupport_c.cpython-310-x86_64-linux-gnu.so
[0.561s] -- Up-to-date: /home/ksh/yolo_ws/install/yolo_inference/lib/libyolo_inference__rosidl_generator_py.so
[0.561s] -- Up-to-date: /home/ksh/yolo_ws/install/yolo_inference/share/yolo_inference/msg/InferenceResult.idl
[0.561s] -- Up-to-date: /home/ksh/yolo_ws/install/yolo_inference/share/yolo_inference/msg/Yolov8Inference.idl
[0.561s] -- Up-to-date: /home/ksh/yolo_ws/install/yolo_inference/share/yolo_inference/msg/InferenceResult.msg
[0.561s] -- Up-to-date: /home/ksh/yolo_ws/install/yolo_inference/share/yolo_inference/msg/Yolov8Inference.msg
[0.561s] -- Up-to-date: /home/ksh/yolo_ws/install/yolo_inference/share/ament_index/resource_index/package_run_dependencies/yolo_inference
[0.561s] -- Up-to-date: /home/ksh/yolo_ws/install/yolo_inference/share/ament_index/resource_index/parent_prefix_path/yolo_inference
[0.561s] -- Up-to-date: /home/ksh/yolo_ws/install/yolo_inference/share/yolo_inference/environment/ament_prefix_path.sh
[0.562s] -- Up-to-date: /home/ksh/yolo_ws/install/yolo_inference/share/yolo_inference/environment/ament_prefix_path.dsv
[0.562s] -- Up-to-date: /home/ksh/yolo_ws/install/yolo_inference/share/yolo_inference/environment/path.sh
[0.562s] -- Up-to-date: /home/ksh/yolo_ws/install/yolo_inference/share/yolo_inference/environment/path.dsv
[0.562s] -- Up-to-date: /home/ksh/yolo_ws/install/yolo_inference/share/yolo_inference/local_setup.bash
[0.562s] -- Up-to-date: /home/ksh/yolo_ws/install/yolo_inference/share/yolo_inference/local_setup.sh
[0.562s] -- Up-to-date: /home/ksh/yolo_ws/install/yolo_inference/share/yolo_inference/local_setup.zsh
[0.562s] -- Up-to-date: /home/ksh/yolo_ws/install/yolo_inference/share/yolo_inference/local_setup.dsv
[0.562s] -- Installing: /home/ksh/yolo_ws/install/yolo_inference/share/yolo_inference/package.dsv
[0.562s] -- Up-to-date: /home/ksh/yolo_ws/install/yolo_inference/share/ament_index/resource_index/packages/yolo_inference
[0.562s] -- Up-to-date: /home/ksh/yolo_ws/install/yolo_inference/share/yolo_inference/cmake/export_yolo_inference__rosidl_generator_cExport.cmake
[0.562s] -- Up-to-date: /home/ksh/yolo_ws/install/yolo_inference/share/yolo_inference/cmake/export_yolo_inference__rosidl_generator_cExport-noconfig.cmake
[0.563s] -- Up-to-date: /home/ksh/yolo_ws/install/yolo_inference/share/yolo_inference/cmake/export_yolo_inference__rosidl_typesupport_fastrtps_cExport.cmake
[0.563s] -- Up-to-date: /home/ksh/yolo_ws/install/yolo_inference/share/yolo_inference/cmake/export_yolo_inference__rosidl_typesupport_fastrtps_cExport-noconfig.cmake
[0.563s] -- Up-to-date: /home/ksh/yolo_ws/install/yolo_inference/share/yolo_inference/cmake/export_yolo_inference__rosidl_generator_cppExport.cmake
[0.563s] -- Up-to-date: /home/ksh/yolo_ws/install/yolo_inference/share/yolo_inference/cmake/export_yolo_inference__rosidl_typesupport_fastrtps_cppExport.cmake
[0.563s] -- Up-to-date: /home/ksh/yolo_ws/install/yolo_inference/share/yolo_inference/cmake/export_yolo_inference__rosidl_typesupport_fastrtps_cppExport-noconfig.cmake
[0.563s] -- Up-to-date: /home/ksh/yolo_ws/install/yolo_inference/share/yolo_inference/cmake/yolo_inference__rosidl_typesupport_introspection_cExport.cmake
[0.563s] -- Up-to-date: /home/ksh/yolo_ws/install/yolo_inference/share/yolo_inference/cmake/yolo_inference__rosidl_typesupport_introspection_cExport-noconfig.cmake
[0.564s] -- Up-to-date: /home/ksh/yolo_ws/install/yolo_inference/share/yolo_inference/cmake/yolo_inference__rosidl_typesupport_cExport.cmake
[0.564s] -- Up-to-date: /home/ksh/yolo_ws/install/yolo_inference/share/yolo_inference/cmake/yolo_inference__rosidl_typesupport_cExport-noconfig.cmake
[0.564s] -- Up-to-date: /home/ksh/yolo_ws/install/yolo_inference/share/yolo_inference/cmake/yolo_inference__rosidl_typesupport_introspection_cppExport.cmake
[0.564s] -- Up-to-date: /home/ksh/yolo_ws/install/yolo_inference/share/yolo_inference/cmake/yolo_inference__rosidl_typesupport_introspection_cppExport-noconfig.cmake
[0.564s] -- Up-to-date: /home/ksh/yolo_ws/install/yolo_inference/share/yolo_inference/cmake/yolo_inference__rosidl_typesupport_cppExport.cmake
[0.564s] -- Up-to-date: /home/ksh/yolo_ws/install/yolo_inference/share/yolo_inference/cmake/yolo_inference__rosidl_typesupport_cppExport-noconfig.cmake
[0.565s] -- Up-to-date: /home/ksh/yolo_ws/install/yolo_inference/share/yolo_inference/cmake/export_yolo_inference__rosidl_generator_pyExport.cmake
[0.565s] -- Up-to-date: /home/ksh/yolo_ws/install/yolo_inference/share/yolo_inference/cmake/export_yolo_inference__rosidl_generator_pyExport-noconfig.cmake
[0.565s] -- Up-to-date: /home/ksh/yolo_ws/install/yolo_inference/share/yolo_inference/cmake/rosidl_cmake-extras.cmake
[0.565s] -- Up-to-date: /home/ksh/yolo_ws/install/yolo_inference/share/yolo_inference/cmake/ament_cmake_export_dependencies-extras.cmake
[0.565s] -- Up-to-date: /home/ksh/yolo_ws/install/yolo_inference/share/yolo_inference/cmake/ament_cmake_export_include_directories-extras.cmake
[0.565s] -- Up-to-date: /home/ksh/yolo_ws/install/yolo_inference/share/yolo_inference/cmake/ament_cmake_export_libraries-extras.cmake
[0.565s] -- Up-to-date: /home/ksh/yolo_ws/install/yolo_inference/share/yolo_inference/cmake/ament_cmake_export_targets-extras.cmake
[0.565s] -- Up-to-date: /home/ksh/yolo_ws/install/yolo_inference/share/yolo_inference/cmake/rosidl_cmake_export_typesupport_targets-extras.cmake
[0.565s] -- Up-to-date: /home/ksh/yolo_ws/install/yolo_inference/share/yolo_inference/cmake/rosidl_cmake_export_typesupport_libraries-extras.cmake
[0.565s] -- Up-to-date: /home/ksh/yolo_ws/install/yolo_inference/share/yolo_inference/cmake/yolo_inferenceConfig.cmake
[0.565s] -- Up-to-date: /home/ksh/yolo_ws/install/yolo_inference/share/yolo_inference/cmake/yolo_inferenceConfig-version.cmake
[0.565s] -- Up-to-date: /home/ksh/yolo_ws/install/yolo_inference/share/yolo_inference/package.xml
[0.574s] Invoked command in '/home/ksh/yolo_ws/build/yolo_inference' returned '0': CMAKE_PREFIX_PATH=/home/ksh/aruco_ros2/install/aruco_pkg:/opt/ros/humble /home/ksh/.local/bin/cmake --install /home/ksh/yolo_ws/build/yolo_inference
