[0.014s] Invoking command in '/home/ksh/yolo_ws/build/yolo_inference': CMAKE_PREFIX_PATH=/opt/ros/humble /home/ksh/.local/bin/cmake /home/ksh/yolo_ws/src/yolo_inference -DCMAKE_INSTALL_PREFIX=/home/ksh/yolo_ws/install/yolo_inference
[0.193s] -- The C compiler identification is GNU 11.3.0
[0.254s] -- The CXX compiler identification is GNU 11.3.0
[0.264s] -- Detecting C compiler ABI info
[0.311s] -- Detecting C compiler ABI info - done
[0.318s] -- Check for working C compiler: /usr/bin/cc - skipped
[0.318s] -- Detecting C compile features
[0.319s] -- Detecting C compile features - done
[0.322s] -- Detecting CXX compiler ABI info
[0.368s] -- Detecting CXX compiler ABI info - done
[0.376s] -- Check for working CXX compiler: /usr/bin/c++ - skipped
[0.376s] -- Detecting CXX compile features
[0.376s] -- Detecting CXX compile features - done
[0.385s] -- Found ament_cmake: 1.3.5 (/opt/ros/humble/share/ament_cmake/cmake)
[0.644s] -- Found Python3: /usr/bin/python3.10 (found version "3.10.6") found components: Interpreter 
[0.718s] -- Found std_msgs: 4.2.3 (/opt/ros/humble/share/std_msgs/cmake)
[0.755s] -- Found rosidl_generator_c: 3.1.5 (/opt/ros/humble/share/rosidl_generator_c/cmake)
[0.760s] -- Found rosidl_adapter: 3.1.5 (/opt/ros/humble/share/rosidl_adapter/cmake)
[0.769s] -- Found rosidl_generator_cpp: 3.1.5 (/opt/ros/humble/share/rosidl_generator_cpp/cmake)
[0.783s] -- Using all available rosidl_typesupport_c: rosidl_typesupport_fastrtps_c;rosidl_typesupport_introspection_c
[0.802s] -- Using all available rosidl_typesupport_cpp: rosidl_typesupport_fastrtps_cpp;rosidl_typesupport_introspection_cpp
[0.851s] -- Found rosidl_default_generators: 1.2.0 (/opt/ros/humble/share/rosidl_default_generators/cmake)
[0.858s] [31mCMake Error at /opt/ros/humble/share/rosidl_cmake/cmake/rosidl_generate_interfaces.cmake:93 (message):
[0.858s]   rosidl_generate_interfaces() the passed file 'msg/Yolov8Inference.msg'
[0.858s]   doesn't exist relative to the CMAKE_CURRENT_SOURCE_DIR
[0.858s]   '/home/ksh/yolo_ws/src/yolo_inference'
[0.858s] Call Stack (most recent call first):
[0.858s]   CMakeLists.txt:15 (rosidl_generate_interfaces)
[0.858s] 
[0.858s] [0m
[0.858s] -- Configuring incomplete, errors occurred!
[0.868s] Invoked command in '/home/ksh/yolo_ws/build/yolo_inference' returned '1': CMAKE_PREFIX_PATH=/opt/ros/humble /home/ksh/.local/bin/cmake /home/ksh/yolo_ws/src/yolo_inference -DCMAKE_INSTALL_PREFIX=/home/ksh/yolo_ws/install/yolo_inference
