[0.014s] Invoking command in '/home/gomi/urdf_study/build/urdf_study': CMAKE_PREFIX_PATH=/opt/ros/humble /home/gomi/.local/bin/cmake /home/gomi/urdf_study/src/urdf_study -DCMAKE_INSTALL_PREFIX=/home/gomi/urdf_study/install/urdf_study
[0.080s] -- The C compiler identification is GNU 11.3.0
[0.118s] -- The CXX compiler identification is GNU 11.3.0
[0.125s] -- Detecting C compiler ABI info
[0.164s] -- Detecting C compiler ABI info - done
[0.171s] -- Check for working C compiler: /usr/bin/cc - skipped
[0.171s] -- Detecting C compile features
[0.172s] -- Detecting C compile features - done
[0.175s] -- Detecting CXX compiler ABI info
[0.223s] -- Detecting CXX compiler ABI info - done
[0.231s] -- Check for working CXX compiler: /usr/bin/c++ - skipped
[0.231s] -- Detecting CXX compile features
[0.231s] -- Detecting CXX compile features - done
[0.233s] -- Found ament_cmake: 1.3.4 (/opt/ros/humble/share/ament_cmake/cmake)
[0.476s] -- Found Python3: /usr/bin/python3.10 (found version "3.10.6") found components: Interpreter 
[0.541s] -- Found ament_lint_auto: 0.12.6 (/opt/ros/humble/share/ament_lint_auto/cmake)
[0.596s] -- Added test 'lint_cmake' to check CMake code style
[0.597s] -- Added test 'xmllint' to check XML markup files
[0.598s] -- Configuring done (0.5s)
[0.600s] -- Generating done (0.0s)
[0.601s] -- Build files have been written to: /home/gomi/urdf_study/build/urdf_study
[0.611s] Invoked command in '/home/gomi/urdf_study/build/urdf_study' returned '0': CMAKE_PREFIX_PATH=/opt/ros/humble /home/gomi/.local/bin/cmake /home/gomi/urdf_study/src/urdf_study -DCMAKE_INSTALL_PREFIX=/home/gomi/urdf_study/install/urdf_study
[0.611s] Invoking command in '/home/gomi/urdf_study/build/urdf_study': CMAKE_PREFIX_PATH=/opt/ros/humble /home/gomi/.local/bin/cmake --build /home/gomi/urdf_study/build/urdf_study -- -j8 -l8
[0.662s] Invoked command in '/home/gomi/urdf_study/build/urdf_study' returned '0': CMAKE_PREFIX_PATH=/opt/ros/humble /home/gomi/.local/bin/cmake --build /home/gomi/urdf_study/build/urdf_study -- -j8 -l8
[0.755s] Invoking command in '/home/gomi/urdf_study/build/urdf_study': CMAKE_PREFIX_PATH=/opt/ros/humble /home/gomi/.local/bin/cmake --install /home/gomi/urdf_study/build/urdf_study
[0.790s] -- Install configuration: ""
[0.790s] -- Installing: /home/gomi/urdf_study/install/urdf_study/share/ament_index/resource_index/package_run_dependencies/urdf_study
[0.790s] -- Installing: /home/gomi/urdf_study/install/urdf_study/share/ament_index/resource_index/parent_prefix_path/urdf_study
[0.790s] -- Installing: /home/gomi/urdf_study/install/urdf_study/share/urdf_study/environment/ament_prefix_path.sh
[0.790s] -- Installing: /home/gomi/urdf_study/install/urdf_study/share/urdf_study/environment/ament_prefix_path.dsv
[0.790s] -- Installing: /home/gomi/urdf_study/install/urdf_study/share/urdf_study/environment/path.sh
[0.790s] -- Installing: /home/gomi/urdf_study/install/urdf_study/share/urdf_study/environment/path.dsv
[0.790s] -- Installing: /home/gomi/urdf_study/install/urdf_study/share/urdf_study/local_setup.bash
[0.790s] -- Installing: /home/gomi/urdf_study/install/urdf_study/share/urdf_study/local_setup.sh
[0.790s] -- Installing: /home/gomi/urdf_study/install/urdf_study/share/urdf_study/local_setup.zsh
[0.791s] -- Installing: /home/gomi/urdf_study/install/urdf_study/share/urdf_study/local_setup.dsv
[0.791s] -- Installing: /home/gomi/urdf_study/install/urdf_study/share/urdf_study/package.dsv
[0.791s] -- Installing: /home/gomi/urdf_study/install/urdf_study/share/ament_index/resource_index/packages/urdf_study
[0.791s] -- Installing: /home/gomi/urdf_study/install/urdf_study/share/urdf_study/cmake/urdf_studyConfig.cmake
[0.791s] -- Installing: /home/gomi/urdf_study/install/urdf_study/share/urdf_study/cmake/urdf_studyConfig-version.cmake
[0.791s] -- Installing: /home/gomi/urdf_study/install/urdf_study/share/urdf_study/package.xml
[0.798s] Invoked command in '/home/gomi/urdf_study/build/urdf_study' returned '0': CMAKE_PREFIX_PATH=/opt/ros/humble /home/gomi/.local/bin/cmake --install /home/gomi/urdf_study/build/urdf_study
