[0.235s] DEBUG:colcon:Command line arguments: ['/usr/bin/colcon', 'build']
[0.235s] DEBUG:colcon:Parsed command line arguments: Namespace(log_base=None, log_level=None, verb_name='build', build_base='build', install_base='install', merge_install=False, symlink_install=False, test_result_base=None, continue_on_error=False, executor='parallel', parallel_workers=8, event_handlers=None, ignore_user_meta=False, metas=['./colcon.meta'], base_paths=['.'], packages_ignore=None, packages_ignore_regex=None, paths=None, packages_up_to=None, packages_up_to_regex=None, packages_above=None, packages_above_and_dependencies=None, packages_above_depth=None, packages_select_by_dep=None, packages_skip_by_dep=None, packages_skip_up_to=None, packages_select_build_failed=False, packages_skip_build_finished=False, packages_select_test_failures=False, packages_skip_test_passed=False, packages_select=None, packages_skip=None, packages_select_regex=None, packages_skip_regex=None, packages_start=None, packages_end=None, allow_overriding=[], cmake_args=None, cmake_target=None, cmake_target_skip_unavailable=False, cmake_clean_cache=False, cmake_clean_first=False, cmake_force_configure=False, ament_cmake_args=None, catkin_cmake_args=None, catkin_skip_building_tests=False, verb_parser=<colcon_defaults.argument_parser.defaults.DefaultArgumentsDecorator object at 0x7f7659c2a350>, verb_extension=<colcon_core.verb.build.BuildVerb object at 0x7f765a62be20>, main=<bound method BuildVerb.main of <colcon_core.verb.build.BuildVerb object at 0x7f765a62be20>>)
[0.251s] Level 1:colcon.colcon_core.package_discovery:discover_packages(colcon_meta) check parameters
[0.251s] Level 1:colcon.colcon_core.package_discovery:discover_packages(recursive) check parameters
[0.251s] Level 1:colcon.colcon_core.package_discovery:discover_packages(ignore) check parameters
[0.251s] Level 1:colcon.colcon_core.package_discovery:discover_packages(path) check parameters
[0.251s] Level 1:colcon.colcon_core.package_discovery:discover_packages(colcon_meta) discover
[0.251s] Level 1:colcon.colcon_core.package_discovery:discover_packages(recursive) discover
[0.251s] INFO:colcon.colcon_core.package_discovery:Crawling recursively for packages in '/home/gomi/urdf_study'
[0.251s] Level 1:colcon.colcon_core.package_identification:_identify(.) by extensions ['ignore', 'ignore_ament_install']
[0.251s] Level 1:colcon.colcon_core.package_identification:_identify(.) by extension 'ignore'
[0.251s] Level 1:colcon.colcon_core.package_identification:_identify(.) by extension 'ignore_ament_install'
[0.251s] Level 1:colcon.colcon_core.package_identification:_identify(.) by extensions ['colcon_pkg']
[0.251s] Level 1:colcon.colcon_core.package_identification:_identify(.) by extension 'colcon_pkg'
[0.251s] Level 1:colcon.colcon_core.package_identification:_identify(.) by extensions ['colcon_meta']
[0.251s] Level 1:colcon.colcon_core.package_identification:_identify(.) by extension 'colcon_meta'
[0.251s] Level 1:colcon.colcon_core.package_identification:_identify(.) by extensions ['ros']
[0.251s] Level 1:colcon.colcon_core.package_identification:_identify(.) by extension 'ros'
[0.259s] Level 1:colcon.colcon_core.package_identification:_identify(.) by extensions ['cmake', 'python']
[0.259s] Level 1:colcon.colcon_core.package_identification:_identify(.) by extension 'cmake'
[0.259s] Level 1:colcon.colcon_core.package_identification:_identify(.) by extension 'python'
[0.259s] Level 1:colcon.colcon_core.package_identification:_identify(.) by extensions ['python_setup_py']
[0.259s] Level 1:colcon.colcon_core.package_identification:_identify(.) by extension 'python_setup_py'
[0.259s] Level 1:colcon.colcon_core.package_identification:_identify(build) by extensions ['ignore', 'ignore_ament_install']
[0.259s] Level 1:colcon.colcon_core.package_identification:_identify(build) by extension 'ignore'
[0.259s] Level 1:colcon.colcon_core.package_identification:_identify(build) ignored
[0.259s] Level 1:colcon.colcon_core.package_identification:_identify(install) by extensions ['ignore', 'ignore_ament_install']
[0.259s] Level 1:colcon.colcon_core.package_identification:_identify(install) by extension 'ignore'
[0.259s] Level 1:colcon.colcon_core.package_identification:_identify(install) ignored
[0.259s] Level 1:colcon.colcon_core.package_identification:_identify(log) by extensions ['ignore', 'ignore_ament_install']
[0.259s] Level 1:colcon.colcon_core.package_identification:_identify(log) by extension 'ignore'
[0.259s] Level 1:colcon.colcon_core.package_identification:_identify(log) ignored
[0.259s] Level 1:colcon.colcon_core.package_identification:_identify(src) by extensions ['ignore', 'ignore_ament_install']
[0.260s] Level 1:colcon.colcon_core.package_identification:_identify(src) by extension 'ignore'
[0.260s] Level 1:colcon.colcon_core.package_identification:_identify(src) by extension 'ignore_ament_install'
[0.260s] Level 1:colcon.colcon_core.package_identification:_identify(src) by extensions ['colcon_pkg']
[0.260s] Level 1:colcon.colcon_core.package_identification:_identify(src) by extension 'colcon_pkg'
[0.260s] Level 1:colcon.colcon_core.package_identification:_identify(src) by extensions ['colcon_meta']
[0.260s] Level 1:colcon.colcon_core.package_identification:_identify(src) by extension 'colcon_meta'
[0.260s] Level 1:colcon.colcon_core.package_identification:_identify(src) by extensions ['ros']
[0.260s] Level 1:colcon.colcon_core.package_identification:_identify(src) by extension 'ros'
[0.260s] Level 1:colcon.colcon_core.package_identification:_identify(src) by extensions ['cmake', 'python']
[0.260s] Level 1:colcon.colcon_core.package_identification:_identify(src) by extension 'cmake'
[0.260s] Level 1:colcon.colcon_core.package_identification:_identify(src) by extension 'python'
[0.260s] Level 1:colcon.colcon_core.package_identification:_identify(src) by extensions ['python_setup_py']
[0.260s] Level 1:colcon.colcon_core.package_identification:_identify(src) by extension 'python_setup_py'
[0.260s] Level 1:colcon.colcon_core.package_identification:_identify(src/urdf_study) by extensions ['ignore', 'ignore_ament_install']
[0.260s] Level 1:colcon.colcon_core.package_identification:_identify(src/urdf_study) by extension 'ignore'
[0.260s] Level 1:colcon.colcon_core.package_identification:_identify(src/urdf_study) by extension 'ignore_ament_install'
[0.260s] Level 1:colcon.colcon_core.package_identification:_identify(src/urdf_study) by extensions ['colcon_pkg']
[0.260s] Level 1:colcon.colcon_core.package_identification:_identify(src/urdf_study) by extension 'colcon_pkg'
[0.260s] Level 1:colcon.colcon_core.package_identification:_identify(src/urdf_study) by extensions ['colcon_meta']
[0.260s] Level 1:colcon.colcon_core.package_identification:_identify(src/urdf_study) by extension 'colcon_meta'
[0.260s] Level 1:colcon.colcon_core.package_identification:_identify(src/urdf_study) by extensions ['ros']
[0.260s] Level 1:colcon.colcon_core.package_identification:_identify(src/urdf_study) by extension 'ros'
[0.262s] DEBUG:colcon.colcon_core.package_identification:Package 'src/urdf_study' with type 'ros.ament_cmake' and name 'urdf_study'
[0.262s] Level 1:colcon.colcon_core.package_identification:_identify(src/video_test) by extensions ['ignore', 'ignore_ament_install']
[0.262s] Level 1:colcon.colcon_core.package_identification:_identify(src/video_test) by extension 'ignore'
[0.262s] Level 1:colcon.colcon_core.package_identification:_identify(src/video_test) by extension 'ignore_ament_install'
[0.262s] Level 1:colcon.colcon_core.package_identification:_identify(src/video_test) by extensions ['colcon_pkg']
[0.262s] Level 1:colcon.colcon_core.package_identification:_identify(src/video_test) by extension 'colcon_pkg'
[0.262s] Level 1:colcon.colcon_core.package_identification:_identify(src/video_test) by extensions ['colcon_meta']
[0.262s] Level 1:colcon.colcon_core.package_identification:_identify(src/video_test) by extension 'colcon_meta'
[0.262s] Level 1:colcon.colcon_core.package_identification:_identify(src/video_test) by extensions ['ros']
[0.262s] Level 1:colcon.colcon_core.package_identification:_identify(src/video_test) by extension 'ros'
[0.263s] DEBUG:colcon.colcon_core.package_identification:Package 'src/video_test' with type 'ros.ament_python' and name 'video_test'
[0.263s] Level 1:colcon.colcon_core.package_discovery:discover_packages(recursive) using defaults
[0.263s] Level 1:colcon.colcon_core.package_discovery:discover_packages(ignore) discover
[0.263s] Level 1:colcon.colcon_core.package_discovery:discover_packages(ignore) using defaults
[0.263s] Level 1:colcon.colcon_core.package_discovery:discover_packages(path) discover
[0.263s] Level 1:colcon.colcon_core.package_discovery:discover_packages(path) using defaults
[0.278s] Level 1:colcon.colcon_core.package_discovery:discover_packages(prefix_path) check parameters
[0.278s] Level 1:colcon.colcon_core.package_discovery:discover_packages(prefix_path) discover
[0.280s] DEBUG:colcon.colcon_installed_package_information.package_discovery:Found 291 installed packages in /opt/ros/humble
[0.282s] Level 1:colcon.colcon_core.package_discovery:discover_packages(prefix_path) using defaults
[0.320s] Level 5:colcon.colcon_core.verb:set package 'urdf_study' build argument 'cmake_args' from command line to 'None'
[0.320s] Level 5:colcon.colcon_core.verb:set package 'urdf_study' build argument 'cmake_target' from command line to 'None'
[0.320s] Level 5:colcon.colcon_core.verb:set package 'urdf_study' build argument 'cmake_target_skip_unavailable' from command line to 'False'
[0.320s] Level 5:colcon.colcon_core.verb:set package 'urdf_study' build argument 'cmake_clean_cache' from command line to 'False'
[0.320s] Level 5:colcon.colcon_core.verb:set package 'urdf_study' build argument 'cmake_clean_first' from command line to 'False'
[0.320s] Level 5:colcon.colcon_core.verb:set package 'urdf_study' build argument 'cmake_force_configure' from command line to 'False'
[0.320s] Level 5:colcon.colcon_core.verb:set package 'urdf_study' build argument 'ament_cmake_args' from command line to 'None'
[0.320s] Level 5:colcon.colcon_core.verb:set package 'urdf_study' build argument 'catkin_cmake_args' from command line to 'None'
[0.320s] Level 5:colcon.colcon_core.verb:set package 'urdf_study' build argument 'catkin_skip_building_tests' from command line to 'False'
[0.320s] DEBUG:colcon.colcon_core.verb:Building package 'urdf_study' with the following arguments: {'ament_cmake_args': None, 'build_base': '/home/gomi/urdf_study/build/urdf_study', 'catkin_cmake_args': None, 'catkin_skip_building_tests': False, 'cmake_args': None, 'cmake_clean_cache': False, 'cmake_clean_first': False, 'cmake_force_configure': False, 'cmake_target': None, 'cmake_target_skip_unavailable': False, 'install_base': '/home/gomi/urdf_study/install/urdf_study', 'merge_install': False, 'path': '/home/gomi/urdf_study/src/urdf_study', 'symlink_install': False, 'test_result_base': None}
[0.320s] Level 5:colcon.colcon_core.verb:set package 'video_test' build argument 'cmake_args' from command line to 'None'
[0.320s] Level 5:colcon.colcon_core.verb:set package 'video_test' build argument 'cmake_target' from command line to 'None'
[0.320s] Level 5:colcon.colcon_core.verb:set package 'video_test' build argument 'cmake_target_skip_unavailable' from command line to 'False'
[0.320s] Level 5:colcon.colcon_core.verb:set package 'video_test' build argument 'cmake_clean_cache' from command line to 'False'
[0.320s] Level 5:colcon.colcon_core.verb:set package 'video_test' build argument 'cmake_clean_first' from command line to 'False'
[0.320s] Level 5:colcon.colcon_core.verb:set package 'video_test' build argument 'cmake_force_configure' from command line to 'False'
[0.321s] Level 5:colcon.colcon_core.verb:set package 'video_test' build argument 'ament_cmake_args' from command line to 'None'
[0.321s] Level 5:colcon.colcon_core.verb:set package 'video_test' build argument 'catkin_cmake_args' from command line to 'None'
[0.321s] Level 5:colcon.colcon_core.verb:set package 'video_test' build argument 'catkin_skip_building_tests' from command line to 'False'
[0.321s] DEBUG:colcon.colcon_core.verb:Building package 'video_test' with the following arguments: {'ament_cmake_args': None, 'build_base': '/home/gomi/urdf_study/build/video_test', 'catkin_cmake_args': None, 'catkin_skip_building_tests': False, 'cmake_args': None, 'cmake_clean_cache': False, 'cmake_clean_first': False, 'cmake_force_configure': False, 'cmake_target': None, 'cmake_target_skip_unavailable': False, 'install_base': '/home/gomi/urdf_study/install/video_test', 'merge_install': False, 'path': '/home/gomi/urdf_study/src/video_test', 'symlink_install': False, 'test_result_base': None}
[0.321s] INFO:colcon.colcon_core.executor:Executing jobs using 'parallel' executor
[0.323s] DEBUG:colcon.colcon_parallel_executor.executor.parallel:run_until_complete
[0.323s] INFO:colcon.colcon_ros.task.ament_cmake.build:Building ROS package in '/home/gomi/urdf_study/src/urdf_study' with build type 'ament_cmake'
[0.323s] INFO:colcon.colcon_cmake.task.cmake.build:Building CMake package in '/home/gomi/urdf_study/src/urdf_study'
[0.326s] INFO:colcon.colcon_core.plugin_system:Skipping extension 'colcon_core.shell.bat': Not used on non-Windows systems
[0.326s] INFO:colcon.colcon_core.shell:Skip shell extension 'powershell' for command environment: Not usable outside of PowerShell
[0.326s] DEBUG:colcon.colcon_core.shell:Skip shell extension 'dsv' for command environment
[0.329s] INFO:colcon.colcon_ros.task.ament_python.build:Building ROS package in '/home/gomi/urdf_study/src/video_test' with build type 'ament_python'
[0.329s] Level 1:colcon.colcon_core.shell:create_environment_hook('video_test', 'ament_prefix_path')
[0.330s] INFO:colcon.colcon_core.shell:Creating environment hook '/home/gomi/urdf_study/install/video_test/share/video_test/hook/ament_prefix_path.ps1'
[0.331s] INFO:colcon.colcon_core.shell:Creating environment descriptor '/home/gomi/urdf_study/install/video_test/share/video_test/hook/ament_prefix_path.dsv'
[0.332s] INFO:colcon.colcon_core.shell:Creating environment hook '/home/gomi/urdf_study/install/video_test/share/video_test/hook/ament_prefix_path.sh'
[0.333s] INFO:colcon.colcon_core.shell:Skip shell extension 'powershell' for command environment: Not usable outside of PowerShell
[0.333s] DEBUG:colcon.colcon_core.shell:Skip shell extension 'dsv' for command environment
[0.338s] DEBUG:colcon.colcon_core.event_handler.log_command:Invoking command in '/home/gomi/urdf_study/build/urdf_study': CMAKE_PREFIX_PATH=/opt/ros/humble /home/gomi/.local/bin/cmake /home/gomi/urdf_study/src/urdf_study -DCMAKE_INSTALL_PREFIX=/home/gomi/urdf_study/install/urdf_study
[0.532s] INFO:colcon.colcon_core.task.python.build:Building Python package in '/home/gomi/urdf_study/src/video_test'
[0.533s] INFO:colcon.colcon_core.shell:Skip shell extension 'powershell' for command environment: Not usable outside of PowerShell
[0.533s] DEBUG:colcon.colcon_core.shell:Skip shell extension 'dsv' for command environment
[0.806s] DEBUG:colcon.colcon_core.event_handler.log_command:Invoking command in '/home/gomi/urdf_study/src/video_test': PYTHONPATH=/home/gomi/urdf_study/build/video_test/prefix_override:/home/gomi/urdf_study/install/video_test/lib/python3.10/site-packages:${PYTHONPATH} /usr/bin/python3 setup.py egg_info --egg-base ../../build/video_test build --build-base /home/gomi/urdf_study/build/video_test/build install --record /home/gomi/urdf_study/build/video_test/install.log --single-version-externally-managed
[0.936s] DEBUG:colcon.colcon_core.event_handler.log_command:Invoked command in '/home/gomi/urdf_study/build/urdf_study' returned '0': CMAKE_PREFIX_PATH=/opt/ros/humble /home/gomi/.local/bin/cmake /home/gomi/urdf_study/src/urdf_study -DCMAKE_INSTALL_PREFIX=/home/gomi/urdf_study/install/urdf_study
[0.936s] DEBUG:colcon.colcon_core.event_handler.log_command:Invoking command in '/home/gomi/urdf_study/build/urdf_study': CMAKE_PREFIX_PATH=/opt/ros/humble /home/gomi/.local/bin/cmake --build /home/gomi/urdf_study/build/urdf_study -- -j8 -l8
[0.987s] DEBUG:colcon.colcon_core.event_handler.log_command:Invoked command in '/home/gomi/urdf_study/build/urdf_study' returned '0': CMAKE_PREFIX_PATH=/opt/ros/humble /home/gomi/.local/bin/cmake --build /home/gomi/urdf_study/build/urdf_study -- -j8 -l8
[1.026s] DEBUG:colcon.colcon_core.event_handler.log_command:Invoked command in '/home/gomi/urdf_study/src/video_test' returned '0': PYTHONPATH=/home/gomi/urdf_study/build/video_test/prefix_override:/home/gomi/urdf_study/install/video_test/lib/python3.10/site-packages:${PYTHONPATH} /usr/bin/python3 setup.py egg_info --egg-base ../../build/video_test build --build-base /home/gomi/urdf_study/build/video_test/build install --record /home/gomi/urdf_study/build/video_test/install.log --single-version-externally-managed
[1.028s] Level 1:colcon.colcon_core.environment:checking '/home/gomi/urdf_study/install/video_test' for CMake module files
[1.029s] Level 1:colcon.colcon_core.environment:checking '/home/gomi/urdf_study/install/video_test' for CMake config files
[1.029s] Level 1:colcon.colcon_core.environment:checking '/home/gomi/urdf_study/install/video_test/lib'
[1.029s] Level 1:colcon.colcon_core.environment:checking '/home/gomi/urdf_study/install/video_test/bin'
[1.029s] Level 1:colcon.colcon_core.environment:checking '/home/gomi/urdf_study/install/video_test/lib/pkgconfig/video_test.pc'
[1.030s] Level 1:colcon.colcon_core.environment:checking '/home/gomi/urdf_study/install/video_test/lib/python3.10/site-packages'
[1.030s] Level 1:colcon.colcon_core.shell:create_environment_hook('video_test', 'pythonpath')
[1.031s] INFO:colcon.colcon_core.shell:Creating environment hook '/home/gomi/urdf_study/install/video_test/share/video_test/hook/pythonpath.ps1'
[1.031s] INFO:colcon.colcon_core.shell:Creating environment descriptor '/home/gomi/urdf_study/install/video_test/share/video_test/hook/pythonpath.dsv'
[1.031s] INFO:colcon.colcon_core.shell:Creating environment hook '/home/gomi/urdf_study/install/video_test/share/video_test/hook/pythonpath.sh'
[1.032s] Level 1:colcon.colcon_core.environment:checking '/home/gomi/urdf_study/install/video_test/bin'
[1.032s] Level 1:colcon.colcon_core.environment:create_environment_scripts_only(video_test)
[1.033s] INFO:colcon.colcon_core.shell:Creating package script '/home/gomi/urdf_study/install/video_test/share/video_test/package.ps1'
[1.033s] INFO:colcon.colcon_core.shell:Creating package descriptor '/home/gomi/urdf_study/install/video_test/share/video_test/package.dsv'
[1.034s] INFO:colcon.colcon_core.shell:Creating package script '/home/gomi/urdf_study/install/video_test/share/video_test/package.sh'
[1.034s] INFO:colcon.colcon_core.shell:Creating package script '/home/gomi/urdf_study/install/video_test/share/video_test/package.bash'
[1.035s] INFO:colcon.colcon_core.shell:Creating package script '/home/gomi/urdf_study/install/video_test/share/video_test/package.zsh'
[1.035s] Level 1:colcon.colcon_core.environment:create_file_with_runtime_dependencies(/home/gomi/urdf_study/install/video_test/share/colcon-core/packages/video_test)
[1.080s] DEBUG:colcon.colcon_core.event_handler.log_command:Invoking command in '/home/gomi/urdf_study/build/urdf_study': CMAKE_PREFIX_PATH=/opt/ros/humble /home/gomi/.local/bin/cmake --install /home/gomi/urdf_study/build/urdf_study
[1.121s] Level 1:colcon.colcon_core.environment:create_environment_scripts_only(urdf_study)
[1.123s] Level 1:colcon.colcon_core.environment:checking '/home/gomi/urdf_study/install/urdf_study' for CMake module files
[1.123s] DEBUG:colcon.colcon_core.event_handler.log_command:Invoked command in '/home/gomi/urdf_study/build/urdf_study' returned '0': CMAKE_PREFIX_PATH=/opt/ros/humble /home/gomi/.local/bin/cmake --install /home/gomi/urdf_study/build/urdf_study
[1.123s] Level 1:colcon.colcon_core.environment:checking '/home/gomi/urdf_study/install/urdf_study' for CMake config files
[1.123s] Level 1:colcon.colcon_core.shell:create_environment_hook('urdf_study', 'cmake_prefix_path')
[1.124s] INFO:colcon.colcon_core.shell:Creating environment hook '/home/gomi/urdf_study/install/urdf_study/share/urdf_study/hook/cmake_prefix_path.ps1'
[1.125s] INFO:colcon.colcon_core.shell:Creating environment descriptor '/home/gomi/urdf_study/install/urdf_study/share/urdf_study/hook/cmake_prefix_path.dsv'
[1.125s] INFO:colcon.colcon_core.shell:Creating environment hook '/home/gomi/urdf_study/install/urdf_study/share/urdf_study/hook/cmake_prefix_path.sh'
[1.125s] Level 1:colcon.colcon_core.environment:checking '/home/gomi/urdf_study/install/urdf_study/bin'
[1.125s] Level 1:colcon.colcon_core.environment:checking '/home/gomi/urdf_study/install/urdf_study/lib/pkgconfig/urdf_study.pc'
[1.125s] Level 1:colcon.colcon_core.environment:checking '/home/gomi/urdf_study/install/urdf_study/lib/python3.10/site-packages'
[1.125s] Level 1:colcon.colcon_core.environment:checking '/home/gomi/urdf_study/install/urdf_study/bin'
[1.126s] INFO:colcon.colcon_core.shell:Creating package script '/home/gomi/urdf_study/install/urdf_study/share/urdf_study/package.ps1'
[1.127s] INFO:colcon.colcon_core.shell:Creating package descriptor '/home/gomi/urdf_study/install/urdf_study/share/urdf_study/package.dsv'
[1.127s] INFO:colcon.colcon_core.shell:Creating package script '/home/gomi/urdf_study/install/urdf_study/share/urdf_study/package.sh'
[1.127s] INFO:colcon.colcon_core.shell:Creating package script '/home/gomi/urdf_study/install/urdf_study/share/urdf_study/package.bash'
[1.127s] INFO:colcon.colcon_core.shell:Creating package script '/home/gomi/urdf_study/install/urdf_study/share/urdf_study/package.zsh'
[1.127s] Level 1:colcon.colcon_core.environment:create_file_with_runtime_dependencies(/home/gomi/urdf_study/install/urdf_study/share/colcon-core/packages/urdf_study)
[1.177s] Level 1:colcon.colcon_core.environment:create_environment_scripts_only(urdf_study)
[1.178s] Level 1:colcon.colcon_core.environment:checking '/home/gomi/urdf_study/install/urdf_study' for CMake module files
[1.178s] Level 1:colcon.colcon_core.environment:checking '/home/gomi/urdf_study/install/urdf_study' for CMake config files
[1.179s] Level 1:colcon.colcon_core.shell:create_environment_hook('urdf_study', 'cmake_prefix_path')
[1.179s] INFO:colcon.colcon_core.shell:Creating environment hook '/home/gomi/urdf_study/install/urdf_study/share/urdf_study/hook/cmake_prefix_path.ps1'
[1.180s] INFO:colcon.colcon_core.shell:Creating environment descriptor '/home/gomi/urdf_study/install/urdf_study/share/urdf_study/hook/cmake_prefix_path.dsv'
[1.180s] INFO:colcon.colcon_core.shell:Creating environment hook '/home/gomi/urdf_study/install/urdf_study/share/urdf_study/hook/cmake_prefix_path.sh'
[1.180s] Level 1:colcon.colcon_core.environment:checking '/home/gomi/urdf_study/install/urdf_study/bin'
[1.180s] Level 1:colcon.colcon_core.environment:checking '/home/gomi/urdf_study/install/urdf_study/lib/pkgconfig/urdf_study.pc'
[1.180s] Level 1:colcon.colcon_core.environment:checking '/home/gomi/urdf_study/install/urdf_study/lib/python3.10/site-packages'
[1.180s] Level 1:colcon.colcon_core.environment:checking '/home/gomi/urdf_study/install/urdf_study/bin'
[1.181s] INFO:colcon.colcon_core.shell:Creating package script '/home/gomi/urdf_study/install/urdf_study/share/urdf_study/package.ps1'
[1.182s] INFO:colcon.colcon_core.shell:Creating package descriptor '/home/gomi/urdf_study/install/urdf_study/share/urdf_study/package.dsv'
[1.182s] INFO:colcon.colcon_core.shell:Creating package script '/home/gomi/urdf_study/install/urdf_study/share/urdf_study/package.sh'
[1.182s] INFO:colcon.colcon_core.shell:Creating package script '/home/gomi/urdf_study/install/urdf_study/share/urdf_study/package.bash'
[1.182s] INFO:colcon.colcon_core.shell:Creating package script '/home/gomi/urdf_study/install/urdf_study/share/urdf_study/package.zsh'
[1.183s] Level 1:colcon.colcon_core.environment:create_file_with_runtime_dependencies(/home/gomi/urdf_study/install/urdf_study/share/colcon-core/packages/urdf_study)
[1.183s] DEBUG:colcon.colcon_parallel_executor.executor.parallel:closing loop
[1.183s] DEBUG:colcon.colcon_parallel_executor.executor.parallel:loop closed
[1.183s] DEBUG:colcon.colcon_parallel_executor.executor.parallel:run_until_complete finished with '0'
[1.183s] DEBUG:colcon.colcon_core.event_reactor:joining thread
[1.187s] INFO:colcon.colcon_core.plugin_system:Skipping extension 'colcon_notification.desktop_notification.terminal_notifier': Not used on non-Darwin systems
[1.187s] INFO:colcon.colcon_core.plugin_system:Skipping extension 'colcon_notification.desktop_notification.win32': Not used on non-Windows systems
[1.187s] INFO:colcon.colcon_notification.desktop_notification:Sending desktop notification using 'notify2'
[1.195s] DEBUG:colcon.colcon_core.event_reactor:joined thread
[1.196s] INFO:colcon.colcon_core.shell:Creating prefix script '/home/gomi/urdf_study/install/local_setup.ps1'
[1.197s] INFO:colcon.colcon_core.shell:Creating prefix util module '/home/gomi/urdf_study/install/_local_setup_util_ps1.py'
[1.198s] INFO:colcon.colcon_core.shell:Creating prefix chain script '/home/gomi/urdf_study/install/setup.ps1'
[1.199s] INFO:colcon.colcon_core.shell:Creating prefix script '/home/gomi/urdf_study/install/local_setup.sh'
[1.199s] INFO:colcon.colcon_core.shell:Creating prefix util module '/home/gomi/urdf_study/install/_local_setup_util_sh.py'
[1.199s] INFO:colcon.colcon_core.shell:Creating prefix chain script '/home/gomi/urdf_study/install/setup.sh'
[1.200s] INFO:colcon.colcon_core.shell:Creating prefix script '/home/gomi/urdf_study/install/local_setup.bash'
[1.200s] INFO:colcon.colcon_core.shell:Creating prefix chain script '/home/gomi/urdf_study/install/setup.bash'
[1.201s] INFO:colcon.colcon_core.shell:Creating prefix script '/home/gomi/urdf_study/install/local_setup.zsh'
[1.201s] INFO:colcon.colcon_core.shell:Creating prefix chain script '/home/gomi/urdf_study/install/setup.zsh'
